# gmm-acc-stats-ali exp/tri1/6.mdl "ark,s,cs:apply-cmvn  --utt2spk=ark:data/train/split1/1/utt2spk scp:data/train/split1/1/cmvn.scp scp:data/train/split1/1/feats.scp ark:- | add-deltas  ark:- ark:- |" "ark,s,cs:gunzip -c exp/tri1/ali.1.gz|" exp/tri1/6.1.acc 
# Started at Mon May 30 15:36:01 IST 2022
#
gmm-acc-stats-ali exp/tri1/6.mdl 'ark,s,cs:apply-cmvn  --utt2spk=ark:data/train/split1/1/utt2spk scp:data/train/split1/1/cmvn.scp scp:data/train/split1/1/feats.scp ark:- | add-deltas  ark:- ark:- |' 'ark,s,cs:gunzip -c exp/tri1/ali.1.gz|' exp/tri1/6.1.acc 
add-deltas ark:- ark:- 
apply-cmvn --utt2spk=ark:data/train/split1/1/utt2spk scp:data/train/split1/1/cmvn.scp scp:data/train/split1/1/feats.scp ark:- 
LOG (gmm-acc-stats-ali[5.0.62~1-68cee]:main():gmm-acc-stats-ali.cc:105) Processed 50 utterances; for utterance george_0_george_9 avg. like is -81.6041 over 56 frames.
LOG (gmm-acc-stats-ali[5.0.62~1-68cee]:main():gmm-acc-stats-ali.cc:105) Processed 100 utterances; for utterance george_1_george_9 avg. like is -84.8827 over 46 frames.
LOG (gmm-acc-stats-ali[5.0.62~1-68cee]:main():gmm-acc-stats-ali.cc:105) Processed 150 utterances; for utterance george_2_george_9 avg. like is -83.4382 over 34 frames.
LOG (gmm-acc-stats-ali[5.0.62~1-68cee]:main():gmm-acc-stats-ali.cc:105) Processed 200 utterances; for utterance george_3_george_9 avg. like is -87.2256 over 41 frames.
LOG (gmm-acc-stats-ali[5.0.62~1-68cee]:main():gmm-acc-stats-ali.cc:105) Processed 250 utterances; for utterance george_4_george_9 avg. like is -87.9172 over 52 frames.
LOG (gmm-acc-stats-ali[5.0.62~1-68cee]:main():gmm-acc-stats-ali.cc:105) Processed 300 utterances; for utterance george_5_george_9 avg. like is -85.5647 over 44 frames.
LOG (gmm-acc-stats-ali[5.0.62~1-68cee]:main():gmm-acc-stats-ali.cc:105) Processed 350 utterances; for utterance george_6_george_9 avg. like is -87.0764 over 57 frames.
LOG (gmm-acc-stats-ali[5.0.62~1-68cee]:main():gmm-acc-stats-ali.cc:105) Processed 400 utterances; for utterance george_7_george_9 avg. like is -80.4052 over 55 frames.
LOG (gmm-acc-stats-ali[5.0.62~1-68cee]:main():gmm-acc-stats-ali.cc:105) Processed 450 utterances; for utterance george_8_george_9 avg. like is -85.3997 over 46 frames.
LOG (gmm-acc-stats-ali[5.0.62~1-68cee]:main():gmm-acc-stats-ali.cc:105) Processed 500 utterances; for utterance george_9_george_9 avg. like is -83.488 over 50 frames.
LOG (gmm-acc-stats-ali[5.0.62~1-68cee]:main():gmm-acc-stats-ali.cc:105) Processed 550 utterances; for utterance jackson_0_jackson_9 avg. like is -83.8606 over 61 frames.
LOG (gmm-acc-stats-ali[5.0.62~1-68cee]:main():gmm-acc-stats-ali.cc:105) Processed 600 utterances; for utterance jackson_1_jackson_9 avg. like is -86.6983 over 56 frames.
LOG (gmm-acc-stats-ali[5.0.62~1-68cee]:main():gmm-acc-stats-ali.cc:105) Processed 650 utterances; for utterance jackson_2_jackson_9 avg. like is -88.0308 over 52 frames.
LOG (gmm-acc-stats-ali[5.0.62~1-68cee]:main():gmm-acc-stats-ali.cc:105) Processed 700 utterances; for utterance jackson_3_jackson_9 avg. like is -91.6074 over 47 frames.
LOG (gmm-acc-stats-ali[5.0.62~1-68cee]:main():gmm-acc-stats-ali.cc:105) Processed 750 utterances; for utterance jackson_4_jackson_9 avg. like is -89.0827 over 40 frames.
LOG (gmm-acc-stats-ali[5.0.62~1-68cee]:main():gmm-acc-stats-ali.cc:105) Processed 800 utterances; for utterance jackson_5_jackson_9 avg. like is -95.3536 over 56 frames.
LOG (gmm-acc-stats-ali[5.0.62~1-68cee]:main():gmm-acc-stats-ali.cc:105) Processed 850 utterances; for utterance jackson_6_jackson_9 avg. like is -86.411 over 81 frames.
LOG (gmm-acc-stats-ali[5.0.62~1-68cee]:main():gmm-acc-stats-ali.cc:105) Processed 900 utterances; for utterance jackson_7_jackson_9 avg. like is -93.5763 over 42 frames.
LOG (gmm-acc-stats-ali[5.0.62~1-68cee]:main():gmm-acc-stats-ali.cc:105) Processed 950 utterances; for utterance jackson_8_jackson_9 avg. like is -90.3441 over 36 frames.
LOG (gmm-acc-stats-ali[5.0.62~1-68cee]:main():gmm-acc-stats-ali.cc:105) Processed 1000 utterances; for utterance jackson_9_jackson_9 avg. like is -85.7484 over 52 frames.
LOG (gmm-acc-stats-ali[5.0.62~1-68cee]:main():gmm-acc-stats-ali.cc:105) Processed 1050 utterances; for utterance lucas_0_lucas_9 avg. like is -85.7808 over 115 frames.
LOG (gmm-acc-stats-ali[5.0.62~1-68cee]:main():gmm-acc-stats-ali.cc:105) Processed 1100 utterances; for utterance lucas_1_lucas_9 avg. like is -91.0617 over 45 frames.
LOG (gmm-acc-stats-ali[5.0.62~1-68cee]:main():gmm-acc-stats-ali.cc:105) Processed 1150 utterances; for utterance lucas_2_lucas_9 avg. like is -86.571 over 96 frames.
LOG (gmm-acc-stats-ali[5.0.62~1-68cee]:main():gmm-acc-stats-ali.cc:105) Processed 1200 utterances; for utterance lucas_3_lucas_9 avg. like is -88.6317 over 124 frames.
LOG (gmm-acc-stats-ali[5.0.62~1-68cee]:main():gmm-acc-stats-ali.cc:105) Processed 1250 utterances; for utterance lucas_4_lucas_9 avg. like is -91.1636 over 48 frames.
LOG (gmm-acc-stats-ali[5.0.62~1-68cee]:main():gmm-acc-stats-ali.cc:105) Processed 1300 utterances; for utterance lucas_5_lucas_9 avg. like is -91.5767 over 55 frames.
LOG (gmm-acc-stats-ali[5.0.62~1-68cee]:main():gmm-acc-stats-ali.cc:105) Processed 1350 utterances; for utterance lucas_6_lucas_9 avg. like is -85.7514 over 46 frames.
LOG (gmm-acc-stats-ali[5.0.62~1-68cee]:main():gmm-acc-stats-ali.cc:105) Processed 1400 utterances; for utterance lucas_7_lucas_9 avg. like is -89.5585 over 44 frames.
LOG (gmm-acc-stats-ali[5.0.62~1-68cee]:main():gmm-acc-stats-ali.cc:105) Processed 1450 utterances; for utterance lucas_8_lucas_9 avg. like is -92.1904 over 51 frames.
LOG (gmm-acc-stats-ali[5.0.62~1-68cee]:main():gmm-acc-stats-ali.cc:105) Processed 1500 utterances; for utterance lucas_9_lucas_9 avg. like is -84.9422 over 62 frames.
LOG (gmm-acc-stats-ali[5.0.62~1-68cee]:main():gmm-acc-stats-ali.cc:105) Processed 1550 utterances; for utterance nicolas_0_nicolas_9 avg. like is -86.0907 over 46 frames.
LOG (gmm-acc-stats-ali[5.0.62~1-68cee]:main():gmm-acc-stats-ali.cc:105) Processed 1600 utterances; for utterance nicolas_1_nicolas_9 avg. like is -79.6397 over 29 frames.
LOG (gmm-acc-stats-ali[5.0.62~1-68cee]:main():gmm-acc-stats-ali.cc:105) Processed 1650 utterances; for utterance nicolas_2_nicolas_9 avg. like is -89.9557 over 33 frames.
LOG (gmm-acc-stats-ali[5.0.62~1-68cee]:main():gmm-acc-stats-ali.cc:105) Processed 1700 utterances; for utterance nicolas_3_nicolas_9 avg. like is -80.7385 over 22 frames.
LOG (gmm-acc-stats-ali[5.0.62~1-68cee]:main():gmm-acc-stats-ali.cc:105) Processed 1750 utterances; for utterance nicolas_4_nicolas_9 avg. like is -80.5486 over 31 frames.
LOG (gmm-acc-stats-ali[5.0.62~1-68cee]:main():gmm-acc-stats-ali.cc:105) Processed 1800 utterances; for utterance nicolas_5_nicolas_9 avg. like is -76.305 over 32 frames.
LOG (gmm-acc-stats-ali[5.0.62~1-68cee]:main():gmm-acc-stats-ali.cc:105) Processed 1850 utterances; for utterance nicolas_6_nicolas_9 avg. like is -89.1122 over 14 frames.
LOG (gmm-acc-stats-ali[5.0.62~1-68cee]:main():gmm-acc-stats-ali.cc:105) Processed 1900 utterances; for utterance nicolas_7_nicolas_9 avg. like is -80.4861 over 35 frames.
LOG (gmm-acc-stats-ali[5.0.62~1-68cee]:main():gmm-acc-stats-ali.cc:105) Processed 1950 utterances; for utterance nicolas_8_nicolas_9 avg. like is -81.9365 over 25 frames.
LOG (gmm-acc-stats-ali[5.0.62~1-68cee]:main():gmm-acc-stats-ali.cc:105) Processed 2000 utterances; for utterance nicolas_9_nicolas_9 avg. like is -74.7042 over 42 frames.
LOG (gmm-acc-stats-ali[5.0.62~1-68cee]:main():gmm-acc-stats-ali.cc:105) Processed 2050 utterances; for utterance theo_0_theo_9 avg. like is -80.0699 over 37 frames.
LOG (gmm-acc-stats-ali[5.0.62~1-68cee]:main():gmm-acc-stats-ali.cc:105) Processed 2100 utterances; for utterance theo_1_theo_9 avg. like is -88.6159 over 22 frames.
LOG (gmm-acc-stats-ali[5.0.62~1-68cee]:main():gmm-acc-stats-ali.cc:105) Processed 2150 utterances; for utterance theo_2_theo_9 avg. like is -96.3206 over 22 frames.
LOG (gmm-acc-stats-ali[5.0.62~1-68cee]:main():gmm-acc-stats-ali.cc:105) Processed 2200 utterances; for utterance theo_3_theo_9 avg. like is -88.7053 over 23 frames.
LOG (gmm-acc-stats-ali[5.0.62~1-68cee]:main():gmm-acc-stats-ali.cc:105) Processed 2250 utterances; for utterance theo_4_theo_9 avg. like is -84.6595 over 24 frames.
LOG (gmm-acc-stats-ali[5.0.62~1-68cee]:main():gmm-acc-stats-ali.cc:105) Processed 2300 utterances; for utterance theo_5_theo_9 avg. like is -84.8412 over 30 frames.
LOG (gmm-acc-stats-ali[5.0.62~1-68cee]:main():gmm-acc-stats-ali.cc:105) Processed 2350 utterances; for utterance theo_6_theo_9 avg. like is -89.0125 over 48 frames.
LOG (gmm-acc-stats-ali[5.0.62~1-68cee]:main():gmm-acc-stats-ali.cc:105) Processed 2400 utterances; for utterance theo_7_theo_9 avg. like is -87.749 over 38 frames.
LOG (gmm-acc-stats-ali[5.0.62~1-68cee]:main():gmm-acc-stats-ali.cc:105) Processed 2450 utterances; for utterance theo_8_theo_9 avg. like is -84.9473 over 33 frames.
LOG (apply-cmvn[5.0.62~1-68cee]:main():apply-cmvn.cc:146) Applied cepstral mean normalization to 2500 utterances, errors on 0
LOG (gmm-acc-stats-ali[5.0.62~1-68cee]:main():gmm-acc-stats-ali.cc:105) Processed 2500 utterances; for utterance theo_9_theo_9 avg. like is -83.1911 over 40 frames.
LOG (gmm-acc-stats-ali[5.0.62~1-68cee]:main():gmm-acc-stats-ali.cc:112) Done 2500 files, 0 with errors.
LOG (gmm-acc-stats-ali[5.0.62~1-68cee]:main():gmm-acc-stats-ali.cc:115) Overall avg like per frame (Gaussian only) = -86.7439 over 108525 frames.
LOG (gmm-acc-stats-ali[5.0.62~1-68cee]:main():gmm-acc-stats-ali.cc:123) Written accs.
# Accounting: time=1 threads=1
# Ended (code 0) at Mon May 30 15:36:02 IST 2022, elapsed time 1 seconds
