# gmm-acc-stats-ali exp/tri1/30.mdl "ark,s,cs:apply-cmvn  --utt2spk=ark:data/train/split1/1/utt2spk scp:data/train/split1/1/cmvn.scp scp:data/train/split1/1/feats.scp ark:- | add-deltas  ark:- ark:- |" "ark,s,cs:gunzip -c exp/tri1/ali.1.gz|" exp/tri1/30.1.acc 
# Started at Mon May 30 15:37:07 IST 2022
#
gmm-acc-stats-ali exp/tri1/30.mdl 'ark,s,cs:apply-cmvn  --utt2spk=ark:data/train/split1/1/utt2spk scp:data/train/split1/1/cmvn.scp scp:data/train/split1/1/feats.scp ark:- | add-deltas  ark:- ark:- |' 'ark,s,cs:gunzip -c exp/tri1/ali.1.gz|' exp/tri1/30.1.acc 
add-deltas ark:- ark:- 
apply-cmvn --utt2spk=ark:data/train/split1/1/utt2spk scp:data/train/split1/1/cmvn.scp scp:data/train/split1/1/feats.scp ark:- 
LOG (gmm-acc-stats-ali[5.0.62~1-68cee]:main():gmm-acc-stats-ali.cc:105) Processed 50 utterances; for utterance george_0_george_9 avg. like is -76.4076 over 56 frames.
LOG (gmm-acc-stats-ali[5.0.62~1-68cee]:main():gmm-acc-stats-ali.cc:105) Processed 100 utterances; for utterance george_1_george_9 avg. like is -79.6339 over 46 frames.
LOG (gmm-acc-stats-ali[5.0.62~1-68cee]:main():gmm-acc-stats-ali.cc:105) Processed 150 utterances; for utterance george_2_george_9 avg. like is -76.4856 over 34 frames.
LOG (gmm-acc-stats-ali[5.0.62~1-68cee]:main():gmm-acc-stats-ali.cc:105) Processed 200 utterances; for utterance george_3_george_9 avg. like is -82.3972 over 41 frames.
LOG (gmm-acc-stats-ali[5.0.62~1-68cee]:main():gmm-acc-stats-ali.cc:105) Processed 250 utterances; for utterance george_4_george_9 avg. like is -81.0943 over 52 frames.
LOG (gmm-acc-stats-ali[5.0.62~1-68cee]:main():gmm-acc-stats-ali.cc:105) Processed 300 utterances; for utterance george_5_george_9 avg. like is -80.4469 over 44 frames.
LOG (gmm-acc-stats-ali[5.0.62~1-68cee]:main():gmm-acc-stats-ali.cc:105) Processed 350 utterances; for utterance george_6_george_9 avg. like is -82.0632 over 57 frames.
LOG (gmm-acc-stats-ali[5.0.62~1-68cee]:main():gmm-acc-stats-ali.cc:105) Processed 400 utterances; for utterance george_7_george_9 avg. like is -75.5234 over 55 frames.
LOG (gmm-acc-stats-ali[5.0.62~1-68cee]:main():gmm-acc-stats-ali.cc:105) Processed 450 utterances; for utterance george_8_george_9 avg. like is -79.7199 over 46 frames.
LOG (gmm-acc-stats-ali[5.0.62~1-68cee]:main():gmm-acc-stats-ali.cc:105) Processed 500 utterances; for utterance george_9_george_9 avg. like is -77.8463 over 50 frames.
LOG (gmm-acc-stats-ali[5.0.62~1-68cee]:main():gmm-acc-stats-ali.cc:105) Processed 550 utterances; for utterance jackson_0_jackson_9 avg. like is -78.4125 over 61 frames.
LOG (gmm-acc-stats-ali[5.0.62~1-68cee]:main():gmm-acc-stats-ali.cc:105) Processed 600 utterances; for utterance jackson_1_jackson_9 avg. like is -80.6652 over 56 frames.
LOG (gmm-acc-stats-ali[5.0.62~1-68cee]:main():gmm-acc-stats-ali.cc:105) Processed 650 utterances; for utterance jackson_2_jackson_9 avg. like is -81.4702 over 52 frames.
LOG (gmm-acc-stats-ali[5.0.62~1-68cee]:main():gmm-acc-stats-ali.cc:105) Processed 700 utterances; for utterance jackson_3_jackson_9 avg. like is -87.5267 over 47 frames.
LOG (gmm-acc-stats-ali[5.0.62~1-68cee]:main():gmm-acc-stats-ali.cc:105) Processed 750 utterances; for utterance jackson_4_jackson_9 avg. like is -85.9066 over 40 frames.
LOG (gmm-acc-stats-ali[5.0.62~1-68cee]:main():gmm-acc-stats-ali.cc:105) Processed 800 utterances; for utterance jackson_5_jackson_9 avg. like is -89.8306 over 56 frames.
LOG (gmm-acc-stats-ali[5.0.62~1-68cee]:main():gmm-acc-stats-ali.cc:105) Processed 850 utterances; for utterance jackson_6_jackson_9 avg. like is -80.71 over 81 frames.
LOG (gmm-acc-stats-ali[5.0.62~1-68cee]:main():gmm-acc-stats-ali.cc:105) Processed 900 utterances; for utterance jackson_7_jackson_9 avg. like is -91.4557 over 42 frames.
LOG (gmm-acc-stats-ali[5.0.62~1-68cee]:main():gmm-acc-stats-ali.cc:105) Processed 950 utterances; for utterance jackson_8_jackson_9 avg. like is -85.0739 over 36 frames.
LOG (gmm-acc-stats-ali[5.0.62~1-68cee]:main():gmm-acc-stats-ali.cc:105) Processed 1000 utterances; for utterance jackson_9_jackson_9 avg. like is -80.2929 over 52 frames.
LOG (gmm-acc-stats-ali[5.0.62~1-68cee]:main():gmm-acc-stats-ali.cc:105) Processed 1050 utterances; for utterance lucas_0_lucas_9 avg. like is -79.8514 over 115 frames.
LOG (gmm-acc-stats-ali[5.0.62~1-68cee]:main():gmm-acc-stats-ali.cc:105) Processed 1100 utterances; for utterance lucas_1_lucas_9 avg. like is -87.8692 over 45 frames.
LOG (gmm-acc-stats-ali[5.0.62~1-68cee]:main():gmm-acc-stats-ali.cc:105) Processed 1150 utterances; for utterance lucas_2_lucas_9 avg. like is -81.4346 over 96 frames.
LOG (gmm-acc-stats-ali[5.0.62~1-68cee]:main():gmm-acc-stats-ali.cc:105) Processed 1200 utterances; for utterance lucas_3_lucas_9 avg. like is -82.7539 over 124 frames.
LOG (gmm-acc-stats-ali[5.0.62~1-68cee]:main():gmm-acc-stats-ali.cc:105) Processed 1250 utterances; for utterance lucas_4_lucas_9 avg. like is -86.4348 over 48 frames.
LOG (gmm-acc-stats-ali[5.0.62~1-68cee]:main():gmm-acc-stats-ali.cc:105) Processed 1300 utterances; for utterance lucas_5_lucas_9 avg. like is -86.9589 over 55 frames.
LOG (gmm-acc-stats-ali[5.0.62~1-68cee]:main():gmm-acc-stats-ali.cc:105) Processed 1350 utterances; for utterance lucas_6_lucas_9 avg. like is -82.3317 over 46 frames.
LOG (gmm-acc-stats-ali[5.0.62~1-68cee]:main():gmm-acc-stats-ali.cc:105) Processed 1400 utterances; for utterance lucas_7_lucas_9 avg. like is -85.2954 over 44 frames.
LOG (gmm-acc-stats-ali[5.0.62~1-68cee]:main():gmm-acc-stats-ali.cc:105) Processed 1450 utterances; for utterance lucas_8_lucas_9 avg. like is -88.2684 over 51 frames.
LOG (gmm-acc-stats-ali[5.0.62~1-68cee]:main():gmm-acc-stats-ali.cc:105) Processed 1500 utterances; for utterance lucas_9_lucas_9 avg. like is -80.7008 over 62 frames.
LOG (gmm-acc-stats-ali[5.0.62~1-68cee]:main():gmm-acc-stats-ali.cc:105) Processed 1550 utterances; for utterance nicolas_0_nicolas_9 avg. like is -78.5587 over 46 frames.
LOG (gmm-acc-stats-ali[5.0.62~1-68cee]:main():gmm-acc-stats-ali.cc:105) Processed 1600 utterances; for utterance nicolas_1_nicolas_9 avg. like is -75.7153 over 29 frames.
LOG (gmm-acc-stats-ali[5.0.62~1-68cee]:main():gmm-acc-stats-ali.cc:105) Processed 1650 utterances; for utterance nicolas_2_nicolas_9 avg. like is -83.0192 over 33 frames.
LOG (gmm-acc-stats-ali[5.0.62~1-68cee]:main():gmm-acc-stats-ali.cc:105) Processed 1700 utterances; for utterance nicolas_3_nicolas_9 avg. like is -74.6323 over 22 frames.
LOG (gmm-acc-stats-ali[5.0.62~1-68cee]:main():gmm-acc-stats-ali.cc:105) Processed 1750 utterances; for utterance nicolas_4_nicolas_9 avg. like is -73.7064 over 31 frames.
LOG (gmm-acc-stats-ali[5.0.62~1-68cee]:main():gmm-acc-stats-ali.cc:105) Processed 1800 utterances; for utterance nicolas_5_nicolas_9 avg. like is -71.2537 over 32 frames.
LOG (gmm-acc-stats-ali[5.0.62~1-68cee]:main():gmm-acc-stats-ali.cc:105) Processed 1850 utterances; for utterance nicolas_6_nicolas_9 avg. like is -82.0359 over 14 frames.
LOG (gmm-acc-stats-ali[5.0.62~1-68cee]:main():gmm-acc-stats-ali.cc:105) Processed 1900 utterances; for utterance nicolas_7_nicolas_9 avg. like is -76.3831 over 35 frames.
LOG (gmm-acc-stats-ali[5.0.62~1-68cee]:main():gmm-acc-stats-ali.cc:105) Processed 1950 utterances; for utterance nicolas_8_nicolas_9 avg. like is -74.5 over 25 frames.
LOG (gmm-acc-stats-ali[5.0.62~1-68cee]:main():gmm-acc-stats-ali.cc:105) Processed 2000 utterances; for utterance nicolas_9_nicolas_9 avg. like is -67.2691 over 42 frames.
LOG (gmm-acc-stats-ali[5.0.62~1-68cee]:main():gmm-acc-stats-ali.cc:105) Processed 2050 utterances; for utterance theo_0_theo_9 avg. like is -75.3785 over 37 frames.
LOG (gmm-acc-stats-ali[5.0.62~1-68cee]:main():gmm-acc-stats-ali.cc:105) Processed 2100 utterances; for utterance theo_1_theo_9 avg. like is -84.9508 over 22 frames.
LOG (gmm-acc-stats-ali[5.0.62~1-68cee]:main():gmm-acc-stats-ali.cc:105) Processed 2150 utterances; for utterance theo_2_theo_9 avg. like is -87.8903 over 22 frames.
LOG (gmm-acc-stats-ali[5.0.62~1-68cee]:main():gmm-acc-stats-ali.cc:105) Processed 2200 utterances; for utterance theo_3_theo_9 avg. like is -84.6729 over 23 frames.
LOG (gmm-acc-stats-ali[5.0.62~1-68cee]:main():gmm-acc-stats-ali.cc:105) Processed 2250 utterances; for utterance theo_4_theo_9 avg. like is -78.7391 over 24 frames.
LOG (gmm-acc-stats-ali[5.0.62~1-68cee]:main():gmm-acc-stats-ali.cc:105) Processed 2300 utterances; for utterance theo_5_theo_9 avg. like is -78.1735 over 30 frames.
LOG (gmm-acc-stats-ali[5.0.62~1-68cee]:main():gmm-acc-stats-ali.cc:105) Processed 2350 utterances; for utterance theo_6_theo_9 avg. like is -84.546 over 48 frames.
LOG (gmm-acc-stats-ali[5.0.62~1-68cee]:main():gmm-acc-stats-ali.cc:105) Processed 2400 utterances; for utterance theo_7_theo_9 avg. like is -83.1557 over 38 frames.
LOG (gmm-acc-stats-ali[5.0.62~1-68cee]:main():gmm-acc-stats-ali.cc:105) Processed 2450 utterances; for utterance theo_8_theo_9 avg. like is -77.3672 over 33 frames.
LOG (apply-cmvn[5.0.62~1-68cee]:main():apply-cmvn.cc:146) Applied cepstral mean normalization to 2500 utterances, errors on 0
LOG (gmm-acc-stats-ali[5.0.62~1-68cee]:main():gmm-acc-stats-ali.cc:105) Processed 2500 utterances; for utterance theo_9_theo_9 avg. like is -79.17 over 40 frames.
LOG (gmm-acc-stats-ali[5.0.62~1-68cee]:main():gmm-acc-stats-ali.cc:112) Done 2500 files, 0 with errors.
LOG (gmm-acc-stats-ali[5.0.62~1-68cee]:main():gmm-acc-stats-ali.cc:115) Overall avg like per frame (Gaussian only) = -81.5746 over 108525 frames.
LOG (gmm-acc-stats-ali[5.0.62~1-68cee]:main():gmm-acc-stats-ali.cc:123) Written accs.
# Accounting: time=1 threads=1
# Ended (code 0) at Mon May 30 15:37:08 IST 2022, elapsed time 1 seconds
