# build-tree --verbose=1 --max-leaves=2000 --cluster-thresh=-1 exp/tri1/treeacc data/lang/phones/roots.int exp/tri1/questions.qst data/lang/topo exp/tri1/tree 
# Started at Mon May 30 15:35:51 IST 2022
#
build-tree --verbose=1 --max-leaves=2000 --cluster-thresh=-1 exp/tri1/treeacc data/lang/phones/roots.int exp/tri1/questions.qst data/lang/topo exp/tri1/tree 
LOG (build-tree[5.0.62~1-68cee]:main():build-tree.cc:100) Number of separate statistics is 176
LOG (build-tree[5.0.62~1-68cee]:BuildTree():build-tree.cc:159) BuildTree: before building trees, map has 22 leaves.
LOG (build-tree[5.0.62~1-68cee]:SplitDecisionTree():build-tree-utils.cc:577) DoDecisionTreeSplit: split 127 times, #leaves now 149
LOG (build-tree[5.0.62~1-68cee]:BuildTree():build-tree.cc:185) Setting clustering threshold to smallest split 306.146
VLOG[1] (build-tree[5.0.62~1-68cee]:BuildTree():build-tree.cc:194) After decision tree split, num-leaves = 149, like-impr = 4.6461 per frame over 108525 frames.
VLOG[1] (build-tree[5.0.62~1-68cee]:BuildTree():build-tree.cc:198) Including just phones that were split, improvement is 4.6461 per frame over 108525 frames.
LOG (build-tree[5.0.62~1-68cee]:BuildTree():build-tree.cc:213) BuildTree: removed 4 leaves.
VLOG[1] (build-tree[5.0.62~1-68cee]:BuildTree():build-tree.cc:220) Objf change due to clustering -0.00743607 per frame.
VLOG[1] (build-tree[5.0.62~1-68cee]:BuildTree():build-tree.cc:223) Normalizing over only split phones, this is: -0.00743607 per frame.
VLOG[1] (build-tree[5.0.62~1-68cee]:BuildTree():build-tree.cc:226) Num-leaves is now 145
VLOG[1] (build-tree[5.0.62~1-68cee]:main():build-tree.cc:138) For pdf-id 1, low count 0
VLOG[1] (build-tree[5.0.62~1-68cee]:main():build-tree.cc:138) For pdf-id 10, low count 83
VLOG[1] (build-tree[5.0.62~1-68cee]:main():build-tree.cc:138) For pdf-id 31, low count 56
VLOG[1] (build-tree[5.0.62~1-68cee]:main():build-tree.cc:138) For pdf-id 37, low count 99
VLOG[1] (build-tree[5.0.62~1-68cee]:main():build-tree.cc:138) For pdf-id 60, low count 98
VLOG[1] (build-tree[5.0.62~1-68cee]:main():build-tree.cc:138) For pdf-id 82, low count 71
VLOG[1] (build-tree[5.0.62~1-68cee]:main():build-tree.cc:138) For pdf-id 114, low count 59
VLOG[1] (build-tree[5.0.62~1-68cee]:main():build-tree.cc:138) For pdf-id 144, low count 73
WARNING (build-tree[5.0.62~1-68cee]:main():build-tree.cc:180) Saw no stats for following phones: 2 3 4 5 6 7 8 9 10 11 12 14 15 16 18 19 20 22 23 24 26 28 29 30 32 33 34 36 37 38 39 40 42 43 46 47 48 50 53 54 55 57 58 59 62 65 66 69 70 72 73 74 75 77 78 80 82 83 86 88 89 90 
LOG (build-tree[5.0.62~1-68cee]:main():build-tree.cc:184) Wrote tree
# Accounting: time=0 threads=1
# Ended (code 0) at Mon May 30 15:35:51 IST 2022, elapsed time 0 seconds
