# gmm-est --mix-up=6320 --power=0.25 --write-occs=exp/tri1/14.occs exp/tri1/13.mdl "gmm-sum-accs - exp/tri1/13.*.acc |" exp/tri1/14.mdl 
# Started at Mon May 30 15:36:20 IST 2022
#
gmm-est --mix-up=6320 --power=0.25 --write-occs=exp/tri1/14.occs exp/tri1/13.mdl 'gmm-sum-accs - exp/tri1/13.*.acc |' exp/tri1/14.mdl 
gmm-sum-accs - exp/tri1/13.1.acc 
LOG (gmm-sum-accs[5.0.62~1-68cee]:main():gmm-sum-accs.cc:63) Summed 1 stats, total count 108525, avg like/frame -82.4802
LOG (gmm-sum-accs[5.0.62~1-68cee]:main():gmm-sum-accs.cc:66) Total count of stats is 108525
LOG (gmm-sum-accs[5.0.62~1-68cee]:main():gmm-sum-accs.cc:67) Written stats to -
LOG (gmm-est[5.0.62~1-68cee]:MleUpdate():transition-model.cc:517) TransitionModel::Update, objf change is 0 per frame over 108525 frames. 
LOG (gmm-est[5.0.62~1-68cee]:MleUpdate():transition-model.cc:520) 12 probabilities floored, 471 out of 622 transition-states skipped due to insuffient data (it is normal to have some skipped.)
LOG (gmm-est[5.0.62~1-68cee]:main():gmm-est.cc:102) Transition model update: Overall 0 log-like improvement per frame over 108525 frames.
WARNING (gmm-est[5.0.62~1-68cee]:MleDiagGmmUpdate():mle-diag-gmm.cc:359) Too little data - removing Gaussian (weight 0.002846, occupation count 8.553059, vector size 39)
WARNING (gmm-est[5.0.62~1-68cee]:MleDiagGmmUpdate():mle-diag-gmm.cc:365) Gaussian has too little data but not removing it because it is the last Gaussian: i = 0, occ = 0, weight = 1
WARNING (gmm-est[5.0.62~1-68cee]:MleDiagGmmUpdate():mle-diag-gmm.cc:359) Too little data - removing Gaussian (weight 0.006199, occupation count 9.955888, vector size 39)
WARNING (gmm-est[5.0.62~1-68cee]:MleDiagGmmUpdate():mle-diag-gmm.cc:359) Too little data - removing Gaussian (weight 0.005517, occupation count 8.860016, vector size 39)
WARNING (gmm-est[5.0.62~1-68cee]:MleDiagGmmUpdate():mle-diag-gmm.cc:359) Too little data - removing Gaussian (weight 0.009862, occupation count 9.379175, vector size 39)
WARNING (gmm-est[5.0.62~1-68cee]:MleDiagGmmUpdate():mle-diag-gmm.cc:359) Too little data - removing Gaussian (weight 0.001788, occupation count 9.838799, vector size 39)
WARNING (gmm-est[5.0.62~1-68cee]:MleDiagGmmUpdate():mle-diag-gmm.cc:359) Too little data - removing Gaussian (weight 0.021035, occupation count 9.949372, vector size 39)
WARNING (gmm-est[5.0.62~1-68cee]:MleDiagGmmUpdate():mle-diag-gmm.cc:359) Too little data - removing Gaussian (weight 0.015808, occupation count 9.863953, vector size 39)
WARNING (gmm-est[5.0.62~1-68cee]:MleDiagGmmUpdate():mle-diag-gmm.cc:359) Too little data - removing Gaussian (weight 0.002772, occupation count 9.175542, vector size 39)
WARNING (gmm-est[5.0.62~1-68cee]:MleDiagGmmUpdate():mle-diag-gmm.cc:359) Too little data - removing Gaussian (weight 0.038610, occupation count 10.000000, vector size 39)
WARNING (gmm-est[5.0.62~1-68cee]:MleDiagGmmUpdate():mle-diag-gmm.cc:359) Too little data - removing Gaussian (weight 0.003789, occupation count 9.559911, vector size 39)
WARNING (gmm-est[5.0.62~1-68cee]:MleDiagGmmUpdate():mle-diag-gmm.cc:359) Too little data - removing Gaussian (weight 0.005325, occupation count 9.840868, vector size 39)
WARNING (gmm-est[5.0.62~1-68cee]:MleDiagGmmUpdate():mle-diag-gmm.cc:359) Too little data - removing Gaussian (weight 0.004978, occupation count 9.199139, vector size 39)
WARNING (gmm-est[5.0.62~1-68cee]:MleDiagGmmUpdate():mle-diag-gmm.cc:359) Too little data - removing Gaussian (weight 0.004946, occupation count 9.140921, vector size 39)
WARNING (gmm-est[5.0.62~1-68cee]:MleDiagGmmUpdate():mle-diag-gmm.cc:359) Too little data - removing Gaussian (weight 0.005996, occupation count 8.574968, vector size 39)
WARNING (gmm-est[5.0.62~1-68cee]:MleDiagGmmUpdate():mle-diag-gmm.cc:359) Too little data - removing Gaussian (weight 0.006412, occupation count 9.784606, vector size 39)
WARNING (gmm-est[5.0.62~1-68cee]:MleDiagGmmUpdate():mle-diag-gmm.cc:359) Too little data - removing Gaussian (weight 0.006475, occupation count 9.841982, vector size 39)
WARNING (gmm-est[5.0.62~1-68cee]:MleDiagGmmUpdate():mle-diag-gmm.cc:359) Too little data - removing Gaussian (weight 0.005296, occupation count 9.400755, vector size 39)
WARNING (gmm-est[5.0.62~1-68cee]:MleDiagGmmUpdate():mle-diag-gmm.cc:359) Too little data - removing Gaussian (weight 0.005907, occupation count 8.594752, vector size 39)
WARNING (gmm-est[5.0.62~1-68cee]:MleDiagGmmUpdate():mle-diag-gmm.cc:359) Too little data - removing Gaussian (weight 0.006989, occupation count 9.540465, vector size 39)
WARNING (gmm-est[5.0.62~1-68cee]:MleDiagGmmUpdate():mle-diag-gmm.cc:359) Too little data - removing Gaussian (weight 0.007226, occupation count 9.328682, vector size 39)
LOG (gmm-est[5.0.62~1-68cee]:MleAmDiagGmmUpdate():mle-am-diag-gmm.cc:225) 0 variance elements floored in 0 Gaussians, out of 5346
LOG (gmm-est[5.0.62~1-68cee]:MleAmDiagGmmUpdate():mle-am-diag-gmm.cc:229) Removed 20 Gaussians due to counts < --min-gaussian-occupancy=10 and --remove-low-count-gaussians=true
LOG (gmm-est[5.0.62~1-68cee]:main():gmm-est.cc:113) GMM update: Overall 0.204032 objective function improvement per frame over 108525 frames
LOG (gmm-est[5.0.62~1-68cee]:main():gmm-est.cc:116) GMM update: Overall avg like per frame = -82.4802 over 108525 frames.
WARNING (gmm-est[5.0.62~1-68cee]:GetSplitTargets():model-common.cc:134) Could not split up to 6320 due to min-count = 20 (or no counts at all)
LOG (gmm-est[5.0.62~1-68cee]:SplitByCount():am-diag-gmm.cc:116) Split 145 states with target = 6320, power = 0.25, perturb_factor = 0.01 and min_count = 20, split #Gauss from 5346 to 5363
LOG (gmm-est[5.0.62~1-68cee]:main():gmm-est.cc:146) Written model to exp/tri1/14.mdl
# Accounting: time=0 threads=1
# Ended (code 0) at Mon May 30 15:36:20 IST 2022, elapsed time 0 seconds
