# gmm-est --mix-up=7040 --power=0.25 --write-occs=exp/tri1/16.occs exp/tri1/15.mdl "gmm-sum-accs - exp/tri1/15.*.acc |" exp/tri1/16.mdl 
# Started at Mon May 30 15:36:24 IST 2022
#
gmm-est --mix-up=7040 --power=0.25 --write-occs=exp/tri1/16.occs exp/tri1/15.mdl 'gmm-sum-accs - exp/tri1/15.*.acc |' exp/tri1/16.mdl 
gmm-sum-accs - exp/tri1/15.1.acc 
LOG (gmm-sum-accs[5.0.62~1-68cee]:main():gmm-sum-accs.cc:63) Summed 1 stats, total count 108525, avg like/frame -81.9945
LOG (gmm-sum-accs[5.0.62~1-68cee]:main():gmm-sum-accs.cc:66) Total count of stats is 108525
LOG (gmm-sum-accs[5.0.62~1-68cee]:main():gmm-sum-accs.cc:67) Written stats to -
LOG (gmm-est[5.0.62~1-68cee]:MleUpdate():transition-model.cc:517) TransitionModel::Update, objf change is 0 per frame over 108525 frames. 
LOG (gmm-est[5.0.62~1-68cee]:MleUpdate():transition-model.cc:520) 12 probabilities floored, 471 out of 622 transition-states skipped due to insuffient data (it is normal to have some skipped.)
LOG (gmm-est[5.0.62~1-68cee]:main():gmm-est.cc:102) Transition model update: Overall 0 log-like improvement per frame over 108525 frames.
WARNING (gmm-est[5.0.62~1-68cee]:MleDiagGmmUpdate():mle-diag-gmm.cc:365) Gaussian has too little data but not removing it because it is the last Gaussian: i = 0, occ = 0, weight = 1
WARNING (gmm-est[5.0.62~1-68cee]:MleDiagGmmUpdate():mle-diag-gmm.cc:359) Too little data - removing Gaussian (weight 0.008584, occupation count 9.871253, vector size 39)
WARNING (gmm-est[5.0.62~1-68cee]:MleDiagGmmUpdate():mle-diag-gmm.cc:359) Too little data - removing Gaussian (weight 0.008123, occupation count 9.999565, vector size 39)
WARNING (gmm-est[5.0.62~1-68cee]:MleDiagGmmUpdate():mle-diag-gmm.cc:359) Too little data - removing Gaussian (weight 0.001794, occupation count 9.871703, vector size 39)
WARNING (gmm-est[5.0.62~1-68cee]:MleDiagGmmUpdate():mle-diag-gmm.cc:359) Too little data - removing Gaussian (weight 0.001395, occupation count 7.679704, vector size 39)
WARNING (gmm-est[5.0.62~1-68cee]:MleDiagGmmUpdate():mle-diag-gmm.cc:359) Too little data - removing Gaussian (weight 0.007036, occupation count 9.998392, vector size 39)
WARNING (gmm-est[5.0.62~1-68cee]:MleDiagGmmUpdate():mle-diag-gmm.cc:359) Too little data - removing Gaussian (weight 0.002923, occupation count 9.673716, vector size 39)
WARNING (gmm-est[5.0.62~1-68cee]:MleDiagGmmUpdate():mle-diag-gmm.cc:359) Too little data - removing Gaussian (weight 0.002431, occupation count 8.047549, vector size 39)
WARNING (gmm-est[5.0.62~1-68cee]:MleDiagGmmUpdate():mle-diag-gmm.cc:359) Too little data - removing Gaussian (weight 0.002711, occupation count 8.975065, vector size 39)
WARNING (gmm-est[5.0.62~1-68cee]:MleDiagGmmUpdate():mle-diag-gmm.cc:359) Too little data - removing Gaussian (weight 0.003963, occupation count 9.999855, vector size 39)
WARNING (gmm-est[5.0.62~1-68cee]:MleDiagGmmUpdate():mle-diag-gmm.cc:359) Too little data - removing Gaussian (weight 0.005781, occupation count 9.388714, vector size 39)
WARNING (gmm-est[5.0.62~1-68cee]:MleDiagGmmUpdate():mle-diag-gmm.cc:359) Too little data - removing Gaussian (weight 0.005184, occupation count 9.642865, vector size 39)
WARNING (gmm-est[5.0.62~1-68cee]:MleDiagGmmUpdate():mle-diag-gmm.cc:359) Too little data - removing Gaussian (weight 0.005350, occupation count 9.950400, vector size 39)
WARNING (gmm-est[5.0.62~1-68cee]:MleDiagGmmUpdate():mle-diag-gmm.cc:359) Too little data - removing Gaussian (weight 0.007316, occupation count 9.240291, vector size 39)
WARNING (gmm-est[5.0.62~1-68cee]:MleDiagGmmUpdate():mle-diag-gmm.cc:359) Too little data - removing Gaussian (weight 0.010682, occupation count 9.998099, vector size 39)
WARNING (gmm-est[5.0.62~1-68cee]:MleDiagGmmUpdate():mle-diag-gmm.cc:359) Too little data - removing Gaussian (weight 0.005326, occupation count 9.992182, vector size 39)
WARNING (gmm-est[5.0.62~1-68cee]:MleDiagGmmUpdate():mle-diag-gmm.cc:359) Too little data - removing Gaussian (weight 0.013130, occupation count 9.992025, vector size 39)
WARNING (gmm-est[5.0.62~1-68cee]:MleDiagGmmUpdate():mle-diag-gmm.cc:359) Too little data - removing Gaussian (weight 0.005339, occupation count 9.941645, vector size 39)
WARNING (gmm-est[5.0.62~1-68cee]:MleDiagGmmUpdate():mle-diag-gmm.cc:359) Too little data - removing Gaussian (weight 0.005068, occupation count 9.436322, vector size 39)
WARNING (gmm-est[5.0.62~1-68cee]:MleDiagGmmUpdate():mle-diag-gmm.cc:359) Too little data - removing Gaussian (weight 0.006594, occupation count 9.501616, vector size 39)
LOG (gmm-est[5.0.62~1-68cee]:MleAmDiagGmmUpdate():mle-am-diag-gmm.cc:225) 0 variance elements floored in 0 Gaussians, out of 5344
LOG (gmm-est[5.0.62~1-68cee]:MleAmDiagGmmUpdate():mle-am-diag-gmm.cc:229) Removed 19 Gaussians due to counts < --min-gaussian-occupancy=10 and --remove-low-count-gaussians=true
LOG (gmm-est[5.0.62~1-68cee]:main():gmm-est.cc:113) GMM update: Overall 0.0791136 objective function improvement per frame over 108525 frames
LOG (gmm-est[5.0.62~1-68cee]:main():gmm-est.cc:116) GMM update: Overall avg like per frame = -81.9945 over 108525 frames.
WARNING (gmm-est[5.0.62~1-68cee]:GetSplitTargets():model-common.cc:134) Could not split up to 7040 due to min-count = 20 (or no counts at all)
LOG (gmm-est[5.0.62~1-68cee]:SplitByCount():am-diag-gmm.cc:116) Split 145 states with target = 7040, power = 0.25, perturb_factor = 0.01 and min_count = 20, split #Gauss from 5344 to 5360
LOG (gmm-est[5.0.62~1-68cee]:main():gmm-est.cc:146) Written model to exp/tri1/16.mdl
# Accounting: time=0 threads=1
# Ended (code 0) at Mon May 30 15:36:24 IST 2022, elapsed time 0 seconds
