# gmm-est --mix-up=6680 --power=0.25 --write-occs=exp/tri1/15.occs exp/tri1/14.mdl "gmm-sum-accs - exp/tri1/14.*.acc |" exp/tri1/15.mdl 
# Started at Mon May 30 15:36:22 IST 2022
#
gmm-est --mix-up=6680 --power=0.25 --write-occs=exp/tri1/15.occs exp/tri1/14.mdl 'gmm-sum-accs - exp/tri1/14.*.acc |' exp/tri1/15.mdl 
gmm-sum-accs - exp/tri1/14.1.acc 
LOG (gmm-sum-accs[5.0.62~1-68cee]:main():gmm-sum-accs.cc:63) Summed 1 stats, total count 108525, avg like/frame -82.1798
LOG (gmm-sum-accs[5.0.62~1-68cee]:main():gmm-sum-accs.cc:66) Total count of stats is 108525
LOG (gmm-sum-accs[5.0.62~1-68cee]:main():gmm-sum-accs.cc:67) Written stats to -
LOG (gmm-est[5.0.62~1-68cee]:MleUpdate():transition-model.cc:517) TransitionModel::Update, objf change is 0 per frame over 108525 frames. 
LOG (gmm-est[5.0.62~1-68cee]:MleUpdate():transition-model.cc:520) 12 probabilities floored, 471 out of 622 transition-states skipped due to insuffient data (it is normal to have some skipped.)
LOG (gmm-est[5.0.62~1-68cee]:main():gmm-est.cc:102) Transition model update: Overall 0 log-like improvement per frame over 108525 frames.
WARNING (gmm-est[5.0.62~1-68cee]:MleDiagGmmUpdate():mle-diag-gmm.cc:359) Too little data - removing Gaussian (weight 0.003252, occupation count 9.772315, vector size 39)
WARNING (gmm-est[5.0.62~1-68cee]:MleDiagGmmUpdate():mle-diag-gmm.cc:365) Gaussian has too little data but not removing it because it is the last Gaussian: i = 0, occ = 0, weight = 1
WARNING (gmm-est[5.0.62~1-68cee]:MleDiagGmmUpdate():mle-diag-gmm.cc:359) Too little data - removing Gaussian (weight 0.006140, occupation count 9.861593, vector size 39)
WARNING (gmm-est[5.0.62~1-68cee]:MleDiagGmmUpdate():mle-diag-gmm.cc:359) Too little data - removing Gaussian (weight 0.040642, occupation count 9.997837, vector size 39)
WARNING (gmm-est[5.0.62~1-68cee]:MleDiagGmmUpdate():mle-diag-gmm.cc:359) Too little data - removing Gaussian (weight 0.001296, occupation count 7.134140, vector size 39)
WARNING (gmm-est[5.0.62~1-68cee]:MleDiagGmmUpdate():mle-diag-gmm.cc:359) Too little data - removing Gaussian (weight 0.001680, occupation count 9.248591, vector size 39)
WARNING (gmm-est[5.0.62~1-68cee]:MleDiagGmmUpdate():mle-diag-gmm.cc:359) Too little data - removing Gaussian (weight 0.017769, occupation count 9.950395, vector size 39)
WARNING (gmm-est[5.0.62~1-68cee]:MleDiagGmmUpdate():mle-diag-gmm.cc:359) Too little data - removing Gaussian (weight 0.005274, occupation count 9.745703, vector size 39)
WARNING (gmm-est[5.0.62~1-68cee]:MleDiagGmmUpdate():mle-diag-gmm.cc:359) Too little data - removing Gaussian (weight 0.006136, occupation count 9.362792, vector size 39)
WARNING (gmm-est[5.0.62~1-68cee]:MleDiagGmmUpdate():mle-diag-gmm.cc:359) Too little data - removing Gaussian (weight 0.003748, occupation count 8.949478, vector size 39)
WARNING (gmm-est[5.0.62~1-68cee]:MleDiagGmmUpdate():mle-diag-gmm.cc:359) Too little data - removing Gaussian (weight 0.004145, occupation count 9.897204, vector size 39)
WARNING (gmm-est[5.0.62~1-68cee]:MleDiagGmmUpdate():mle-diag-gmm.cc:359) Too little data - removing Gaussian (weight 0.005143, occupation count 8.727524, vector size 39)
WARNING (gmm-est[5.0.62~1-68cee]:MleDiagGmmUpdate():mle-diag-gmm.cc:359) Too little data - removing Gaussian (weight 0.005447, occupation count 9.243829, vector size 39)
WARNING (gmm-est[5.0.62~1-68cee]:MleDiagGmmUpdate():mle-diag-gmm.cc:359) Too little data - removing Gaussian (weight 0.021772, occupation count 9.949772, vector size 39)
WARNING (gmm-est[5.0.62~1-68cee]:MleDiagGmmUpdate():mle-diag-gmm.cc:359) Too little data - removing Gaussian (weight 0.004648, occupation count 8.655429, vector size 39)
LOG (gmm-est[5.0.62~1-68cee]:MleAmDiagGmmUpdate():mle-am-diag-gmm.cc:225) 0 variance elements floored in 0 Gaussians, out of 5349
LOG (gmm-est[5.0.62~1-68cee]:MleAmDiagGmmUpdate():mle-am-diag-gmm.cc:229) Removed 14 Gaussians due to counts < --min-gaussian-occupancy=10 and --remove-low-count-gaussians=true
LOG (gmm-est[5.0.62~1-68cee]:main():gmm-est.cc:113) GMM update: Overall 0.129253 objective function improvement per frame over 108525 frames
LOG (gmm-est[5.0.62~1-68cee]:main():gmm-est.cc:116) GMM update: Overall avg like per frame = -82.1798 over 108525 frames.
WARNING (gmm-est[5.0.62~1-68cee]:GetSplitTargets():model-common.cc:134) Could not split up to 6680 due to min-count = 20 (or no counts at all)
LOG (gmm-est[5.0.62~1-68cee]:SplitByCount():am-diag-gmm.cc:116) Split 145 states with target = 6680, power = 0.25, perturb_factor = 0.01 and min_count = 20, split #Gauss from 5349 to 5363
LOG (gmm-est[5.0.62~1-68cee]:main():gmm-est.cc:146) Written model to exp/tri1/15.mdl
# Accounting: time=0 threads=1
# Ended (code 0) at Mon May 30 15:36:22 IST 2022, elapsed time 0 seconds
