# gmm-est --mix-up=4520 --power=0.25 --write-occs=exp/tri1/9.occs exp/tri1/8.mdl "gmm-sum-accs - exp/tri1/8.*.acc |" exp/tri1/9.mdl 
# Started at Mon May 30 15:36:04 IST 2022
#
gmm-est --mix-up=4520 --power=0.25 --write-occs=exp/tri1/9.occs exp/tri1/8.mdl 'gmm-sum-accs - exp/tri1/8.*.acc |' exp/tri1/9.mdl 
gmm-sum-accs - exp/tri1/8.1.acc 
LOG (gmm-sum-accs[5.0.62~1-68cee]:main():gmm-sum-accs.cc:63) Summed 1 stats, total count 108525, avg like/frame -85.0231
LOG (gmm-sum-accs[5.0.62~1-68cee]:main():gmm-sum-accs.cc:66) Total count of stats is 108525
LOG (gmm-sum-accs[5.0.62~1-68cee]:main():gmm-sum-accs.cc:67) Written stats to -
LOG (gmm-est[5.0.62~1-68cee]:MleUpdate():transition-model.cc:517) TransitionModel::Update, objf change is 0 per frame over 108525 frames. 
LOG (gmm-est[5.0.62~1-68cee]:MleUpdate():transition-model.cc:520) 9 probabilities floored, 471 out of 622 transition-states skipped due to insuffient data (it is normal to have some skipped.)
LOG (gmm-est[5.0.62~1-68cee]:main():gmm-est.cc:102) Transition model update: Overall 0 log-like improvement per frame over 108525 frames.
WARNING (gmm-est[5.0.62~1-68cee]:MleDiagGmmUpdate():mle-diag-gmm.cc:365) Gaussian has too little data but not removing it because it is the last Gaussian: i = 0, occ = 0, weight = 1
WARNING (gmm-est[5.0.62~1-68cee]:MleDiagGmmUpdate():mle-diag-gmm.cc:359) Too little data - removing Gaussian (weight 0.028235, occupation count 9.035075, vector size 39)
WARNING (gmm-est[5.0.62~1-68cee]:MleDiagGmmUpdate():mle-diag-gmm.cc:359) Too little data - removing Gaussian (weight 0.027648, occupation count 9.842811, vector size 39)
WARNING (gmm-est[5.0.62~1-68cee]:MleDiagGmmUpdate():mle-diag-gmm.cc:359) Too little data - removing Gaussian (weight 0.017256, occupation count 9.352859, vector size 39)
WARNING (gmm-est[5.0.62~1-68cee]:MleDiagGmmUpdate():mle-diag-gmm.cc:359) Too little data - removing Gaussian (weight 0.018908, occupation count 8.792004, vector size 39)
WARNING (gmm-est[5.0.62~1-68cee]:MleDiagGmmUpdate():mle-diag-gmm.cc:359) Too little data - removing Gaussian (weight 0.018414, occupation count 8.157618, vector size 39)
WARNING (gmm-est[5.0.62~1-68cee]:MleDiagGmmUpdate():mle-diag-gmm.cc:359) Too little data - removing Gaussian (weight 0.017245, occupation count 9.346745, vector size 39)
WARNING (gmm-est[5.0.62~1-68cee]:MleDiagGmmUpdate():mle-diag-gmm.cc:359) Too little data - removing Gaussian (weight 0.010839, occupation count 5.365211, vector size 39)
WARNING (gmm-est[5.0.62~1-68cee]:MleDiagGmmUpdate():mle-diag-gmm.cc:359) Too little data - removing Gaussian (weight 0.013086, occupation count 9.748976, vector size 39)
WARNING (gmm-est[5.0.62~1-68cee]:MleDiagGmmUpdate():mle-diag-gmm.cc:359) Too little data - removing Gaussian (weight 0.005433, occupation count 7.340255, vector size 39)
WARNING (gmm-est[5.0.62~1-68cee]:MleDiagGmmUpdate():mle-diag-gmm.cc:359) Too little data - removing Gaussian (weight 0.025842, occupation count 8.708836, vector size 39)
WARNING (gmm-est[5.0.62~1-68cee]:MleDiagGmmUpdate():mle-diag-gmm.cc:359) Too little data - removing Gaussian (weight 0.015446, occupation count 8.958734, vector size 39)
WARNING (gmm-est[5.0.62~1-68cee]:MleDiagGmmUpdate():mle-diag-gmm.cc:359) Too little data - removing Gaussian (weight 0.013706, occupation count 9.909327, vector size 39)
WARNING (gmm-est[5.0.62~1-68cee]:MleDiagGmmUpdate():mle-diag-gmm.cc:359) Too little data - removing Gaussian (weight 0.027275, occupation count 9.846335, vector size 39)
WARNING (gmm-est[5.0.62~1-68cee]:MleDiagGmmUpdate():mle-diag-gmm.cc:359) Too little data - removing Gaussian (weight 0.007399, occupation count 5.275283, vector size 39)
WARNING (gmm-est[5.0.62~1-68cee]:MleDiagGmmUpdate():mle-diag-gmm.cc:359) Too little data - removing Gaussian (weight 0.010031, occupation count 8.787060, vector size 39)
WARNING (gmm-est[5.0.62~1-68cee]:MleDiagGmmUpdate():mle-diag-gmm.cc:359) Too little data - removing Gaussian (weight 0.007534, occupation count 9.959488, vector size 39)
LOG (gmm-est[5.0.62~1-68cee]:MleAmDiagGmmUpdate():mle-am-diag-gmm.cc:225) 0 variance elements floored in 0 Gaussians, out of 4144
LOG (gmm-est[5.0.62~1-68cee]:MleAmDiagGmmUpdate():mle-am-diag-gmm.cc:229) Removed 16 Gaussians due to counts < --min-gaussian-occupancy=10 and --remove-low-count-gaussians=true
LOG (gmm-est[5.0.62~1-68cee]:main():gmm-est.cc:113) GMM update: Overall 0.378084 objective function improvement per frame over 108525 frames
LOG (gmm-est[5.0.62~1-68cee]:main():gmm-est.cc:116) GMM update: Overall avg like per frame = -85.0231 over 108525 frames.
LOG (gmm-est[5.0.62~1-68cee]:SplitByCount():am-diag-gmm.cc:116) Split 145 states with target = 4520, power = 0.25, perturb_factor = 0.01 and min_count = 20, split #Gauss from 4144 to 4520
LOG (gmm-est[5.0.62~1-68cee]:main():gmm-est.cc:146) Written model to exp/tri1/9.mdl
# Accounting: time=1 threads=1
# Ended (code 0) at Mon May 30 15:36:05 IST 2022, elapsed time 1 seconds
