# lattice-best-path --lm-scale=17 --word-symbol-table=exp/tri1/graph/words.txt "ark:gunzip -c exp/tri1/decode/lat.*.gz|" ark,t:exp/tri1/decode/scoring/17.tra 
# Started at Mon May 30 15:37:29 IST 2022
#
lattice-best-path --lm-scale=17 --word-symbol-table=exp/tri1/graph/words.txt 'ark:gunzip -c exp/tri1/decode/lat.*.gz|' ark,t:exp/tri1/decode/scoring/17.tra 
LOG (lattice-best-path[5.0.62~1-68cee]:main():lattice-best-path.cc:99) For utterance yweweler_0_yweweler_0, best cost 127.731 + 4231.42 = 4359.15 over 37 frames.
yweweler_0_yweweler_0 zero 
LOG (lattice-best-path[5.0.62~1-68cee]:main():lattice-best-path.cc:99) For utterance yweweler_0_yweweler_1, best cost 128.019 + 3359.77 = 3487.79 over 31 frames.
yweweler_0_yweweler_1 zero 
LOG (lattice-best-path[5.0.62~1-68cee]:main():lattice-best-path.cc:99) For utterance yweweler_0_yweweler_10, best cost 49.6651 + 4176.52 = 4226.18 over 36 frames.
yweweler_0_yweweler_10 
LOG (lattice-best-path[5.0.62~1-68cee]:main():lattice-best-path.cc:99) For utterance yweweler_0_yweweler_11, best cost 130.751 + 3640.27 = 3771.02 over 35 frames.
yweweler_0_yweweler_11 zero 
LOG (lattice-best-path[5.0.62~1-68cee]:main():lattice-best-path.cc:99) For utterance yweweler_0_yweweler_12, best cost 133.754 + 3955.23 = 4088.99 over 37 frames.
yweweler_0_yweweler_12 zero 
LOG (lattice-best-path[5.0.62~1-68cee]:main():lattice-best-path.cc:99) For utterance yweweler_0_yweweler_13, best cost 126.616 + 4134.59 = 4261.21 over 41 frames.
yweweler_0_yweweler_13 zero 
LOG (lattice-best-path[5.0.62~1-68cee]:main():lattice-best-path.cc:99) For utterance yweweler_0_yweweler_14, best cost 125.044 + 4324.4 = 4449.45 over 41 frames.
yweweler_0_yweweler_14 zero 
LOG (lattice-best-path[5.0.62~1-68cee]:main():lattice-best-path.cc:99) For utterance yweweler_0_yweweler_15, best cost 142.624 + 3946.76 = 4089.38 over 41 frames.
yweweler_0_yweweler_15 zero 
LOG (lattice-best-path[5.0.62~1-68cee]:main():lattice-best-path.cc:99) For utterance yweweler_0_yweweler_16, best cost 124.713 + 3486.44 = 3611.15 over 34 frames.
yweweler_0_yweweler_16 zero 
LOG (lattice-best-path[5.0.62~1-68cee]:main():lattice-best-path.cc:99) For utterance yweweler_0_yweweler_17, best cost 132.741 + 3925.88 = 4058.63 over 38 frames.
yweweler_0_yweweler_17 zero 
LOG (lattice-best-path[5.0.62~1-68cee]:main():lattice-best-path.cc:99) For utterance yweweler_0_yweweler_18, best cost 127.412 + 4044.55 = 4171.96 over 40 frames.
yweweler_0_yweweler_18 zero 
LOG (lattice-best-path[5.0.62~1-68cee]:main():lattice-best-path.cc:99) For utterance yweweler_0_yweweler_19, best cost 132.984 + 4456.39 = 4589.38 over 45 frames.
yweweler_0_yweweler_19 zero 
LOG (lattice-best-path[5.0.62~1-68cee]:main():lattice-best-path.cc:99) For utterance yweweler_0_yweweler_2, best cost 125.851 + 3453.77 = 3579.63 over 33 frames.
yweweler_0_yweweler_2 zero 
LOG (lattice-best-path[5.0.62~1-68cee]:main():lattice-best-path.cc:99) For utterance yweweler_0_yweweler_20, best cost 129.388 + 3233.9 = 3363.29 over 32 frames.
yweweler_0_yweweler_20 zero 
LOG (lattice-best-path[5.0.62~1-68cee]:main():lattice-best-path.cc:99) For utterance yweweler_0_yweweler_21, best cost 132.315 + 3486.18 = 3618.49 over 33 frames.
yweweler_0_yweweler_21 zero 
LOG (lattice-best-path[5.0.62~1-68cee]:main():lattice-best-path.cc:99) For utterance yweweler_0_yweweler_22, best cost 124.606 + 3327.65 = 3452.26 over 32 frames.
yweweler_0_yweweler_22 zero 
LOG (lattice-best-path[5.0.62~1-68cee]:main():lattice-best-path.cc:99) For utterance yweweler_0_yweweler_23, best cost 124.897 + 3331.28 = 3456.18 over 31 frames.
yweweler_0_yweweler_23 zero 
LOG (lattice-best-path[5.0.62~1-68cee]:main():lattice-best-path.cc:99) For utterance yweweler_0_yweweler_24, best cost 136.435 + 3541.86 = 3678.3 over 36 frames.
yweweler_0_yweweler_24 zero 
LOG (lattice-best-path[5.0.62~1-68cee]:main():lattice-best-path.cc:99) For utterance yweweler_0_yweweler_25, best cost 134.505 + 3774.26 = 3908.77 over 37 frames.
yweweler_0_yweweler_25 zero 
LOG (lattice-best-path[5.0.62~1-68cee]:main():lattice-best-path.cc:99) For utterance yweweler_0_yweweler_26, best cost 124.145 + 3684.91 = 3809.05 over 34 frames.
yweweler_0_yweweler_26 zero 
LOG (lattice-best-path[5.0.62~1-68cee]:main():lattice-best-path.cc:99) For utterance yweweler_0_yweweler_27, best cost 122.888 + 3573.53 = 3696.41 over 34 frames.
yweweler_0_yweweler_27 zero 
LOG (lattice-best-path[5.0.62~1-68cee]:main():lattice-best-path.cc:99) For utterance yweweler_0_yweweler_28, best cost 131.765 + 4257.97 = 4389.74 over 40 frames.
yweweler_0_yweweler_28 zero 
LOG (lattice-best-path[5.0.62~1-68cee]:main():lattice-best-path.cc:99) For utterance yweweler_0_yweweler_29, best cost 140.707 + 3867.68 = 4008.39 over 36 frames.
yweweler_0_yweweler_29 zero 
LOG (lattice-best-path[5.0.62~1-68cee]:main():lattice-best-path.cc:99) For utterance yweweler_0_yweweler_3, best cost 124.588 + 3661.93 = 3786.52 over 34 frames.
yweweler_0_yweweler_3 zero 
LOG (lattice-best-path[5.0.62~1-68cee]:main():lattice-best-path.cc:99) For utterance yweweler_0_yweweler_30, best cost 123.437 + 4141.65 = 4265.08 over 38 frames.
yweweler_0_yweweler_30 zero 
LOG (lattice-best-path[5.0.62~1-68cee]:main():lattice-best-path.cc:99) For utterance yweweler_0_yweweler_31, best cost 128.758 + 3259.6 = 3388.36 over 31 frames.
yweweler_0_yweweler_31 zero 
LOG (lattice-best-path[5.0.62~1-68cee]:main():lattice-best-path.cc:99) For utterance yweweler_0_yweweler_32, best cost 133.359 + 4067.03 = 4200.39 over 34 frames.
yweweler_0_yweweler_32 four 
LOG (lattice-best-path[5.0.62~1-68cee]:main():lattice-best-path.cc:99) For utterance yweweler_0_yweweler_33, best cost 127.123 + 4801.58 = 4928.7 over 47 frames.
yweweler_0_yweweler_33 zero 
LOG (lattice-best-path[5.0.62~1-68cee]:main():lattice-best-path.cc:99) For utterance yweweler_0_yweweler_34, best cost 49.6758 + 4207.08 = 4256.75 over 35 frames.
yweweler_0_yweweler_34 
LOG (lattice-best-path[5.0.62~1-68cee]:main():lattice-best-path.cc:99) For utterance yweweler_0_yweweler_35, best cost 130.143 + 4156.04 = 4286.18 over 37 frames.
yweweler_0_yweweler_35 zero 
LOG (lattice-best-path[5.0.62~1-68cee]:main():lattice-best-path.cc:99) For utterance yweweler_0_yweweler_36, best cost 145.47 + 4795.08 = 4940.55 over 43 frames.
yweweler_0_yweweler_36 zero 
LOG (lattice-best-path[5.0.62~1-68cee]:main():lattice-best-path.cc:99) For utterance yweweler_0_yweweler_37, best cost 126.085 + 3844.12 = 3970.21 over 36 frames.
yweweler_0_yweweler_37 zero 
LOG (lattice-best-path[5.0.62~1-68cee]:main():lattice-best-path.cc:99) For utterance yweweler_0_yweweler_38, best cost 138.808 + 3987.97 = 4126.78 over 39 frames.
yweweler_0_yweweler_38 zero 
LOG (lattice-best-path[5.0.62~1-68cee]:main():lattice-best-path.cc:99) For utterance yweweler_0_yweweler_39, best cost 144.518 + 4510.14 = 4654.66 over 42 frames.
yweweler_0_yweweler_39 zero 
LOG (lattice-best-path[5.0.62~1-68cee]:main():lattice-best-path.cc:99) For utterance yweweler_0_yweweler_4, best cost 127.137 + 3330.07 = 3457.2 over 30 frames.
yweweler_0_yweweler_4 zero 
LOG (lattice-best-path[5.0.62~1-68cee]:main():lattice-best-path.cc:99) For utterance yweweler_0_yweweler_40, best cost 136.479 + 4706.2 = 4842.68 over 43 frames.
yweweler_0_yweweler_40 zero 
LOG (lattice-best-path[5.0.62~1-68cee]:main():lattice-best-path.cc:99) For utterance yweweler_0_yweweler_41, best cost 122.527 + 3200.36 = 3322.89 over 31 frames.
yweweler_0_yweweler_41 zero 
LOG (lattice-best-path[5.0.62~1-68cee]:main():lattice-best-path.cc:99) For utterance yweweler_0_yweweler_42, best cost 136.341 + 4449.5 = 4585.84 over 41 frames.
yweweler_0_yweweler_42 zero 
LOG (lattice-best-path[5.0.62~1-68cee]:main():lattice-best-path.cc:99) For utterance yweweler_0_yweweler_43, best cost 123.282 + 3314.71 = 3438 over 32 frames.
yweweler_0_yweweler_43 zero 
LOG (lattice-best-path[5.0.62~1-68cee]:main():lattice-best-path.cc:99) For utterance yweweler_0_yweweler_44, best cost 122.421 + 3277.83 = 3400.25 over 30 frames.
yweweler_0_yweweler_44 zero 
LOG (lattice-best-path[5.0.62~1-68cee]:main():lattice-best-path.cc:99) For utterance yweweler_0_yweweler_45, best cost 132.346 + 3593.14 = 3725.48 over 33 frames.
yweweler_0_yweweler_45 zero 
LOG (lattice-best-path[5.0.62~1-68cee]:main():lattice-best-path.cc:99) For utterance yweweler_0_yweweler_46, best cost 121.62 + 2861.55 = 2983.17 over 27 frames.
yweweler_0_yweweler_46 zero 
LOG (lattice-best-path[5.0.62~1-68cee]:main():lattice-best-path.cc:99) For utterance yweweler_0_yweweler_47, best cost 125.464 + 3517.16 = 3642.63 over 33 frames.
yweweler_0_yweweler_47 zero 
LOG (lattice-best-path[5.0.62~1-68cee]:main():lattice-best-path.cc:99) For utterance yweweler_0_yweweler_48, best cost 135.078 + 3738.1 = 3873.18 over 37 frames.
yweweler_0_yweweler_48 zero 
LOG (lattice-best-path[5.0.62~1-68cee]:main():lattice-best-path.cc:99) For utterance yweweler_0_yweweler_49, best cost 130.51 + 3686.38 = 3816.89 over 37 frames.
yweweler_0_yweweler_49 zero 
LOG (lattice-best-path[5.0.62~1-68cee]:main():lattice-best-path.cc:99) For utterance yweweler_0_yweweler_5, best cost 141.848 + 4182.97 = 4324.81 over 38 frames.
yweweler_0_yweweler_5 zero 
LOG (lattice-best-path[5.0.62~1-68cee]:main():lattice-best-path.cc:99) For utterance yweweler_0_yweweler_6, best cost 126.764 + 4159.99 = 4286.75 over 38 frames.
yweweler_0_yweweler_6 zero 
LOG (lattice-best-path[5.0.62~1-68cee]:main():lattice-best-path.cc:99) For utterance yweweler_0_yweweler_7, best cost 50.3135 + 4253.87 = 4304.19 over 37 frames.
yweweler_0_yweweler_7 
LOG (lattice-best-path[5.0.62~1-68cee]:main():lattice-best-path.cc:99) For utterance yweweler_0_yweweler_8, best cost 118.09 + 3451.02 = 3569.11 over 32 frames.
yweweler_0_yweweler_8 zero 
LOG (lattice-best-path[5.0.62~1-68cee]:main():lattice-best-path.cc:99) For utterance yweweler_0_yweweler_9, best cost 129.809 + 3711.96 = 3841.77 over 34 frames.
yweweler_0_yweweler_9 zero 
LOG (lattice-best-path[5.0.62~1-68cee]:main():lattice-best-path.cc:99) For utterance yweweler_1_yweweler_0, best cost 134.878 + 4133.65 = 4268.53 over 40 frames.
yweweler_1_yweweler_0 one 
LOG (lattice-best-path[5.0.62~1-68cee]:main():lattice-best-path.cc:99) For utterance yweweler_1_yweweler_1, best cost 114.006 + 1951.04 = 2065.05 over 20 frames.
yweweler_1_yweweler_1 one 
LOG (lattice-best-path[5.0.62~1-68cee]:main():lattice-best-path.cc:99) For utterance yweweler_1_yweweler_10, best cost 118.48 + 2723.72 = 2842.2 over 26 frames.
yweweler_1_yweweler_10 one 
LOG (lattice-best-path[5.0.62~1-68cee]:main():lattice-best-path.cc:99) For utterance yweweler_1_yweweler_11, best cost 124.234 + 3170.7 = 3294.93 over 32 frames.
yweweler_1_yweweler_11 one 
LOG (lattice-best-path[5.0.62~1-68cee]:main():lattice-best-path.cc:99) For utterance yweweler_1_yweweler_12, best cost 124.726 + 3492.59 = 3617.32 over 35 frames.
yweweler_1_yweweler_12 one 
LOG (lattice-best-path[5.0.62~1-68cee]:main():lattice-best-path.cc:99) For utterance yweweler_1_yweweler_13, best cost 124.745 + 3228.52 = 3353.26 over 32 frames.
yweweler_1_yweweler_13 one 
LOG (lattice-best-path[5.0.62~1-68cee]:main():lattice-best-path.cc:99) For utterance yweweler_1_yweweler_14, best cost 121.24 + 2633.39 = 2754.63 over 27 frames.
yweweler_1_yweweler_14 one 
LOG (lattice-best-path[5.0.62~1-68cee]:main():lattice-best-path.cc:99) For utterance yweweler_1_yweweler_15, best cost 146.444 + 4939.06 = 5085.5 over 49 frames.
yweweler_1_yweweler_15 one 
LOG (lattice-best-path[5.0.62~1-68cee]:main():lattice-best-path.cc:99) For utterance yweweler_1_yweweler_16, best cost 123.68 + 3129.51 = 3253.19 over 33 frames.
yweweler_1_yweweler_16 one 
LOG (lattice-best-path[5.0.62~1-68cee]:main():lattice-best-path.cc:99) For utterance yweweler_1_yweweler_17, best cost 121.069 + 2663.81 = 2784.88 over 28 frames.
yweweler_1_yweweler_17 one 
LOG (lattice-best-path[5.0.62~1-68cee]:main():lattice-best-path.cc:99) For utterance yweweler_1_yweweler_18, best cost 123.14 + 3171.21 = 3294.35 over 33 frames.
yweweler_1_yweweler_18 one 
LOG (lattice-best-path[5.0.62~1-68cee]:main():lattice-best-path.cc:99) For utterance yweweler_1_yweweler_19, best cost 124.244 + 3119.97 = 3244.21 over 33 frames.
yweweler_1_yweweler_19 one 
LOG (lattice-best-path[5.0.62~1-68cee]:main():lattice-best-path.cc:99) For utterance yweweler_1_yweweler_2, best cost 123.692 + 3056.22 = 3179.92 over 32 frames.
yweweler_1_yweweler_2 one 
LOG (lattice-best-path[5.0.62~1-68cee]:main():lattice-best-path.cc:99) For utterance yweweler_1_yweweler_20, best cost 126.123 + 3337.22 = 3463.34 over 35 frames.
yweweler_1_yweweler_20 one 
LOG (lattice-best-path[5.0.62~1-68cee]:main():lattice-best-path.cc:99) For utterance yweweler_1_yweweler_21, best cost 123.517 + 3000.21 = 3123.73 over 31 frames.
yweweler_1_yweweler_21 one 
LOG (lattice-best-path[5.0.62~1-68cee]:main():lattice-best-path.cc:99) For utterance yweweler_1_yweweler_22, best cost 120.17 + 2759.28 = 2879.45 over 29 frames.
yweweler_1_yweweler_22 one 
LOG (lattice-best-path[5.0.62~1-68cee]:main():lattice-best-path.cc:99) For utterance yweweler_1_yweweler_23, best cost 121.18 + 2958.51 = 3079.69 over 31 frames.
yweweler_1_yweweler_23 one 
LOG (lattice-best-path[5.0.62~1-68cee]:main():lattice-best-path.cc:99) For utterance yweweler_1_yweweler_24, best cost 121.349 + 2741.28 = 2862.63 over 29 frames.
yweweler_1_yweweler_24 one 
LOG (lattice-best-path[5.0.62~1-68cee]:main():lattice-best-path.cc:99) For utterance yweweler_1_yweweler_25, best cost 118.737 + 2353.2 = 2471.94 over 24 frames.
yweweler_1_yweweler_25 one 
LOG (lattice-best-path[5.0.62~1-68cee]:main():lattice-best-path.cc:99) For utterance yweweler_1_yweweler_26, best cost 134.296 + 3432.75 = 3567.04 over 36 frames.
yweweler_1_yweweler_26 one 
LOG (lattice-best-path[5.0.62~1-68cee]:main():lattice-best-path.cc:99) For utterance yweweler_1_yweweler_27, best cost 118.551 + 2529.66 = 2648.21 over 26 frames.
yweweler_1_yweweler_27 one 
LOG (lattice-best-path[5.0.62~1-68cee]:main():lattice-best-path.cc:99) For utterance yweweler_1_yweweler_28, best cost 120.767 + 2363.08 = 2483.84 over 26 frames.
yweweler_1_yweweler_28 one 
LOG (lattice-best-path[5.0.62~1-68cee]:main():lattice-best-path.cc:99) For utterance yweweler_1_yweweler_29, best cost 123.211 + 2911.66 = 3034.87 over 32 frames.
yweweler_1_yweweler_29 one 
LOG (lattice-best-path[5.0.62~1-68cee]:main():lattice-best-path.cc:99) For utterance yweweler_1_yweweler_3, best cost 120.158 + 2934.24 = 3054.4 over 29 frames.
yweweler_1_yweweler_3 one 
LOG (lattice-best-path[5.0.62~1-68cee]:main():lattice-best-path.cc:99) For utterance yweweler_1_yweweler_30, best cost 122.479 + 2970.73 = 3093.21 over 32 frames.
yweweler_1_yweweler_30 one 
LOG (lattice-best-path[5.0.62~1-68cee]:main():lattice-best-path.cc:99) For utterance yweweler_1_yweweler_31, best cost 127.103 + 3483.05 = 3610.16 over 37 frames.
yweweler_1_yweweler_31 one 
LOG (lattice-best-path[5.0.62~1-68cee]:main():lattice-best-path.cc:99) For utterance yweweler_1_yweweler_32, best cost 119.577 + 2540.62 = 2660.2 over 25 frames.
yweweler_1_yweweler_32 one 
LOG (lattice-best-path[5.0.62~1-68cee]:main():lattice-best-path.cc:99) For utterance yweweler_1_yweweler_33, best cost 127.577 + 3905.81 = 4033.39 over 41 frames.
yweweler_1_yweweler_33 one 
LOG (lattice-best-path[5.0.62~1-68cee]:main():lattice-best-path.cc:99) For utterance yweweler_1_yweweler_34, best cost 122.336 + 2791.97 = 2914.31 over 31 frames.
yweweler_1_yweweler_34 one 
LOG (lattice-best-path[5.0.62~1-68cee]:main():lattice-best-path.cc:99) For utterance yweweler_1_yweweler_35, best cost 121.312 + 2705.27 = 2826.58 over 23 frames.
yweweler_1_yweweler_35 one 
LOG (lattice-best-path[5.0.62~1-68cee]:main():lattice-best-path.cc:99) For utterance yweweler_1_yweweler_36, best cost 130.712 + 3609.39 = 3740.1 over 33 frames.
yweweler_1_yweweler_36 one 
LOG (lattice-best-path[5.0.62~1-68cee]:main():lattice-best-path.cc:99) For utterance yweweler_1_yweweler_37, best cost 139.262 + 4771.92 = 4911.18 over 45 frames.
yweweler_1_yweweler_37 one 
LOG (lattice-best-path[5.0.62~1-68cee]:main():lattice-best-path.cc:99) For utterance yweweler_1_yweweler_38, best cost 124.094 + 3355.52 = 3479.61 over 35 frames.
yweweler_1_yweweler_38 one 
LOG (lattice-best-path[5.0.62~1-68cee]:main():lattice-best-path.cc:99) For utterance yweweler_1_yweweler_39, best cost 129.059 + 3304.23 = 3433.29 over 31 frames.
yweweler_1_yweweler_39 one 
LOG (lattice-best-path[5.0.62~1-68cee]:main():lattice-best-path.cc:99) For utterance yweweler_1_yweweler_4, best cost 120.007 + 2777.96 = 2897.97 over 28 frames.
yweweler_1_yweweler_4 one 
LOG (lattice-best-path[5.0.62~1-68cee]:main():lattice-best-path.cc:99) For utterance yweweler_1_yweweler_40, best cost 122.635 + 3517.31 = 3639.94 over 34 frames.
yweweler_1_yweweler_40 one 
LOG (lattice-best-path[5.0.62~1-68cee]:main():lattice-best-path.cc:99) For utterance yweweler_1_yweweler_41, best cost 125.001 + 4064.33 = 4189.33 over 39 frames.
yweweler_1_yweweler_41 one 
LOG (lattice-best-path[5.0.62~1-68cee]:main():lattice-best-path.cc:99) For utterance yweweler_1_yweweler_42, best cost 127.908 + 3721.01 = 3848.92 over 33 frames.
yweweler_1_yweweler_42 one 
LOG (lattice-best-path[5.0.62~1-68cee]:main():lattice-best-path.cc:99) For utterance yweweler_1_yweweler_43, best cost 123.604 + 3187.81 = 3311.42 over 33 frames.
yweweler_1_yweweler_43 one 
LOG (lattice-best-path[5.0.62~1-68cee]:main():lattice-best-path.cc:99) For utterance yweweler_1_yweweler_44, best cost 120.211 + 2874.53 = 2994.74 over 29 frames.
yweweler_1_yweweler_44 one 
LOG (lattice-best-path[5.0.62~1-68cee]:main():lattice-best-path.cc:99) For utterance yweweler_1_yweweler_45, best cost 125.073 + 3258.87 = 3383.94 over 35 frames.
yweweler_1_yweweler_45 one 
LOG (lattice-best-path[5.0.62~1-68cee]:main():lattice-best-path.cc:99) For utterance yweweler_1_yweweler_46, best cost 134.129 + 3479.6 = 3613.73 over 37 frames.
yweweler_1_yweweler_46 one 
LOG (lattice-best-path[5.0.62~1-68cee]:main():lattice-best-path.cc:99) For utterance yweweler_1_yweweler_47, best cost 122.92 + 3401.83 = 3524.75 over 33 frames.
yweweler_1_yweweler_47 one 
LOG (lattice-best-path[5.0.62~1-68cee]:main():lattice-best-path.cc:99) For utterance yweweler_1_yweweler_48, best cost 133.147 + 3958.06 = 4091.2 over 39 frames.
yweweler_1_yweweler_48 one 
LOG (lattice-best-path[5.0.62~1-68cee]:main():lattice-best-path.cc:99) For utterance yweweler_1_yweweler_49, best cost 127.139 + 3588.34 = 3715.48 over 39 frames.
yweweler_1_yweweler_49 one 
LOG (lattice-best-path[5.0.62~1-68cee]:main():lattice-best-path.cc:99) For utterance yweweler_1_yweweler_5, best cost 123.868 + 2907.03 = 3030.9 over 31 frames.
yweweler_1_yweweler_5 one 
LOG (lattice-best-path[5.0.62~1-68cee]:main():lattice-best-path.cc:99) For utterance yweweler_1_yweweler_6, best cost 117.069 + 2517.75 = 2634.82 over 24 frames.
yweweler_1_yweweler_6 one 
LOG (lattice-best-path[5.0.62~1-68cee]:main():lattice-best-path.cc:99) For utterance yweweler_1_yweweler_7, best cost 118.119 + 2460.41 = 2578.53 over 25 frames.
yweweler_1_yweweler_7 one 
LOG (lattice-best-path[5.0.62~1-68cee]:main():lattice-best-path.cc:99) For utterance yweweler_1_yweweler_8, best cost 119.078 + 2629.98 = 2749.05 over 24 frames.
yweweler_1_yweweler_8 one 
LOG (lattice-best-path[5.0.62~1-68cee]:main():lattice-best-path.cc:99) For utterance yweweler_1_yweweler_9, best cost 125.813 + 2497.26 = 2623.07 over 25 frames.
yweweler_1_yweweler_9 one 
LOG (lattice-best-path[5.0.62~1-68cee]:main():lattice-best-path.cc:99) For utterance yweweler_2_yweweler_0, best cost 47.7756 + 2930.88 = 2978.66 over 25 frames.
yweweler_2_yweweler_0 
LOG (lattice-best-path[5.0.62~1-68cee]:main():lattice-best-path.cc:99) For utterance yweweler_2_yweweler_1, best cost 110.874 + 3125.97 = 3236.84 over 28 frames.
yweweler_2_yweweler_1 two 
LOG (lattice-best-path[5.0.62~1-68cee]:main():lattice-best-path.cc:99) For utterance yweweler_2_yweweler_10, best cost 122.032 + 2668.77 = 2790.8 over 25 frames.
yweweler_2_yweweler_10 two 
LOG (lattice-best-path[5.0.62~1-68cee]:main():lattice-best-path.cc:99) For utterance yweweler_2_yweweler_11, best cost 54.0559 + 3080.96 = 3135.01 over 26 frames.
yweweler_2_yweweler_11 
LOG (lattice-best-path[5.0.62~1-68cee]:main():lattice-best-path.cc:99) For utterance yweweler_2_yweweler_12, best cost 118.514 + 2714.42 = 2832.93 over 25 frames.
yweweler_2_yweweler_12 two 
LOG (lattice-best-path[5.0.62~1-68cee]:main():lattice-best-path.cc:99) For utterance yweweler_2_yweweler_13, best cost 46.1576 + 2880.83 = 2926.99 over 25 frames.
yweweler_2_yweweler_13 
LOG (lattice-best-path[5.0.62~1-68cee]:main():lattice-best-path.cc:99) For utterance yweweler_2_yweweler_14, best cost 129.667 + 3016.94 = 3146.61 over 29 frames.
yweweler_2_yweweler_14 two 
LOG (lattice-best-path[5.0.62~1-68cee]:main():lattice-best-path.cc:99) For utterance yweweler_2_yweweler_15, best cost 127.539 + 2838.47 = 2966.01 over 27 frames.
yweweler_2_yweweler_15 two 
LOG (lattice-best-path[5.0.62~1-68cee]:main():lattice-best-path.cc:99) For utterance yweweler_2_yweweler_16, best cost 111.159 + 3064.59 = 3175.75 over 30 frames.
yweweler_2_yweweler_16 two 
LOG (lattice-best-path[5.0.62~1-68cee]:main():lattice-best-path.cc:99) For utterance yweweler_2_yweweler_17, best cost 119.305 + 2935.72 = 3055.02 over 28 frames.
yweweler_2_yweweler_17 two 
LOG (lattice-best-path[5.0.62~1-68cee]:main():lattice-best-path.cc:99) For utterance yweweler_2_yweweler_18, best cost 127.969 + 2820.38 = 2948.35 over 28 frames.
yweweler_2_yweweler_18 two 
LOG (lattice-best-path[5.0.62~1-68cee]:main():lattice-best-path.cc:99) For utterance yweweler_2_yweweler_19, best cost 121.743 + 2495.41 = 2617.15 over 23 frames.
yweweler_2_yweweler_19 two 
LOG (lattice-best-path[5.0.62~1-68cee]:main():lattice-best-path.cc:99) For utterance yweweler_2_yweweler_2, best cost 117.386 + 2431.24 = 2548.62 over 22 frames.
yweweler_2_yweweler_2 two 
LOG (lattice-best-path[5.0.62~1-68cee]:main():lattice-best-path.cc:99) For utterance yweweler_2_yweweler_20, best cost 110.544 + 2851.26 = 2961.8 over 27 frames.
yweweler_2_yweweler_20 two 
LOG (lattice-best-path[5.0.62~1-68cee]:main():lattice-best-path.cc:99) For utterance yweweler_2_yweweler_21, best cost 127.143 + 3083.31 = 3210.46 over 29 frames.
yweweler_2_yweweler_21 two 
LOG (lattice-best-path[5.0.62~1-68cee]:main():lattice-best-path.cc:99) For utterance yweweler_2_yweweler_22, best cost 128.359 + 2810 = 2938.36 over 28 frames.
yweweler_2_yweweler_22 two 
LOG (lattice-best-path[5.0.62~1-68cee]:main():lattice-best-path.cc:99) For utterance yweweler_2_yweweler_23, best cost 122.108 + 2894.24 = 3016.34 over 28 frames.
yweweler_2_yweweler_23 two 
LOG (lattice-best-path[5.0.62~1-68cee]:main():lattice-best-path.cc:99) For utterance yweweler_2_yweweler_24, best cost 110.697 + 2925.26 = 3035.96 over 27 frames.
yweweler_2_yweweler_24 two 
LOG (lattice-best-path[5.0.62~1-68cee]:main():lattice-best-path.cc:99) For utterance yweweler_2_yweweler_25, best cost 117.65 + 2491.21 = 2608.86 over 22 frames.
yweweler_2_yweweler_25 two 
LOG (lattice-best-path[5.0.62~1-68cee]:main():lattice-best-path.cc:99) For utterance yweweler_2_yweweler_26, best cost 120.319 + 3080.17 = 3200.49 over 30 frames.
yweweler_2_yweweler_26 two 
LOG (lattice-best-path[5.0.62~1-68cee]:main():lattice-best-path.cc:99) For utterance yweweler_2_yweweler_27, best cost 112.221 + 3328.17 = 3440.39 over 31 frames.
yweweler_2_yweweler_27 two 
LOG (lattice-best-path[5.0.62~1-68cee]:main():lattice-best-path.cc:99) For utterance yweweler_2_yweweler_28, best cost 113.229 + 3297.6 = 3410.83 over 33 frames.
yweweler_2_yweweler_28 two 
LOG (lattice-best-path[5.0.62~1-68cee]:main():lattice-best-path.cc:99) For utterance yweweler_2_yweweler_29, best cost 113.525 + 3578.16 = 3691.68 over 33 frames.
yweweler_2_yweweler_29 two 
LOG (lattice-best-path[5.0.62~1-68cee]:main():lattice-best-path.cc:99) For utterance yweweler_2_yweweler_3, best cost 118.533 + 2792.64 = 2911.17 over 26 frames.
yweweler_2_yweweler_3 two 
LOG (lattice-best-path[5.0.62~1-68cee]:main():lattice-best-path.cc:99) For utterance yweweler_2_yweweler_30, best cost 128.706 + 2960.53 = 3089.24 over 27 frames.
yweweler_2_yweweler_30 two 
LOG (lattice-best-path[5.0.62~1-68cee]:main():lattice-best-path.cc:99) For utterance yweweler_2_yweweler_31, best cost 46.7162 + 3036.02 = 3082.74 over 26 frames.
yweweler_2_yweweler_31 
LOG (lattice-best-path[5.0.62~1-68cee]:main():lattice-best-path.cc:99) For utterance yweweler_2_yweweler_32, best cost 47.4331 + 3199.09 = 3246.52 over 29 frames.
yweweler_2_yweweler_32 
LOG (lattice-best-path[5.0.62~1-68cee]:main():lattice-best-path.cc:99) For utterance yweweler_2_yweweler_33, best cost 49.2117 + 3182.4 = 3231.61 over 28 frames.
yweweler_2_yweweler_33 
LOG (lattice-best-path[5.0.62~1-68cee]:main():lattice-best-path.cc:99) For utterance yweweler_2_yweweler_34, best cost 111.902 + 3276.57 = 3388.47 over 31 frames.
yweweler_2_yweweler_34 two 
LOG (lattice-best-path[5.0.62~1-68cee]:main():lattice-best-path.cc:99) For utterance yweweler_2_yweweler_35, best cost 123.716 + 3028.38 = 3152.1 over 26 frames.
yweweler_2_yweweler_35 four 
LOG (lattice-best-path[5.0.62~1-68cee]:main():lattice-best-path.cc:99) For utterance yweweler_2_yweweler_36, best cost 139.14 + 4551.04 = 4690.17 over 40 frames.
yweweler_2_yweweler_36 two 
LOG (lattice-best-path[5.0.62~1-68cee]:main():lattice-best-path.cc:99) For utterance yweweler_2_yweweler_37, best cost 112.992 + 3927.87 = 4040.86 over 36 frames.
yweweler_2_yweweler_37 two 
LOG (lattice-best-path[5.0.62~1-68cee]:main():lattice-best-path.cc:99) For utterance yweweler_2_yweweler_38, best cost 125.315 + 3942.21 = 4067.52 over 37 frames.
yweweler_2_yweweler_38 two 
LOG (lattice-best-path[5.0.62~1-68cee]:main():lattice-best-path.cc:99) For utterance yweweler_2_yweweler_39, best cost 114.576 + 3658.03 = 3772.61 over 33 frames.
yweweler_2_yweweler_39 two 
LOG (lattice-best-path[5.0.62~1-68cee]:main():lattice-best-path.cc:99) For utterance yweweler_2_yweweler_4, best cost 110.85 + 2858.3 = 2969.15 over 27 frames.
yweweler_2_yweweler_4 two 
LOG (lattice-best-path[5.0.62~1-68cee]:main():lattice-best-path.cc:99) For utterance yweweler_2_yweweler_40, best cost 111.7 + 3334.37 = 3446.07 over 32 frames.
yweweler_2_yweweler_40 two 
LOG (lattice-best-path[5.0.62~1-68cee]:main():lattice-best-path.cc:99) For utterance yweweler_2_yweweler_41, best cost 120.946 + 3261.6 = 3382.54 over 29 frames.
yweweler_2_yweweler_41 two 
LOG (lattice-best-path[5.0.62~1-68cee]:main():lattice-best-path.cc:99) For utterance yweweler_2_yweweler_42, best cost 108.51 + 2709.96 = 2818.47 over 24 frames.
yweweler_2_yweweler_42 two 
LOG (lattice-best-path[5.0.62~1-68cee]:main():lattice-best-path.cc:99) For utterance yweweler_2_yweweler_43, best cost 110.423 + 2708.44 = 2818.87 over 26 frames.
yweweler_2_yweweler_43 two 
LOG (lattice-best-path[5.0.62~1-68cee]:main():lattice-best-path.cc:99) For utterance yweweler_2_yweweler_44, best cost 119.209 + 2995.16 = 3114.37 over 27 frames.
yweweler_2_yweweler_44 two 
LOG (lattice-best-path[5.0.62~1-68cee]:main():lattice-best-path.cc:99) For utterance yweweler_2_yweweler_45, best cost 118.489 + 2668.83 = 2787.32 over 23 frames.
yweweler_2_yweweler_45 two 
LOG (lattice-best-path[5.0.62~1-68cee]:main():lattice-best-path.cc:99) For utterance yweweler_2_yweweler_46, best cost 48.7299 + 3577.26 = 3625.99 over 31 frames.
yweweler_2_yweweler_46 
LOG (lattice-best-path[5.0.62~1-68cee]:main():lattice-best-path.cc:99) For utterance yweweler_2_yweweler_47, best cost 108.999 + 2392.96 = 2501.95 over 23 frames.
yweweler_2_yweweler_47 two 
LOG (lattice-best-path[5.0.62~1-68cee]:main():lattice-best-path.cc:99) For utterance yweweler_2_yweweler_48, best cost 119.702 + 3240.29 = 3359.99 over 30 frames.
yweweler_2_yweweler_48 two 
LOG (lattice-best-path[5.0.62~1-68cee]:main():lattice-best-path.cc:99) For utterance yweweler_2_yweweler_49, best cost 118.975 + 3130.73 = 3249.7 over 28 frames.
yweweler_2_yweweler_49 two 
LOG (lattice-best-path[5.0.62~1-68cee]:main():lattice-best-path.cc:99) For utterance yweweler_2_yweweler_5, best cost 111.953 + 2991.28 = 3103.23 over 30 frames.
yweweler_2_yweweler_5 two 
LOG (lattice-best-path[5.0.62~1-68cee]:main():lattice-best-path.cc:99) For utterance yweweler_2_yweweler_6, best cost 129.554 + 2993.2 = 3122.75 over 29 frames.
yweweler_2_yweweler_6 two 
LOG (lattice-best-path[5.0.62~1-68cee]:main():lattice-best-path.cc:99) For utterance yweweler_2_yweweler_7, best cost 112.868 + 3192.73 = 3305.6 over 31 frames.
yweweler_2_yweweler_7 two 
LOG (lattice-best-path[5.0.62~1-68cee]:main():lattice-best-path.cc:99) For utterance yweweler_2_yweweler_8, best cost 121.245 + 2878.76 = 3000.01 over 25 frames.
yweweler_2_yweweler_8 two 
LOG (lattice-best-path[5.0.62~1-68cee]:main():lattice-best-path.cc:99) For utterance yweweler_2_yweweler_9, best cost 120.081 + 2657.14 = 2777.22 over 25 frames.
yweweler_2_yweweler_9 two 
LOG (lattice-best-path[5.0.62~1-68cee]:main():lattice-best-path.cc:99) For utterance yweweler_3_yweweler_0, best cost 127.295 + 3885.93 = 4013.23 over 37 frames.
yweweler_3_yweweler_0 eight 
LOG (lattice-best-path[5.0.62~1-68cee]:main():lattice-best-path.cc:99) For utterance yweweler_3_yweweler_1, best cost 124.547 + 3072.07 = 3196.61 over 29 frames.
yweweler_3_yweweler_1 three 
LOG (lattice-best-path[5.0.62~1-68cee]:main():lattice-best-path.cc:99) For utterance yweweler_3_yweweler_10, best cost 120.446 + 3219.42 = 3339.87 over 31 frames.
yweweler_3_yweweler_10 eight 
LOG (lattice-best-path[5.0.62~1-68cee]:main():lattice-best-path.cc:99) For utterance yweweler_3_yweweler_11, best cost 137.526 + 3911.76 = 4049.29 over 38 frames.
yweweler_3_yweweler_11 three 
LOG (lattice-best-path[5.0.62~1-68cee]:main():lattice-best-path.cc:99) For utterance yweweler_3_yweweler_12, best cost 152.465 + 3919.44 = 4071.91 over 37 frames.
yweweler_3_yweweler_12 three 
LOG (lattice-best-path[5.0.62~1-68cee]:main():lattice-best-path.cc:99) For utterance yweweler_3_yweweler_13, best cost 125.672 + 3830 = 3955.67 over 36 frames.
yweweler_3_yweweler_13 three 
LOG (lattice-best-path[5.0.62~1-68cee]:main():lattice-best-path.cc:99) For utterance yweweler_3_yweweler_14, best cost 122.889 + 3119 = 3241.89 over 29 frames.
yweweler_3_yweweler_14 three 
LOG (lattice-best-path[5.0.62~1-68cee]:main():lattice-best-path.cc:99) For utterance yweweler_3_yweweler_15, best cost 121.195 + 2136.64 = 2257.83 over 22 frames.
yweweler_3_yweweler_15 three 
LOG (lattice-best-path[5.0.62~1-68cee]:main():lattice-best-path.cc:99) For utterance yweweler_3_yweweler_16, best cost 140.848 + 3432.59 = 3573.44 over 33 frames.
yweweler_3_yweweler_16 three 
LOG (lattice-best-path[5.0.62~1-68cee]:main():lattice-best-path.cc:99) For utterance yweweler_3_yweweler_17, best cost 128.74 + 3753.79 = 3882.53 over 37 frames.
yweweler_3_yweweler_17 three 
LOG (lattice-best-path[5.0.62~1-68cee]:main():lattice-best-path.cc:99) For utterance yweweler_3_yweweler_18, best cost 122.884 + 3773.7 = 3896.58 over 34 frames.
yweweler_3_yweweler_18 three 
LOG (lattice-best-path[5.0.62~1-68cee]:main():lattice-best-path.cc:99) For utterance yweweler_3_yweweler_19, best cost 127.164 + 4118.7 = 4245.87 over 38 frames.
yweweler_3_yweweler_19 three 
LOG (lattice-best-path[5.0.62~1-68cee]:main():lattice-best-path.cc:99) For utterance yweweler_3_yweweler_2, best cost 120.629 + 2255.26 = 2375.89 over 23 frames.
yweweler_3_yweweler_2 eight 
LOG (lattice-best-path[5.0.62~1-68cee]:main():lattice-best-path.cc:99) For utterance yweweler_3_yweweler_20, best cost 121.891 + 2749.39 = 2871.28 over 26 frames.
yweweler_3_yweweler_20 three 
LOG (lattice-best-path[5.0.62~1-68cee]:main():lattice-best-path.cc:99) For utterance yweweler_3_yweweler_21, best cost 145.647 + 4345.7 = 4491.35 over 40 frames.
yweweler_3_yweweler_21 three 
LOG (lattice-best-path[5.0.62~1-68cee]:main():lattice-best-path.cc:99) For utterance yweweler_3_yweweler_22, best cost 126.068 + 2637.2 = 2763.26 over 26 frames.
yweweler_3_yweweler_22 three 
LOG (lattice-best-path[5.0.62~1-68cee]:main():lattice-best-path.cc:99) For utterance yweweler_3_yweweler_23, best cost 128.855 + 3300.72 = 3429.57 over 32 frames.
yweweler_3_yweweler_23 three 
LOG (lattice-best-path[5.0.62~1-68cee]:main():lattice-best-path.cc:99) For utterance yweweler_3_yweweler_24, best cost 125.54 + 2667.63 = 2793.17 over 26 frames.
yweweler_3_yweweler_24 three 
LOG (lattice-best-path[5.0.62~1-68cee]:main():lattice-best-path.cc:99) For utterance yweweler_3_yweweler_25, best cost 120.088 + 3137.31 = 3257.4 over 29 frames.
yweweler_3_yweweler_25 eight 
LOG (lattice-best-path[5.0.62~1-68cee]:main():lattice-best-path.cc:99) For utterance yweweler_3_yweweler_26, best cost 131.406 + 3277.26 = 3408.67 over 31 frames.
yweweler_3_yweweler_26 three 
LOG (lattice-best-path[5.0.62~1-68cee]:main():lattice-best-path.cc:99) For utterance yweweler_3_yweweler_27, best cost 123.826 + 2944.81 = 3068.64 over 27 frames.
yweweler_3_yweweler_27 eight 
LOG (lattice-best-path[5.0.62~1-68cee]:main():lattice-best-path.cc:99) For utterance yweweler_3_yweweler_28, best cost 122.606 + 2705.57 = 2828.18 over 26 frames.
yweweler_3_yweweler_28 three 
LOG (lattice-best-path[5.0.62~1-68cee]:main():lattice-best-path.cc:99) For utterance yweweler_3_yweweler_29, best cost 122.568 + 2555.88 = 2678.45 over 26 frames.
yweweler_3_yweweler_29 eight 
LOG (lattice-best-path[5.0.62~1-68cee]:main():lattice-best-path.cc:99) For utterance yweweler_3_yweweler_3, best cost 130.663 + 3953.58 = 4084.25 over 38 frames.
yweweler_3_yweweler_3 three 
LOG (lattice-best-path[5.0.62~1-68cee]:main():lattice-best-path.cc:99) For utterance yweweler_3_yweweler_30, best cost 124.817 + 4201.25 = 4326.07 over 39 frames.
yweweler_3_yweweler_30 eight 
LOG (lattice-best-path[5.0.62~1-68cee]:main():lattice-best-path.cc:99) For utterance yweweler_3_yweweler_31, best cost 123.48 + 1896.68 = 2020.16 over 19 frames.
yweweler_3_yweweler_31 three 
LOG (lattice-best-path[5.0.62~1-68cee]:main():lattice-best-path.cc:99) For utterance yweweler_3_yweweler_32, best cost 119.886 + 2579.31 = 2699.19 over 26 frames.
yweweler_3_yweweler_32 three 
LOG (lattice-best-path[5.0.62~1-68cee]:main():lattice-best-path.cc:99) For utterance yweweler_3_yweweler_33, best cost 133.987 + 3461.6 = 3595.59 over 32 frames.
yweweler_3_yweweler_33 three 
LOG (lattice-best-path[5.0.62~1-68cee]:main():lattice-best-path.cc:99) For utterance yweweler_3_yweweler_34, best cost 126.713 + 4025.85 = 4152.56 over 37 frames.
yweweler_3_yweweler_34 three 
LOG (lattice-best-path[5.0.62~1-68cee]:main():lattice-best-path.cc:99) For utterance yweweler_3_yweweler_35, best cost 136.187 + 3420.18 = 3556.37 over 33 frames.
yweweler_3_yweweler_35 three 
LOG (lattice-best-path[5.0.62~1-68cee]:main():lattice-best-path.cc:99) For utterance yweweler_3_yweweler_36, best cost 122.193 + 2730.58 = 2852.77 over 26 frames.
yweweler_3_yweweler_36 three 
LOG (lattice-best-path[5.0.62~1-68cee]:main():lattice-best-path.cc:99) For utterance yweweler_3_yweweler_37, best cost 128.724 + 4004.16 = 4132.88 over 39 frames.
yweweler_3_yweweler_37 three 
LOG (lattice-best-path[5.0.62~1-68cee]:main():lattice-best-path.cc:99) For utterance yweweler_3_yweweler_38, best cost 121.131 + 2932.21 = 3053.35 over 26 frames.
yweweler_3_yweweler_38 eight 
LOG (lattice-best-path[5.0.62~1-68cee]:main():lattice-best-path.cc:99) For utterance yweweler_3_yweweler_39, best cost 125.263 + 3022.91 = 3148.18 over 27 frames.
yweweler_3_yweweler_39 three 
LOG (lattice-best-path[5.0.62~1-68cee]:main():lattice-best-path.cc:99) For utterance yweweler_3_yweweler_4, best cost 128.329 + 4066.24 = 4194.57 over 38 frames.
yweweler_3_yweweler_4 three 
LOG (lattice-best-path[5.0.62~1-68cee]:main():lattice-best-path.cc:99) For utterance yweweler_3_yweweler_40, best cost 132.459 + 6402.33 = 6534.79 over 60 frames.
yweweler_3_yweweler_40 eight 
LOG (lattice-best-path[5.0.62~1-68cee]:main():lattice-best-path.cc:99) For utterance yweweler_3_yweweler_41, best cost 108.249 + 2240.66 = 2348.91 over 22 frames.
yweweler_3_yweweler_41 eight 
LOG (lattice-best-path[5.0.62~1-68cee]:main():lattice-best-path.cc:99) For utterance yweweler_3_yweweler_42, best cost 123.907 + 2813.41 = 2937.31 over 28 frames.
yweweler_3_yweweler_42 three 
LOG (lattice-best-path[5.0.62~1-68cee]:main():lattice-best-path.cc:99) For utterance yweweler_3_yweweler_43, best cost 123.791 + 3248.82 = 3372.61 over 32 frames.
yweweler_3_yweweler_43 three 
LOG (lattice-best-path[5.0.62~1-68cee]:main():lattice-best-path.cc:99) For utterance yweweler_3_yweweler_44, best cost 119.562 + 2285.12 = 2404.68 over 24 frames.
yweweler_3_yweweler_44 three 
LOG (lattice-best-path[5.0.62~1-68cee]:main():lattice-best-path.cc:99) For utterance yweweler_3_yweweler_45, best cost 140.427 + 3468.97 = 3609.4 over 32 frames.
yweweler_3_yweweler_45 three 
LOG (lattice-best-path[5.0.62~1-68cee]:main():lattice-best-path.cc:99) For utterance yweweler_3_yweweler_46, best cost 137.59 + 2333.48 = 2471.07 over 24 frames.
yweweler_3_yweweler_46 three 
LOG (lattice-best-path[5.0.62~1-68cee]:main():lattice-best-path.cc:99) For utterance yweweler_3_yweweler_47, best cost 143.014 + 3118.92 = 3261.93 over 31 frames.
yweweler_3_yweweler_47 three 
LOG (lattice-best-path[5.0.62~1-68cee]:main():lattice-best-path.cc:99) For utterance yweweler_3_yweweler_48, best cost 144.943 + 2833.52 = 2978.46 over 29 frames.
yweweler_3_yweweler_48 three 
LOG (lattice-best-path[5.0.62~1-68cee]:main():lattice-best-path.cc:99) For utterance yweweler_3_yweweler_49, best cost 130.511 + 2462.67 = 2593.18 over 24 frames.
yweweler_3_yweweler_49 three 
LOG (lattice-best-path[5.0.62~1-68cee]:main():lattice-best-path.cc:99) For utterance yweweler_3_yweweler_5, best cost 121.367 + 3037.8 = 3159.17 over 29 frames.
yweweler_3_yweweler_5 eight 
LOG (lattice-best-path[5.0.62~1-68cee]:main():lattice-best-path.cc:99) For utterance yweweler_3_yweweler_6, best cost 131.83 + 3817.95 = 3949.78 over 35 frames.
yweweler_3_yweweler_6 three 
LOG (lattice-best-path[5.0.62~1-68cee]:main():lattice-best-path.cc:99) For utterance yweweler_3_yweweler_7, best cost 117.982 + 2299.44 = 2417.42 over 22 frames.
yweweler_3_yweweler_7 eight 
LOG (lattice-best-path[5.0.62~1-68cee]:main():lattice-best-path.cc:99) For utterance yweweler_3_yweweler_8, best cost 123.708 + 2612.23 = 2735.94 over 24 frames.
yweweler_3_yweweler_8 three 
LOG (lattice-best-path[5.0.62~1-68cee]:main():lattice-best-path.cc:99) For utterance yweweler_3_yweweler_9, best cost 128.764 + 2979.48 = 3108.24 over 28 frames.
yweweler_3_yweweler_9 three 
LOG (lattice-best-path[5.0.62~1-68cee]:main():lattice-best-path.cc:99) For utterance yweweler_4_yweweler_0, best cost 136.534 + 3870.74 = 4007.27 over 39 frames.
yweweler_4_yweweler_0 four 
LOG (lattice-best-path[5.0.62~1-68cee]:main():lattice-best-path.cc:99) For utterance yweweler_4_yweweler_1, best cost 135.465 + 3734.38 = 3869.84 over 37 frames.
yweweler_4_yweweler_1 four 
LOG (lattice-best-path[5.0.62~1-68cee]:main():lattice-best-path.cc:99) For utterance yweweler_4_yweweler_10, best cost 132.876 + 3605.5 = 3738.37 over 34 frames.
yweweler_4_yweweler_10 four 
LOG (lattice-best-path[5.0.62~1-68cee]:main():lattice-best-path.cc:99) For utterance yweweler_4_yweweler_11, best cost 128.408 + 3500.59 = 3629 over 32 frames.
yweweler_4_yweweler_11 four 
LOG (lattice-best-path[5.0.62~1-68cee]:main():lattice-best-path.cc:99) For utterance yweweler_4_yweweler_12, best cost 132.885 + 4333.8 = 4466.68 over 40 frames.
yweweler_4_yweweler_12 four 
LOG (lattice-best-path[5.0.62~1-68cee]:main():lattice-best-path.cc:99) For utterance yweweler_4_yweweler_13, best cost 132.712 + 3199.05 = 3331.76 over 31 frames.
yweweler_4_yweweler_13 four 
LOG (lattice-best-path[5.0.62~1-68cee]:main():lattice-best-path.cc:99) For utterance yweweler_4_yweweler_14, best cost 123.293 + 2407.08 = 2530.38 over 25 frames.
yweweler_4_yweweler_14 four 
LOG (lattice-best-path[5.0.62~1-68cee]:main():lattice-best-path.cc:99) For utterance yweweler_4_yweweler_15, best cost 131.749 + 3504.04 = 3635.79 over 33 frames.
yweweler_4_yweweler_15 four 
LOG (lattice-best-path[5.0.62~1-68cee]:main():lattice-best-path.cc:99) For utterance yweweler_4_yweweler_16, best cost 120.426 + 2389.71 = 2510.14 over 25 frames.
yweweler_4_yweweler_16 four 
LOG (lattice-best-path[5.0.62~1-68cee]:main():lattice-best-path.cc:99) For utterance yweweler_4_yweweler_17, best cost 124.865 + 3259.46 = 3384.33 over 32 frames.
yweweler_4_yweweler_17 four 
LOG (lattice-best-path[5.0.62~1-68cee]:main():lattice-best-path.cc:99) For utterance yweweler_4_yweweler_18, best cost 120.679 + 2728.21 = 2848.89 over 29 frames.
yweweler_4_yweweler_18 four 
LOG (lattice-best-path[5.0.62~1-68cee]:main():lattice-best-path.cc:99) For utterance yweweler_4_yweweler_19, best cost 119.443 + 2632.17 = 2751.61 over 29 frames.
yweweler_4_yweweler_19 four 
LOG (lattice-best-path[5.0.62~1-68cee]:main():lattice-best-path.cc:99) For utterance yweweler_4_yweweler_2, best cost 125.729 + 3222.77 = 3348.5 over 31 frames.
yweweler_4_yweweler_2 four 
LOG (lattice-best-path[5.0.62~1-68cee]:main():lattice-best-path.cc:99) For utterance yweweler_4_yweweler_20, best cost 122.254 + 3045.58 = 3167.83 over 30 frames.
yweweler_4_yweweler_20 four 
LOG (lattice-best-path[5.0.62~1-68cee]:main():lattice-best-path.cc:99) For utterance yweweler_4_yweweler_21, best cost 123.434 + 3408.75 = 3532.18 over 32 frames.
yweweler_4_yweweler_21 four 
LOG (lattice-best-path[5.0.62~1-68cee]:main():lattice-best-path.cc:99) For utterance yweweler_4_yweweler_22, best cost 110.575 + 2419.43 = 2530.01 over 25 frames.
yweweler_4_yweweler_22 four 
LOG (lattice-best-path[5.0.62~1-68cee]:main():lattice-best-path.cc:99) For utterance yweweler_4_yweweler_23, best cost 137.444 + 4234.48 = 4371.92 over 41 frames.
yweweler_4_yweweler_23 four 
LOG (lattice-best-path[5.0.62~1-68cee]:main():lattice-best-path.cc:99) For utterance yweweler_4_yweweler_24, best cost 115.755 + 3200.46 = 3316.21 over 32 frames.
yweweler_4_yweweler_24 four 
LOG (lattice-best-path[5.0.62~1-68cee]:main():lattice-best-path.cc:99) For utterance yweweler_4_yweweler_25, best cost 131.875 + 3325.94 = 3457.81 over 32 frames.
yweweler_4_yweweler_25 four 
LOG (lattice-best-path[5.0.62~1-68cee]:main():lattice-best-path.cc:99) For utterance yweweler_4_yweweler_26, best cost 48.0708 + 3716.69 = 3764.76 over 31 frames.
yweweler_4_yweweler_26 
LOG (lattice-best-path[5.0.62~1-68cee]:main():lattice-best-path.cc:99) For utterance yweweler_4_yweweler_27, best cost 129.906 + 4128.16 = 4258.07 over 39 frames.
yweweler_4_yweweler_27 four 
LOG (lattice-best-path[5.0.62~1-68cee]:main():lattice-best-path.cc:99) For utterance yweweler_4_yweweler_28, best cost 112.43 + 2451.94 = 2564.37 over 25 frames.
yweweler_4_yweweler_28 four 
LOG (lattice-best-path[5.0.62~1-68cee]:main():lattice-best-path.cc:99) For utterance yweweler_4_yweweler_29, best cost 133.576 + 3369.68 = 3503.26 over 34 frames.
yweweler_4_yweweler_29 four 
LOG (lattice-best-path[5.0.62~1-68cee]:main():lattice-best-path.cc:99) For utterance yweweler_4_yweweler_3, best cost 109.594 + 2362.15 = 2471.75 over 25 frames.
yweweler_4_yweweler_3 four 
LOG (lattice-best-path[5.0.62~1-68cee]:main():lattice-best-path.cc:99) For utterance yweweler_4_yweweler_30, best cost 137.327 + 3661.81 = 3799.13 over 37 frames.
yweweler_4_yweweler_30 four 
LOG (lattice-best-path[5.0.62~1-68cee]:main():lattice-best-path.cc:99) For utterance yweweler_4_yweweler_31, best cost 50.4634 + 4169.4 = 4219.86 over 37 frames.
yweweler_4_yweweler_31 
LOG (lattice-best-path[5.0.62~1-68cee]:main():lattice-best-path.cc:99) For utterance yweweler_4_yweweler_32, best cost 133.805 + 4226.66 = 4360.46 over 41 frames.
yweweler_4_yweweler_32 four 
LOG (lattice-best-path[5.0.62~1-68cee]:main():lattice-best-path.cc:99) For utterance yweweler_4_yweweler_33, best cost 46.4765 + 3084.78 = 3131.26 over 26 frames.
yweweler_4_yweweler_33 
LOG (lattice-best-path[5.0.62~1-68cee]:main():lattice-best-path.cc:99) For utterance yweweler_4_yweweler_34, best cost 128.318 + 4071.5 = 4199.82 over 36 frames.
yweweler_4_yweweler_34 four 
LOG (lattice-best-path[5.0.62~1-68cee]:main():lattice-best-path.cc:99) For utterance yweweler_4_yweweler_35, best cost 139.94 + 4862.46 = 5002.4 over 46 frames.
yweweler_4_yweweler_35 four 
LOG (lattice-best-path[5.0.62~1-68cee]:main():lattice-best-path.cc:99) For utterance yweweler_4_yweweler_36, best cost 135.171 + 3309.34 = 3444.51 over 32 frames.
yweweler_4_yweweler_36 four 
LOG (lattice-best-path[5.0.62~1-68cee]:main():lattice-best-path.cc:99) For utterance yweweler_4_yweweler_37, best cost 143.846 + 6390.84 = 6534.68 over 59 frames.
yweweler_4_yweweler_37 four 
LOG (lattice-best-path[5.0.62~1-68cee]:main():lattice-best-path.cc:99) For utterance yweweler_4_yweweler_38, best cost 134.823 + 3910.18 = 4045 over 36 frames.
yweweler_4_yweweler_38 four 
LOG (lattice-best-path[5.0.62~1-68cee]:main():lattice-best-path.cc:99) For utterance yweweler_4_yweweler_39, best cost 145.545 + 5447.3 = 5592.84 over 50 frames.
yweweler_4_yweweler_39 four 
LOG (lattice-best-path[5.0.62~1-68cee]:main():lattice-best-path.cc:99) For utterance yweweler_4_yweweler_4, best cost 132.069 + 3194.76 = 3326.83 over 33 frames.
yweweler_4_yweweler_4 four 
LOG (lattice-best-path[5.0.62~1-68cee]:main():lattice-best-path.cc:99) For utterance yweweler_4_yweweler_40, best cost 137.468 + 4045.97 = 4183.43 over 39 frames.
yweweler_4_yweweler_40 four 
LOG (lattice-best-path[5.0.62~1-68cee]:main():lattice-best-path.cc:99) For utterance yweweler_4_yweweler_41, best cost 131.173 + 3292.62 = 3423.79 over 33 frames.
yweweler_4_yweweler_41 four 
LOG (lattice-best-path[5.0.62~1-68cee]:main():lattice-best-path.cc:99) For utterance yweweler_4_yweweler_42, best cost 114.769 + 3102.01 = 3216.78 over 28 frames.
yweweler_4_yweweler_42 four 
LOG (lattice-best-path[5.0.62~1-68cee]:main():lattice-best-path.cc:99) For utterance yweweler_4_yweweler_43, best cost 132.762 + 2574.6 = 2707.36 over 28 frames.
yweweler_4_yweweler_43 four 
LOG (lattice-best-path[5.0.62~1-68cee]:main():lattice-best-path.cc:99) For utterance yweweler_4_yweweler_44, best cost 132.765 + 3533.71 = 3666.47 over 34 frames.
yweweler_4_yweweler_44 four 
LOG (lattice-best-path[5.0.62~1-68cee]:main():lattice-best-path.cc:99) For utterance yweweler_4_yweweler_45, best cost 47.1142 + 3220.32 = 3267.44 over 28 frames.
yweweler_4_yweweler_45 
LOG (lattice-best-path[5.0.62~1-68cee]:main():lattice-best-path.cc:99) For utterance yweweler_4_yweweler_46, best cost 131.105 + 2787.64 = 2918.74 over 27 frames.
yweweler_4_yweweler_46 four 
LOG (lattice-best-path[5.0.62~1-68cee]:main():lattice-best-path.cc:99) For utterance yweweler_4_yweweler_47, best cost 132.937 + 3521.61 = 3654.55 over 34 frames.
yweweler_4_yweweler_47 four 
LOG (lattice-best-path[5.0.62~1-68cee]:main():lattice-best-path.cc:99) For utterance yweweler_4_yweweler_48, best cost 116.651 + 2632.24 = 2748.89 over 25 frames.
yweweler_4_yweweler_48 four 
LOG (lattice-best-path[5.0.62~1-68cee]:main():lattice-best-path.cc:99) For utterance yweweler_4_yweweler_49, best cost 130.073 + 3507.8 = 3637.87 over 33 frames.
yweweler_4_yweweler_49 four 
LOG (lattice-best-path[5.0.62~1-68cee]:main():lattice-best-path.cc:99) For utterance yweweler_4_yweweler_5, best cost 122.426 + 3392.48 = 3514.9 over 31 frames.
yweweler_4_yweweler_5 four 
LOG (lattice-best-path[5.0.62~1-68cee]:main():lattice-best-path.cc:99) For utterance yweweler_4_yweweler_6, best cost 48.4217 + 3422.45 = 3470.87 over 29 frames.
yweweler_4_yweweler_6 
LOG (lattice-best-path[5.0.62~1-68cee]:main():lattice-best-path.cc:99) For utterance yweweler_4_yweweler_7, best cost 117.454 + 2583.27 = 2700.73 over 25 frames.
yweweler_4_yweweler_7 four 
LOG (lattice-best-path[5.0.62~1-68cee]:main():lattice-best-path.cc:99) For utterance yweweler_4_yweweler_8, best cost 43.6281 + 1904.04 = 1947.67 over 15 frames.
yweweler_4_yweweler_8 
LOG (lattice-best-path[5.0.62~1-68cee]:main():lattice-best-path.cc:99) For utterance yweweler_4_yweweler_9, best cost 133.472 + 3559.28 = 3692.75 over 32 frames.
yweweler_4_yweweler_9 four 
LOG (lattice-best-path[5.0.62~1-68cee]:main():lattice-best-path.cc:99) For utterance yweweler_5_yweweler_0, best cost 126.59 + 2488.85 = 2615.44 over 28 frames.
yweweler_5_yweweler_0 five 
LOG (lattice-best-path[5.0.62~1-68cee]:main():lattice-best-path.cc:99) For utterance yweweler_5_yweweler_1, best cost 141.472 + 3779.22 = 3920.69 over 40 frames.
yweweler_5_yweweler_1 five 
LOG (lattice-best-path[5.0.62~1-68cee]:main():lattice-best-path.cc:99) For utterance yweweler_5_yweweler_10, best cost 139.565 + 4567.83 = 4707.4 over 49 frames.
yweweler_5_yweweler_10 five 
LOG (lattice-best-path[5.0.62~1-68cee]:main():lattice-best-path.cc:99) For utterance yweweler_5_yweweler_11, best cost 146.898 + 4807.49 = 4954.39 over 49 frames.
yweweler_5_yweweler_11 five 
LOG (lattice-best-path[5.0.62~1-68cee]:main():lattice-best-path.cc:99) For utterance yweweler_5_yweweler_12, best cost 130.424 + 4275.92 = 4406.34 over 42 frames.
yweweler_5_yweweler_12 five 
LOG (lattice-best-path[5.0.62~1-68cee]:main():lattice-best-path.cc:99) For utterance yweweler_5_yweweler_13, best cost 132.181 + 3624.09 = 3756.27 over 37 frames.
yweweler_5_yweweler_13 five 
LOG (lattice-best-path[5.0.62~1-68cee]:main():lattice-best-path.cc:99) For utterance yweweler_5_yweweler_14, best cost 137.996 + 4518.75 = 4656.75 over 47 frames.
yweweler_5_yweweler_14 five 
LOG (lattice-best-path[5.0.62~1-68cee]:main():lattice-best-path.cc:99) For utterance yweweler_5_yweweler_15, best cost 147.373 + 4571.78 = 4719.15 over 48 frames.
yweweler_5_yweweler_15 five 
LOG (lattice-best-path[5.0.62~1-68cee]:main():lattice-best-path.cc:99) For utterance yweweler_5_yweweler_16, best cost 134.165 + 4986.99 = 5121.16 over 48 frames.
yweweler_5_yweweler_16 five 
LOG (lattice-best-path[5.0.62~1-68cee]:main():lattice-best-path.cc:99) For utterance yweweler_5_yweweler_17, best cost 117.378 + 2322.1 = 2439.47 over 26 frames.
yweweler_5_yweweler_17 five 
LOG (lattice-best-path[5.0.62~1-68cee]:main():lattice-best-path.cc:99) For utterance yweweler_5_yweweler_18, best cost 125.828 + 2578.48 = 2704.31 over 27 frames.
yweweler_5_yweweler_18 five 
LOG (lattice-best-path[5.0.62~1-68cee]:main():lattice-best-path.cc:99) For utterance yweweler_5_yweweler_19, best cost 141.5 + 3438.4 = 3579.9 over 38 frames.
yweweler_5_yweweler_19 five 
LOG (lattice-best-path[5.0.62~1-68cee]:main():lattice-best-path.cc:99) For utterance yweweler_5_yweweler_2, best cost 131.544 + 3515.7 = 3647.24 over 37 frames.
yweweler_5_yweweler_2 five 
LOG (lattice-best-path[5.0.62~1-68cee]:main():lattice-best-path.cc:99) For utterance yweweler_5_yweweler_20, best cost 132.566 + 4192.55 = 4325.12 over 43 frames.
yweweler_5_yweweler_20 five 
LOG (lattice-best-path[5.0.62~1-68cee]:main():lattice-best-path.cc:99) For utterance yweweler_5_yweweler_21, best cost 147.014 + 4934.86 = 5081.87 over 50 frames.
yweweler_5_yweweler_21 five 
LOG (lattice-best-path[5.0.62~1-68cee]:main():lattice-best-path.cc:99) For utterance yweweler_5_yweweler_22, best cost 137.073 + 4857.59 = 4994.67 over 50 frames.
yweweler_5_yweweler_22 five 
LOG (lattice-best-path[5.0.62~1-68cee]:main():lattice-best-path.cc:99) For utterance yweweler_5_yweweler_23, best cost 134.377 + 4117.31 = 4251.69 over 44 frames.
yweweler_5_yweweler_23 five 
LOG (lattice-best-path[5.0.62~1-68cee]:main():lattice-best-path.cc:99) For utterance yweweler_5_yweweler_24, best cost 132.347 + 3616.79 = 3749.14 over 39 frames.
yweweler_5_yweweler_24 five 
LOG (lattice-best-path[5.0.62~1-68cee]:main():lattice-best-path.cc:99) For utterance yweweler_5_yweweler_25, best cost 141.121 + 4770.36 = 4911.48 over 51 frames.
yweweler_5_yweweler_25 five 
LOG (lattice-best-path[5.0.62~1-68cee]:main():lattice-best-path.cc:99) For utterance yweweler_5_yweweler_26, best cost 130.509 + 3982.49 = 4113 over 39 frames.
yweweler_5_yweweler_26 five 
LOG (lattice-best-path[5.0.62~1-68cee]:main():lattice-best-path.cc:99) For utterance yweweler_5_yweweler_27, best cost 140.185 + 4326.03 = 4466.22 over 43 frames.
yweweler_5_yweweler_27 five 
LOG (lattice-best-path[5.0.62~1-68cee]:main():lattice-best-path.cc:99) For utterance yweweler_5_yweweler_28, best cost 143.556 + 4939.16 = 5082.72 over 48 frames.
yweweler_5_yweweler_28 five 
LOG (lattice-best-path[5.0.62~1-68cee]:main():lattice-best-path.cc:99) For utterance yweweler_5_yweweler_29, best cost 144.129 + 4539.03 = 4683.16 over 46 frames.
yweweler_5_yweweler_29 five 
LOG (lattice-best-path[5.0.62~1-68cee]:main():lattice-best-path.cc:99) For utterance yweweler_5_yweweler_3, best cost 141.476 + 3801.42 = 3942.89 over 40 frames.
yweweler_5_yweweler_3 five 
LOG (lattice-best-path[5.0.62~1-68cee]:main():lattice-best-path.cc:99) For utterance yweweler_5_yweweler_30, best cost 133.479 + 3794.69 = 3928.16 over 40 frames.
yweweler_5_yweweler_30 five 
LOG (lattice-best-path[5.0.62~1-68cee]:main():lattice-best-path.cc:99) For utterance yweweler_5_yweweler_31, best cost 144.121 + 4932.44 = 5076.57 over 48 frames.
yweweler_5_yweweler_31 five 
LOG (lattice-best-path[5.0.62~1-68cee]:main():lattice-best-path.cc:99) For utterance yweweler_5_yweweler_32, best cost 141.415 + 5698.54 = 5839.96 over 56 frames.
yweweler_5_yweweler_32 five 
LOG (lattice-best-path[5.0.62~1-68cee]:main():lattice-best-path.cc:99) For utterance yweweler_5_yweweler_33, best cost 134.489 + 3743.48 = 3877.97 over 40 frames.
yweweler_5_yweweler_33 five 
LOG (lattice-best-path[5.0.62~1-68cee]:main():lattice-best-path.cc:99) For utterance yweweler_5_yweweler_34, best cost 152.319 + 6177.05 = 6329.37 over 62 frames.
yweweler_5_yweweler_34 five 
LOG (lattice-best-path[5.0.62~1-68cee]:main():lattice-best-path.cc:99) For utterance yweweler_5_yweweler_35, best cost 143.696 + 4126.01 = 4269.7 over 44 frames.
yweweler_5_yweweler_35 five 
LOG (lattice-best-path[5.0.62~1-68cee]:main():lattice-best-path.cc:99) For utterance yweweler_5_yweweler_36, best cost 136.16 + 4235.51 = 4371.67 over 45 frames.
yweweler_5_yweweler_36 five 
LOG (lattice-best-path[5.0.62~1-68cee]:main():lattice-best-path.cc:99) For utterance yweweler_5_yweweler_37, best cost 140.646 + 4472.72 = 4613.37 over 48 frames.
yweweler_5_yweweler_37 five 
LOG (lattice-best-path[5.0.62~1-68cee]:main():lattice-best-path.cc:99) For utterance yweweler_5_yweweler_38, best cost 148.052 + 5352.68 = 5500.73 over 54 frames.
yweweler_5_yweweler_38 five 
LOG (lattice-best-path[5.0.62~1-68cee]:main():lattice-best-path.cc:99) For utterance yweweler_5_yweweler_39, best cost 131.609 + 3948.07 = 4079.68 over 41 frames.
yweweler_5_yweweler_39 five 
LOG (lattice-best-path[5.0.62~1-68cee]:main():lattice-best-path.cc:99) For utterance yweweler_5_yweweler_4, best cost 141.272 + 4372.66 = 4513.93 over 48 frames.
yweweler_5_yweweler_4 five 
LOG (lattice-best-path[5.0.62~1-68cee]:main():lattice-best-path.cc:99) For utterance yweweler_5_yweweler_40, best cost 155.497 + 5933.08 = 6088.58 over 66 frames.
yweweler_5_yweweler_40 five 
LOG (lattice-best-path[5.0.62~1-68cee]:main():lattice-best-path.cc:99) For utterance yweweler_5_yweweler_41, best cost 135.512 + 4168.8 = 4304.31 over 48 frames.
yweweler_5_yweweler_41 five 
LOG (lattice-best-path[5.0.62~1-68cee]:main():lattice-best-path.cc:99) For utterance yweweler_5_yweweler_42, best cost 145.12 + 4840.38 = 4985.5 over 45 frames.
yweweler_5_yweweler_42 five 
LOG (lattice-best-path[5.0.62~1-68cee]:main():lattice-best-path.cc:99) For utterance yweweler_5_yweweler_43, best cost 142.748 + 4327.83 = 4470.58 over 45 frames.
yweweler_5_yweweler_43 five 
LOG (lattice-best-path[5.0.62~1-68cee]:main():lattice-best-path.cc:99) For utterance yweweler_5_yweweler_44, best cost 133 + 4439.14 = 4572.14 over 44 frames.
yweweler_5_yweweler_44 five 
LOG (lattice-best-path[5.0.62~1-68cee]:main():lattice-best-path.cc:99) For utterance yweweler_5_yweweler_45, best cost 139.263 + 3325.28 = 3464.54 over 35 frames.
yweweler_5_yweweler_45 five 
LOG (lattice-best-path[5.0.62~1-68cee]:main():lattice-best-path.cc:99) For utterance yweweler_5_yweweler_46, best cost 136.174 + 4630.06 = 4766.23 over 49 frames.
yweweler_5_yweweler_46 five 
LOG (lattice-best-path[5.0.62~1-68cee]:main():lattice-best-path.cc:99) For utterance yweweler_5_yweweler_47, best cost 135.534 + 4391.09 = 4526.62 over 46 frames.
yweweler_5_yweweler_47 five 
LOG (lattice-best-path[5.0.62~1-68cee]:main():lattice-best-path.cc:99) For utterance yweweler_5_yweweler_48, best cost 145.661 + 4693.51 = 4839.17 over 48 frames.
yweweler_5_yweweler_48 five 
LOG (lattice-best-path[5.0.62~1-68cee]:main():lattice-best-path.cc:99) For utterance yweweler_5_yweweler_49, best cost 142.731 + 4543.94 = 4686.67 over 45 frames.
yweweler_5_yweweler_49 five 
LOG (lattice-best-path[5.0.62~1-68cee]:main():lattice-best-path.cc:99) For utterance yweweler_5_yweweler_5, best cost 133.581 + 3521.96 = 3655.54 over 36 frames.
yweweler_5_yweweler_5 five 
LOG (lattice-best-path[5.0.62~1-68cee]:main():lattice-best-path.cc:99) For utterance yweweler_5_yweweler_6, best cost 120.077 + 3045.67 = 3165.75 over 31 frames.
yweweler_5_yweweler_6 five 
LOG (lattice-best-path[5.0.62~1-68cee]:main():lattice-best-path.cc:99) For utterance yweweler_5_yweweler_7, best cost 135.874 + 4171.1 = 4306.97 over 44 frames.
yweweler_5_yweweler_7 five 
LOG (lattice-best-path[5.0.62~1-68cee]:main():lattice-best-path.cc:99) For utterance yweweler_5_yweweler_8, best cost 133.07 + 4200.27 = 4333.34 over 42 frames.
yweweler_5_yweweler_8 five 
LOG (lattice-best-path[5.0.62~1-68cee]:main():lattice-best-path.cc:99) For utterance yweweler_5_yweweler_9, best cost 147.093 + 5079.66 = 5226.75 over 51 frames.
yweweler_5_yweweler_9 five 
LOG (lattice-best-path[5.0.62~1-68cee]:main():lattice-best-path.cc:99) For utterance yweweler_6_yweweler_0, best cost 119.357 + 3125.57 = 3244.93 over 31 frames.
yweweler_6_yweweler_0 eight 
LOG (lattice-best-path[5.0.62~1-68cee]:main():lattice-best-path.cc:99) For utterance yweweler_6_yweweler_1, best cost 110.878 + 1407.76 = 1518.64 over 14 frames.
yweweler_6_yweweler_1 three 
LOG (lattice-best-path[5.0.62~1-68cee]:main():lattice-best-path.cc:99) For utterance yweweler_6_yweweler_10, best cost 42.8899 + 1602.8 = 1645.69 over 14 frames.
yweweler_6_yweweler_10 
LOG (lattice-best-path[5.0.62~1-68cee]:main():lattice-best-path.cc:99) For utterance yweweler_6_yweweler_11, best cost 119.419 + 2877.91 = 2997.33 over 28 frames.
yweweler_6_yweweler_11 six 
LOG (lattice-best-path[5.0.62~1-68cee]:main():lattice-best-path.cc:99) For utterance yweweler_6_yweweler_12, best cost 136.113 + 4568.16 = 4704.27 over 43 frames.
yweweler_6_yweweler_12 six 
LOG (lattice-best-path[5.0.62~1-68cee]:main():lattice-best-path.cc:99) For utterance yweweler_6_yweweler_13, best cost 145.744 + 3807.2 = 3952.94 over 36 frames.
yweweler_6_yweweler_13 three 
LOG (lattice-best-path[5.0.62~1-68cee]:main():lattice-best-path.cc:99) For utterance yweweler_6_yweweler_14, best cost 117.429 + 2377.48 = 2494.9 over 25 frames.
yweweler_6_yweweler_14 eight 
LOG (lattice-best-path[5.0.62~1-68cee]:main():lattice-best-path.cc:99) For utterance yweweler_6_yweweler_15, best cost 133.224 + 2367.82 = 2501.04 over 23 frames.
yweweler_6_yweweler_15 three 
LOG (lattice-best-path[5.0.62~1-68cee]:main():lattice-best-path.cc:99) For utterance yweweler_6_yweweler_16, best cost 143.654 + 4295.34 = 4438.99 over 41 frames.
yweweler_6_yweweler_16 three 
LOG (lattice-best-path[5.0.62~1-68cee]:main():lattice-best-path.cc:99) For utterance yweweler_6_yweweler_17, best cost 110.373 + 1354.61 = 1464.98 over 14 frames.
yweweler_6_yweweler_17 three 
LOG (lattice-best-path[5.0.62~1-68cee]:main():lattice-best-path.cc:99) For utterance yweweler_6_yweweler_18, best cost 128.821 + 2652.54 = 2781.36 over 26 frames.
yweweler_6_yweweler_18 three 
LOG (lattice-best-path[5.0.62~1-68cee]:main():lattice-best-path.cc:99) For utterance yweweler_6_yweweler_19, best cost 120.928 + 1579.45 = 1700.37 over 16 frames.
yweweler_6_yweweler_19 three 
LOG (lattice-best-path[5.0.62~1-68cee]:main():lattice-best-path.cc:99) For utterance yweweler_6_yweweler_2, best cost 110.262 + 2181.56 = 2291.82 over 21 frames.
yweweler_6_yweweler_2 three 
LOG (lattice-best-path[5.0.62~1-68cee]:main():lattice-best-path.cc:99) For utterance yweweler_6_yweweler_20, best cost 43.2879 + 1751.09 = 1794.38 over 16 frames.
yweweler_6_yweweler_20 
LOG (lattice-best-path[5.0.62~1-68cee]:main():lattice-best-path.cc:99) For utterance yweweler_6_yweweler_21, best cost 107.877 + 1898.29 = 2006.16 over 19 frames.
yweweler_6_yweweler_21 eight 
LOG (lattice-best-path[5.0.62~1-68cee]:main():lattice-best-path.cc:99) For utterance yweweler_6_yweweler_22, best cost 115.166 + 2023.89 = 2139.05 over 19 frames.
yweweler_6_yweweler_22 six 
LOG (lattice-best-path[5.0.62~1-68cee]:main():lattice-best-path.cc:99) For utterance yweweler_6_yweweler_23, best cost 106.489 + 1478.63 = 1585.12 over 15 frames.
yweweler_6_yweweler_23 eight 
LOG (lattice-best-path[5.0.62~1-68cee]:main():lattice-best-path.cc:99) For utterance yweweler_6_yweweler_24, best cost 116.652 + 2071.88 = 2188.53 over 21 frames.
yweweler_6_yweweler_24 eight 
LOG (lattice-best-path[5.0.62~1-68cee]:main():lattice-best-path.cc:99) For utterance yweweler_6_yweweler_25, best cost 124.601 + 1629.7 = 1754.3 over 16 frames.
yweweler_6_yweweler_25 three 
LOG (lattice-best-path[5.0.62~1-68cee]:main():lattice-best-path.cc:99) For utterance yweweler_6_yweweler_26, best cost 114.12 + 1710.08 = 1824.2 over 17 frames.
yweweler_6_yweweler_26 six 
LOG (lattice-best-path[5.0.62~1-68cee]:main():lattice-best-path.cc:99) For utterance yweweler_6_yweweler_27, best cost 108.256 + 1866.58 = 1974.83 over 19 frames.
yweweler_6_yweweler_27 eight 
LOG (lattice-best-path[5.0.62~1-68cee]:main():lattice-best-path.cc:99) For utterance yweweler_6_yweweler_28, best cost 108.554 + 2032.09 = 2140.64 over 21 frames.
yweweler_6_yweweler_28 eight 
LOG (lattice-best-path[5.0.62~1-68cee]:main():lattice-best-path.cc:99) For utterance yweweler_6_yweweler_29, best cost 120.644 + 3371.5 = 3492.15 over 32 frames.
yweweler_6_yweweler_29 eight 
LOG (lattice-best-path[5.0.62~1-68cee]:main():lattice-best-path.cc:99) For utterance yweweler_6_yweweler_3, best cost 105.715 + 1298.56 = 1404.27 over 12 frames.
yweweler_6_yweweler_3 eight 
LOG (lattice-best-path[5.0.62~1-68cee]:main():lattice-best-path.cc:99) For utterance yweweler_6_yweweler_30, best cost 127.577 + 3068.14 = 3195.72 over 29 frames.
yweweler_6_yweweler_30 six 
LOG (lattice-best-path[5.0.62~1-68cee]:main():lattice-best-path.cc:99) For utterance yweweler_6_yweweler_31, best cost 125.902 + 2081.32 = 2207.22 over 21 frames.
yweweler_6_yweweler_31 three 
LOG (lattice-best-path[5.0.62~1-68cee]:main():lattice-best-path.cc:99) For utterance yweweler_6_yweweler_32, best cost 107.847 + 1721.27 = 1829.12 over 17 frames.
yweweler_6_yweweler_32 eight 
LOG (lattice-best-path[5.0.62~1-68cee]:main():lattice-best-path.cc:99) For utterance yweweler_6_yweweler_33, best cost 122.714 + 1997.94 = 2120.65 over 20 frames.
yweweler_6_yweweler_33 three 
LOG (lattice-best-path[5.0.62~1-68cee]:main():lattice-best-path.cc:99) For utterance yweweler_6_yweweler_34, best cost 138.426 + 4288.36 = 4426.78 over 41 frames.
yweweler_6_yweweler_34 six 
LOG (lattice-best-path[5.0.62~1-68cee]:main():lattice-best-path.cc:99) For utterance yweweler_6_yweweler_35, best cost 127.605 + 2553.72 = 2681.32 over 23 frames.
yweweler_6_yweweler_35 three 
LOG (lattice-best-path[5.0.62~1-68cee]:main():lattice-best-path.cc:99) For utterance yweweler_6_yweweler_36, best cost 121.648 + 2607.96 = 2729.61 over 26 frames.
yweweler_6_yweweler_36 three 
LOG (lattice-best-path[5.0.62~1-68cee]:main():lattice-best-path.cc:99) For utterance yweweler_6_yweweler_37, best cost 139.047 + 4100.04 = 4239.09 over 39 frames.
yweweler_6_yweweler_37 three 
LOG (lattice-best-path[5.0.62~1-68cee]:main():lattice-best-path.cc:99) For utterance yweweler_6_yweweler_38, best cost 137.871 + 4392.38 = 4530.25 over 42 frames.
yweweler_6_yweweler_38 three 
LOG (lattice-best-path[5.0.62~1-68cee]:main():lattice-best-path.cc:99) For utterance yweweler_6_yweweler_39, best cost 136.543 + 3395.81 = 3532.35 over 32 frames.
yweweler_6_yweweler_39 three 
LOG (lattice-best-path[5.0.62~1-68cee]:main():lattice-best-path.cc:99) For utterance yweweler_6_yweweler_4, best cost 112.393 + 1636.72 = 1749.11 over 16 frames.
yweweler_6_yweweler_4 three 
LOG (lattice-best-path[5.0.62~1-68cee]:main():lattice-best-path.cc:99) For utterance yweweler_6_yweweler_40, best cost 136.511 + 3987.64 = 4124.15 over 38 frames.
yweweler_6_yweweler_40 three 
LOG (lattice-best-path[5.0.62~1-68cee]:main():lattice-best-path.cc:99) For utterance yweweler_6_yweweler_41, best cost 134.601 + 3520.84 = 3655.44 over 33 frames.
yweweler_6_yweweler_41 three 
LOG (lattice-best-path[5.0.62~1-68cee]:main():lattice-best-path.cc:99) For utterance yweweler_6_yweweler_42, best cost 115.498 + 1667.8 = 1783.3 over 17 frames.
yweweler_6_yweweler_42 eight 
LOG (lattice-best-path[5.0.62~1-68cee]:main():lattice-best-path.cc:99) For utterance yweweler_6_yweweler_43, best cost 125.541 + 2191.19 = 2316.73 over 21 frames.
yweweler_6_yweweler_43 eight 
LOG (lattice-best-path[5.0.62~1-68cee]:main():lattice-best-path.cc:99) For utterance yweweler_6_yweweler_44, best cost 116.372 + 1592.99 = 1709.36 over 16 frames.
yweweler_6_yweweler_44 three 
LOG (lattice-best-path[5.0.62~1-68cee]:main():lattice-best-path.cc:99) For utterance yweweler_6_yweweler_45, best cost 117.614 + 2382.92 = 2500.54 over 24 frames.
yweweler_6_yweweler_45 six 
LOG (lattice-best-path[5.0.62~1-68cee]:main():lattice-best-path.cc:99) For utterance yweweler_6_yweweler_46, best cost 114.546 + 1958.07 = 2072.62 over 18 frames.
yweweler_6_yweweler_46 six 
LOG (lattice-best-path[5.0.62~1-68cee]:main():lattice-best-path.cc:99) For utterance yweweler_6_yweweler_47, best cost 116.48 + 2049.78 = 2166.26 over 20 frames.
yweweler_6_yweweler_47 eight 
LOG (lattice-best-path[5.0.62~1-68cee]:main():lattice-best-path.cc:99) For utterance yweweler_6_yweweler_48, best cost 128.82 + 3378.6 = 3507.42 over 32 frames.
yweweler_6_yweweler_48 eight 
LOG (lattice-best-path[5.0.62~1-68cee]:main():lattice-best-path.cc:99) For utterance yweweler_6_yweweler_49, best cost 131.211 + 2819.01 = 2950.22 over 26 frames.
yweweler_6_yweweler_49 three 
LOG (lattice-best-path[5.0.62~1-68cee]:main():lattice-best-path.cc:99) For utterance yweweler_6_yweweler_5, best cost 131.953 + 2099.22 = 2231.17 over 22 frames.
yweweler_6_yweweler_5 three 
LOG (lattice-best-path[5.0.62~1-68cee]:main():lattice-best-path.cc:99) For utterance yweweler_6_yweweler_6, best cost 117.663 + 2481.41 = 2599.07 over 25 frames.
yweweler_6_yweweler_6 six 
LOG (lattice-best-path[5.0.62~1-68cee]:main():lattice-best-path.cc:99) For utterance yweweler_6_yweweler_7, best cost 125.858 + 2574.18 = 2700.04 over 25 frames.
yweweler_6_yweweler_7 eight 
LOG (lattice-best-path[5.0.62~1-68cee]:main():lattice-best-path.cc:99) For utterance yweweler_6_yweweler_8, best cost 119.129 + 2864.81 = 2983.94 over 27 frames.
yweweler_6_yweweler_8 eight 
LOG (lattice-best-path[5.0.62~1-68cee]:main():lattice-best-path.cc:99) For utterance yweweler_6_yweweler_9, best cost 133.783 + 3885.03 = 4018.81 over 38 frames.
yweweler_6_yweweler_9 eight 
LOG (lattice-best-path[5.0.62~1-68cee]:main():lattice-best-path.cc:99) For utterance yweweler_7_yweweler_0, best cost 138.653 + 4181.85 = 4320.5 over 42 frames.
yweweler_7_yweweler_0 seven 
LOG (lattice-best-path[5.0.62~1-68cee]:main():lattice-best-path.cc:99) For utterance yweweler_7_yweweler_1, best cost 131.627 + 3635.04 = 3766.67 over 37 frames.
yweweler_7_yweweler_1 seven 
LOG (lattice-best-path[5.0.62~1-68cee]:main():lattice-best-path.cc:99) For utterance yweweler_7_yweweler_10, best cost 126.776 + 3261.41 = 3388.19 over 34 frames.
yweweler_7_yweweler_10 seven 
LOG (lattice-best-path[5.0.62~1-68cee]:main():lattice-best-path.cc:99) For utterance yweweler_7_yweweler_11, best cost 121.854 + 2840.33 = 2962.18 over 29 frames.
yweweler_7_yweweler_11 seven 
LOG (lattice-best-path[5.0.62~1-68cee]:main():lattice-best-path.cc:99) For utterance yweweler_7_yweweler_12, best cost 124.543 + 3331.18 = 3455.72 over 32 frames.
yweweler_7_yweweler_12 seven 
LOG (lattice-best-path[5.0.62~1-68cee]:main():lattice-best-path.cc:99) For utterance yweweler_7_yweweler_13, best cost 125.195 + 3087.4 = 3212.6 over 34 frames.
yweweler_7_yweweler_13 seven 
LOG (lattice-best-path[5.0.62~1-68cee]:main():lattice-best-path.cc:99) For utterance yweweler_7_yweweler_14, best cost 121.53 + 2924.72 = 3046.25 over 30 frames.
yweweler_7_yweweler_14 seven 
LOG (lattice-best-path[5.0.62~1-68cee]:main():lattice-best-path.cc:99) For utterance yweweler_7_yweweler_15, best cost 136.447 + 2671.05 = 2807.5 over 29 frames.
yweweler_7_yweweler_15 seven 
LOG (lattice-best-path[5.0.62~1-68cee]:main():lattice-best-path.cc:99) For utterance yweweler_7_yweweler_16, best cost 126.974 + 2782.01 = 2908.98 over 29 frames.
yweweler_7_yweweler_16 seven 
LOG (lattice-best-path[5.0.62~1-68cee]:main():lattice-best-path.cc:99) For utterance yweweler_7_yweweler_17, best cost 121.032 + 2674.07 = 2795.11 over 28 frames.
yweweler_7_yweweler_17 seven 
LOG (lattice-best-path[5.0.62~1-68cee]:main():lattice-best-path.cc:99) For utterance yweweler_7_yweweler_18, best cost 131.758 + 3285.38 = 3417.14 over 33 frames.
yweweler_7_yweweler_18 seven 
LOG (lattice-best-path[5.0.62~1-68cee]:main():lattice-best-path.cc:99) For utterance yweweler_7_yweweler_19, best cost 123.579 + 2683.56 = 2807.14 over 29 frames.
yweweler_7_yweweler_19 seven 
LOG (lattice-best-path[5.0.62~1-68cee]:main():lattice-best-path.cc:99) For utterance yweweler_7_yweweler_2, best cost 135.486 + 3967.33 = 4102.81 over 40 frames.
yweweler_7_yweweler_2 seven 
LOG (lattice-best-path[5.0.62~1-68cee]:main():lattice-best-path.cc:99) For utterance yweweler_7_yweweler_20, best cost 136.455 + 3677.66 = 3814.12 over 36 frames.
yweweler_7_yweweler_20 seven 
LOG (lattice-best-path[5.0.62~1-68cee]:main():lattice-best-path.cc:99) For utterance yweweler_7_yweweler_21, best cost 128.121 + 3800.18 = 3928.3 over 40 frames.
yweweler_7_yweweler_21 seven 
LOG (lattice-best-path[5.0.62~1-68cee]:main():lattice-best-path.cc:99) For utterance yweweler_7_yweweler_22, best cost 126.756 + 3304.95 = 3431.7 over 34 frames.
yweweler_7_yweweler_22 seven 
LOG (lattice-best-path[5.0.62~1-68cee]:main():lattice-best-path.cc:99) For utterance yweweler_7_yweweler_23, best cost 118.312 + 2208.45 = 2326.76 over 23 frames.
yweweler_7_yweweler_23 seven 
LOG (lattice-best-path[5.0.62~1-68cee]:main():lattice-best-path.cc:99) For utterance yweweler_7_yweweler_24, best cost 134.092 + 3428.03 = 3562.12 over 33 frames.
yweweler_7_yweweler_24 seven 
LOG (lattice-best-path[5.0.62~1-68cee]:main():lattice-best-path.cc:99) For utterance yweweler_7_yweweler_25, best cost 123.408 + 2846.21 = 2969.62 over 29 frames.
yweweler_7_yweweler_25 seven 
LOG (lattice-best-path[5.0.62~1-68cee]:main():lattice-best-path.cc:99) For utterance yweweler_7_yweweler_26, best cost 141.767 + 4798.91 = 4940.68 over 47 frames.
yweweler_7_yweweler_26 seven 
LOG (lattice-best-path[5.0.62~1-68cee]:main():lattice-best-path.cc:99) For utterance yweweler_7_yweweler_27, best cost 128.744 + 4095.62 = 4224.37 over 39 frames.
yweweler_7_yweweler_27 one 
LOG (lattice-best-path[5.0.62~1-68cee]:main():lattice-best-path.cc:99) For utterance yweweler_7_yweweler_28, best cost 129.681 + 4214.89 = 4344.57 over 40 frames.
yweweler_7_yweweler_28 one 
LOG (lattice-best-path[5.0.62~1-68cee]:main():lattice-best-path.cc:99) For utterance yweweler_7_yweweler_29, best cost 123.207 + 2805.19 = 2928.39 over 31 frames.
yweweler_7_yweweler_29 seven 
LOG (lattice-best-path[5.0.62~1-68cee]:main():lattice-best-path.cc:99) For utterance yweweler_7_yweweler_3, best cost 138.12 + 4062.61 = 4200.73 over 40 frames.
yweweler_7_yweweler_3 seven 
LOG (lattice-best-path[5.0.62~1-68cee]:main():lattice-best-path.cc:99) For utterance yweweler_7_yweweler_30, best cost 129.668 + 3029.42 = 3159.09 over 31 frames.
yweweler_7_yweweler_30 seven 
LOG (lattice-best-path[5.0.62~1-68cee]:main():lattice-best-path.cc:99) For utterance yweweler_7_yweweler_31, best cost 119.078 + 2203.88 = 2322.96 over 24 frames.
yweweler_7_yweweler_31 seven 
LOG (lattice-best-path[5.0.62~1-68cee]:main():lattice-best-path.cc:99) For utterance yweweler_7_yweweler_32, best cost 133.542 + 3440.57 = 3574.12 over 36 frames.
yweweler_7_yweweler_32 seven 
LOG (lattice-best-path[5.0.62~1-68cee]:main():lattice-best-path.cc:99) For utterance yweweler_7_yweweler_33, best cost 147.746 + 5019.76 = 5167.5 over 46 frames.
yweweler_7_yweweler_33 seven 
LOG (lattice-best-path[5.0.62~1-68cee]:main():lattice-best-path.cc:99) For utterance yweweler_7_yweweler_34, best cost 140.733 + 4727.45 = 4868.19 over 43 frames.
yweweler_7_yweweler_34 seven 
LOG (lattice-best-path[5.0.62~1-68cee]:main():lattice-best-path.cc:99) For utterance yweweler_7_yweweler_35, best cost 152.454 + 5450.51 = 5602.96 over 49 frames.
yweweler_7_yweweler_35 seven 
LOG (lattice-best-path[5.0.62~1-68cee]:main():lattice-best-path.cc:99) For utterance yweweler_7_yweweler_36, best cost 124.42 + 3893.96 = 4018.38 over 39 frames.
yweweler_7_yweweler_36 seven 
LOG (lattice-best-path[5.0.62~1-68cee]:main():lattice-best-path.cc:99) For utterance yweweler_7_yweweler_37, best cost 135.128 + 3184.77 = 3319.9 over 29 frames.
yweweler_7_yweweler_37 seven 
LOG (lattice-best-path[5.0.62~1-68cee]:main():lattice-best-path.cc:99) For utterance yweweler_7_yweweler_38, best cost 143.764 + 4378.22 = 4521.99 over 47 frames.
yweweler_7_yweweler_38 seven 
LOG (lattice-best-path[5.0.62~1-68cee]:main():lattice-best-path.cc:99) For utterance yweweler_7_yweweler_39, best cost 150.451 + 4415.87 = 4566.32 over 47 frames.
yweweler_7_yweweler_39 seven 
LOG (lattice-best-path[5.0.62~1-68cee]:main():lattice-best-path.cc:99) For utterance yweweler_7_yweweler_4, best cost 132.473 + 3507.85 = 3640.32 over 34 frames.
yweweler_7_yweweler_4 seven 
LOG (lattice-best-path[5.0.62~1-68cee]:main():lattice-best-path.cc:99) For utterance yweweler_7_yweweler_40, best cost 151.693 + 5433.02 = 5584.72 over 59 frames.
yweweler_7_yweweler_40 seven 
LOG (lattice-best-path[5.0.62~1-68cee]:main():lattice-best-path.cc:99) For utterance yweweler_7_yweweler_41, best cost 152.636 + 4832.25 = 4984.89 over 52 frames.
yweweler_7_yweweler_41 seven 
LOG (lattice-best-path[5.0.62~1-68cee]:main():lattice-best-path.cc:99) For utterance yweweler_7_yweweler_42, best cost 130.029 + 3506.18 = 3636.21 over 37 frames.
yweweler_7_yweweler_42 seven 
LOG (lattice-best-path[5.0.62~1-68cee]:main():lattice-best-path.cc:99) For utterance yweweler_7_yweweler_43, best cost 136.027 + 3631.84 = 3767.87 over 38 frames.
yweweler_7_yweweler_43 seven 
LOG (lattice-best-path[5.0.62~1-68cee]:main():lattice-best-path.cc:99) For utterance yweweler_7_yweweler_44, best cost 141.139 + 4340.78 = 4481.92 over 44 frames.
yweweler_7_yweweler_44 seven 
LOG (lattice-best-path[5.0.62~1-68cee]:main():lattice-best-path.cc:99) For utterance yweweler_7_yweweler_45, best cost 135.867 + 4174.35 = 4310.22 over 43 frames.
yweweler_7_yweweler_45 seven 
LOG (lattice-best-path[5.0.62~1-68cee]:main():lattice-best-path.cc:99) For utterance yweweler_7_yweweler_46, best cost 136.53 + 3892.56 = 4029.09 over 39 frames.
yweweler_7_yweweler_46 seven 
LOG (lattice-best-path[5.0.62~1-68cee]:main():lattice-best-path.cc:99) For utterance yweweler_7_yweweler_47, best cost 123.607 + 3096.69 = 3220.29 over 33 frames.
yweweler_7_yweweler_47 seven 
LOG (lattice-best-path[5.0.62~1-68cee]:main():lattice-best-path.cc:99) For utterance yweweler_7_yweweler_48, best cost 119.693 + 3008.88 = 3128.57 over 28 frames.
yweweler_7_yweweler_48 seven 
LOG (lattice-best-path[5.0.62~1-68cee]:main():lattice-best-path.cc:99) For utterance yweweler_7_yweweler_49, best cost 122.064 + 2723.38 = 2845.45 over 31 frames.
yweweler_7_yweweler_49 seven 
LOG (lattice-best-path[5.0.62~1-68cee]:main():lattice-best-path.cc:99) For utterance yweweler_7_yweweler_5, best cost 146.486 + 4779.03 = 4925.51 over 45 frames.
yweweler_7_yweweler_5 seven 
LOG (lattice-best-path[5.0.62~1-68cee]:main():lattice-best-path.cc:99) For utterance yweweler_7_yweweler_6, best cost 119.028 + 2479.21 = 2598.24 over 24 frames.
yweweler_7_yweweler_6 seven 
LOG (lattice-best-path[5.0.62~1-68cee]:main():lattice-best-path.cc:99) For utterance yweweler_7_yweweler_7, best cost 131.049 + 3269.87 = 3400.92 over 33 frames.
yweweler_7_yweweler_7 seven 
LOG (lattice-best-path[5.0.62~1-68cee]:main():lattice-best-path.cc:99) For utterance yweweler_7_yweweler_8, best cost 125.18 + 3200.43 = 3325.61 over 32 frames.
yweweler_7_yweweler_8 seven 
LOG (lattice-best-path[5.0.62~1-68cee]:main():lattice-best-path.cc:99) For utterance yweweler_7_yweweler_9, best cost 130.705 + 3230.19 = 3360.89 over 35 frames.
yweweler_7_yweweler_9 seven 
LOG (lattice-best-path[5.0.62~1-68cee]:main():lattice-best-path.cc:99) For utterance yweweler_8_yweweler_0, best cost 123.918 + 3126.29 = 3250.21 over 30 frames.
yweweler_8_yweweler_0 eight 
LOG (lattice-best-path[5.0.62~1-68cee]:main():lattice-best-path.cc:99) For utterance yweweler_8_yweweler_1, best cost 123.574 + 3296.93 = 3420.5 over 33 frames.
yweweler_8_yweweler_1 eight 
LOG (lattice-best-path[5.0.62~1-68cee]:main():lattice-best-path.cc:99) For utterance yweweler_8_yweweler_10, best cost 120.643 + 2868.38 = 2989.03 over 30 frames.
yweweler_8_yweweler_10 eight 
LOG (lattice-best-path[5.0.62~1-68cee]:main():lattice-best-path.cc:99) For utterance yweweler_8_yweweler_11, best cost 112.311 + 3261.95 = 3374.26 over 33 frames.
yweweler_8_yweweler_11 eight 
LOG (lattice-best-path[5.0.62~1-68cee]:main():lattice-best-path.cc:99) For utterance yweweler_8_yweweler_12, best cost 110.443 + 2637.86 = 2748.31 over 28 frames.
yweweler_8_yweweler_12 eight 
LOG (lattice-best-path[5.0.62~1-68cee]:main():lattice-best-path.cc:99) For utterance yweweler_8_yweweler_13, best cost 122.437 + 3662.09 = 3784.53 over 37 frames.
yweweler_8_yweweler_13 eight 
LOG (lattice-best-path[5.0.62~1-68cee]:main():lattice-best-path.cc:99) For utterance yweweler_8_yweweler_14, best cost 123.233 + 2967.93 = 3091.16 over 31 frames.
yweweler_8_yweweler_14 eight 
LOG (lattice-best-path[5.0.62~1-68cee]:main():lattice-best-path.cc:99) For utterance yweweler_8_yweweler_15, best cost 117.084 + 2026.88 = 2143.97 over 22 frames.
yweweler_8_yweweler_15 eight 
LOG (lattice-best-path[5.0.62~1-68cee]:main():lattice-best-path.cc:99) For utterance yweweler_8_yweweler_16, best cost 116.717 + 2089.5 = 2206.22 over 24 frames.
yweweler_8_yweweler_16 eight 
LOG (lattice-best-path[5.0.62~1-68cee]:main():lattice-best-path.cc:99) For utterance yweweler_8_yweweler_17, best cost 127.643 + 2716.36 = 2844 over 30 frames.
yweweler_8_yweweler_17 eight 
LOG (lattice-best-path[5.0.62~1-68cee]:main():lattice-best-path.cc:99) For utterance yweweler_8_yweweler_18, best cost 107.738 + 2062.23 = 2169.97 over 23 frames.
yweweler_8_yweweler_18 eight 
LOG (lattice-best-path[5.0.62~1-68cee]:main():lattice-best-path.cc:99) For utterance yweweler_8_yweweler_19, best cost 117.255 + 2093.4 = 2210.65 over 23 frames.
yweweler_8_yweweler_19 eight 
LOG (lattice-best-path[5.0.62~1-68cee]:main():lattice-best-path.cc:99) For utterance yweweler_8_yweweler_2, best cost 118.524 + 2459.87 = 2578.4 over 25 frames.
yweweler_8_yweweler_2 eight 
LOG (lattice-best-path[5.0.62~1-68cee]:main():lattice-best-path.cc:99) For utterance yweweler_8_yweweler_20, best cost 128.43 + 2711.43 = 2839.85 over 29 frames.
yweweler_8_yweweler_20 eight 
LOG (lattice-best-path[5.0.62~1-68cee]:main():lattice-best-path.cc:99) For utterance yweweler_8_yweweler_21, best cost 110.747 + 2548.3 = 2659.05 over 29 frames.
yweweler_8_yweweler_21 eight 
LOG (lattice-best-path[5.0.62~1-68cee]:main():lattice-best-path.cc:99) For utterance yweweler_8_yweweler_22, best cost 123.016 + 3467.22 = 3590.24 over 37 frames.
yweweler_8_yweweler_22 eight 
LOG (lattice-best-path[5.0.62~1-68cee]:main():lattice-best-path.cc:99) For utterance yweweler_8_yweweler_23, best cost 119.236 + 2569.34 = 2688.58 over 28 frames.
yweweler_8_yweweler_23 eight 
LOG (lattice-best-path[5.0.62~1-68cee]:main():lattice-best-path.cc:99) For utterance yweweler_8_yweweler_24, best cost 130.773 + 3739.09 = 3869.86 over 35 frames.
yweweler_8_yweweler_24 eight 
LOG (lattice-best-path[5.0.62~1-68cee]:main():lattice-best-path.cc:99) For utterance yweweler_8_yweweler_25, best cost 120.609 + 2559.69 = 2680.3 over 26 frames.
yweweler_8_yweweler_25 eight 
LOG (lattice-best-path[5.0.62~1-68cee]:main():lattice-best-path.cc:99) For utterance yweweler_8_yweweler_26, best cost 121.366 + 3152.45 = 3273.82 over 31 frames.
yweweler_8_yweweler_26 eight 
LOG (lattice-best-path[5.0.62~1-68cee]:main():lattice-best-path.cc:99) For utterance yweweler_8_yweweler_27, best cost 120.048 + 2975.33 = 3095.38 over 30 frames.
yweweler_8_yweweler_27 eight 
LOG (lattice-best-path[5.0.62~1-68cee]:main():lattice-best-path.cc:99) For utterance yweweler_8_yweweler_28, best cost 136.03 + 5296.88 = 5432.91 over 52 frames.
yweweler_8_yweweler_28 eight 
LOG (lattice-best-path[5.0.62~1-68cee]:main():lattice-best-path.cc:99) For utterance yweweler_8_yweweler_29, best cost 119.767 + 2994.84 = 3114.61 over 31 frames.
yweweler_8_yweweler_29 eight 
LOG (lattice-best-path[5.0.62~1-68cee]:main():lattice-best-path.cc:99) For utterance yweweler_8_yweweler_3, best cost 122.953 + 2998.23 = 3121.18 over 30 frames.
yweweler_8_yweweler_3 eight 
LOG (lattice-best-path[5.0.62~1-68cee]:main():lattice-best-path.cc:99) For utterance yweweler_8_yweweler_30, best cost 123.067 + 3349.88 = 3472.95 over 34 frames.
yweweler_8_yweweler_30 eight 
LOG (lattice-best-path[5.0.62~1-68cee]:main():lattice-best-path.cc:99) For utterance yweweler_8_yweweler_31, best cost 127.863 + 3760.65 = 3888.51 over 38 frames.
yweweler_8_yweweler_31 eight 
LOG (lattice-best-path[5.0.62~1-68cee]:main():lattice-best-path.cc:99) For utterance yweweler_8_yweweler_32, best cost 122.268 + 3625.33 = 3747.6 over 39 frames.
yweweler_8_yweweler_32 eight 
LOG (lattice-best-path[5.0.62~1-68cee]:main():lattice-best-path.cc:99) For utterance yweweler_8_yweweler_33, best cost 117.048 + 4066.19 = 4183.23 over 39 frames.
yweweler_8_yweweler_33 eight 
LOG (lattice-best-path[5.0.62~1-68cee]:main():lattice-best-path.cc:99) For utterance yweweler_8_yweweler_34, best cost 134.968 + 4785.29 = 4920.26 over 46 frames.
yweweler_8_yweweler_34 eight 
LOG (lattice-best-path[5.0.62~1-68cee]:main():lattice-best-path.cc:99) For utterance yweweler_8_yweweler_35, best cost 127.924 + 2924.97 = 3052.89 over 29 frames.
yweweler_8_yweweler_35 eight 
LOG (lattice-best-path[5.0.62~1-68cee]:main():lattice-best-path.cc:99) For utterance yweweler_8_yweweler_36, best cost 120.062 + 2782.75 = 2902.81 over 27 frames.
yweweler_8_yweweler_36 eight 
LOG (lattice-best-path[5.0.62~1-68cee]:main():lattice-best-path.cc:99) For utterance yweweler_8_yweweler_37, best cost 120.681 + 2933.2 = 3053.88 over 29 frames.
yweweler_8_yweweler_37 eight 
LOG (lattice-best-path[5.0.62~1-68cee]:main():lattice-best-path.cc:99) For utterance yweweler_8_yweweler_38, best cost 119.667 + 3401.88 = 3521.55 over 34 frames.
yweweler_8_yweweler_38 eight 
LOG (lattice-best-path[5.0.62~1-68cee]:main():lattice-best-path.cc:99) For utterance yweweler_8_yweweler_39, best cost 119.828 + 3479.58 = 3599.4 over 33 frames.
yweweler_8_yweweler_39 eight 
LOG (lattice-best-path[5.0.62~1-68cee]:main():lattice-best-path.cc:99) For utterance yweweler_8_yweweler_4, best cost 123.062 + 3020.97 = 3144.03 over 31 frames.
yweweler_8_yweweler_4 eight 
LOG (lattice-best-path[5.0.62~1-68cee]:main():lattice-best-path.cc:99) For utterance yweweler_8_yweweler_40, best cost 122.77 + 3465.82 = 3588.59 over 34 frames.
yweweler_8_yweweler_40 eight 
LOG (lattice-best-path[5.0.62~1-68cee]:main():lattice-best-path.cc:99) For utterance yweweler_8_yweweler_41, best cost 122.752 + 3046.07 = 3168.82 over 32 frames.
yweweler_8_yweweler_41 eight 
LOG (lattice-best-path[5.0.62~1-68cee]:main():lattice-best-path.cc:99) For utterance yweweler_8_yweweler_42, best cost 123.962 + 3313.79 = 3437.75 over 32 frames.
yweweler_8_yweweler_42 eight 
LOG (lattice-best-path[5.0.62~1-68cee]:main():lattice-best-path.cc:99) For utterance yweweler_8_yweweler_43, best cost 119.248 + 2019.73 = 2138.98 over 20 frames.
yweweler_8_yweweler_43 eight 
LOG (lattice-best-path[5.0.62~1-68cee]:main():lattice-best-path.cc:99) For utterance yweweler_8_yweweler_44, best cost 117.731 + 2207.13 = 2324.86 over 23 frames.
yweweler_8_yweweler_44 eight 
LOG (lattice-best-path[5.0.62~1-68cee]:main():lattice-best-path.cc:99) For utterance yweweler_8_yweweler_45, best cost 123.098 + 2770.87 = 2893.96 over 30 frames.
yweweler_8_yweweler_45 eight 
LOG (lattice-best-path[5.0.62~1-68cee]:main():lattice-best-path.cc:99) For utterance yweweler_8_yweweler_46, best cost 123.909 + 3031.77 = 3155.68 over 31 frames.
yweweler_8_yweweler_46 eight 
LOG (lattice-best-path[5.0.62~1-68cee]:main():lattice-best-path.cc:99) For utterance yweweler_8_yweweler_47, best cost 124.217 + 2962.27 = 3086.48 over 32 frames.
yweweler_8_yweweler_47 eight 
LOG (lattice-best-path[5.0.62~1-68cee]:main():lattice-best-path.cc:99) For utterance yweweler_8_yweweler_48, best cost 112.629 + 2718.45 = 2831.08 over 28 frames.
yweweler_8_yweweler_48 eight 
LOG (lattice-best-path[5.0.62~1-68cee]:main():lattice-best-path.cc:99) For utterance yweweler_8_yweweler_49, best cost 117.451 + 2283.73 = 2401.18 over 23 frames.
yweweler_8_yweweler_49 eight 
LOG (lattice-best-path[5.0.62~1-68cee]:main():lattice-best-path.cc:99) For utterance yweweler_8_yweweler_5, best cost 117.281 + 2269.34 = 2386.62 over 25 frames.
yweweler_8_yweweler_5 eight 
LOG (lattice-best-path[5.0.62~1-68cee]:main():lattice-best-path.cc:99) For utterance yweweler_8_yweweler_6, best cost 117.93 + 2283.01 = 2400.94 over 25 frames.
yweweler_8_yweweler_6 eight 
LOG (lattice-best-path[5.0.62~1-68cee]:main():lattice-best-path.cc:99) For utterance yweweler_8_yweweler_7, best cost 124.895 + 2312.54 = 2437.44 over 25 frames.
yweweler_8_yweweler_7 eight 
LOG (lattice-best-path[5.0.62~1-68cee]:main():lattice-best-path.cc:99) For utterance yweweler_8_yweweler_8, best cost 118.837 + 2811.66 = 2930.5 over 29 frames.
yweweler_8_yweweler_8 eight 
LOG (lattice-best-path[5.0.62~1-68cee]:main():lattice-best-path.cc:99) For utterance yweweler_8_yweweler_9, best cost 127.486 + 2774.98 = 2902.47 over 29 frames.
yweweler_8_yweweler_9 eight 
LOG (lattice-best-path[5.0.62~1-68cee]:main():lattice-best-path.cc:99) For utterance yweweler_9_yweweler_0, best cost 140.853 + 3437.84 = 3578.69 over 34 frames.
yweweler_9_yweweler_0 nine 
LOG (lattice-best-path[5.0.62~1-68cee]:main():lattice-best-path.cc:99) For utterance yweweler_9_yweweler_1, best cost 130.443 + 3547.88 = 3678.32 over 37 frames.
yweweler_9_yweweler_1 five 
LOG (lattice-best-path[5.0.62~1-68cee]:main():lattice-best-path.cc:99) For utterance yweweler_9_yweweler_10, best cost 134.047 + 4167.46 = 4301.51 over 42 frames.
yweweler_9_yweweler_10 one 
LOG (lattice-best-path[5.0.62~1-68cee]:main():lattice-best-path.cc:99) For utterance yweweler_9_yweweler_11, best cost 140.131 + 4229.98 = 4370.11 over 42 frames.
yweweler_9_yweweler_11 one 
LOG (lattice-best-path[5.0.62~1-68cee]:main():lattice-best-path.cc:99) For utterance yweweler_9_yweweler_12, best cost 150.01 + 3631.31 = 3781.32 over 36 frames.
yweweler_9_yweweler_12 nine 
LOG (lattice-best-path[5.0.62~1-68cee]:main():lattice-best-path.cc:99) For utterance yweweler_9_yweweler_13, best cost 138.045 + 3714.18 = 3852.22 over 38 frames.
yweweler_9_yweweler_13 nine 
LOG (lattice-best-path[5.0.62~1-68cee]:main():lattice-best-path.cc:99) For utterance yweweler_9_yweweler_14, best cost 128.666 + 4426.31 = 4554.98 over 43 frames.
yweweler_9_yweweler_14 nine 
LOG (lattice-best-path[5.0.62~1-68cee]:main():lattice-best-path.cc:99) For utterance yweweler_9_yweweler_15, best cost 125.192 + 3850.19 = 3975.38 over 39 frames.
yweweler_9_yweweler_15 nine 
LOG (lattice-best-path[5.0.62~1-68cee]:main():lattice-best-path.cc:99) For utterance yweweler_9_yweweler_16, best cost 142.592 + 4317.33 = 4459.92 over 41 frames.
yweweler_9_yweweler_16 nine 
LOG (lattice-best-path[5.0.62~1-68cee]:main():lattice-best-path.cc:99) For utterance yweweler_9_yweweler_17, best cost 127.872 + 3276.87 = 3404.74 over 34 frames.
yweweler_9_yweweler_17 one 
LOG (lattice-best-path[5.0.62~1-68cee]:main():lattice-best-path.cc:99) For utterance yweweler_9_yweweler_18, best cost 120.032 + 3336.41 = 3456.44 over 33 frames.
yweweler_9_yweweler_18 five 
LOG (lattice-best-path[5.0.62~1-68cee]:main():lattice-best-path.cc:99) For utterance yweweler_9_yweweler_19, best cost 128.445 + 3258.65 = 3387.09 over 34 frames.
yweweler_9_yweweler_19 one 
LOG (lattice-best-path[5.0.62~1-68cee]:main():lattice-best-path.cc:99) For utterance yweweler_9_yweweler_2, best cost 139.87 + 3710.93 = 3850.8 over 38 frames.
yweweler_9_yweweler_2 five 
LOG (lattice-best-path[5.0.62~1-68cee]:main():lattice-best-path.cc:99) For utterance yweweler_9_yweweler_20, best cost 134.573 + 4080.2 = 4214.77 over 40 frames.
yweweler_9_yweweler_20 one 
LOG (lattice-best-path[5.0.62~1-68cee]:main():lattice-best-path.cc:99) For utterance yweweler_9_yweweler_21, best cost 121.63 + 3924.86 = 4046.49 over 40 frames.
yweweler_9_yweweler_21 nine 
LOG (lattice-best-path[5.0.62~1-68cee]:main():lattice-best-path.cc:99) For utterance yweweler_9_yweweler_22, best cost 138.796 + 3936.84 = 4075.63 over 41 frames.
yweweler_9_yweweler_22 nine 
LOG (lattice-best-path[5.0.62~1-68cee]:main():lattice-best-path.cc:99) For utterance yweweler_9_yweweler_23, best cost 123.319 + 4282.95 = 4406.27 over 45 frames.
yweweler_9_yweweler_23 nine 
LOG (lattice-best-path[5.0.62~1-68cee]:main():lattice-best-path.cc:99) For utterance yweweler_9_yweweler_24, best cost 128.292 + 4327.29 = 4455.59 over 45 frames.
yweweler_9_yweweler_24 nine 
LOG (lattice-best-path[5.0.62~1-68cee]:main():lattice-best-path.cc:99) For utterance yweweler_9_yweweler_25, best cost 128.027 + 4028.32 = 4156.34 over 42 frames.
yweweler_9_yweweler_25 nine 
LOG (lattice-best-path[5.0.62~1-68cee]:main():lattice-best-path.cc:99) For utterance yweweler_9_yweweler_26, best cost 130.913 + 4687.8 = 4818.72 over 49 frames.
yweweler_9_yweweler_26 nine 
LOG (lattice-best-path[5.0.62~1-68cee]:main():lattice-best-path.cc:99) For utterance yweweler_9_yweweler_27, best cost 131.308 + 4020.81 = 4152.12 over 39 frames.
yweweler_9_yweweler_27 one 
LOG (lattice-best-path[5.0.62~1-68cee]:main():lattice-best-path.cc:99) For utterance yweweler_9_yweweler_28, best cost 130.218 + 3474.05 = 3604.26 over 35 frames.
yweweler_9_yweweler_28 nine 
LOG (lattice-best-path[5.0.62~1-68cee]:main():lattice-best-path.cc:99) For utterance yweweler_9_yweweler_29, best cost 130.11 + 3304.28 = 3434.39 over 33 frames.
yweweler_9_yweweler_29 one 
LOG (lattice-best-path[5.0.62~1-68cee]:main():lattice-best-path.cc:99) For utterance yweweler_9_yweweler_3, best cost 142.416 + 5605.45 = 5747.86 over 53 frames.
yweweler_9_yweweler_3 nine 
LOG (lattice-best-path[5.0.62~1-68cee]:main():lattice-best-path.cc:99) For utterance yweweler_9_yweweler_30, best cost 130.014 + 4035.91 = 4165.92 over 42 frames.
yweweler_9_yweweler_30 nine 
LOG (lattice-best-path[5.0.62~1-68cee]:main():lattice-best-path.cc:99) For utterance yweweler_9_yweweler_31, best cost 59.942 + 5750.8 = 5810.74 over 50 frames.
yweweler_9_yweweler_31 
LOG (lattice-best-path[5.0.62~1-68cee]:main():lattice-best-path.cc:99) For utterance yweweler_9_yweweler_32, best cost 132.56 + 4969.87 = 5102.43 over 46 frames.
yweweler_9_yweweler_32 one 
LOG (lattice-best-path[5.0.62~1-68cee]:main():lattice-best-path.cc:99) For utterance yweweler_9_yweweler_33, best cost 136.007 + 4732.51 = 4868.52 over 42 frames.
yweweler_9_yweweler_33 nine 
LOG (lattice-best-path[5.0.62~1-68cee]:main():lattice-best-path.cc:99) For utterance yweweler_9_yweweler_34, best cost 139.648 + 4643.57 = 4783.22 over 41 frames.
yweweler_9_yweweler_34 nine 
LOG (lattice-best-path[5.0.62~1-68cee]:main():lattice-best-path.cc:99) For utterance yweweler_9_yweweler_35, best cost 130.446 + 4754.57 = 4885.01 over 43 frames.
yweweler_9_yweweler_35 one 
LOG (lattice-best-path[5.0.62~1-68cee]:main():lattice-best-path.cc:99) For utterance yweweler_9_yweweler_36, best cost 146.199 + 4783.58 = 4929.78 over 44 frames.
yweweler_9_yweweler_36 nine 
LOG (lattice-best-path[5.0.62~1-68cee]:main():lattice-best-path.cc:99) For utterance yweweler_9_yweweler_37, best cost 139.003 + 3361.99 = 3501 over 33 frames.
yweweler_9_yweweler_37 nine 
LOG (lattice-best-path[5.0.62~1-68cee]:main():lattice-best-path.cc:99) For utterance yweweler_9_yweweler_38, best cost 139.609 + 3350.01 = 3489.62 over 34 frames.
yweweler_9_yweweler_38 nine 
LOG (lattice-best-path[5.0.62~1-68cee]:main():lattice-best-path.cc:99) For utterance yweweler_9_yweweler_39, best cost 123.198 + 3584.92 = 3708.12 over 37 frames.
yweweler_9_yweweler_39 nine 
LOG (lattice-best-path[5.0.62~1-68cee]:main():lattice-best-path.cc:99) For utterance yweweler_9_yweweler_4, best cost 140.506 + 3983.91 = 4124.42 over 40 frames.
yweweler_9_yweweler_4 nine 
LOG (lattice-best-path[5.0.62~1-68cee]:main():lattice-best-path.cc:99) For utterance yweweler_9_yweweler_40, best cost 129.947 + 3434.88 = 3564.83 over 35 frames.
yweweler_9_yweweler_40 one 
LOG (lattice-best-path[5.0.62~1-68cee]:main():lattice-best-path.cc:99) For utterance yweweler_9_yweweler_41, best cost 144.412 + 4168.41 = 4312.83 over 41 frames.
yweweler_9_yweweler_41 nine 
LOG (lattice-best-path[5.0.62~1-68cee]:main():lattice-best-path.cc:99) For utterance yweweler_9_yweweler_42, best cost 127.961 + 4257.63 = 4385.59 over 42 frames.
yweweler_9_yweweler_42 nine 
LOG (lattice-best-path[5.0.62~1-68cee]:main():lattice-best-path.cc:99) For utterance yweweler_9_yweweler_43, best cost 132.608 + 3985.33 = 4117.94 over 38 frames.
yweweler_9_yweweler_43 nine 
LOG (lattice-best-path[5.0.62~1-68cee]:main():lattice-best-path.cc:99) For utterance yweweler_9_yweweler_44, best cost 128.468 + 3221.53 = 3350 over 31 frames.
yweweler_9_yweweler_44 one 
LOG (lattice-best-path[5.0.62~1-68cee]:main():lattice-best-path.cc:99) For utterance yweweler_9_yweweler_45, best cost 126.692 + 4245.44 = 4372.13 over 40 frames.
yweweler_9_yweweler_45 one 
LOG (lattice-best-path[5.0.62~1-68cee]:main():lattice-best-path.cc:99) For utterance yweweler_9_yweweler_46, best cost 123.237 + 3568.93 = 3692.17 over 36 frames.
yweweler_9_yweweler_46 nine 
LOG (lattice-best-path[5.0.62~1-68cee]:main():lattice-best-path.cc:99) For utterance yweweler_9_yweweler_47, best cost 148.569 + 4271.15 = 4419.72 over 41 frames.
yweweler_9_yweweler_47 nine 
LOG (lattice-best-path[5.0.62~1-68cee]:main():lattice-best-path.cc:99) For utterance yweweler_9_yweweler_48, best cost 136.5 + 3592.86 = 3729.36 over 36 frames.
yweweler_9_yweweler_48 nine 
LOG (lattice-best-path[5.0.62~1-68cee]:main():lattice-best-path.cc:99) For utterance yweweler_9_yweweler_49, best cost 137.73 + 3618.1 = 3755.83 over 36 frames.
yweweler_9_yweweler_49 nine 
LOG (lattice-best-path[5.0.62~1-68cee]:main():lattice-best-path.cc:99) For utterance yweweler_9_yweweler_5, best cost 127.744 + 3429.8 = 3557.55 over 34 frames.
yweweler_9_yweweler_5 one 
LOG (lattice-best-path[5.0.62~1-68cee]:main():lattice-best-path.cc:99) For utterance yweweler_9_yweweler_6, best cost 139.915 + 3539.56 = 3679.48 over 33 frames.
yweweler_9_yweweler_6 one 
LOG (lattice-best-path[5.0.62~1-68cee]:main():lattice-best-path.cc:99) For utterance yweweler_9_yweweler_7, best cost 127.614 + 3402.77 = 3530.38 over 33 frames.
yweweler_9_yweweler_7 one 
LOG (lattice-best-path[5.0.62~1-68cee]:main():lattice-best-path.cc:99) For utterance yweweler_9_yweweler_8, best cost 134.1 + 3740.18 = 3874.28 over 38 frames.
yweweler_9_yweweler_8 one 
LOG (lattice-best-path[5.0.62~1-68cee]:main():lattice-best-path.cc:99) For utterance yweweler_9_yweweler_9, best cost 136.806 + 4263.33 = 4400.14 over 42 frames.
yweweler_9_yweweler_9 one 
LOG (lattice-best-path[5.0.62~1-68cee]:main():lattice-best-path.cc:124) Overall cost per frame is 105.563 = 3.73437 [graph] + 101.829 [acoustic] over 16712 frames.
LOG (lattice-best-path[5.0.62~1-68cee]:main():lattice-best-path.cc:128) Done 500 lattices, failed for 0
# Accounting: time=1 threads=1
# Ended (code 0) at Mon May 30 15:37:30 IST 2022, elapsed time 1 seconds
