# lattice-best-path --lm-scale=13 --word-symbol-table=exp/tri1/graph/words.txt "ark:gunzip -c exp/tri1/decode/lat.*.gz|" ark,t:exp/tri1/decode/scoring/13.tra 
# Started at Mon May 30 15:37:29 IST 2022
#
lattice-best-path --lm-scale=13 --word-symbol-table=exp/tri1/graph/words.txt 'ark:gunzip -c exp/tri1/decode/lat.*.gz|' ark,t:exp/tri1/decode/scoring/13.tra 
LOG (lattice-best-path[5.0.62~1-68cee]:main():lattice-best-path.cc:99) For utterance yweweler_0_yweweler_0, best cost 97.677 + 4231.42 = 4329.1 over 37 frames.
yweweler_0_yweweler_0 zero 
LOG (lattice-best-path[5.0.62~1-68cee]:main():lattice-best-path.cc:99) For utterance yweweler_0_yweweler_1, best cost 97.8972 + 3359.77 = 3457.67 over 31 frames.
yweweler_0_yweweler_1 zero 
LOG (lattice-best-path[5.0.62~1-68cee]:main():lattice-best-path.cc:99) For utterance yweweler_0_yweweler_10, best cost 37.9792 + 4176.52 = 4214.5 over 36 frames.
yweweler_0_yweweler_10 
LOG (lattice-best-path[5.0.62~1-68cee]:main():lattice-best-path.cc:99) For utterance yweweler_0_yweweler_11, best cost 99.986 + 3640.27 = 3740.26 over 35 frames.
yweweler_0_yweweler_11 zero 
LOG (lattice-best-path[5.0.62~1-68cee]:main():lattice-best-path.cc:99) For utterance yweweler_0_yweweler_12, best cost 102.283 + 3955.23 = 4057.51 over 37 frames.
yweweler_0_yweweler_12 zero 
LOG (lattice-best-path[5.0.62~1-68cee]:main():lattice-best-path.cc:99) For utterance yweweler_0_yweweler_13, best cost 96.8244 + 4134.59 = 4231.42 over 41 frames.
yweweler_0_yweweler_13 zero 
LOG (lattice-best-path[5.0.62~1-68cee]:main():lattice-best-path.cc:99) For utterance yweweler_0_yweweler_14, best cost 95.6219 + 4324.4 = 4420.03 over 41 frames.
yweweler_0_yweweler_14 zero 
LOG (lattice-best-path[5.0.62~1-68cee]:main():lattice-best-path.cc:99) For utterance yweweler_0_yweweler_15, best cost 109.065 + 3946.76 = 4055.82 over 41 frames.
yweweler_0_yweweler_15 zero 
LOG (lattice-best-path[5.0.62~1-68cee]:main():lattice-best-path.cc:99) For utterance yweweler_0_yweweler_16, best cost 95.369 + 3486.44 = 3581.8 over 34 frames.
yweweler_0_yweweler_16 zero 
LOG (lattice-best-path[5.0.62~1-68cee]:main():lattice-best-path.cc:99) For utterance yweweler_0_yweweler_17, best cost 101.508 + 3925.88 = 4027.39 over 38 frames.
yweweler_0_yweweler_17 zero 
LOG (lattice-best-path[5.0.62~1-68cee]:main():lattice-best-path.cc:99) For utterance yweweler_0_yweweler_18, best cost 97.4324 + 4044.55 = 4141.98 over 40 frames.
yweweler_0_yweweler_18 zero 
LOG (lattice-best-path[5.0.62~1-68cee]:main():lattice-best-path.cc:99) For utterance yweweler_0_yweweler_19, best cost 101.694 + 4456.39 = 4558.09 over 45 frames.
yweweler_0_yweweler_19 zero 
LOG (lattice-best-path[5.0.62~1-68cee]:main():lattice-best-path.cc:99) For utterance yweweler_0_yweweler_2, best cost 96.2391 + 3453.77 = 3550.01 over 33 frames.
yweweler_0_yweweler_2 zero 
LOG (lattice-best-path[5.0.62~1-68cee]:main():lattice-best-path.cc:99) For utterance yweweler_0_yweweler_20, best cost 98.9437 + 3233.9 = 3332.84 over 32 frames.
yweweler_0_yweweler_20 zero 
LOG (lattice-best-path[5.0.62~1-68cee]:main():lattice-best-path.cc:99) For utterance yweweler_0_yweweler_21, best cost 101.182 + 3486.18 = 3587.36 over 33 frames.
yweweler_0_yweweler_21 zero 
LOG (lattice-best-path[5.0.62~1-68cee]:main():lattice-best-path.cc:99) For utterance yweweler_0_yweweler_22, best cost 95.2871 + 3327.65 = 3422.94 over 32 frames.
yweweler_0_yweweler_22 zero 
LOG (lattice-best-path[5.0.62~1-68cee]:main():lattice-best-path.cc:99) For utterance yweweler_0_yweweler_23, best cost 95.5096 + 3331.28 = 3426.79 over 31 frames.
yweweler_0_yweweler_23 zero 
LOG (lattice-best-path[5.0.62~1-68cee]:main():lattice-best-path.cc:99) For utterance yweweler_0_yweweler_24, best cost 104.333 + 3541.86 = 3646.2 over 36 frames.
yweweler_0_yweweler_24 zero 
LOG (lattice-best-path[5.0.62~1-68cee]:main():lattice-best-path.cc:99) For utterance yweweler_0_yweweler_25, best cost 102.857 + 3774.26 = 3877.12 over 37 frames.
yweweler_0_yweweler_25 zero 
LOG (lattice-best-path[5.0.62~1-68cee]:main():lattice-best-path.cc:99) For utterance yweweler_0_yweweler_26, best cost 94.9341 + 3684.91 = 3779.84 over 34 frames.
yweweler_0_yweweler_26 zero 
LOG (lattice-best-path[5.0.62~1-68cee]:main():lattice-best-path.cc:99) For utterance yweweler_0_yweweler_27, best cost 93.9732 + 3573.53 = 3667.5 over 34 frames.
yweweler_0_yweweler_27 zero 
LOG (lattice-best-path[5.0.62~1-68cee]:main():lattice-best-path.cc:99) For utterance yweweler_0_yweweler_28, best cost 100.761 + 4257.97 = 4358.73 over 40 frames.
yweweler_0_yweweler_28 zero 
LOG (lattice-best-path[5.0.62~1-68cee]:main():lattice-best-path.cc:99) For utterance yweweler_0_yweweler_29, best cost 107.599 + 3867.68 = 3975.28 over 36 frames.
yweweler_0_yweweler_29 zero 
LOG (lattice-best-path[5.0.62~1-68cee]:main():lattice-best-path.cc:99) For utterance yweweler_0_yweweler_3, best cost 95.2734 + 3661.93 = 3757.2 over 34 frames.
yweweler_0_yweweler_3 zero 
LOG (lattice-best-path[5.0.62~1-68cee]:main():lattice-best-path.cc:99) For utterance yweweler_0_yweweler_30, best cost 94.3932 + 4141.65 = 4236.04 over 38 frames.
yweweler_0_yweweler_30 zero 
LOG (lattice-best-path[5.0.62~1-68cee]:main():lattice-best-path.cc:99) For utterance yweweler_0_yweweler_31, best cost 98.4624 + 3259.6 = 3358.06 over 31 frames.
yweweler_0_yweweler_31 zero 
LOG (lattice-best-path[5.0.62~1-68cee]:main():lattice-best-path.cc:99) For utterance yweweler_0_yweweler_32, best cost 101.981 + 4067.03 = 4169.01 over 34 frames.
yweweler_0_yweweler_32 four 
LOG (lattice-best-path[5.0.62~1-68cee]:main():lattice-best-path.cc:99) For utterance yweweler_0_yweweler_33, best cost 97.2116 + 4801.58 = 4898.79 over 47 frames.
yweweler_0_yweweler_33 zero 
LOG (lattice-best-path[5.0.62~1-68cee]:main():lattice-best-path.cc:99) For utterance yweweler_0_yweweler_34, best cost 37.9873 + 4207.08 = 4245.07 over 35 frames.
yweweler_0_yweweler_34 
LOG (lattice-best-path[5.0.62~1-68cee]:main():lattice-best-path.cc:99) For utterance yweweler_0_yweweler_35, best cost 99.521 + 4156.04 = 4255.56 over 37 frames.
yweweler_0_yweweler_35 zero 
LOG (lattice-best-path[5.0.62~1-68cee]:main():lattice-best-path.cc:99) For utterance yweweler_0_yweweler_36, best cost 111.242 + 4795.08 = 4906.32 over 43 frames.
yweweler_0_yweweler_36 zero 
LOG (lattice-best-path[5.0.62~1-68cee]:main():lattice-best-path.cc:99) For utterance yweweler_0_yweweler_37, best cost 96.418 + 3844.12 = 3940.54 over 36 frames.
yweweler_0_yweweler_37 zero 
LOG (lattice-best-path[5.0.62~1-68cee]:main():lattice-best-path.cc:99) For utterance yweweler_0_yweweler_38, best cost 106.147 + 3987.97 = 4094.12 over 39 frames.
yweweler_0_yweweler_38 zero 
LOG (lattice-best-path[5.0.62~1-68cee]:main():lattice-best-path.cc:99) For utterance yweweler_0_yweweler_39, best cost 110.514 + 4510.14 = 4620.66 over 42 frames.
yweweler_0_yweweler_39 zero 
LOG (lattice-best-path[5.0.62~1-68cee]:main():lattice-best-path.cc:99) For utterance yweweler_0_yweweler_4, best cost 97.2222 + 3330.07 = 3427.29 over 30 frames.
yweweler_0_yweweler_4 zero 
LOG (lattice-best-path[5.0.62~1-68cee]:main():lattice-best-path.cc:99) For utterance yweweler_0_yweweler_40, best cost 104.366 + 4706.2 = 4810.57 over 43 frames.
yweweler_0_yweweler_40 zero 
LOG (lattice-best-path[5.0.62~1-68cee]:main():lattice-best-path.cc:99) For utterance yweweler_0_yweweler_41, best cost 93.6969 + 3200.36 = 3294.06 over 31 frames.
yweweler_0_yweweler_41 zero 
LOG (lattice-best-path[5.0.62~1-68cee]:main():lattice-best-path.cc:99) For utterance yweweler_0_yweweler_42, best cost 104.261 + 4449.5 = 4553.76 over 41 frames.
yweweler_0_yweweler_42 zero 
LOG (lattice-best-path[5.0.62~1-68cee]:main():lattice-best-path.cc:99) For utterance yweweler_0_yweweler_43, best cost 94.2744 + 3314.71 = 3408.99 over 32 frames.
yweweler_0_yweweler_43 zero 
LOG (lattice-best-path[5.0.62~1-68cee]:main():lattice-best-path.cc:99) For utterance yweweler_0_yweweler_44, best cost 93.6159 + 3277.83 = 3371.44 over 30 frames.
yweweler_0_yweweler_44 zero 
LOG (lattice-best-path[5.0.62~1-68cee]:main():lattice-best-path.cc:99) For utterance yweweler_0_yweweler_45, best cost 101.206 + 3593.14 = 3694.34 over 33 frames.
yweweler_0_yweweler_45 zero 
LOG (lattice-best-path[5.0.62~1-68cee]:main():lattice-best-path.cc:99) For utterance yweweler_0_yweweler_46, best cost 93.0039 + 2861.55 = 2954.56 over 27 frames.
yweweler_0_yweweler_46 zero 
LOG (lattice-best-path[5.0.62~1-68cee]:main():lattice-best-path.cc:99) For utterance yweweler_0_yweweler_47, best cost 95.943 + 3517.16 = 3613.11 over 33 frames.
yweweler_0_yweweler_47 zero 
LOG (lattice-best-path[5.0.62~1-68cee]:main():lattice-best-path.cc:99) For utterance yweweler_0_yweweler_48, best cost 103.295 + 3738.1 = 3841.4 over 37 frames.
yweweler_0_yweweler_48 zero 
LOG (lattice-best-path[5.0.62~1-68cee]:main():lattice-best-path.cc:99) For utterance yweweler_0_yweweler_49, best cost 99.8015 + 3686.38 = 3786.19 over 37 frames.
yweweler_0_yweweler_49 zero 
LOG (lattice-best-path[5.0.62~1-68cee]:main():lattice-best-path.cc:99) For utterance yweweler_0_yweweler_5, best cost 108.472 + 4182.97 = 4291.44 over 38 frames.
yweweler_0_yweweler_5 zero 
LOG (lattice-best-path[5.0.62~1-68cee]:main():lattice-best-path.cc:99) For utterance yweweler_0_yweweler_6, best cost 96.9371 + 4159.99 = 4256.93 over 38 frames.
yweweler_0_yweweler_6 zero 
LOG (lattice-best-path[5.0.62~1-68cee]:main():lattice-best-path.cc:99) For utterance yweweler_0_yweweler_7, best cost 38.475 + 4253.87 = 4292.35 over 37 frames.
yweweler_0_yweweler_7 
LOG (lattice-best-path[5.0.62~1-68cee]:main():lattice-best-path.cc:99) For utterance yweweler_0_yweweler_8, best cost 90.3041 + 3451.02 = 3541.33 over 32 frames.
yweweler_0_yweweler_8 zero 
LOG (lattice-best-path[5.0.62~1-68cee]:main():lattice-best-path.cc:99) For utterance yweweler_0_yweweler_9, best cost 99.266 + 3711.96 = 3811.22 over 34 frames.
yweweler_0_yweweler_9 zero 
LOG (lattice-best-path[5.0.62~1-68cee]:main():lattice-best-path.cc:99) For utterance yweweler_1_yweweler_0, best cost 103.142 + 4133.65 = 4236.79 over 40 frames.
yweweler_1_yweweler_0 one 
LOG (lattice-best-path[5.0.62~1-68cee]:main():lattice-best-path.cc:99) For utterance yweweler_1_yweweler_1, best cost 87.181 + 1951.04 = 2038.22 over 20 frames.
yweweler_1_yweweler_1 one 
LOG (lattice-best-path[5.0.62~1-68cee]:main():lattice-best-path.cc:99) For utterance yweweler_1_yweweler_10, best cost 90.6023 + 2723.72 = 2814.33 over 26 frames.
yweweler_1_yweweler_10 one 
LOG (lattice-best-path[5.0.62~1-68cee]:main():lattice-best-path.cc:99) For utterance yweweler_1_yweweler_11, best cost 95.0027 + 3170.7 = 3265.7 over 32 frames.
yweweler_1_yweweler_11 one 
LOG (lattice-best-path[5.0.62~1-68cee]:main():lattice-best-path.cc:99) For utterance yweweler_1_yweweler_12, best cost 95.379 + 3492.59 = 3587.97 over 35 frames.
yweweler_1_yweweler_12 one 
LOG (lattice-best-path[5.0.62~1-68cee]:main():lattice-best-path.cc:99) For utterance yweweler_1_yweweler_13, best cost 95.3931 + 3228.52 = 3323.91 over 32 frames.
yweweler_1_yweweler_13 one 
LOG (lattice-best-path[5.0.62~1-68cee]:main():lattice-best-path.cc:99) For utterance yweweler_1_yweweler_14, best cost 92.7132 + 2633.39 = 2726.1 over 27 frames.
yweweler_1_yweweler_14 one 
LOG (lattice-best-path[5.0.62~1-68cee]:main():lattice-best-path.cc:99) For utterance yweweler_1_yweweler_15, best cost 111.986 + 4939.06 = 5051.04 over 49 frames.
yweweler_1_yweweler_15 one 
LOG (lattice-best-path[5.0.62~1-68cee]:main():lattice-best-path.cc:99) For utterance yweweler_1_yweweler_16, best cost 94.5788 + 3129.51 = 3224.09 over 33 frames.
yweweler_1_yweweler_16 one 
LOG (lattice-best-path[5.0.62~1-68cee]:main():lattice-best-path.cc:99) For utterance yweweler_1_yweweler_17, best cost 92.582 + 2663.81 = 2756.39 over 28 frames.
yweweler_1_yweweler_17 one 
LOG (lattice-best-path[5.0.62~1-68cee]:main():lattice-best-path.cc:99) For utterance yweweler_1_yweweler_18, best cost 94.1661 + 3171.21 = 3265.38 over 33 frames.
yweweler_1_yweweler_18 one 
LOG (lattice-best-path[5.0.62~1-68cee]:main():lattice-best-path.cc:99) For utterance yweweler_1_yweweler_19, best cost 95.0099 + 3119.97 = 3214.98 over 33 frames.
yweweler_1_yweweler_19 one 
LOG (lattice-best-path[5.0.62~1-68cee]:main():lattice-best-path.cc:99) For utterance yweweler_1_yweweler_2, best cost 94.5879 + 3056.22 = 3150.81 over 32 frames.
yweweler_1_yweweler_2 one 
LOG (lattice-best-path[5.0.62~1-68cee]:main():lattice-best-path.cc:99) For utterance yweweler_1_yweweler_20, best cost 96.4469 + 3337.22 = 3433.66 over 35 frames.
yweweler_1_yweweler_20 one 
LOG (lattice-best-path[5.0.62~1-68cee]:main():lattice-best-path.cc:99) For utterance yweweler_1_yweweler_21, best cost 94.454 + 3000.21 = 3094.67 over 31 frames.
yweweler_1_yweweler_21 one 
LOG (lattice-best-path[5.0.62~1-68cee]:main():lattice-best-path.cc:99) For utterance yweweler_1_yweweler_22, best cost 91.8946 + 2759.28 = 2851.18 over 29 frames.
yweweler_1_yweweler_22 one 
LOG (lattice-best-path[5.0.62~1-68cee]:main():lattice-best-path.cc:99) For utterance yweweler_1_yweweler_23, best cost 92.6671 + 2958.51 = 3051.18 over 31 frames.
yweweler_1_yweweler_23 one 
LOG (lattice-best-path[5.0.62~1-68cee]:main():lattice-best-path.cc:99) For utterance yweweler_1_yweweler_24, best cost 92.7965 + 2741.28 = 2834.08 over 29 frames.
yweweler_1_yweweler_24 one 
LOG (lattice-best-path[5.0.62~1-68cee]:main():lattice-best-path.cc:99) For utterance yweweler_1_yweweler_25, best cost 90.7992 + 2353.2 = 2444 over 24 frames.
yweweler_1_yweweler_25 one 
LOG (lattice-best-path[5.0.62~1-68cee]:main():lattice-best-path.cc:99) For utterance yweweler_1_yweweler_26, best cost 102.697 + 3432.75 = 3535.45 over 36 frames.
yweweler_1_yweweler_26 one 
LOG (lattice-best-path[5.0.62~1-68cee]:main():lattice-best-path.cc:99) For utterance yweweler_1_yweweler_27, best cost 90.6567 + 2529.66 = 2620.31 over 26 frames.
yweweler_1_yweweler_27 one 
LOG (lattice-best-path[5.0.62~1-68cee]:main():lattice-best-path.cc:99) For utterance yweweler_1_yweweler_28, best cost 92.3513 + 2363.08 = 2455.43 over 26 frames.
yweweler_1_yweweler_28 one 
LOG (lattice-best-path[5.0.62~1-68cee]:main():lattice-best-path.cc:99) For utterance yweweler_1_yweweler_29, best cost 94.2198 + 2911.66 = 3005.88 over 32 frames.
yweweler_1_yweweler_29 one 
LOG (lattice-best-path[5.0.62~1-68cee]:main():lattice-best-path.cc:99) For utterance yweweler_1_yweweler_3, best cost 91.8853 + 2934.24 = 3026.13 over 29 frames.
yweweler_1_yweweler_3 one 
LOG (lattice-best-path[5.0.62~1-68cee]:main():lattice-best-path.cc:99) For utterance yweweler_1_yweweler_30, best cost 93.6605 + 2970.73 = 3064.39 over 32 frames.
yweweler_1_yweweler_30 one 
LOG (lattice-best-path[5.0.62~1-68cee]:main():lattice-best-path.cc:99) For utterance yweweler_1_yweweler_31, best cost 97.1966 + 3483.05 = 3580.25 over 37 frames.
yweweler_1_yweweler_31 one 
LOG (lattice-best-path[5.0.62~1-68cee]:main():lattice-best-path.cc:99) For utterance yweweler_1_yweweler_32, best cost 91.4411 + 2540.62 = 2632.06 over 25 frames.
yweweler_1_yweweler_32 one 
LOG (lattice-best-path[5.0.62~1-68cee]:main():lattice-best-path.cc:99) For utterance yweweler_1_yweweler_33, best cost 97.5587 + 3905.81 = 4003.37 over 41 frames.
yweweler_1_yweweler_33 one 
LOG (lattice-best-path[5.0.62~1-68cee]:main():lattice-best-path.cc:99) For utterance yweweler_1_yweweler_34, best cost 93.5511 + 2791.97 = 2885.52 over 31 frames.
yweweler_1_yweweler_34 one 
LOG (lattice-best-path[5.0.62~1-68cee]:main():lattice-best-path.cc:99) For utterance yweweler_1_yweweler_35, best cost 92.7679 + 2705.27 = 2798.03 over 23 frames.
yweweler_1_yweweler_35 one 
LOG (lattice-best-path[5.0.62~1-68cee]:main():lattice-best-path.cc:99) For utterance yweweler_1_yweweler_36, best cost 99.9559 + 3609.39 = 3709.35 over 33 frames.
yweweler_1_yweweler_36 one 
LOG (lattice-best-path[5.0.62~1-68cee]:main():lattice-best-path.cc:99) For utterance yweweler_1_yweweler_37, best cost 106.495 + 4771.92 = 4878.41 over 45 frames.
yweweler_1_yweweler_37 one 
LOG (lattice-best-path[5.0.62~1-68cee]:main():lattice-best-path.cc:99) For utterance yweweler_1_yweweler_38, best cost 94.8953 + 3355.52 = 3450.42 over 35 frames.
yweweler_1_yweweler_38 one 
LOG (lattice-best-path[5.0.62~1-68cee]:main():lattice-best-path.cc:99) For utterance yweweler_1_yweweler_39, best cost 98.6918 + 3304.23 = 3402.92 over 31 frames.
yweweler_1_yweweler_39 one 
LOG (lattice-best-path[5.0.62~1-68cee]:main():lattice-best-path.cc:99) For utterance yweweler_1_yweweler_4, best cost 91.7699 + 2777.96 = 2869.73 over 28 frames.
yweweler_1_yweweler_4 one 
LOG (lattice-best-path[5.0.62~1-68cee]:main():lattice-best-path.cc:99) For utterance yweweler_1_yweweler_40, best cost 93.7797 + 3517.31 = 3611.09 over 34 frames.
yweweler_1_yweweler_40 one 
LOG (lattice-best-path[5.0.62~1-68cee]:main():lattice-best-path.cc:99) For utterance yweweler_1_yweweler_41, best cost 95.5889 + 4064.33 = 4159.92 over 39 frames.
yweweler_1_yweweler_41 one 
LOG (lattice-best-path[5.0.62~1-68cee]:main():lattice-best-path.cc:99) For utterance yweweler_1_yweweler_42, best cost 97.812 + 3721.01 = 3818.82 over 33 frames.
yweweler_1_yweweler_42 one 
LOG (lattice-best-path[5.0.62~1-68cee]:main():lattice-best-path.cc:99) For utterance yweweler_1_yweweler_43, best cost 94.5204 + 3187.81 = 3282.34 over 33 frames.
yweweler_1_yweweler_43 one 
LOG (lattice-best-path[5.0.62~1-68cee]:main():lattice-best-path.cc:99) For utterance yweweler_1_yweweler_44, best cost 91.9258 + 2874.53 = 2966.46 over 29 frames.
yweweler_1_yweweler_44 one 
LOG (lattice-best-path[5.0.62~1-68cee]:main():lattice-best-path.cc:99) For utterance yweweler_1_yweweler_45, best cost 95.6443 + 3258.87 = 3354.51 over 35 frames.
yweweler_1_yweweler_45 one 
LOG (lattice-best-path[5.0.62~1-68cee]:main():lattice-best-path.cc:99) For utterance yweweler_1_yweweler_46, best cost 102.569 + 3479.6 = 3582.17 over 37 frames.
yweweler_1_yweweler_46 one 
LOG (lattice-best-path[5.0.62~1-68cee]:main():lattice-best-path.cc:99) For utterance yweweler_1_yweweler_47, best cost 93.9974 + 3401.83 = 3495.82 over 33 frames.
yweweler_1_yweweler_47 one 
LOG (lattice-best-path[5.0.62~1-68cee]:main():lattice-best-path.cc:99) For utterance yweweler_1_yweweler_48, best cost 101.818 + 3958.06 = 4059.88 over 39 frames.
yweweler_1_yweweler_48 one 
LOG (lattice-best-path[5.0.62~1-68cee]:main():lattice-best-path.cc:99) For utterance yweweler_1_yweweler_49, best cost 97.2241 + 3588.34 = 3685.56 over 39 frames.
yweweler_1_yweweler_49 one 
LOG (lattice-best-path[5.0.62~1-68cee]:main():lattice-best-path.cc:99) For utterance yweweler_1_yweweler_5, best cost 94.7222 + 2907.03 = 3001.75 over 31 frames.
yweweler_1_yweweler_5 one 
LOG (lattice-best-path[5.0.62~1-68cee]:main():lattice-best-path.cc:99) For utterance yweweler_1_yweweler_6, best cost 89.5234 + 2517.75 = 2607.27 over 24 frames.
yweweler_1_yweweler_6 one 
LOG (lattice-best-path[5.0.62~1-68cee]:main():lattice-best-path.cc:99) For utterance yweweler_1_yweweler_7, best cost 90.3262 + 2460.41 = 2550.74 over 25 frames.
yweweler_1_yweweler_7 one 
LOG (lattice-best-path[5.0.62~1-68cee]:main():lattice-best-path.cc:99) For utterance yweweler_1_yweweler_8, best cost 91.06 + 2629.98 = 2721.04 over 24 frames.
yweweler_1_yweweler_8 one 
LOG (lattice-best-path[5.0.62~1-68cee]:main():lattice-best-path.cc:99) For utterance yweweler_1_yweweler_9, best cost 96.2099 + 2497.26 = 2593.47 over 25 frames.
yweweler_1_yweweler_9 one 
LOG (lattice-best-path[5.0.62~1-68cee]:main():lattice-best-path.cc:99) For utterance yweweler_2_yweweler_0, best cost 90.3075 + 2864.68 = 2954.99 over 25 frames.
yweweler_2_yweweler_0 two 
LOG (lattice-best-path[5.0.62~1-68cee]:main():lattice-best-path.cc:99) For utterance yweweler_2_yweweler_1, best cost 84.7857 + 3125.97 = 3210.76 over 28 frames.
yweweler_2_yweweler_1 two 
LOG (lattice-best-path[5.0.62~1-68cee]:main():lattice-best-path.cc:99) For utterance yweweler_2_yweweler_10, best cost 93.3189 + 2668.77 = 2762.09 over 25 frames.
yweweler_2_yweweler_10 two 
LOG (lattice-best-path[5.0.62~1-68cee]:main():lattice-best-path.cc:99) For utterance yweweler_2_yweweler_11, best cost 41.3369 + 3080.96 = 3122.29 over 26 frames.
yweweler_2_yweweler_11 
LOG (lattice-best-path[5.0.62~1-68cee]:main():lattice-best-path.cc:99) For utterance yweweler_2_yweweler_12, best cost 90.6282 + 2714.42 = 2805.05 over 25 frames.
yweweler_2_yweweler_12 two 
LOG (lattice-best-path[5.0.62~1-68cee]:main():lattice-best-path.cc:99) For utterance yweweler_2_yweweler_13, best cost 35.297 + 2880.83 = 2916.13 over 25 frames.
yweweler_2_yweweler_13 
LOG (lattice-best-path[5.0.62~1-68cee]:main():lattice-best-path.cc:99) For utterance yweweler_2_yweweler_14, best cost 99.157 + 3016.94 = 3116.1 over 29 frames.
yweweler_2_yweweler_14 two 
LOG (lattice-best-path[5.0.62~1-68cee]:main():lattice-best-path.cc:99) For utterance yweweler_2_yweweler_15, best cost 97.5298 + 2838.47 = 2936 over 27 frames.
yweweler_2_yweweler_15 two 
LOG (lattice-best-path[5.0.62~1-68cee]:main():lattice-best-path.cc:99) For utterance yweweler_2_yweweler_16, best cost 85.0039 + 3064.59 = 3149.6 over 30 frames.
yweweler_2_yweweler_16 two 
LOG (lattice-best-path[5.0.62~1-68cee]:main():lattice-best-path.cc:99) For utterance yweweler_2_yweweler_17, best cost 91.2329 + 2935.72 = 3026.95 over 28 frames.
yweweler_2_yweweler_17 two 
LOG (lattice-best-path[5.0.62~1-68cee]:main():lattice-best-path.cc:99) For utterance yweweler_2_yweweler_18, best cost 97.8589 + 2820.38 = 2918.24 over 28 frames.
yweweler_2_yweweler_18 two 
LOG (lattice-best-path[5.0.62~1-68cee]:main():lattice-best-path.cc:99) For utterance yweweler_2_yweweler_19, best cost 93.098 + 2495.41 = 2588.5 over 23 frames.
yweweler_2_yweweler_19 two 
LOG (lattice-best-path[5.0.62~1-68cee]:main():lattice-best-path.cc:99) For utterance yweweler_2_yweweler_2, best cost 89.7659 + 2431.24 = 2521 over 22 frames.
yweweler_2_yweweler_2 two 
LOG (lattice-best-path[5.0.62~1-68cee]:main():lattice-best-path.cc:99) For utterance yweweler_2_yweweler_20, best cost 84.5338 + 2851.26 = 2935.79 over 27 frames.
yweweler_2_yweweler_20 two 
LOG (lattice-best-path[5.0.62~1-68cee]:main():lattice-best-path.cc:99) For utterance yweweler_2_yweweler_21, best cost 97.2267 + 3083.31 = 3180.54 over 29 frames.
yweweler_2_yweweler_21 two 
LOG (lattice-best-path[5.0.62~1-68cee]:main():lattice-best-path.cc:99) For utterance yweweler_2_yweweler_22, best cost 98.1572 + 2810 = 2908.16 over 28 frames.
yweweler_2_yweweler_22 two 
LOG (lattice-best-path[5.0.62~1-68cee]:main():lattice-best-path.cc:99) For utterance yweweler_2_yweweler_23, best cost 93.3764 + 2894.24 = 2987.61 over 28 frames.
yweweler_2_yweweler_23 two 
LOG (lattice-best-path[5.0.62~1-68cee]:main():lattice-best-path.cc:99) For utterance yweweler_2_yweweler_24, best cost 84.6504 + 2925.26 = 3009.91 over 27 frames.
yweweler_2_yweweler_24 two 
LOG (lattice-best-path[5.0.62~1-68cee]:main():lattice-best-path.cc:99) For utterance yweweler_2_yweweler_25, best cost 89.9675 + 2491.21 = 2581.18 over 22 frames.
yweweler_2_yweweler_25 two 
LOG (lattice-best-path[5.0.62~1-68cee]:main():lattice-best-path.cc:99) For utterance yweweler_2_yweweler_26, best cost 92.0088 + 3080.17 = 3172.18 over 30 frames.
yweweler_2_yweweler_26 two 
LOG (lattice-best-path[5.0.62~1-68cee]:main():lattice-best-path.cc:99) For utterance yweweler_2_yweweler_27, best cost 85.8164 + 3328.17 = 3413.98 over 31 frames.
yweweler_2_yweweler_27 two 
LOG (lattice-best-path[5.0.62~1-68cee]:main():lattice-best-path.cc:99) For utterance yweweler_2_yweweler_28, best cost 86.5871 + 3297.6 = 3384.19 over 33 frames.
yweweler_2_yweweler_28 two 
LOG (lattice-best-path[5.0.62~1-68cee]:main():lattice-best-path.cc:99) For utterance yweweler_2_yweweler_29, best cost 86.8135 + 3578.16 = 3664.97 over 33 frames.
yweweler_2_yweweler_29 two 
LOG (lattice-best-path[5.0.62~1-68cee]:main():lattice-best-path.cc:99) For utterance yweweler_2_yweweler_3, best cost 90.6431 + 2792.64 = 2883.28 over 26 frames.
yweweler_2_yweweler_3 two 
LOG (lattice-best-path[5.0.62~1-68cee]:main():lattice-best-path.cc:99) For utterance yweweler_2_yweweler_30, best cost 98.4224 + 2960.53 = 3058.95 over 27 frames.
yweweler_2_yweweler_30 two 
LOG (lattice-best-path[5.0.62~1-68cee]:main():lattice-best-path.cc:99) For utterance yweweler_2_yweweler_31, best cost 35.7242 + 3036.02 = 3071.75 over 26 frames.
yweweler_2_yweweler_31 
LOG (lattice-best-path[5.0.62~1-68cee]:main():lattice-best-path.cc:99) For utterance yweweler_2_yweweler_32, best cost 36.2723 + 3199.09 = 3235.36 over 29 frames.
yweweler_2_yweweler_32 
LOG (lattice-best-path[5.0.62~1-68cee]:main():lattice-best-path.cc:99) For utterance yweweler_2_yweweler_33, best cost 37.6324 + 3182.4 = 3220.03 over 28 frames.
yweweler_2_yweweler_33 
LOG (lattice-best-path[5.0.62~1-68cee]:main():lattice-best-path.cc:99) For utterance yweweler_2_yweweler_34, best cost 85.5722 + 3276.57 = 3362.14 over 31 frames.
yweweler_2_yweweler_34 two 
LOG (lattice-best-path[5.0.62~1-68cee]:main():lattice-best-path.cc:99) For utterance yweweler_2_yweweler_35, best cost 94.6061 + 3028.38 = 3122.99 over 26 frames.
yweweler_2_yweweler_35 four 
LOG (lattice-best-path[5.0.62~1-68cee]:main():lattice-best-path.cc:99) For utterance yweweler_2_yweweler_36, best cost 106.401 + 4551.04 = 4657.44 over 40 frames.
yweweler_2_yweweler_36 two 
LOG (lattice-best-path[5.0.62~1-68cee]:main():lattice-best-path.cc:99) For utterance yweweler_2_yweweler_37, best cost 86.4058 + 3927.87 = 4014.27 over 36 frames.
yweweler_2_yweweler_37 two 
LOG (lattice-best-path[5.0.62~1-68cee]:main():lattice-best-path.cc:99) For utterance yweweler_2_yweweler_38, best cost 95.829 + 3942.21 = 4038.04 over 37 frames.
yweweler_2_yweweler_38 two 
LOG (lattice-best-path[5.0.62~1-68cee]:main():lattice-best-path.cc:99) For utterance yweweler_2_yweweler_39, best cost 87.6166 + 3658.03 = 3745.65 over 33 frames.
yweweler_2_yweweler_39 two 
LOG (lattice-best-path[5.0.62~1-68cee]:main():lattice-best-path.cc:99) For utterance yweweler_2_yweweler_4, best cost 84.768 + 2858.3 = 2943.07 over 27 frames.
yweweler_2_yweweler_4 two 
LOG (lattice-best-path[5.0.62~1-68cee]:main():lattice-best-path.cc:99) For utterance yweweler_2_yweweler_40, best cost 85.4179 + 3334.37 = 3419.79 over 32 frames.
yweweler_2_yweweler_40 two 
LOG (lattice-best-path[5.0.62~1-68cee]:main():lattice-best-path.cc:99) For utterance yweweler_2_yweweler_41, best cost 92.4882 + 3261.6 = 3354.08 over 29 frames.
yweweler_2_yweweler_41 two 
LOG (lattice-best-path[5.0.62~1-68cee]:main():lattice-best-path.cc:99) For utterance yweweler_2_yweweler_42, best cost 82.9781 + 2709.96 = 2792.94 over 24 frames.
yweweler_2_yweweler_42 two 
LOG (lattice-best-path[5.0.62~1-68cee]:main():lattice-best-path.cc:99) For utterance yweweler_2_yweweler_43, best cost 84.4411 + 2708.44 = 2792.88 over 26 frames.
yweweler_2_yweweler_43 two 
LOG (lattice-best-path[5.0.62~1-68cee]:main():lattice-best-path.cc:99) For utterance yweweler_2_yweweler_44, best cost 91.1599 + 2995.16 = 3086.32 over 27 frames.
yweweler_2_yweweler_44 two 
LOG (lattice-best-path[5.0.62~1-68cee]:main():lattice-best-path.cc:99) For utterance yweweler_2_yweweler_45, best cost 90.6095 + 2668.83 = 2759.44 over 23 frames.
yweweler_2_yweweler_45 two 
LOG (lattice-best-path[5.0.62~1-68cee]:main():lattice-best-path.cc:99) For utterance yweweler_2_yweweler_46, best cost 37.264 + 3577.26 = 3614.52 over 31 frames.
yweweler_2_yweweler_46 
LOG (lattice-best-path[5.0.62~1-68cee]:main():lattice-best-path.cc:99) For utterance yweweler_2_yweweler_47, best cost 83.352 + 2392.96 = 2476.31 over 23 frames.
yweweler_2_yweweler_47 two 
LOG (lattice-best-path[5.0.62~1-68cee]:main():lattice-best-path.cc:99) For utterance yweweler_2_yweweler_48, best cost 91.537 + 3240.29 = 3331.82 over 30 frames.
yweweler_2_yweweler_48 two 
LOG (lattice-best-path[5.0.62~1-68cee]:main():lattice-best-path.cc:99) For utterance yweweler_2_yweweler_49, best cost 90.9809 + 3130.73 = 3221.71 over 28 frames.
yweweler_2_yweweler_49 two 
LOG (lattice-best-path[5.0.62~1-68cee]:main():lattice-best-path.cc:99) For utterance yweweler_2_yweweler_5, best cost 85.6114 + 2991.28 = 3076.89 over 30 frames.
yweweler_2_yweweler_5 two 
LOG (lattice-best-path[5.0.62~1-68cee]:main():lattice-best-path.cc:99) For utterance yweweler_2_yweweler_6, best cost 99.0711 + 2993.2 = 3092.27 over 29 frames.
yweweler_2_yweweler_6 two 
LOG (lattice-best-path[5.0.62~1-68cee]:main():lattice-best-path.cc:99) For utterance yweweler_2_yweweler_7, best cost 86.3105 + 3192.73 = 3279.04 over 31 frames.
yweweler_2_yweweler_7 two 
LOG (lattice-best-path[5.0.62~1-68cee]:main():lattice-best-path.cc:99) For utterance yweweler_2_yweweler_8, best cost 92.7171 + 2878.76 = 2971.48 over 25 frames.
yweweler_2_yweweler_8 two 
LOG (lattice-best-path[5.0.62~1-68cee]:main():lattice-best-path.cc:99) For utterance yweweler_2_yweweler_9, best cost 91.827 + 2657.14 = 2748.97 over 25 frames.
yweweler_2_yweweler_9 two 
LOG (lattice-best-path[5.0.62~1-68cee]:main():lattice-best-path.cc:99) For utterance yweweler_3_yweweler_0, best cost 97.343 + 3885.93 = 3983.28 over 37 frames.
yweweler_3_yweweler_0 eight 
LOG (lattice-best-path[5.0.62~1-68cee]:main():lattice-best-path.cc:99) For utterance yweweler_3_yweweler_1, best cost 95.2414 + 3072.07 = 3167.31 over 29 frames.
yweweler_3_yweweler_1 three 
LOG (lattice-best-path[5.0.62~1-68cee]:main():lattice-best-path.cc:99) For utterance yweweler_3_yweweler_10, best cost 92.1055 + 3219.42 = 3311.53 over 31 frames.
yweweler_3_yweweler_10 eight 
LOG (lattice-best-path[5.0.62~1-68cee]:main():lattice-best-path.cc:99) For utterance yweweler_3_yweweler_11, best cost 105.167 + 3911.76 = 4016.93 over 38 frames.
yweweler_3_yweweler_11 three 
LOG (lattice-best-path[5.0.62~1-68cee]:main():lattice-best-path.cc:99) For utterance yweweler_3_yweweler_12, best cost 116.591 + 3919.44 = 4036.03 over 37 frames.
yweweler_3_yweweler_12 three 
LOG (lattice-best-path[5.0.62~1-68cee]:main():lattice-best-path.cc:99) For utterance yweweler_3_yweweler_13, best cost 96.1024 + 3830 = 3926.1 over 36 frames.
yweweler_3_yweweler_13 three 
LOG (lattice-best-path[5.0.62~1-68cee]:main():lattice-best-path.cc:99) For utterance yweweler_3_yweweler_14, best cost 93.9736 + 3119 = 3212.97 over 29 frames.
yweweler_3_yweweler_14 three 
LOG (lattice-best-path[5.0.62~1-68cee]:main():lattice-best-path.cc:99) For utterance yweweler_3_yweweler_15, best cost 92.6784 + 2136.64 = 2229.32 over 22 frames.
yweweler_3_yweweler_15 three 
LOG (lattice-best-path[5.0.62~1-68cee]:main():lattice-best-path.cc:99) For utterance yweweler_3_yweweler_16, best cost 107.707 + 3432.59 = 3540.3 over 33 frames.
yweweler_3_yweweler_16 three 
LOG (lattice-best-path[5.0.62~1-68cee]:main():lattice-best-path.cc:99) For utterance yweweler_3_yweweler_17, best cost 98.4484 + 3753.79 = 3852.24 over 37 frames.
yweweler_3_yweweler_17 three 
LOG (lattice-best-path[5.0.62~1-68cee]:main():lattice-best-path.cc:99) For utterance yweweler_3_yweweler_18, best cost 93.97 + 3773.7 = 3867.67 over 34 frames.
yweweler_3_yweweler_18 three 
LOG (lattice-best-path[5.0.62~1-68cee]:main():lattice-best-path.cc:99) For utterance yweweler_3_yweweler_19, best cost 97.2432 + 4118.7 = 4215.95 over 38 frames.
yweweler_3_yweweler_19 three 
LOG (lattice-best-path[5.0.62~1-68cee]:main():lattice-best-path.cc:99) For utterance yweweler_3_yweweler_2, best cost 92.246 + 2255.26 = 2347.5 over 23 frames.
yweweler_3_yweweler_2 eight 
LOG (lattice-best-path[5.0.62~1-68cee]:main():lattice-best-path.cc:99) For utterance yweweler_3_yweweler_20, best cost 93.2108 + 2749.39 = 2842.6 over 26 frames.
yweweler_3_yweweler_20 three 
LOG (lattice-best-path[5.0.62~1-68cee]:main():lattice-best-path.cc:99) For utterance yweweler_3_yweweler_21, best cost 111.377 + 4345.7 = 4457.08 over 40 frames.
yweweler_3_yweweler_21 three 
LOG (lattice-best-path[5.0.62~1-68cee]:main():lattice-best-path.cc:99) For utterance yweweler_3_yweweler_22, best cost 96.4047 + 2637.2 = 2733.6 over 26 frames.
yweweler_3_yweweler_22 three 
LOG (lattice-best-path[5.0.62~1-68cee]:main():lattice-best-path.cc:99) For utterance yweweler_3_yweweler_23, best cost 98.5362 + 3300.72 = 3399.25 over 32 frames.
yweweler_3_yweweler_23 three 
LOG (lattice-best-path[5.0.62~1-68cee]:main():lattice-best-path.cc:99) For utterance yweweler_3_yweweler_24, best cost 96.0009 + 2667.63 = 2763.63 over 26 frames.
yweweler_3_yweweler_24 three 
LOG (lattice-best-path[5.0.62~1-68cee]:main():lattice-best-path.cc:99) For utterance yweweler_3_yweweler_25, best cost 91.8323 + 3137.31 = 3229.15 over 29 frames.
yweweler_3_yweweler_25 eight 
LOG (lattice-best-path[5.0.62~1-68cee]:main():lattice-best-path.cc:99) For utterance yweweler_3_yweweler_26, best cost 100.487 + 3277.26 = 3377.75 over 31 frames.
yweweler_3_yweweler_26 three 
LOG (lattice-best-path[5.0.62~1-68cee]:main():lattice-best-path.cc:99) For utterance yweweler_3_yweweler_27, best cost 94.6908 + 2944.81 = 3039.51 over 27 frames.
yweweler_3_yweweler_27 eight 
LOG (lattice-best-path[5.0.62~1-68cee]:main():lattice-best-path.cc:99) For utterance yweweler_3_yweweler_28, best cost 93.7572 + 2705.57 = 2799.33 over 26 frames.
yweweler_3_yweweler_28 three 
LOG (lattice-best-path[5.0.62~1-68cee]:main():lattice-best-path.cc:99) For utterance yweweler_3_yweweler_29, best cost 93.7287 + 2555.88 = 2649.61 over 26 frames.
yweweler_3_yweweler_29 eight 
LOG (lattice-best-path[5.0.62~1-68cee]:main():lattice-best-path.cc:99) For utterance yweweler_3_yweweler_3, best cost 99.9187 + 3953.58 = 4053.5 over 38 frames.
yweweler_3_yweweler_3 three 
LOG (lattice-best-path[5.0.62~1-68cee]:main():lattice-best-path.cc:99) For utterance yweweler_3_yweweler_30, best cost 95.4486 + 4201.25 = 4296.7 over 39 frames.
yweweler_3_yweweler_30 eight 
LOG (lattice-best-path[5.0.62~1-68cee]:main():lattice-best-path.cc:99) For utterance yweweler_3_yweweler_31, best cost 94.4258 + 1896.68 = 1991.11 over 19 frames.
yweweler_3_yweweler_31 three 
LOG (lattice-best-path[5.0.62~1-68cee]:main():lattice-best-path.cc:99) For utterance yweweler_3_yweweler_32, best cost 91.6775 + 2579.31 = 2670.98 over 26 frames.
yweweler_3_yweweler_32 three 
LOG (lattice-best-path[5.0.62~1-68cee]:main():lattice-best-path.cc:99) For utterance yweweler_3_yweweler_33, best cost 102.46 + 3461.6 = 3564.06 over 32 frames.
yweweler_3_yweweler_33 three 
LOG (lattice-best-path[5.0.62~1-68cee]:main():lattice-best-path.cc:99) For utterance yweweler_3_yweweler_34, best cost 96.898 + 4025.85 = 4122.75 over 37 frames.
yweweler_3_yweweler_34 three 
LOG (lattice-best-path[5.0.62~1-68cee]:main():lattice-best-path.cc:99) For utterance yweweler_3_yweweler_35, best cost 104.143 + 3420.18 = 3524.32 over 33 frames.
yweweler_3_yweweler_35 three 
LOG (lattice-best-path[5.0.62~1-68cee]:main():lattice-best-path.cc:99) For utterance yweweler_3_yweweler_36, best cost 93.4421 + 2730.58 = 2824.02 over 26 frames.
yweweler_3_yweweler_36 three 
LOG (lattice-best-path[5.0.62~1-68cee]:main():lattice-best-path.cc:99) For utterance yweweler_3_yweweler_37, best cost 98.4357 + 4004.16 = 4102.6 over 39 frames.
yweweler_3_yweweler_37 three 
LOG (lattice-best-path[5.0.62~1-68cee]:main():lattice-best-path.cc:99) For utterance yweweler_3_yweweler_38, best cost 92.6293 + 2932.21 = 3024.84 over 26 frames.
yweweler_3_yweweler_38 eight 
LOG (lattice-best-path[5.0.62~1-68cee]:main():lattice-best-path.cc:99) For utterance yweweler_3_yweweler_39, best cost 95.7897 + 3022.91 = 3118.7 over 27 frames.
yweweler_3_yweweler_39 three 
LOG (lattice-best-path[5.0.62~1-68cee]:main():lattice-best-path.cc:99) For utterance yweweler_3_yweweler_4, best cost 98.1342 + 4066.24 = 4164.38 over 38 frames.
yweweler_3_yweweler_4 three 
LOG (lattice-best-path[5.0.62~1-68cee]:main():lattice-best-path.cc:99) For utterance yweweler_3_yweweler_40, best cost 101.292 + 6402.33 = 6503.63 over 60 frames.
yweweler_3_yweweler_40 eight 
LOG (lattice-best-path[5.0.62~1-68cee]:main():lattice-best-path.cc:99) For utterance yweweler_3_yweweler_41, best cost 82.7785 + 2240.66 = 2323.44 over 22 frames.
yweweler_3_yweweler_41 eight 
LOG (lattice-best-path[5.0.62~1-68cee]:main():lattice-best-path.cc:99) For utterance yweweler_3_yweweler_42, best cost 94.7522 + 2813.41 = 2908.16 over 28 frames.
yweweler_3_yweweler_42 three 
LOG (lattice-best-path[5.0.62~1-68cee]:main():lattice-best-path.cc:99) For utterance yweweler_3_yweweler_43, best cost 94.6637 + 3248.82 = 3343.49 over 32 frames.
yweweler_3_yweweler_43 three 
LOG (lattice-best-path[5.0.62~1-68cee]:main():lattice-best-path.cc:99) For utterance yweweler_3_yweweler_44, best cost 91.4298 + 2285.12 = 2376.55 over 24 frames.
yweweler_3_yweweler_44 three 
LOG (lattice-best-path[5.0.62~1-68cee]:main():lattice-best-path.cc:99) For utterance yweweler_3_yweweler_45, best cost 107.386 + 3468.97 = 3576.36 over 32 frames.
yweweler_3_yweweler_45 three 
LOG (lattice-best-path[5.0.62~1-68cee]:main():lattice-best-path.cc:99) For utterance yweweler_3_yweweler_46, best cost 105.216 + 2333.48 = 2438.7 over 24 frames.
yweweler_3_yweweler_46 three 
LOG (lattice-best-path[5.0.62~1-68cee]:main():lattice-best-path.cc:99) For utterance yweweler_3_yweweler_47, best cost 109.364 + 3118.92 = 3228.28 over 31 frames.
yweweler_3_yweweler_47 three 
LOG (lattice-best-path[5.0.62~1-68cee]:main():lattice-best-path.cc:99) For utterance yweweler_3_yweweler_48, best cost 110.839 + 2833.52 = 2944.36 over 29 frames.
yweweler_3_yweweler_48 three 
LOG (lattice-best-path[5.0.62~1-68cee]:main():lattice-best-path.cc:99) For utterance yweweler_3_yweweler_49, best cost 99.8024 + 2462.67 = 2562.48 over 24 frames.
yweweler_3_yweweler_49 three 
LOG (lattice-best-path[5.0.62~1-68cee]:main():lattice-best-path.cc:99) For utterance yweweler_3_yweweler_5, best cost 92.8104 + 3037.8 = 3130.61 over 29 frames.
yweweler_3_yweweler_5 eight 
LOG (lattice-best-path[5.0.62~1-68cee]:main():lattice-best-path.cc:99) For utterance yweweler_3_yweweler_6, best cost 100.811 + 3817.95 = 3918.76 over 35 frames.
yweweler_3_yweweler_6 three 
LOG (lattice-best-path[5.0.62~1-68cee]:main():lattice-best-path.cc:99) For utterance yweweler_3_yweweler_7, best cost 90.2217 + 2299.44 = 2389.66 over 22 frames.
yweweler_3_yweweler_7 eight 
LOG (lattice-best-path[5.0.62~1-68cee]:main():lattice-best-path.cc:99) For utterance yweweler_3_yweweler_8, best cost 94.6004 + 2612.23 = 2706.83 over 24 frames.
yweweler_3_yweweler_8 three 
LOG (lattice-best-path[5.0.62~1-68cee]:main():lattice-best-path.cc:99) For utterance yweweler_3_yweweler_9, best cost 98.4663 + 2979.48 = 3077.94 over 28 frames.
yweweler_3_yweweler_9 three 
LOG (lattice-best-path[5.0.62~1-68cee]:main():lattice-best-path.cc:99) For utterance yweweler_4_yweweler_0, best cost 104.408 + 3870.74 = 3975.15 over 39 frames.
yweweler_4_yweweler_0 four 
LOG (lattice-best-path[5.0.62~1-68cee]:main():lattice-best-path.cc:99) For utterance yweweler_4_yweweler_1, best cost 103.591 + 3734.38 = 3837.97 over 37 frames.
yweweler_4_yweweler_1 four 
LOG (lattice-best-path[5.0.62~1-68cee]:main():lattice-best-path.cc:99) For utterance yweweler_4_yweweler_10, best cost 101.611 + 3605.5 = 3707.11 over 34 frames.
yweweler_4_yweweler_10 four 
LOG (lattice-best-path[5.0.62~1-68cee]:main():lattice-best-path.cc:99) For utterance yweweler_4_yweweler_11, best cost 98.1944 + 3500.59 = 3598.79 over 32 frames.
yweweler_4_yweweler_11 four 
LOG (lattice-best-path[5.0.62~1-68cee]:main():lattice-best-path.cc:99) For utterance yweweler_4_yweweler_12, best cost 101.618 + 4333.8 = 4435.41 over 40 frames.
yweweler_4_yweweler_12 four 
LOG (lattice-best-path[5.0.62~1-68cee]:main():lattice-best-path.cc:99) For utterance yweweler_4_yweweler_13, best cost 101.485 + 3199.05 = 3300.53 over 31 frames.
yweweler_4_yweweler_13 four 
LOG (lattice-best-path[5.0.62~1-68cee]:main():lattice-best-path.cc:99) For utterance yweweler_4_yweweler_14, best cost 94.283 + 2407.08 = 2501.37 over 25 frames.
yweweler_4_yweweler_14 four 
LOG (lattice-best-path[5.0.62~1-68cee]:main():lattice-best-path.cc:99) For utterance yweweler_4_yweweler_15, best cost 100.749 + 3504.04 = 3604.79 over 33 frames.
yweweler_4_yweweler_15 four 
LOG (lattice-best-path[5.0.62~1-68cee]:main():lattice-best-path.cc:99) For utterance yweweler_4_yweweler_16, best cost 92.0908 + 2389.71 = 2481.8 over 25 frames.
yweweler_4_yweweler_16 four 
LOG (lattice-best-path[5.0.62~1-68cee]:main():lattice-best-path.cc:99) For utterance yweweler_4_yweweler_17, best cost 95.4849 + 3259.46 = 3354.95 over 32 frames.
yweweler_4_yweweler_17 four 
LOG (lattice-best-path[5.0.62~1-68cee]:main():lattice-best-path.cc:99) For utterance yweweler_4_yweweler_18, best cost 92.2836 + 2728.21 = 2820.49 over 29 frames.
yweweler_4_yweweler_18 four 
LOG (lattice-best-path[5.0.62~1-68cee]:main():lattice-best-path.cc:99) For utterance yweweler_4_yweweler_19, best cost 91.3385 + 2632.17 = 2723.51 over 29 frames.
yweweler_4_yweweler_19 four 
LOG (lattice-best-path[5.0.62~1-68cee]:main():lattice-best-path.cc:99) For utterance yweweler_4_yweweler_2, best cost 96.146 + 3222.77 = 3318.92 over 31 frames.
yweweler_4_yweweler_2 four 
LOG (lattice-best-path[5.0.62~1-68cee]:main():lattice-best-path.cc:99) For utterance yweweler_4_yweweler_20, best cost 93.4882 + 3045.58 = 3139.07 over 30 frames.
yweweler_4_yweweler_20 four 
LOG (lattice-best-path[5.0.62~1-68cee]:main():lattice-best-path.cc:99) For utterance yweweler_4_yweweler_21, best cost 94.3911 + 3408.75 = 3503.14 over 32 frames.
yweweler_4_yweweler_21 four 
LOG (lattice-best-path[5.0.62~1-68cee]:main():lattice-best-path.cc:99) For utterance yweweler_4_yweweler_22, best cost 84.5575 + 2419.43 = 2503.99 over 25 frames.
yweweler_4_yweweler_22 four 
LOG (lattice-best-path[5.0.62~1-68cee]:main():lattice-best-path.cc:99) For utterance yweweler_4_yweweler_23, best cost 105.105 + 4234.48 = 4339.58 over 41 frames.
yweweler_4_yweweler_23 four 
LOG (lattice-best-path[5.0.62~1-68cee]:main():lattice-best-path.cc:99) For utterance yweweler_4_yweweler_24, best cost 88.5189 + 3200.46 = 3288.98 over 32 frames.
yweweler_4_yweweler_24 four 
LOG (lattice-best-path[5.0.62~1-68cee]:main():lattice-best-path.cc:99) For utterance yweweler_4_yweweler_25, best cost 100.846 + 3325.94 = 3426.78 over 32 frames.
yweweler_4_yweweler_25 four 
LOG (lattice-best-path[5.0.62~1-68cee]:main():lattice-best-path.cc:99) For utterance yweweler_4_yweweler_26, best cost 101.055 + 3635.82 = 3736.88 over 31 frames.
yweweler_4_yweweler_26 four 
LOG (lattice-best-path[5.0.62~1-68cee]:main():lattice-best-path.cc:99) For utterance yweweler_4_yweweler_27, best cost 99.34 + 4128.16 = 4227.5 over 39 frames.
yweweler_4_yweweler_27 four 
LOG (lattice-best-path[5.0.62~1-68cee]:main():lattice-best-path.cc:99) For utterance yweweler_4_yweweler_28, best cost 85.9762 + 2451.94 = 2537.92 over 25 frames.
yweweler_4_yweweler_28 four 
LOG (lattice-best-path[5.0.62~1-68cee]:main():lattice-best-path.cc:99) For utterance yweweler_4_yweweler_29, best cost 102.147 + 3369.68 = 3471.83 over 34 frames.
yweweler_4_yweweler_29 four 
LOG (lattice-best-path[5.0.62~1-68cee]:main():lattice-best-path.cc:99) For utterance yweweler_4_yweweler_3, best cost 83.8069 + 2362.15 = 2445.96 over 25 frames.
yweweler_4_yweweler_3 four 
LOG (lattice-best-path[5.0.62~1-68cee]:main():lattice-best-path.cc:99) For utterance yweweler_4_yweweler_30, best cost 105.015 + 3661.81 = 3766.82 over 37 frames.
yweweler_4_yweweler_30 four 
LOG (lattice-best-path[5.0.62~1-68cee]:main():lattice-best-path.cc:99) For utterance yweweler_4_yweweler_31, best cost 38.5896 + 4169.4 = 4207.99 over 37 frames.
yweweler_4_yweweler_31 
LOG (lattice-best-path[5.0.62~1-68cee]:main():lattice-best-path.cc:99) For utterance yweweler_4_yweweler_32, best cost 102.322 + 4226.66 = 4328.98 over 41 frames.
yweweler_4_yweweler_32 four 
LOG (lattice-best-path[5.0.62~1-68cee]:main():lattice-best-path.cc:99) For utterance yweweler_4_yweweler_33, best cost 35.5408 + 3084.78 = 3120.33 over 26 frames.
yweweler_4_yweweler_33 
LOG (lattice-best-path[5.0.62~1-68cee]:main():lattice-best-path.cc:99) For utterance yweweler_4_yweweler_34, best cost 98.1252 + 4071.5 = 4169.63 over 36 frames.
yweweler_4_yweweler_34 four 
LOG (lattice-best-path[5.0.62~1-68cee]:main():lattice-best-path.cc:99) For utterance yweweler_4_yweweler_35, best cost 107.013 + 4862.46 = 4969.47 over 46 frames.
yweweler_4_yweweler_35 four 
LOG (lattice-best-path[5.0.62~1-68cee]:main():lattice-best-path.cc:99) For utterance yweweler_4_yweweler_36, best cost 103.366 + 3309.34 = 3412.71 over 32 frames.
yweweler_4_yweweler_36 four 
LOG (lattice-best-path[5.0.62~1-68cee]:main():lattice-best-path.cc:99) For utterance yweweler_4_yweweler_37, best cost 110 + 6390.84 = 6500.84 over 59 frames.
yweweler_4_yweweler_37 four 
LOG (lattice-best-path[5.0.62~1-68cee]:main():lattice-best-path.cc:99) For utterance yweweler_4_yweweler_38, best cost 103.1 + 3910.18 = 4013.28 over 36 frames.
yweweler_4_yweweler_38 four 
LOG (lattice-best-path[5.0.62~1-68cee]:main():lattice-best-path.cc:99) For utterance yweweler_4_yweweler_39, best cost 111.299 + 5447.3 = 5558.6 over 50 frames.
yweweler_4_yweweler_39 four 
LOG (lattice-best-path[5.0.62~1-68cee]:main():lattice-best-path.cc:99) For utterance yweweler_4_yweweler_4, best cost 100.994 + 3194.76 = 3295.75 over 33 frames.
yweweler_4_yweweler_4 four 
LOG (lattice-best-path[5.0.62~1-68cee]:main():lattice-best-path.cc:99) For utterance yweweler_4_yweweler_40, best cost 105.122 + 4045.97 = 4151.09 over 39 frames.
yweweler_4_yweweler_40 four 
LOG (lattice-best-path[5.0.62~1-68cee]:main():lattice-best-path.cc:99) For utterance yweweler_4_yweweler_41, best cost 100.309 + 3292.62 = 3392.92 over 33 frames.
yweweler_4_yweweler_41 four 
LOG (lattice-best-path[5.0.62~1-68cee]:main():lattice-best-path.cc:99) For utterance yweweler_4_yweweler_42, best cost 87.7643 + 3102.01 = 3189.78 over 28 frames.
yweweler_4_yweweler_42 four 
LOG (lattice-best-path[5.0.62~1-68cee]:main():lattice-best-path.cc:99) For utterance yweweler_4_yweweler_43, best cost 101.524 + 2574.6 = 2676.12 over 28 frames.
yweweler_4_yweweler_43 four 
LOG (lattice-best-path[5.0.62~1-68cee]:main():lattice-best-path.cc:99) For utterance yweweler_4_yweweler_44, best cost 101.526 + 3533.71 = 3635.23 over 34 frames.
yweweler_4_yweweler_44 four 
LOG (lattice-best-path[5.0.62~1-68cee]:main():lattice-best-path.cc:99) For utterance yweweler_4_yweweler_45, best cost 96.139 + 3156.86 = 3253 over 28 frames.
yweweler_4_yweweler_45 four 
LOG (lattice-best-path[5.0.62~1-68cee]:main():lattice-best-path.cc:99) For utterance yweweler_4_yweweler_46, best cost 100.257 + 2787.64 = 2887.89 over 27 frames.
yweweler_4_yweweler_46 four 
LOG (lattice-best-path[5.0.62~1-68cee]:main():lattice-best-path.cc:99) For utterance yweweler_4_yweweler_47, best cost 101.658 + 3521.61 = 3623.27 over 34 frames.
yweweler_4_yweweler_47 four 
LOG (lattice-best-path[5.0.62~1-68cee]:main():lattice-best-path.cc:99) For utterance yweweler_4_yweweler_48, best cost 89.2038 + 2632.24 = 2721.44 over 25 frames.
yweweler_4_yweweler_48 four 
LOG (lattice-best-path[5.0.62~1-68cee]:main():lattice-best-path.cc:99) For utterance yweweler_4_yweweler_49, best cost 99.4674 + 3507.8 = 3607.26 over 33 frames.
yweweler_4_yweweler_49 four 
LOG (lattice-best-path[5.0.62~1-68cee]:main():lattice-best-path.cc:99) For utterance yweweler_4_yweweler_5, best cost 93.6198 + 3392.48 = 3486.1 over 31 frames.
yweweler_4_yweweler_5 four 
LOG (lattice-best-path[5.0.62~1-68cee]:main():lattice-best-path.cc:99) For utterance yweweler_4_yweweler_6, best cost 37.0283 + 3422.45 = 3459.48 over 29 frames.
yweweler_4_yweweler_6 
LOG (lattice-best-path[5.0.62~1-68cee]:main():lattice-best-path.cc:99) For utterance yweweler_4_yweweler_7, best cost 89.8178 + 2583.27 = 2673.09 over 25 frames.
yweweler_4_yweweler_7 four 
LOG (lattice-best-path[5.0.62~1-68cee]:main():lattice-best-path.cc:99) For utterance yweweler_4_yweweler_8, best cost 33.3627 + 1904.04 = 1937.4 over 15 frames.
yweweler_4_yweweler_8 
LOG (lattice-best-path[5.0.62~1-68cee]:main():lattice-best-path.cc:99) For utterance yweweler_4_yweweler_9, best cost 102.067 + 3559.28 = 3661.34 over 32 frames.
yweweler_4_yweweler_9 four 
LOG (lattice-best-path[5.0.62~1-68cee]:main():lattice-best-path.cc:99) For utterance yweweler_5_yweweler_0, best cost 96.8044 + 2488.85 = 2585.65 over 28 frames.
yweweler_5_yweweler_0 five 
LOG (lattice-best-path[5.0.62~1-68cee]:main():lattice-best-path.cc:99) For utterance yweweler_5_yweweler_1, best cost 108.184 + 3779.22 = 3887.4 over 40 frames.
yweweler_5_yweweler_1 five 
LOG (lattice-best-path[5.0.62~1-68cee]:main():lattice-best-path.cc:99) For utterance yweweler_5_yweweler_10, best cost 106.726 + 4567.83 = 4674.56 over 49 frames.
yweweler_5_yweweler_10 five 
LOG (lattice-best-path[5.0.62~1-68cee]:main():lattice-best-path.cc:99) For utterance yweweler_5_yweweler_11, best cost 112.334 + 4807.49 = 4919.82 over 49 frames.
yweweler_5_yweweler_11 five 
LOG (lattice-best-path[5.0.62~1-68cee]:main():lattice-best-path.cc:99) For utterance yweweler_5_yweweler_12, best cost 99.7356 + 4275.92 = 4375.65 over 42 frames.
yweweler_5_yweweler_12 five 
LOG (lattice-best-path[5.0.62~1-68cee]:main():lattice-best-path.cc:99) For utterance yweweler_5_yweweler_13, best cost 101.079 + 3624.09 = 3725.17 over 37 frames.
yweweler_5_yweweler_13 five 
LOG (lattice-best-path[5.0.62~1-68cee]:main():lattice-best-path.cc:99) For utterance yweweler_5_yweweler_14, best cost 105.526 + 4518.75 = 4624.28 over 47 frames.
yweweler_5_yweweler_14 five 
LOG (lattice-best-path[5.0.62~1-68cee]:main():lattice-best-path.cc:99) For utterance yweweler_5_yweweler_15, best cost 112.697 + 4571.78 = 4684.48 over 48 frames.
yweweler_5_yweweler_15 five 
LOG (lattice-best-path[5.0.62~1-68cee]:main():lattice-best-path.cc:99) For utterance yweweler_5_yweweler_16, best cost 102.597 + 4986.99 = 5089.59 over 48 frames.
yweweler_5_yweweler_16 five 
LOG (lattice-best-path[5.0.62~1-68cee]:main():lattice-best-path.cc:99) For utterance yweweler_5_yweweler_17, best cost 89.7593 + 2322.1 = 2411.86 over 26 frames.
yweweler_5_yweweler_17 five 
LOG (lattice-best-path[5.0.62~1-68cee]:main():lattice-best-path.cc:99) For utterance yweweler_5_yweweler_18, best cost 96.2217 + 2578.48 = 2674.7 over 27 frames.
yweweler_5_yweweler_18 five 
LOG (lattice-best-path[5.0.62~1-68cee]:main():lattice-best-path.cc:99) For utterance yweweler_5_yweweler_19, best cost 108.206 + 3438.4 = 3546.61 over 38 frames.
yweweler_5_yweweler_19 five 
LOG (lattice-best-path[5.0.62~1-68cee]:main():lattice-best-path.cc:99) For utterance yweweler_5_yweweler_2, best cost 100.593 + 3515.7 = 3616.29 over 37 frames.
yweweler_5_yweweler_2 five 
LOG (lattice-best-path[5.0.62~1-68cee]:main():lattice-best-path.cc:99) For utterance yweweler_5_yweweler_20, best cost 101.374 + 4192.55 = 4293.92 over 43 frames.
yweweler_5_yweweler_20 five 
LOG (lattice-best-path[5.0.62~1-68cee]:main():lattice-best-path.cc:99) For utterance yweweler_5_yweweler_21, best cost 112.422 + 4934.86 = 5047.28 over 50 frames.
yweweler_5_yweweler_21 five 
LOG (lattice-best-path[5.0.62~1-68cee]:main():lattice-best-path.cc:99) For utterance yweweler_5_yweweler_22, best cost 104.821 + 4857.59 = 4962.41 over 50 frames.
yweweler_5_yweweler_22 five 
LOG (lattice-best-path[5.0.62~1-68cee]:main():lattice-best-path.cc:99) For utterance yweweler_5_yweweler_23, best cost 102.759 + 4117.31 = 4220.07 over 44 frames.
yweweler_5_yweweler_23 five 
LOG (lattice-best-path[5.0.62~1-68cee]:main():lattice-best-path.cc:99) For utterance yweweler_5_yweweler_24, best cost 101.206 + 3616.79 = 3718 over 39 frames.
yweweler_5_yweweler_24 five 
LOG (lattice-best-path[5.0.62~1-68cee]:main():lattice-best-path.cc:99) For utterance yweweler_5_yweweler_25, best cost 107.916 + 4770.36 = 4878.28 over 51 frames.
yweweler_5_yweweler_25 five 
LOG (lattice-best-path[5.0.62~1-68cee]:main():lattice-best-path.cc:99) For utterance yweweler_5_yweweler_26, best cost 99.8007 + 3982.49 = 4082.29 over 39 frames.
yweweler_5_yweweler_26 five 
LOG (lattice-best-path[5.0.62~1-68cee]:main():lattice-best-path.cc:99) For utterance yweweler_5_yweweler_27, best cost 107.201 + 4326.03 = 4433.23 over 43 frames.
yweweler_5_yweweler_27 five 
LOG (lattice-best-path[5.0.62~1-68cee]:main():lattice-best-path.cc:99) For utterance yweweler_5_yweweler_28, best cost 109.778 + 4939.16 = 5048.94 over 48 frames.
yweweler_5_yweweler_28 five 
LOG (lattice-best-path[5.0.62~1-68cee]:main():lattice-best-path.cc:99) For utterance yweweler_5_yweweler_29, best cost 110.216 + 4539.03 = 4649.25 over 46 frames.
yweweler_5_yweweler_29 five 
LOG (lattice-best-path[5.0.62~1-68cee]:main():lattice-best-path.cc:99) For utterance yweweler_5_yweweler_3, best cost 108.188 + 3801.42 = 3909.6 over 40 frames.
yweweler_5_yweweler_3 five 
LOG (lattice-best-path[5.0.62~1-68cee]:main():lattice-best-path.cc:99) For utterance yweweler_5_yweweler_30, best cost 102.072 + 3794.69 = 3896.76 over 40 frames.
yweweler_5_yweweler_30 five 
LOG (lattice-best-path[5.0.62~1-68cee]:main():lattice-best-path.cc:99) For utterance yweweler_5_yweweler_31, best cost 110.21 + 4932.44 = 5042.65 over 48 frames.
yweweler_5_yweweler_31 five 
LOG (lattice-best-path[5.0.62~1-68cee]:main():lattice-best-path.cc:99) For utterance yweweler_5_yweweler_32, best cost 108.141 + 5698.54 = 5806.68 over 56 frames.
yweweler_5_yweweler_32 five 
LOG (lattice-best-path[5.0.62~1-68cee]:main():lattice-best-path.cc:99) For utterance yweweler_5_yweweler_33, best cost 102.845 + 3743.48 = 3846.33 over 40 frames.
yweweler_5_yweweler_33 five 
LOG (lattice-best-path[5.0.62~1-68cee]:main():lattice-best-path.cc:99) For utterance yweweler_5_yweweler_34, best cost 116.479 + 6177.05 = 6293.53 over 62 frames.
yweweler_5_yweweler_34 five 
LOG (lattice-best-path[5.0.62~1-68cee]:main():lattice-best-path.cc:99) For utterance yweweler_5_yweweler_35, best cost 109.885 + 4126.01 = 4235.89 over 44 frames.
yweweler_5_yweweler_35 five 
LOG (lattice-best-path[5.0.62~1-68cee]:main():lattice-best-path.cc:99) For utterance yweweler_5_yweweler_36, best cost 104.123 + 4235.51 = 4339.64 over 45 frames.
yweweler_5_yweweler_36 five 
LOG (lattice-best-path[5.0.62~1-68cee]:main():lattice-best-path.cc:99) For utterance yweweler_5_yweweler_37, best cost 107.552 + 4472.72 = 4580.27 over 48 frames.
yweweler_5_yweweler_37 five 
LOG (lattice-best-path[5.0.62~1-68cee]:main():lattice-best-path.cc:99) For utterance yweweler_5_yweweler_38, best cost 113.216 + 5352.68 = 5465.9 over 54 frames.
yweweler_5_yweweler_38 five 
LOG (lattice-best-path[5.0.62~1-68cee]:main():lattice-best-path.cc:99) For utterance yweweler_5_yweweler_39, best cost 100.642 + 3948.07 = 4048.71 over 41 frames.
yweweler_5_yweweler_39 five 
LOG (lattice-best-path[5.0.62~1-68cee]:main():lattice-best-path.cc:99) For utterance yweweler_5_yweweler_4, best cost 108.032 + 4372.66 = 4480.69 over 48 frames.
yweweler_5_yweweler_4 five 
LOG (lattice-best-path[5.0.62~1-68cee]:main():lattice-best-path.cc:99) For utterance yweweler_5_yweweler_40, best cost 118.91 + 5933.08 = 6051.99 over 66 frames.
yweweler_5_yweweler_40 five 
LOG (lattice-best-path[5.0.62~1-68cee]:main():lattice-best-path.cc:99) For utterance yweweler_5_yweweler_41, best cost 103.627 + 4168.8 = 4272.42 over 48 frames.
yweweler_5_yweweler_41 five 
LOG (lattice-best-path[5.0.62~1-68cee]:main():lattice-best-path.cc:99) For utterance yweweler_5_yweweler_42, best cost 110.974 + 4840.38 = 4951.36 over 45 frames.
yweweler_5_yweweler_42 five 
LOG (lattice-best-path[5.0.62~1-68cee]:main():lattice-best-path.cc:99) For utterance yweweler_5_yweweler_43, best cost 109.16 + 4327.83 = 4436.99 over 45 frames.
yweweler_5_yweweler_43 five 
LOG (lattice-best-path[5.0.62~1-68cee]:main():lattice-best-path.cc:99) For utterance yweweler_5_yweweler_44, best cost 101.706 + 4439.14 = 4540.84 over 44 frames.
yweweler_5_yweweler_44 five 
LOG (lattice-best-path[5.0.62~1-68cee]:main():lattice-best-path.cc:99) For utterance yweweler_5_yweweler_45, best cost 106.495 + 3325.28 = 3431.77 over 35 frames.
yweweler_5_yweweler_45 five 
LOG (lattice-best-path[5.0.62~1-68cee]:main():lattice-best-path.cc:99) For utterance yweweler_5_yweweler_46, best cost 104.133 + 4630.06 = 4734.19 over 49 frames.
yweweler_5_yweweler_46 five 
LOG (lattice-best-path[5.0.62~1-68cee]:main():lattice-best-path.cc:99) For utterance yweweler_5_yweweler_47, best cost 103.644 + 4391.09 = 4494.73 over 46 frames.
yweweler_5_yweweler_47 five 
LOG (lattice-best-path[5.0.62~1-68cee]:main():lattice-best-path.cc:99) For utterance yweweler_5_yweweler_48, best cost 111.388 + 4693.51 = 4804.89 over 48 frames.
yweweler_5_yweweler_48 five 
LOG (lattice-best-path[5.0.62~1-68cee]:main():lattice-best-path.cc:99) For utterance yweweler_5_yweweler_49, best cost 109.147 + 4543.94 = 4653.09 over 45 frames.
yweweler_5_yweweler_49 five 
LOG (lattice-best-path[5.0.62~1-68cee]:main():lattice-best-path.cc:99) For utterance yweweler_5_yweweler_5, best cost 102.15 + 3521.96 = 3624.11 over 36 frames.
yweweler_5_yweweler_5 five 
LOG (lattice-best-path[5.0.62~1-68cee]:main():lattice-best-path.cc:99) For utterance yweweler_5_yweweler_6, best cost 91.8234 + 3045.67 = 3137.49 over 31 frames.
yweweler_5_yweweler_6 five 
LOG (lattice-best-path[5.0.62~1-68cee]:main():lattice-best-path.cc:99) For utterance yweweler_5_yweweler_7, best cost 103.904 + 4171.1 = 4275 over 44 frames.
yweweler_5_yweweler_7 five 
LOG (lattice-best-path[5.0.62~1-68cee]:main():lattice-best-path.cc:99) For utterance yweweler_5_yweweler_8, best cost 101.759 + 4200.27 = 4302.03 over 42 frames.
yweweler_5_yweweler_8 five 
LOG (lattice-best-path[5.0.62~1-68cee]:main():lattice-best-path.cc:99) For utterance yweweler_5_yweweler_9, best cost 112.483 + 5079.66 = 5192.14 over 51 frames.
yweweler_5_yweweler_9 five 
LOG (lattice-best-path[5.0.62~1-68cee]:main():lattice-best-path.cc:99) For utterance yweweler_6_yweweler_0, best cost 91.2727 + 3125.57 = 3216.84 over 31 frames.
yweweler_6_yweweler_0 eight 
LOG (lattice-best-path[5.0.62~1-68cee]:main():lattice-best-path.cc:99) For utterance yweweler_6_yweweler_1, best cost 84.7889 + 1407.76 = 1492.55 over 14 frames.
yweweler_6_yweweler_1 three 
LOG (lattice-best-path[5.0.62~1-68cee]:main():lattice-best-path.cc:99) For utterance yweweler_6_yweweler_10, best cost 32.7982 + 1602.8 = 1635.6 over 14 frames.
yweweler_6_yweweler_10 
LOG (lattice-best-path[5.0.62~1-68cee]:main():lattice-best-path.cc:99) For utterance yweweler_6_yweweler_11, best cost 91.3206 + 2877.91 = 2969.23 over 28 frames.
yweweler_6_yweweler_11 six 
LOG (lattice-best-path[5.0.62~1-68cee]:main():lattice-best-path.cc:99) For utterance yweweler_6_yweweler_12, best cost 104.086 + 4568.16 = 4672.25 over 43 frames.
yweweler_6_yweweler_12 six 
LOG (lattice-best-path[5.0.62~1-68cee]:main():lattice-best-path.cc:99) For utterance yweweler_6_yweweler_13, best cost 111.451 + 3807.2 = 3918.65 over 36 frames.
yweweler_6_yweweler_13 three 
LOG (lattice-best-path[5.0.62~1-68cee]:main():lattice-best-path.cc:99) For utterance yweweler_6_yweweler_14, best cost 89.7986 + 2377.48 = 2467.27 over 25 frames.
yweweler_6_yweweler_14 eight 
LOG (lattice-best-path[5.0.62~1-68cee]:main():lattice-best-path.cc:99) For utterance yweweler_6_yweweler_15, best cost 101.877 + 2367.82 = 2469.7 over 23 frames.
yweweler_6_yweweler_15 three 
LOG (lattice-best-path[5.0.62~1-68cee]:main():lattice-best-path.cc:99) For utterance yweweler_6_yweweler_16, best cost 109.853 + 4295.34 = 4405.19 over 41 frames.
yweweler_6_yweweler_16 three 
LOG (lattice-best-path[5.0.62~1-68cee]:main():lattice-best-path.cc:99) For utterance yweweler_6_yweweler_17, best cost 84.4028 + 1354.61 = 1439.01 over 14 frames.
yweweler_6_yweweler_17 three 
LOG (lattice-best-path[5.0.62~1-68cee]:main():lattice-best-path.cc:99) For utterance yweweler_6_yweweler_18, best cost 98.51 + 2652.54 = 2751.05 over 26 frames.
yweweler_6_yweweler_18 three 
LOG (lattice-best-path[5.0.62~1-68cee]:main():lattice-best-path.cc:99) For utterance yweweler_6_yweweler_19, best cost 92.4742 + 1579.45 = 1671.92 over 16 frames.
yweweler_6_yweweler_19 three 
LOG (lattice-best-path[5.0.62~1-68cee]:main():lattice-best-path.cc:99) For utterance yweweler_6_yweweler_2, best cost 84.3177 + 2181.56 = 2265.88 over 21 frames.
yweweler_6_yweweler_2 three 
LOG (lattice-best-path[5.0.62~1-68cee]:main():lattice-best-path.cc:99) For utterance yweweler_6_yweweler_20, best cost 91.1709 + 1681.16 = 1772.33 over 16 frames.
yweweler_6_yweweler_20 three 
LOG (lattice-best-path[5.0.62~1-68cee]:main():lattice-best-path.cc:99) For utterance yweweler_6_yweweler_21, best cost 82.4945 + 1898.29 = 1980.78 over 19 frames.
yweweler_6_yweweler_21 eight 
LOG (lattice-best-path[5.0.62~1-68cee]:main():lattice-best-path.cc:99) For utterance yweweler_6_yweweler_22, best cost 90.405 + 2020.87 = 2111.28 over 19 frames.
yweweler_6_yweweler_22 three 
LOG (lattice-best-path[5.0.62~1-68cee]:main():lattice-best-path.cc:99) For utterance yweweler_6_yweweler_23, best cost 81.4324 + 1478.63 = 1560.06 over 15 frames.
yweweler_6_yweweler_23 eight 
LOG (lattice-best-path[5.0.62~1-68cee]:main():lattice-best-path.cc:99) For utterance yweweler_6_yweweler_24, best cost 89.2044 + 2071.88 = 2161.08 over 21 frames.
yweweler_6_yweweler_24 eight 
LOG (lattice-best-path[5.0.62~1-68cee]:main():lattice-best-path.cc:99) For utterance yweweler_6_yweweler_25, best cost 95.2834 + 1629.7 = 1724.98 over 16 frames.
yweweler_6_yweweler_25 three 
LOG (lattice-best-path[5.0.62~1-68cee]:main():lattice-best-path.cc:99) For utterance yweweler_6_yweweler_26, best cost 87.2685 + 1710.08 = 1797.35 over 17 frames.
yweweler_6_yweweler_26 six 
LOG (lattice-best-path[5.0.62~1-68cee]:main():lattice-best-path.cc:99) For utterance yweweler_6_yweweler_27, best cost 82.7841 + 1866.58 = 1949.36 over 19 frames.
yweweler_6_yweweler_27 eight 
LOG (lattice-best-path[5.0.62~1-68cee]:main():lattice-best-path.cc:99) For utterance yweweler_6_yweweler_28, best cost 83.0115 + 2032.09 = 2115.1 over 21 frames.
yweweler_6_yweweler_28 eight 
LOG (lattice-best-path[5.0.62~1-68cee]:main():lattice-best-path.cc:99) For utterance yweweler_6_yweweler_29, best cost 92.2573 + 3371.5 = 3463.76 over 32 frames.
yweweler_6_yweweler_29 eight 
LOG (lattice-best-path[5.0.62~1-68cee]:main():lattice-best-path.cc:99) For utterance yweweler_6_yweweler_3, best cost 80.8408 + 1298.56 = 1379.4 over 12 frames.
yweweler_6_yweweler_3 eight 
LOG (lattice-best-path[5.0.62~1-68cee]:main():lattice-best-path.cc:99) For utterance yweweler_6_yweweler_30, best cost 97.5585 + 3068.14 = 3165.7 over 29 frames.
yweweler_6_yweweler_30 six 
LOG (lattice-best-path[5.0.62~1-68cee]:main():lattice-best-path.cc:99) For utterance yweweler_6_yweweler_31, best cost 96.2781 + 2081.32 = 2177.6 over 21 frames.
yweweler_6_yweweler_31 three 
LOG (lattice-best-path[5.0.62~1-68cee]:main():lattice-best-path.cc:99) For utterance yweweler_6_yweweler_32, best cost 82.4712 + 1721.27 = 1803.75 over 17 frames.
yweweler_6_yweweler_32 eight 
LOG (lattice-best-path[5.0.62~1-68cee]:main():lattice-best-path.cc:99) For utterance yweweler_6_yweweler_33, best cost 93.8402 + 1997.94 = 2091.78 over 20 frames.
yweweler_6_yweweler_33 three 
LOG (lattice-best-path[5.0.62~1-68cee]:main():lattice-best-path.cc:99) For utterance yweweler_6_yweweler_34, best cost 105.855 + 4288.36 = 4394.21 over 41 frames.
yweweler_6_yweweler_34 six 
LOG (lattice-best-path[5.0.62~1-68cee]:main():lattice-best-path.cc:99) For utterance yweweler_6_yweweler_35, best cost 97.5803 + 2553.72 = 2651.3 over 23 frames.
yweweler_6_yweweler_35 three 
LOG (lattice-best-path[5.0.62~1-68cee]:main():lattice-best-path.cc:99) For utterance yweweler_6_yweweler_36, best cost 93.0253 + 2607.96 = 2700.98 over 26 frames.
yweweler_6_yweweler_36 three 
LOG (lattice-best-path[5.0.62~1-68cee]:main():lattice-best-path.cc:99) For utterance yweweler_6_yweweler_37, best cost 106.33 + 4100.04 = 4206.37 over 39 frames.
yweweler_6_yweweler_37 three 
LOG (lattice-best-path[5.0.62~1-68cee]:main():lattice-best-path.cc:99) For utterance yweweler_6_yweweler_38, best cost 105.43 + 4392.38 = 4497.81 over 42 frames.
yweweler_6_yweweler_38 three 
LOG (lattice-best-path[5.0.62~1-68cee]:main():lattice-best-path.cc:99) For utterance yweweler_6_yweweler_39, best cost 104.415 + 3395.81 = 3500.22 over 32 frames.
yweweler_6_yweweler_39 three 
LOG (lattice-best-path[5.0.62~1-68cee]:main():lattice-best-path.cc:99) For utterance yweweler_6_yweweler_4, best cost 85.9475 + 1636.72 = 1722.67 over 16 frames.
yweweler_6_yweweler_4 three 
LOG (lattice-best-path[5.0.62~1-68cee]:main():lattice-best-path.cc:99) For utterance yweweler_6_yweweler_40, best cost 104.39 + 3987.64 = 4092.03 over 38 frames.
yweweler_6_yweweler_40 three 
LOG (lattice-best-path[5.0.62~1-68cee]:main():lattice-best-path.cc:99) For utterance yweweler_6_yweweler_41, best cost 102.931 + 3520.84 = 3623.77 over 33 frames.
yweweler_6_yweweler_41 three 
LOG (lattice-best-path[5.0.62~1-68cee]:main():lattice-best-path.cc:99) For utterance yweweler_6_yweweler_42, best cost 88.3221 + 1667.8 = 1756.12 over 17 frames.
yweweler_6_yweweler_42 eight 
LOG (lattice-best-path[5.0.62~1-68cee]:main():lattice-best-path.cc:99) For utterance yweweler_6_yweweler_43, best cost 96.0019 + 2191.19 = 2287.19 over 21 frames.
yweweler_6_yweweler_43 eight 
LOG (lattice-best-path[5.0.62~1-68cee]:main():lattice-best-path.cc:99) For utterance yweweler_6_yweweler_44, best cost 88.9907 + 1592.99 = 1681.98 over 16 frames.
yweweler_6_yweweler_44 three 
LOG (lattice-best-path[5.0.62~1-68cee]:main():lattice-best-path.cc:99) For utterance yweweler_6_yweweler_45, best cost 89.94 + 2382.92 = 2472.86 over 24 frames.
yweweler_6_yweweler_45 six 
LOG (lattice-best-path[5.0.62~1-68cee]:main():lattice-best-path.cc:99) For utterance yweweler_6_yweweler_46, best cost 87.5939 + 1958.07 = 2045.67 over 18 frames.
yweweler_6_yweweler_46 six 
LOG (lattice-best-path[5.0.62~1-68cee]:main():lattice-best-path.cc:99) For utterance yweweler_6_yweweler_47, best cost 89.0731 + 2049.78 = 2138.85 over 20 frames.
yweweler_6_yweweler_47 eight 
LOG (lattice-best-path[5.0.62~1-68cee]:main():lattice-best-path.cc:99) For utterance yweweler_6_yweweler_48, best cost 98.5097 + 3378.6 = 3477.11 over 32 frames.
yweweler_6_yweweler_48 eight 
LOG (lattice-best-path[5.0.62~1-68cee]:main():lattice-best-path.cc:99) For utterance yweweler_6_yweweler_49, best cost 100.338 + 2819.01 = 2919.34 over 26 frames.
yweweler_6_yweweler_49 three 
LOG (lattice-best-path[5.0.62~1-68cee]:main():lattice-best-path.cc:99) For utterance yweweler_6_yweweler_5, best cost 100.905 + 2099.22 = 2200.12 over 22 frames.
yweweler_6_yweweler_5 three 
LOG (lattice-best-path[5.0.62~1-68cee]:main():lattice-best-path.cc:99) For utterance yweweler_6_yweweler_6, best cost 89.9772 + 2481.41 = 2571.39 over 25 frames.
yweweler_6_yweweler_6 six 
LOG (lattice-best-path[5.0.62~1-68cee]:main():lattice-best-path.cc:99) For utterance yweweler_6_yweweler_7, best cost 96.2444 + 2574.18 = 2670.43 over 25 frames.
yweweler_6_yweweler_7 eight 
LOG (lattice-best-path[5.0.62~1-68cee]:main():lattice-best-path.cc:99) For utterance yweweler_6_yweweler_8, best cost 91.0987 + 2864.81 = 2955.91 over 27 frames.
yweweler_6_yweweler_8 eight 
LOG (lattice-best-path[5.0.62~1-68cee]:main():lattice-best-path.cc:99) For utterance yweweler_6_yweweler_9, best cost 102.305 + 3885.03 = 3987.33 over 38 frames.
yweweler_6_yweweler_9 eight 
LOG (lattice-best-path[5.0.62~1-68cee]:main():lattice-best-path.cc:99) For utterance yweweler_7_yweweler_0, best cost 106.029 + 4181.85 = 4287.88 over 42 frames.
yweweler_7_yweweler_0 seven 
LOG (lattice-best-path[5.0.62~1-68cee]:main():lattice-best-path.cc:99) For utterance yweweler_7_yweweler_1, best cost 100.656 + 3635.04 = 3735.7 over 37 frames.
yweweler_7_yweweler_1 seven 
LOG (lattice-best-path[5.0.62~1-68cee]:main():lattice-best-path.cc:99) For utterance yweweler_7_yweweler_10, best cost 96.9464 + 3261.41 = 3358.36 over 34 frames.
yweweler_7_yweweler_10 seven 
LOG (lattice-best-path[5.0.62~1-68cee]:main():lattice-best-path.cc:99) For utterance yweweler_7_yweweler_11, best cost 93.1826 + 2840.33 = 2933.51 over 29 frames.
yweweler_7_yweweler_11 seven 
LOG (lattice-best-path[5.0.62~1-68cee]:main():lattice-best-path.cc:99) For utterance yweweler_7_yweweler_12, best cost 95.2385 + 3331.18 = 3426.42 over 32 frames.
yweweler_7_yweweler_12 seven 
LOG (lattice-best-path[5.0.62~1-68cee]:main():lattice-best-path.cc:99) For utterance yweweler_7_yweweler_13, best cost 95.7373 + 3087.4 = 3183.14 over 34 frames.
yweweler_7_yweweler_13 seven 
LOG (lattice-best-path[5.0.62~1-68cee]:main():lattice-best-path.cc:99) For utterance yweweler_7_yweweler_14, best cost 92.9347 + 2924.72 = 3017.66 over 30 frames.
yweweler_7_yweweler_14 seven 
LOG (lattice-best-path[5.0.62~1-68cee]:main():lattice-best-path.cc:99) For utterance yweweler_7_yweweler_15, best cost 104.342 + 2671.05 = 2775.4 over 29 frames.
yweweler_7_yweweler_15 seven 
LOG (lattice-best-path[5.0.62~1-68cee]:main():lattice-best-path.cc:99) For utterance yweweler_7_yweweler_16, best cost 97.0981 + 2782.01 = 2879.11 over 29 frames.
yweweler_7_yweweler_16 seven 
LOG (lattice-best-path[5.0.62~1-68cee]:main():lattice-best-path.cc:99) For utterance yweweler_7_yweweler_17, best cost 92.5541 + 2674.07 = 2766.63 over 28 frames.
yweweler_7_yweweler_17 seven 
LOG (lattice-best-path[5.0.62~1-68cee]:main():lattice-best-path.cc:99) For utterance yweweler_7_yweweler_18, best cost 100.756 + 3285.38 = 3386.14 over 33 frames.
yweweler_7_yweweler_18 seven 
LOG (lattice-best-path[5.0.62~1-68cee]:main():lattice-best-path.cc:99) For utterance yweweler_7_yweweler_19, best cost 94.5012 + 2683.56 = 2778.06 over 29 frames.
yweweler_7_yweweler_19 seven 
LOG (lattice-best-path[5.0.62~1-68cee]:main():lattice-best-path.cc:99) For utterance yweweler_7_yweweler_2, best cost 103.607 + 3967.33 = 4070.93 over 40 frames.
yweweler_7_yweweler_2 seven 
LOG (lattice-best-path[5.0.62~1-68cee]:main():lattice-best-path.cc:99) For utterance yweweler_7_yweweler_20, best cost 104.348 + 3677.66 = 3782.01 over 36 frames.
yweweler_7_yweweler_20 seven 
LOG (lattice-best-path[5.0.62~1-68cee]:main():lattice-best-path.cc:99) For utterance yweweler_7_yweweler_21, best cost 97.9752 + 3800.18 = 3898.16 over 40 frames.
yweweler_7_yweweler_21 seven 
LOG (lattice-best-path[5.0.62~1-68cee]:main():lattice-best-path.cc:99) For utterance yweweler_7_yweweler_22, best cost 96.9308 + 3304.95 = 3401.88 over 34 frames.
yweweler_7_yweweler_22 seven 
LOG (lattice-best-path[5.0.62~1-68cee]:main():lattice-best-path.cc:99) For utterance yweweler_7_yweweler_23, best cost 90.4742 + 2208.45 = 2298.92 over 23 frames.
yweweler_7_yweweler_23 seven 
LOG (lattice-best-path[5.0.62~1-68cee]:main():lattice-best-path.cc:99) For utterance yweweler_7_yweweler_24, best cost 102.541 + 3428.03 = 3530.57 over 33 frames.
yweweler_7_yweweler_24 seven 
LOG (lattice-best-path[5.0.62~1-68cee]:main():lattice-best-path.cc:99) For utterance yweweler_7_yweweler_25, best cost 94.3706 + 2846.21 = 2940.58 over 29 frames.
yweweler_7_yweweler_25 seven 
LOG (lattice-best-path[5.0.62~1-68cee]:main():lattice-best-path.cc:99) For utterance yweweler_7_yweweler_26, best cost 108.41 + 4798.91 = 4907.32 over 47 frames.
yweweler_7_yweweler_26 seven 
LOG (lattice-best-path[5.0.62~1-68cee]:main():lattice-best-path.cc:99) For utterance yweweler_7_yweweler_27, best cost 98.4517 + 4095.62 = 4194.07 over 39 frames.
yweweler_7_yweweler_27 one 
LOG (lattice-best-path[5.0.62~1-68cee]:main():lattice-best-path.cc:99) For utterance yweweler_7_yweweler_28, best cost 99.1681 + 4214.89 = 4314.06 over 40 frames.
yweweler_7_yweweler_28 one 
LOG (lattice-best-path[5.0.62~1-68cee]:main():lattice-best-path.cc:99) For utterance yweweler_7_yweweler_29, best cost 94.2174 + 2805.19 = 2899.4 over 31 frames.
yweweler_7_yweweler_29 seven 
LOG (lattice-best-path[5.0.62~1-68cee]:main():lattice-best-path.cc:99) For utterance yweweler_7_yweweler_3, best cost 105.621 + 4062.61 = 4168.24 over 40 frames.
yweweler_7_yweweler_3 seven 
LOG (lattice-best-path[5.0.62~1-68cee]:main():lattice-best-path.cc:99) For utterance yweweler_7_yweweler_30, best cost 99.1582 + 3029.42 = 3128.58 over 31 frames.
yweweler_7_yweweler_30 seven 
LOG (lattice-best-path[5.0.62~1-68cee]:main():lattice-best-path.cc:99) For utterance yweweler_7_yweweler_31, best cost 91.0595 + 2203.88 = 2294.94 over 24 frames.
yweweler_7_yweweler_31 seven 
LOG (lattice-best-path[5.0.62~1-68cee]:main():lattice-best-path.cc:99) For utterance yweweler_7_yweweler_32, best cost 102.12 + 3440.57 = 3542.69 over 36 frames.
yweweler_7_yweweler_32 seven 
LOG (lattice-best-path[5.0.62~1-68cee]:main():lattice-best-path.cc:99) For utterance yweweler_7_yweweler_33, best cost 112.982 + 5019.76 = 5132.74 over 46 frames.
yweweler_7_yweweler_33 seven 
LOG (lattice-best-path[5.0.62~1-68cee]:main():lattice-best-path.cc:99) For utterance yweweler_7_yweweler_34, best cost 107.62 + 4727.45 = 4835.07 over 43 frames.
yweweler_7_yweweler_34 seven 
LOG (lattice-best-path[5.0.62~1-68cee]:main():lattice-best-path.cc:99) For utterance yweweler_7_yweweler_35, best cost 116.583 + 5450.51 = 5567.09 over 49 frames.
yweweler_7_yweweler_35 seven 
LOG (lattice-best-path[5.0.62~1-68cee]:main():lattice-best-path.cc:99) For utterance yweweler_7_yweweler_36, best cost 95.145 + 3893.96 = 3989.11 over 39 frames.
yweweler_7_yweweler_36 seven 
LOG (lattice-best-path[5.0.62~1-68cee]:main():lattice-best-path.cc:99) For utterance yweweler_7_yweweler_37, best cost 103.333 + 3184.77 = 3288.11 over 29 frames.
yweweler_7_yweweler_37 seven 
LOG (lattice-best-path[5.0.62~1-68cee]:main():lattice-best-path.cc:99) For utterance yweweler_7_yweweler_38, best cost 109.937 + 4378.22 = 4488.16 over 47 frames.
yweweler_7_yweweler_38 seven 
LOG (lattice-best-path[5.0.62~1-68cee]:main():lattice-best-path.cc:99) For utterance yweweler_7_yweweler_39, best cost 115.05 + 4415.87 = 4530.92 over 47 frames.
yweweler_7_yweweler_39 seven 
LOG (lattice-best-path[5.0.62~1-68cee]:main():lattice-best-path.cc:99) For utterance yweweler_7_yweweler_4, best cost 101.303 + 3507.85 = 3609.15 over 34 frames.
yweweler_7_yweweler_4 seven 
LOG (lattice-best-path[5.0.62~1-68cee]:main():lattice-best-path.cc:99) For utterance yweweler_7_yweweler_40, best cost 116.001 + 5433.02 = 5549.02 over 59 frames.
yweweler_7_yweweler_40 seven 
LOG (lattice-best-path[5.0.62~1-68cee]:main():lattice-best-path.cc:99) For utterance yweweler_7_yweweler_41, best cost 116.722 + 4832.25 = 4948.98 over 52 frames.
yweweler_7_yweweler_41 seven 
LOG (lattice-best-path[5.0.62~1-68cee]:main():lattice-best-path.cc:99) For utterance yweweler_7_yweweler_42, best cost 99.4338 + 3506.18 = 3605.62 over 37 frames.
yweweler_7_yweweler_42 seven 
LOG (lattice-best-path[5.0.62~1-68cee]:main():lattice-best-path.cc:99) For utterance yweweler_7_yweweler_43, best cost 104.021 + 3631.84 = 3735.86 over 38 frames.
yweweler_7_yweweler_43 seven 
LOG (lattice-best-path[5.0.62~1-68cee]:main():lattice-best-path.cc:99) For utterance yweweler_7_yweweler_44, best cost 107.93 + 4340.78 = 4448.71 over 44 frames.
yweweler_7_yweweler_44 seven 
LOG (lattice-best-path[5.0.62~1-68cee]:main():lattice-best-path.cc:99) For utterance yweweler_7_yweweler_45, best cost 103.898 + 4174.35 = 4278.25 over 43 frames.
yweweler_7_yweweler_45 seven 
LOG (lattice-best-path[5.0.62~1-68cee]:main():lattice-best-path.cc:99) For utterance yweweler_7_yweweler_46, best cost 104.405 + 3892.56 = 3996.97 over 39 frames.
yweweler_7_yweweler_46 seven 
LOG (lattice-best-path[5.0.62~1-68cee]:main():lattice-best-path.cc:99) For utterance yweweler_7_yweweler_47, best cost 94.5231 + 3096.69 = 3191.21 over 33 frames.
yweweler_7_yweweler_47 seven 
LOG (lattice-best-path[5.0.62~1-68cee]:main():lattice-best-path.cc:99) For utterance yweweler_7_yweweler_48, best cost 91.5299 + 3008.88 = 3100.41 over 28 frames.
yweweler_7_yweweler_48 seven 
LOG (lattice-best-path[5.0.62~1-68cee]:main():lattice-best-path.cc:99) For utterance yweweler_7_yweweler_49, best cost 93.3434 + 2723.38 = 2816.72 over 31 frames.
yweweler_7_yweweler_49 seven 
LOG (lattice-best-path[5.0.62~1-68cee]:main():lattice-best-path.cc:99) For utterance yweweler_7_yweweler_5, best cost 112.018 + 4779.03 = 4891.05 over 45 frames.
yweweler_7_yweweler_5 seven 
LOG (lattice-best-path[5.0.62~1-68cee]:main():lattice-best-path.cc:99) For utterance yweweler_7_yweweler_6, best cost 91.021 + 2479.21 = 2570.23 over 24 frames.
yweweler_7_yweweler_6 seven 
LOG (lattice-best-path[5.0.62~1-68cee]:main():lattice-best-path.cc:99) For utterance yweweler_7_yweweler_7, best cost 100.214 + 3269.87 = 3370.09 over 33 frames.
yweweler_7_yweweler_7 seven 
LOG (lattice-best-path[5.0.62~1-68cee]:main():lattice-best-path.cc:99) For utterance yweweler_7_yweweler_8, best cost 95.7261 + 3200.43 = 3296.15 over 32 frames.
yweweler_7_yweweler_8 seven 
LOG (lattice-best-path[5.0.62~1-68cee]:main():lattice-best-path.cc:99) For utterance yweweler_7_yweweler_9, best cost 99.9507 + 3230.19 = 3330.14 over 35 frames.
yweweler_7_yweweler_9 seven 
LOG (lattice-best-path[5.0.62~1-68cee]:main():lattice-best-path.cc:99) For utterance yweweler_8_yweweler_0, best cost 94.761 + 3126.29 = 3221.05 over 30 frames.
yweweler_8_yweweler_0 eight 
LOG (lattice-best-path[5.0.62~1-68cee]:main():lattice-best-path.cc:99) For utterance yweweler_8_yweweler_1, best cost 94.498 + 3296.93 = 3391.42 over 33 frames.
yweweler_8_yweweler_1 eight 
LOG (lattice-best-path[5.0.62~1-68cee]:main():lattice-best-path.cc:99) For utterance yweweler_8_yweweler_10, best cost 92.2566 + 2868.38 = 2960.64 over 30 frames.
yweweler_8_yweweler_10 eight 
LOG (lattice-best-path[5.0.62~1-68cee]:main():lattice-best-path.cc:99) For utterance yweweler_8_yweweler_11, best cost 85.8845 + 3261.95 = 3347.84 over 33 frames.
yweweler_8_yweweler_11 eight 
LOG (lattice-best-path[5.0.62~1-68cee]:main():lattice-best-path.cc:99) For utterance yweweler_8_yweweler_12, best cost 84.456 + 2637.86 = 2722.32 over 28 frames.
yweweler_8_yweweler_12 eight 
LOG (lattice-best-path[5.0.62~1-68cee]:main():lattice-best-path.cc:99) For utterance yweweler_8_yweweler_13, best cost 93.6285 + 3662.09 = 3755.72 over 37 frames.
yweweler_8_yweweler_13 eight 
LOG (lattice-best-path[5.0.62~1-68cee]:main():lattice-best-path.cc:99) For utterance yweweler_8_yweweler_14, best cost 94.2366 + 2967.93 = 3062.16 over 31 frames.
yweweler_8_yweweler_14 eight 
LOG (lattice-best-path[5.0.62~1-68cee]:main():lattice-best-path.cc:99) For utterance yweweler_8_yweweler_15, best cost 89.535 + 2026.88 = 2116.42 over 22 frames.
yweweler_8_yweweler_15 eight 
LOG (lattice-best-path[5.0.62~1-68cee]:main():lattice-best-path.cc:99) For utterance yweweler_8_yweweler_16, best cost 89.2539 + 2089.5 = 2178.76 over 24 frames.
yweweler_8_yweweler_16 eight 
LOG (lattice-best-path[5.0.62~1-68cee]:main():lattice-best-path.cc:99) For utterance yweweler_8_yweweler_17, best cost 97.6093 + 2716.36 = 2813.97 over 30 frames.
yweweler_8_yweweler_17 eight 
LOG (lattice-best-path[5.0.62~1-68cee]:main():lattice-best-path.cc:99) For utterance yweweler_8_yweweler_18, best cost 82.3879 + 2062.23 = 2144.62 over 23 frames.
yweweler_8_yweweler_18 eight 
LOG (lattice-best-path[5.0.62~1-68cee]:main():lattice-best-path.cc:99) For utterance yweweler_8_yweweler_19, best cost 89.6653 + 2093.4 = 2183.06 over 23 frames.
yweweler_8_yweweler_19 eight 
LOG (lattice-best-path[5.0.62~1-68cee]:main():lattice-best-path.cc:99) For utterance yweweler_8_yweweler_2, best cost 90.636 + 2459.87 = 2550.51 over 25 frames.
yweweler_8_yweweler_2 eight 
LOG (lattice-best-path[5.0.62~1-68cee]:main():lattice-best-path.cc:99) For utterance yweweler_8_yweweler_20, best cost 98.211 + 2711.43 = 2809.64 over 29 frames.
yweweler_8_yweweler_20 eight 
LOG (lattice-best-path[5.0.62~1-68cee]:main():lattice-best-path.cc:99) For utterance yweweler_8_yweweler_21, best cost 84.6886 + 2548.3 = 2632.99 over 29 frames.
yweweler_8_yweweler_21 eight 
LOG (lattice-best-path[5.0.62~1-68cee]:main():lattice-best-path.cc:99) For utterance yweweler_8_yweweler_22, best cost 94.0711 + 3467.22 = 3561.29 over 37 frames.
yweweler_8_yweweler_22 eight 
LOG (lattice-best-path[5.0.62~1-68cee]:main():lattice-best-path.cc:99) For utterance yweweler_8_yweweler_23, best cost 91.1803 + 2569.34 = 2660.52 over 28 frames.
yweweler_8_yweweler_23 eight 
LOG (lattice-best-path[5.0.62~1-68cee]:main():lattice-best-path.cc:99) For utterance yweweler_8_yweweler_24, best cost 100.003 + 3739.09 = 3839.09 over 35 frames.
yweweler_8_yweweler_24 eight 
LOG (lattice-best-path[5.0.62~1-68cee]:main():lattice-best-path.cc:99) For utterance yweweler_8_yweweler_25, best cost 92.2301 + 2559.69 = 2651.92 over 26 frames.
yweweler_8_yweweler_25 eight 
LOG (lattice-best-path[5.0.62~1-68cee]:main():lattice-best-path.cc:99) For utterance yweweler_8_yweweler_26, best cost 92.8092 + 3152.45 = 3245.26 over 31 frames.
yweweler_8_yweweler_26 eight 
LOG (lattice-best-path[5.0.62~1-68cee]:main():lattice-best-path.cc:99) For utterance yweweler_8_yweweler_27, best cost 91.8016 + 2975.33 = 3067.13 over 30 frames.
yweweler_8_yweweler_27 eight 
LOG (lattice-best-path[5.0.62~1-68cee]:main():lattice-best-path.cc:99) For utterance yweweler_8_yweweler_28, best cost 104.023 + 5296.88 = 5400.9 over 52 frames.
yweweler_8_yweweler_28 eight 
LOG (lattice-best-path[5.0.62~1-68cee]:main():lattice-best-path.cc:99) For utterance yweweler_8_yweweler_29, best cost 91.5868 + 2994.84 = 3086.43 over 31 frames.
yweweler_8_yweweler_29 eight 
LOG (lattice-best-path[5.0.62~1-68cee]:main():lattice-best-path.cc:99) For utterance yweweler_8_yweweler_3, best cost 94.0228 + 2998.23 = 3092.25 over 30 frames.
yweweler_8_yweweler_3 eight 
LOG (lattice-best-path[5.0.62~1-68cee]:main():lattice-best-path.cc:99) For utterance yweweler_8_yweweler_30, best cost 94.1103 + 3349.88 = 3443.99 over 34 frames.
yweweler_8_yweweler_30 eight 
LOG (lattice-best-path[5.0.62~1-68cee]:main():lattice-best-path.cc:99) For utterance yweweler_8_yweweler_31, best cost 97.7773 + 3760.65 = 3858.43 over 38 frames.
yweweler_8_yweweler_31 eight 
LOG (lattice-best-path[5.0.62~1-68cee]:main():lattice-best-path.cc:99) For utterance yweweler_8_yweweler_32, best cost 93.4989 + 3625.33 = 3718.83 over 39 frames.
yweweler_8_yweweler_32 eight 
LOG (lattice-best-path[5.0.62~1-68cee]:main():lattice-best-path.cc:99) For utterance yweweler_8_yweweler_33, best cost 89.5073 + 4066.19 = 4155.69 over 39 frames.
yweweler_8_yweweler_33 eight 
LOG (lattice-best-path[5.0.62~1-68cee]:main():lattice-best-path.cc:99) For utterance yweweler_8_yweweler_34, best cost 103.211 + 4785.29 = 4888.5 over 46 frames.
yweweler_8_yweweler_34 eight 
LOG (lattice-best-path[5.0.62~1-68cee]:main():lattice-best-path.cc:99) For utterance yweweler_8_yweweler_35, best cost 97.8241 + 2924.97 = 3022.79 over 29 frames.
yweweler_8_yweweler_35 eight 
LOG (lattice-best-path[5.0.62~1-68cee]:main():lattice-best-path.cc:99) For utterance yweweler_8_yweweler_36, best cost 91.8121 + 2782.75 = 2874.56 over 27 frames.
yweweler_8_yweweler_36 eight 
LOG (lattice-best-path[5.0.62~1-68cee]:main():lattice-best-path.cc:99) For utterance yweweler_8_yweweler_37, best cost 92.2857 + 2933.2 = 3025.49 over 29 frames.
yweweler_8_yweweler_37 eight 
LOG (lattice-best-path[5.0.62~1-68cee]:main():lattice-best-path.cc:99) For utterance yweweler_8_yweweler_38, best cost 91.5099 + 3401.88 = 3493.39 over 34 frames.
yweweler_8_yweweler_38 eight 
LOG (lattice-best-path[5.0.62~1-68cee]:main():lattice-best-path.cc:99) For utterance yweweler_8_yweweler_39, best cost 91.6333 + 3479.58 = 3571.21 over 33 frames.
yweweler_8_yweweler_39 eight 
LOG (lattice-best-path[5.0.62~1-68cee]:main():lattice-best-path.cc:99) For utterance yweweler_8_yweweler_4, best cost 94.106 + 3020.97 = 3115.07 over 31 frames.
yweweler_8_yweweler_4 eight 
LOG (lattice-best-path[5.0.62~1-68cee]:main():lattice-best-path.cc:99) For utterance yweweler_8_yweweler_40, best cost 93.8828 + 3465.82 = 3559.7 over 34 frames.
yweweler_8_yweweler_40 eight 
LOG (lattice-best-path[5.0.62~1-68cee]:main():lattice-best-path.cc:99) For utterance yweweler_8_yweweler_41, best cost 93.8691 + 3046.07 = 3139.94 over 32 frames.
yweweler_8_yweweler_41 eight 
LOG (lattice-best-path[5.0.62~1-68cee]:main():lattice-best-path.cc:99) For utterance yweweler_8_yweweler_42, best cost 94.7942 + 3313.79 = 3408.58 over 32 frames.
yweweler_8_yweweler_42 eight 
LOG (lattice-best-path[5.0.62~1-68cee]:main():lattice-best-path.cc:99) For utterance yweweler_8_yweweler_43, best cost 91.19 + 2019.73 = 2110.92 over 20 frames.
yweweler_8_yweweler_43 eight 
LOG (lattice-best-path[5.0.62~1-68cee]:main():lattice-best-path.cc:99) For utterance yweweler_8_yweweler_44, best cost 90.0299 + 2207.13 = 2297.16 over 23 frames.
yweweler_8_yweweler_44 eight 
LOG (lattice-best-path[5.0.62~1-68cee]:main():lattice-best-path.cc:99) For utterance yweweler_8_yweweler_45, best cost 94.1335 + 2770.87 = 2865 over 30 frames.
yweweler_8_yweweler_45 eight 
LOG (lattice-best-path[5.0.62~1-68cee]:main():lattice-best-path.cc:99) For utterance yweweler_8_yweweler_46, best cost 94.7539 + 3031.77 = 3126.53 over 31 frames.
yweweler_8_yweweler_46 eight 
LOG (lattice-best-path[5.0.62~1-68cee]:main():lattice-best-path.cc:99) For utterance yweweler_8_yweweler_47, best cost 94.9892 + 2962.27 = 3057.26 over 32 frames.
yweweler_8_yweweler_47 eight 
LOG (lattice-best-path[5.0.62~1-68cee]:main():lattice-best-path.cc:99) For utterance yweweler_8_yweweler_48, best cost 86.1278 + 2718.45 = 2804.58 over 28 frames.
yweweler_8_yweweler_48 eight 
LOG (lattice-best-path[5.0.62~1-68cee]:main():lattice-best-path.cc:99) For utterance yweweler_8_yweweler_49, best cost 89.8154 + 2283.73 = 2373.54 over 23 frames.
yweweler_8_yweweler_49 eight 
LOG (lattice-best-path[5.0.62~1-68cee]:main():lattice-best-path.cc:99) For utterance yweweler_8_yweweler_5, best cost 89.6858 + 2269.34 = 2359.02 over 25 frames.
yweweler_8_yweweler_5 eight 
LOG (lattice-best-path[5.0.62~1-68cee]:main():lattice-best-path.cc:99) For utterance yweweler_8_yweweler_6, best cost 90.1821 + 2283.01 = 2373.19 over 25 frames.
yweweler_8_yweweler_6 eight 
LOG (lattice-best-path[5.0.62~1-68cee]:main():lattice-best-path.cc:99) For utterance yweweler_8_yweweler_7, best cost 95.5077 + 2312.54 = 2408.05 over 25 frames.
yweweler_8_yweweler_7 eight 
LOG (lattice-best-path[5.0.62~1-68cee]:main():lattice-best-path.cc:99) For utterance yweweler_8_yweweler_8, best cost 90.8757 + 2811.66 = 2902.54 over 29 frames.
yweweler_8_yweweler_8 eight 
LOG (lattice-best-path[5.0.62~1-68cee]:main():lattice-best-path.cc:99) For utterance yweweler_8_yweweler_9, best cost 97.4896 + 2774.98 = 2872.47 over 29 frames.
yweweler_8_yweweler_9 eight 
LOG (lattice-best-path[5.0.62~1-68cee]:main():lattice-best-path.cc:99) For utterance yweweler_9_yweweler_0, best cost 107.711 + 3437.84 = 3545.55 over 34 frames.
yweweler_9_yweweler_0 nine 
LOG (lattice-best-path[5.0.62~1-68cee]:main():lattice-best-path.cc:99) For utterance yweweler_9_yweweler_1, best cost 99.7506 + 3547.88 = 3647.63 over 37 frames.
yweweler_9_yweweler_1 five 
LOG (lattice-best-path[5.0.62~1-68cee]:main():lattice-best-path.cc:99) For utterance yweweler_9_yweweler_10, best cost 102.506 + 4167.46 = 4269.97 over 42 frames.
yweweler_9_yweweler_10 one 
LOG (lattice-best-path[5.0.62~1-68cee]:main():lattice-best-path.cc:99) For utterance yweweler_9_yweweler_11, best cost 107.159 + 4229.98 = 4337.14 over 42 frames.
yweweler_9_yweweler_11 one 
LOG (lattice-best-path[5.0.62~1-68cee]:main():lattice-best-path.cc:99) For utterance yweweler_9_yweweler_12, best cost 114.713 + 3631.31 = 3746.03 over 36 frames.
yweweler_9_yweweler_12 nine 
LOG (lattice-best-path[5.0.62~1-68cee]:main():lattice-best-path.cc:99) For utterance yweweler_9_yweweler_13, best cost 105.564 + 3714.18 = 3819.74 over 38 frames.
yweweler_9_yweweler_13 nine 
LOG (lattice-best-path[5.0.62~1-68cee]:main():lattice-best-path.cc:99) For utterance yweweler_9_yweweler_14, best cost 98.3918 + 4426.31 = 4524.71 over 43 frames.
yweweler_9_yweweler_14 nine 
LOG (lattice-best-path[5.0.62~1-68cee]:main():lattice-best-path.cc:99) For utterance yweweler_9_yweweler_15, best cost 95.735 + 3850.19 = 3945.93 over 39 frames.
yweweler_9_yweweler_15 nine 
LOG (lattice-best-path[5.0.62~1-68cee]:main():lattice-best-path.cc:99) For utterance yweweler_9_yweweler_16, best cost 109.041 + 4317.33 = 4426.37 over 41 frames.
yweweler_9_yweweler_16 nine 
LOG (lattice-best-path[5.0.62~1-68cee]:main():lattice-best-path.cc:99) For utterance yweweler_9_yweweler_17, best cost 97.7842 + 3276.87 = 3374.66 over 34 frames.
yweweler_9_yweweler_17 one 
LOG (lattice-best-path[5.0.62~1-68cee]:main():lattice-best-path.cc:99) For utterance yweweler_9_yweweler_18, best cost 91.7889 + 3336.41 = 3428.2 over 33 frames.
yweweler_9_yweweler_18 five 
LOG (lattice-best-path[5.0.62~1-68cee]:main():lattice-best-path.cc:99) For utterance yweweler_9_yweweler_19, best cost 98.2225 + 3258.65 = 3356.87 over 34 frames.
yweweler_9_yweweler_19 one 
LOG (lattice-best-path[5.0.62~1-68cee]:main():lattice-best-path.cc:99) For utterance yweweler_9_yweweler_2, best cost 106.96 + 3710.93 = 3817.89 over 38 frames.
yweweler_9_yweweler_2 five 
LOG (lattice-best-path[5.0.62~1-68cee]:main():lattice-best-path.cc:99) For utterance yweweler_9_yweweler_20, best cost 102.909 + 4080.2 = 4183.1 over 40 frames.
yweweler_9_yweweler_20 one 
LOG (lattice-best-path[5.0.62~1-68cee]:main():lattice-best-path.cc:99) For utterance yweweler_9_yweweler_21, best cost 93.0111 + 3924.86 = 4017.87 over 40 frames.
yweweler_9_yweweler_21 nine 
LOG (lattice-best-path[5.0.62~1-68cee]:main():lattice-best-path.cc:99) For utterance yweweler_9_yweweler_22, best cost 106.138 + 3936.84 = 4042.98 over 41 frames.
yweweler_9_yweweler_22 nine 
LOG (lattice-best-path[5.0.62~1-68cee]:main():lattice-best-path.cc:99) For utterance yweweler_9_yweweler_23, best cost 94.3026 + 4282.95 = 4377.25 over 45 frames.
yweweler_9_yweweler_23 nine 
LOG (lattice-best-path[5.0.62~1-68cee]:main():lattice-best-path.cc:99) For utterance yweweler_9_yweweler_24, best cost 98.1059 + 4327.29 = 4425.4 over 45 frames.
yweweler_9_yweweler_24 nine 
LOG (lattice-best-path[5.0.62~1-68cee]:main():lattice-best-path.cc:99) For utterance yweweler_9_yweweler_25, best cost 97.9027 + 4028.32 = 4126.22 over 42 frames.
yweweler_9_yweweler_25 nine 
LOG (lattice-best-path[5.0.62~1-68cee]:main():lattice-best-path.cc:99) For utterance yweweler_9_yweweler_26, best cost 100.11 + 4687.8 = 4787.91 over 49 frames.
yweweler_9_yweweler_26 nine 
LOG (lattice-best-path[5.0.62~1-68cee]:main():lattice-best-path.cc:99) For utterance yweweler_9_yweweler_27, best cost 100.412 + 4020.81 = 4121.22 over 39 frames.
yweweler_9_yweweler_27 one 
LOG (lattice-best-path[5.0.62~1-68cee]:main():lattice-best-path.cc:99) For utterance yweweler_9_yweweler_28, best cost 99.5786 + 3474.05 = 3573.62 over 35 frames.
yweweler_9_yweweler_28 nine 
LOG (lattice-best-path[5.0.62~1-68cee]:main():lattice-best-path.cc:99) For utterance yweweler_9_yweweler_29, best cost 99.4961 + 3304.28 = 3403.78 over 33 frames.
yweweler_9_yweweler_29 one 
LOG (lattice-best-path[5.0.62~1-68cee]:main():lattice-best-path.cc:99) For utterance yweweler_9_yweweler_3, best cost 108.907 + 5605.45 = 5714.35 over 53 frames.
yweweler_9_yweweler_3 nine 
LOG (lattice-best-path[5.0.62~1-68cee]:main():lattice-best-path.cc:99) For utterance yweweler_9_yweweler_30, best cost 99.4226 + 4035.91 = 4135.33 over 42 frames.
yweweler_9_yweweler_30 nine 
LOG (lattice-best-path[5.0.62~1-68cee]:main():lattice-best-path.cc:99) For utterance yweweler_9_yweweler_31, best cost 121.241 + 5663.89 = 5785.14 over 50 frames.
yweweler_9_yweweler_31 nine 
LOG (lattice-best-path[5.0.62~1-68cee]:main():lattice-best-path.cc:99) For utterance yweweler_9_yweweler_32, best cost 101.37 + 4969.87 = 5071.24 over 46 frames.
yweweler_9_yweweler_32 one 
LOG (lattice-best-path[5.0.62~1-68cee]:main():lattice-best-path.cc:99) For utterance yweweler_9_yweweler_33, best cost 104.005 + 4732.51 = 4836.52 over 42 frames.
yweweler_9_yweweler_33 nine 
LOG (lattice-best-path[5.0.62~1-68cee]:main():lattice-best-path.cc:99) For utterance yweweler_9_yweweler_34, best cost 106.789 + 4643.57 = 4750.36 over 41 frames.
yweweler_9_yweweler_34 nine 
LOG (lattice-best-path[5.0.62~1-68cee]:main():lattice-best-path.cc:99) For utterance yweweler_9_yweweler_35, best cost 99.7529 + 4754.57 = 4854.32 over 43 frames.
yweweler_9_yweweler_35 one 
LOG (lattice-best-path[5.0.62~1-68cee]:main():lattice-best-path.cc:99) For utterance yweweler_9_yweweler_36, best cost 111.799 + 4783.58 = 4895.38 over 44 frames.
yweweler_9_yweweler_36 nine 
LOG (lattice-best-path[5.0.62~1-68cee]:main():lattice-best-path.cc:99) For utterance yweweler_9_yweweler_37, best cost 106.296 + 3361.99 = 3468.29 over 33 frames.
yweweler_9_yweweler_37 nine 
LOG (lattice-best-path[5.0.62~1-68cee]:main():lattice-best-path.cc:99) For utterance yweweler_9_yweweler_38, best cost 106.759 + 3350.01 = 3456.77 over 34 frames.
yweweler_9_yweweler_38 nine 
LOG (lattice-best-path[5.0.62~1-68cee]:main():lattice-best-path.cc:99) For utterance yweweler_9_yweweler_39, best cost 94.21 + 3584.92 = 3679.13 over 37 frames.
yweweler_9_yweweler_39 nine 
LOG (lattice-best-path[5.0.62~1-68cee]:main():lattice-best-path.cc:99) For utterance yweweler_9_yweweler_4, best cost 107.446 + 3983.91 = 4091.36 over 40 frames.
yweweler_9_yweweler_4 nine 
LOG (lattice-best-path[5.0.62~1-68cee]:main():lattice-best-path.cc:99) For utterance yweweler_9_yweweler_40, best cost 99.3709 + 3434.88 = 3534.25 over 35 frames.
yweweler_9_yweweler_40 one 
LOG (lattice-best-path[5.0.62~1-68cee]:main():lattice-best-path.cc:99) For utterance yweweler_9_yweweler_41, best cost 110.433 + 4168.41 = 4278.85 over 41 frames.
yweweler_9_yweweler_41 nine 
LOG (lattice-best-path[5.0.62~1-68cee]:main():lattice-best-path.cc:99) For utterance yweweler_9_yweweler_42, best cost 97.8523 + 4257.63 = 4355.48 over 42 frames.
yweweler_9_yweweler_42 nine 
LOG (lattice-best-path[5.0.62~1-68cee]:main():lattice-best-path.cc:99) For utterance yweweler_9_yweweler_43, best cost 101.406 + 3985.33 = 4086.73 over 38 frames.
yweweler_9_yweweler_43 nine 
LOG (lattice-best-path[5.0.62~1-68cee]:main():lattice-best-path.cc:99) For utterance yweweler_9_yweweler_44, best cost 98.2402 + 3221.53 = 3319.77 over 31 frames.
yweweler_9_yweweler_44 one 
LOG (lattice-best-path[5.0.62~1-68cee]:main():lattice-best-path.cc:99) For utterance yweweler_9_yweweler_45, best cost 96.8821 + 4245.44 = 4342.32 over 40 frames.
yweweler_9_yweweler_45 one 
LOG (lattice-best-path[5.0.62~1-68cee]:main():lattice-best-path.cc:99) For utterance yweweler_9_yweweler_46, best cost 94.2404 + 3568.93 = 3663.17 over 36 frames.
yweweler_9_yweweler_46 nine 
LOG (lattice-best-path[5.0.62~1-68cee]:main():lattice-best-path.cc:99) For utterance yweweler_9_yweweler_47, best cost 113.612 + 4271.15 = 4384.76 over 41 frames.
yweweler_9_yweweler_47 nine 
LOG (lattice-best-path[5.0.62~1-68cee]:main():lattice-best-path.cc:99) For utterance yweweler_9_yweweler_48, best cost 104.382 + 3592.86 = 3697.24 over 36 frames.
yweweler_9_yweweler_48 nine 
LOG (lattice-best-path[5.0.62~1-68cee]:main():lattice-best-path.cc:99) For utterance yweweler_9_yweweler_49, best cost 105.323 + 3618.1 = 3723.43 over 36 frames.
yweweler_9_yweweler_49 nine 
LOG (lattice-best-path[5.0.62~1-68cee]:main():lattice-best-path.cc:99) For utterance yweweler_9_yweweler_5, best cost 97.6863 + 3429.8 = 3527.49 over 34 frames.
yweweler_9_yweweler_5 one 
LOG (lattice-best-path[5.0.62~1-68cee]:main():lattice-best-path.cc:99) For utterance yweweler_9_yweweler_6, best cost 106.994 + 3539.56 = 3646.56 over 33 frames.
yweweler_9_yweweler_6 one 
LOG (lattice-best-path[5.0.62~1-68cee]:main():lattice-best-path.cc:99) For utterance yweweler_9_yweweler_7, best cost 97.587 + 3402.77 = 3500.35 over 33 frames.
yweweler_9_yweweler_7 one 
LOG (lattice-best-path[5.0.62~1-68cee]:main():lattice-best-path.cc:99) For utterance yweweler_9_yweweler_8, best cost 102.547 + 3740.18 = 3842.73 over 38 frames.
yweweler_9_yweweler_8 one 
LOG (lattice-best-path[5.0.62~1-68cee]:main():lattice-best-path.cc:99) For utterance yweweler_9_yweweler_9, best cost 104.616 + 4263.33 = 4367.95 over 42 frames.
yweweler_9_yweweler_9 one 
LOG (lattice-best-path[5.0.62~1-68cee]:main():lattice-best-path.cc:124) Overall cost per frame is 104.681 = 2.87449 [graph] + 101.807 [acoustic] over 16712 frames.
LOG (lattice-best-path[5.0.62~1-68cee]:main():lattice-best-path.cc:128) Done 500 lattices, failed for 0
# Accounting: time=1 threads=1
# Ended (code 0) at Mon May 30 15:37:30 IST 2022, elapsed time 1 seconds
