# lattice-best-path --lm-scale=16 --word-symbol-table=exp/mono/graph/words.txt "ark:gunzip -c exp/mono/decode/lat.*.gz|" ark,t:exp/mono/decode/scoring/16.tra 
# Started at Mon May 30 15:35:39 IST 2022
#
lattice-best-path --lm-scale=16 --word-symbol-table=exp/mono/graph/words.txt 'ark:gunzip -c exp/mono/decode/lat.*.gz|' ark,t:exp/mono/decode/scoring/16.tra 
LOG (lattice-best-path[5.0.62~1-68cee]:main():lattice-best-path.cc:99) For utterance yweweler_0_yweweler_0, best cost 127.76 + 4001.69 = 4129.45 over 37 frames.
yweweler_0_yweweler_0 zero 
LOG (lattice-best-path[5.0.62~1-68cee]:main():lattice-best-path.cc:99) For utterance yweweler_0_yweweler_1, best cost 123.105 + 3298.49 = 3421.6 over 31 frames.
yweweler_0_yweweler_1 zero 
LOG (lattice-best-path[5.0.62~1-68cee]:main():lattice-best-path.cc:99) For utterance yweweler_0_yweweler_10, best cost 123.046 + 3918.1 = 4041.15 over 36 frames.
yweweler_0_yweweler_10 zero 
LOG (lattice-best-path[5.0.62~1-68cee]:main():lattice-best-path.cc:99) For utterance yweweler_0_yweweler_11, best cost 124.566 + 3521.93 = 3646.5 over 35 frames.
yweweler_0_yweweler_11 zero 
LOG (lattice-best-path[5.0.62~1-68cee]:main():lattice-best-path.cc:99) For utterance yweweler_0_yweweler_12, best cost 150.831 + 3718.73 = 3869.57 over 37 frames.
yweweler_0_yweweler_12 zero 
LOG (lattice-best-path[5.0.62~1-68cee]:main():lattice-best-path.cc:99) For utterance yweweler_0_yweweler_13, best cost 129.489 + 3935.52 = 4065.01 over 41 frames.
yweweler_0_yweweler_13 zero 
LOG (lattice-best-path[5.0.62~1-68cee]:main():lattice-best-path.cc:99) For utterance yweweler_0_yweweler_14, best cost 123.823 + 4069.2 = 4193.02 over 41 frames.
yweweler_0_yweweler_14 zero 
LOG (lattice-best-path[5.0.62~1-68cee]:main():lattice-best-path.cc:99) For utterance yweweler_0_yweweler_15, best cost 134.923 + 3847.24 = 3982.16 over 41 frames.
yweweler_0_yweweler_15 zero 
LOG (lattice-best-path[5.0.62~1-68cee]:main():lattice-best-path.cc:99) For utterance yweweler_0_yweweler_16, best cost 127.135 + 3375.28 = 3502.41 over 34 frames.
yweweler_0_yweweler_16 zero 
LOG (lattice-best-path[5.0.62~1-68cee]:main():lattice-best-path.cc:99) For utterance yweweler_0_yweweler_17, best cost 127.712 + 3748.57 = 3876.28 over 38 frames.
yweweler_0_yweweler_17 zero 
LOG (lattice-best-path[5.0.62~1-68cee]:main():lattice-best-path.cc:99) For utterance yweweler_0_yweweler_18, best cost 132.035 + 3928.58 = 4060.62 over 40 frames.
yweweler_0_yweweler_18 zero 
LOG (lattice-best-path[5.0.62~1-68cee]:main():lattice-best-path.cc:99) For utterance yweweler_0_yweweler_19, best cost 139.154 + 4338.5 = 4477.66 over 45 frames.
yweweler_0_yweweler_19 zero 
LOG (lattice-best-path[5.0.62~1-68cee]:main():lattice-best-path.cc:99) For utterance yweweler_0_yweweler_2, best cost 122.59 + 3345.05 = 3467.64 over 33 frames.
yweweler_0_yweweler_2 zero 
LOG (lattice-best-path[5.0.62~1-68cee]:main():lattice-best-path.cc:99) For utterance yweweler_0_yweweler_20, best cost 122.081 + 3137.02 = 3259.1 over 32 frames.
yweweler_0_yweweler_20 zero 
LOG (lattice-best-path[5.0.62~1-68cee]:main():lattice-best-path.cc:99) For utterance yweweler_0_yweweler_21, best cost 124.764 + 3289.69 = 3414.45 over 33 frames.
yweweler_0_yweweler_21 zero 
LOG (lattice-best-path[5.0.62~1-68cee]:main():lattice-best-path.cc:99) For utterance yweweler_0_yweweler_22, best cost 121.8 + 3160.72 = 3282.52 over 32 frames.
yweweler_0_yweweler_22 zero 
LOG (lattice-best-path[5.0.62~1-68cee]:main():lattice-best-path.cc:99) For utterance yweweler_0_yweweler_23, best cost 120.372 + 3139.91 = 3260.28 over 31 frames.
yweweler_0_yweweler_23 zero 
LOG (lattice-best-path[5.0.62~1-68cee]:main():lattice-best-path.cc:99) For utterance yweweler_0_yweweler_24, best cost 124.169 + 3371.12 = 3495.29 over 36 frames.
yweweler_0_yweweler_24 zero 
LOG (lattice-best-path[5.0.62~1-68cee]:main():lattice-best-path.cc:99) For utterance yweweler_0_yweweler_25, best cost 125.133 + 3594.8 = 3719.94 over 37 frames.
yweweler_0_yweweler_25 zero 
LOG (lattice-best-path[5.0.62~1-68cee]:main():lattice-best-path.cc:99) For utterance yweweler_0_yweweler_26, best cost 124.195 + 3480.6 = 3604.8 over 34 frames.
yweweler_0_yweweler_26 zero 
LOG (lattice-best-path[5.0.62~1-68cee]:main():lattice-best-path.cc:99) For utterance yweweler_0_yweweler_27, best cost 122.404 + 3384.31 = 3506.72 over 34 frames.
yweweler_0_yweweler_27 zero 
LOG (lattice-best-path[5.0.62~1-68cee]:main():lattice-best-path.cc:99) For utterance yweweler_0_yweweler_28, best cost 134.305 + 4120.71 = 4255.02 over 40 frames.
yweweler_0_yweweler_28 zero 
LOG (lattice-best-path[5.0.62~1-68cee]:main():lattice-best-path.cc:99) For utterance yweweler_0_yweweler_29, best cost 127.721 + 3681.23 = 3808.95 over 36 frames.
yweweler_0_yweweler_29 zero 
LOG (lattice-best-path[5.0.62~1-68cee]:main():lattice-best-path.cc:99) For utterance yweweler_0_yweweler_3, best cost 124.876 + 3499.52 = 3624.39 over 34 frames.
yweweler_0_yweweler_3 zero 
LOG (lattice-best-path[5.0.62~1-68cee]:main():lattice-best-path.cc:99) For utterance yweweler_0_yweweler_30, best cost 124.334 + 3902.73 = 4027.07 over 38 frames.
yweweler_0_yweweler_30 zero 
LOG (lattice-best-path[5.0.62~1-68cee]:main():lattice-best-path.cc:99) For utterance yweweler_0_yweweler_31, best cost 132.244 + 3103.85 = 3236.09 over 31 frames.
yweweler_0_yweweler_31 zero 
LOG (lattice-best-path[5.0.62~1-68cee]:main():lattice-best-path.cc:99) For utterance yweweler_0_yweweler_32, best cost 45.8564 + 3985.15 = 4031.01 over 34 frames.
yweweler_0_yweweler_32 
LOG (lattice-best-path[5.0.62~1-68cee]:main():lattice-best-path.cc:99) For utterance yweweler_0_yweweler_33, best cost 130.702 + 4549.32 = 4680.02 over 47 frames.
yweweler_0_yweweler_33 zero 
LOG (lattice-best-path[5.0.62~1-68cee]:main():lattice-best-path.cc:99) For utterance yweweler_0_yweweler_34, best cost 56.0899 + 4039.52 = 4095.61 over 35 frames.
yweweler_0_yweweler_34 
LOG (lattice-best-path[5.0.62~1-68cee]:main():lattice-best-path.cc:99) For utterance yweweler_0_yweweler_35, best cost 105.426 + 4032.4 = 4137.83 over 37 frames.
yweweler_0_yweweler_35 two 
LOG (lattice-best-path[5.0.62~1-68cee]:main():lattice-best-path.cc:99) For utterance yweweler_0_yweweler_36, best cost 117.855 + 4688.26 = 4806.11 over 43 frames.
yweweler_0_yweweler_36 two 
LOG (lattice-best-path[5.0.62~1-68cee]:main():lattice-best-path.cc:99) For utterance yweweler_0_yweweler_37, best cost 122.763 + 3657.17 = 3779.94 over 36 frames.
yweweler_0_yweweler_37 zero 
LOG (lattice-best-path[5.0.62~1-68cee]:main():lattice-best-path.cc:99) For utterance yweweler_0_yweweler_38, best cost 123.811 + 3837.39 = 3961.2 over 39 frames.
yweweler_0_yweweler_38 zero 
LOG (lattice-best-path[5.0.62~1-68cee]:main():lattice-best-path.cc:99) For utterance yweweler_0_yweweler_39, best cost 125.451 + 4330.13 = 4455.58 over 42 frames.
yweweler_0_yweweler_39 zero 
LOG (lattice-best-path[5.0.62~1-68cee]:main():lattice-best-path.cc:99) For utterance yweweler_0_yweweler_4, best cost 119.171 + 3157.03 = 3276.2 over 30 frames.
yweweler_0_yweweler_4 zero 
LOG (lattice-best-path[5.0.62~1-68cee]:main():lattice-best-path.cc:99) For utterance yweweler_0_yweweler_40, best cost 142.62 + 4498.8 = 4641.42 over 43 frames.
yweweler_0_yweweler_40 zero 
LOG (lattice-best-path[5.0.62~1-68cee]:main():lattice-best-path.cc:99) For utterance yweweler_0_yweweler_41, best cost 116.129 + 3098.84 = 3214.97 over 31 frames.
yweweler_0_yweweler_41 zero 
LOG (lattice-best-path[5.0.62~1-68cee]:main():lattice-best-path.cc:99) For utterance yweweler_0_yweweler_42, best cost 132.653 + 4429.45 = 4562.1 over 41 frames.
yweweler_0_yweweler_42 zero 
LOG (lattice-best-path[5.0.62~1-68cee]:main():lattice-best-path.cc:99) For utterance yweweler_0_yweweler_43, best cost 116.986 + 3173.67 = 3290.66 over 32 frames.
yweweler_0_yweweler_43 zero 
LOG (lattice-best-path[5.0.62~1-68cee]:main():lattice-best-path.cc:99) For utterance yweweler_0_yweweler_44, best cost 115.304 + 3136.14 = 3251.45 over 30 frames.
yweweler_0_yweweler_44 zero 
LOG (lattice-best-path[5.0.62~1-68cee]:main():lattice-best-path.cc:99) For utterance yweweler_0_yweweler_45, best cost 121.97 + 3400.96 = 3522.93 over 33 frames.
yweweler_0_yweweler_45 zero 
LOG (lattice-best-path[5.0.62~1-68cee]:main():lattice-best-path.cc:99) For utterance yweweler_0_yweweler_46, best cost 110.209 + 2732.88 = 2843.09 over 27 frames.
yweweler_0_yweweler_46 zero 
LOG (lattice-best-path[5.0.62~1-68cee]:main():lattice-best-path.cc:99) For utterance yweweler_0_yweweler_47, best cost 124.282 + 3298.78 = 3423.06 over 33 frames.
yweweler_0_yweweler_47 zero 
LOG (lattice-best-path[5.0.62~1-68cee]:main():lattice-best-path.cc:99) For utterance yweweler_0_yweweler_48, best cost 124.707 + 3541.37 = 3666.08 over 37 frames.
yweweler_0_yweweler_48 zero 
LOG (lattice-best-path[5.0.62~1-68cee]:main():lattice-best-path.cc:99) For utterance yweweler_0_yweweler_49, best cost 125.624 + 3566.9 = 3692.53 over 37 frames.
yweweler_0_yweweler_49 zero 
LOG (lattice-best-path[5.0.62~1-68cee]:main():lattice-best-path.cc:99) For utterance yweweler_0_yweweler_5, best cost 133.073 + 3959.07 = 4092.15 over 38 frames.
yweweler_0_yweweler_5 zero 
LOG (lattice-best-path[5.0.62~1-68cee]:main():lattice-best-path.cc:99) For utterance yweweler_0_yweweler_6, best cost 123.104 + 3918.23 = 4041.34 over 38 frames.
yweweler_0_yweweler_6 zero 
LOG (lattice-best-path[5.0.62~1-68cee]:main():lattice-best-path.cc:99) For utterance yweweler_0_yweweler_7, best cost 46.7368 + 4244.05 = 4290.79 over 37 frames.
yweweler_0_yweweler_7 
LOG (lattice-best-path[5.0.62~1-68cee]:main():lattice-best-path.cc:99) For utterance yweweler_0_yweweler_8, best cost 125.126 + 3290.18 = 3415.3 over 32 frames.
yweweler_0_yweweler_8 zero 
LOG (lattice-best-path[5.0.62~1-68cee]:main():lattice-best-path.cc:99) For utterance yweweler_0_yweweler_9, best cost 150.719 + 3491.33 = 3642.05 over 34 frames.
yweweler_0_yweweler_9 zero 
LOG (lattice-best-path[5.0.62~1-68cee]:main():lattice-best-path.cc:99) For utterance yweweler_1_yweweler_0, best cost 126.501 + 4032.84 = 4159.34 over 40 frames.
yweweler_1_yweweler_0 one 
LOG (lattice-best-path[5.0.62~1-68cee]:main():lattice-best-path.cc:99) For utterance yweweler_1_yweweler_1, best cost 107.45 + 1886.38 = 1993.83 over 20 frames.
yweweler_1_yweweler_1 one 
LOG (lattice-best-path[5.0.62~1-68cee]:main():lattice-best-path.cc:99) For utterance yweweler_1_yweweler_10, best cost 117.034 + 2620.06 = 2737.09 over 26 frames.
yweweler_1_yweweler_10 one 
LOG (lattice-best-path[5.0.62~1-68cee]:main():lattice-best-path.cc:99) For utterance yweweler_1_yweweler_11, best cost 117.299 + 3082.16 = 3199.45 over 32 frames.
yweweler_1_yweweler_11 one 
LOG (lattice-best-path[5.0.62~1-68cee]:main():lattice-best-path.cc:99) For utterance yweweler_1_yweweler_12, best cost 117.168 + 3401.8 = 3518.96 over 35 frames.
yweweler_1_yweweler_12 one 
LOG (lattice-best-path[5.0.62~1-68cee]:main():lattice-best-path.cc:99) For utterance yweweler_1_yweweler_13, best cost 116.922 + 3167.12 = 3284.04 over 32 frames.
yweweler_1_yweweler_13 one 
LOG (lattice-best-path[5.0.62~1-68cee]:main():lattice-best-path.cc:99) For utterance yweweler_1_yweweler_14, best cost 112.805 + 2594.03 = 2706.84 over 27 frames.
yweweler_1_yweweler_14 one 
LOG (lattice-best-path[5.0.62~1-68cee]:main():lattice-best-path.cc:99) For utterance yweweler_1_yweweler_15, best cost 130.161 + 4822.27 = 4952.43 over 49 frames.
yweweler_1_yweweler_15 one 
LOG (lattice-best-path[5.0.62~1-68cee]:main():lattice-best-path.cc:99) For utterance yweweler_1_yweweler_16, best cost 116.57 + 3084.07 = 3200.64 over 33 frames.
yweweler_1_yweweler_16 one 
LOG (lattice-best-path[5.0.62~1-68cee]:main():lattice-best-path.cc:99) For utterance yweweler_1_yweweler_17, best cost 113.547 + 2632.83 = 2746.37 over 28 frames.
yweweler_1_yweweler_17 one 
LOG (lattice-best-path[5.0.62~1-68cee]:main():lattice-best-path.cc:99) For utterance yweweler_1_yweweler_18, best cost 116.065 + 3128.74 = 3244.8 over 33 frames.
yweweler_1_yweweler_18 one 
LOG (lattice-best-path[5.0.62~1-68cee]:main():lattice-best-path.cc:99) For utterance yweweler_1_yweweler_19, best cost 118.115 + 3020.51 = 3138.62 over 33 frames.
yweweler_1_yweweler_19 one 
LOG (lattice-best-path[5.0.62~1-68cee]:main():lattice-best-path.cc:99) For utterance yweweler_1_yweweler_2, best cost 124.464 + 2989.2 = 3113.66 over 32 frames.
yweweler_1_yweweler_2 one 
LOG (lattice-best-path[5.0.62~1-68cee]:main():lattice-best-path.cc:99) For utterance yweweler_1_yweweler_20, best cost 125.8 + 3241.22 = 3367.02 over 35 frames.
yweweler_1_yweweler_20 one 
LOG (lattice-best-path[5.0.62~1-68cee]:main():lattice-best-path.cc:99) For utterance yweweler_1_yweweler_21, best cost 115.214 + 2916.24 = 3031.45 over 31 frames.
yweweler_1_yweweler_21 one 
LOG (lattice-best-path[5.0.62~1-68cee]:main():lattice-best-path.cc:99) For utterance yweweler_1_yweweler_22, best cost 114.349 + 2718.12 = 2832.47 over 29 frames.
yweweler_1_yweweler_22 one 
LOG (lattice-best-path[5.0.62~1-68cee]:main():lattice-best-path.cc:99) For utterance yweweler_1_yweweler_23, best cost 122.342 + 2907.34 = 3029.68 over 31 frames.
yweweler_1_yweweler_23 one 
LOG (lattice-best-path[5.0.62~1-68cee]:main():lattice-best-path.cc:99) For utterance yweweler_1_yweweler_24, best cost 114.266 + 2696.63 = 2810.9 over 29 frames.
yweweler_1_yweweler_24 one 
LOG (lattice-best-path[5.0.62~1-68cee]:main():lattice-best-path.cc:99) For utterance yweweler_1_yweweler_25, best cost 111.162 + 2311.02 = 2422.18 over 24 frames.
yweweler_1_yweweler_25 one 
LOG (lattice-best-path[5.0.62~1-68cee]:main():lattice-best-path.cc:99) For utterance yweweler_1_yweweler_26, best cost 117.552 + 3313.31 = 3430.86 over 36 frames.
yweweler_1_yweweler_26 one 
LOG (lattice-best-path[5.0.62~1-68cee]:main():lattice-best-path.cc:99) For utterance yweweler_1_yweweler_27, best cost 112.136 + 2484.04 = 2596.18 over 26 frames.
yweweler_1_yweweler_27 one 
LOG (lattice-best-path[5.0.62~1-68cee]:main():lattice-best-path.cc:99) For utterance yweweler_1_yweweler_28, best cost 114.036 + 2294.07 = 2408.11 over 26 frames.
yweweler_1_yweweler_28 one 
LOG (lattice-best-path[5.0.62~1-68cee]:main():lattice-best-path.cc:99) For utterance yweweler_1_yweweler_29, best cost 115.687 + 2843.52 = 2959.21 over 32 frames.
yweweler_1_yweweler_29 one 
LOG (lattice-best-path[5.0.62~1-68cee]:main():lattice-best-path.cc:99) For utterance yweweler_1_yweweler_3, best cost 121.484 + 2898.67 = 3020.16 over 29 frames.
yweweler_1_yweweler_3 one 
LOG (lattice-best-path[5.0.62~1-68cee]:main():lattice-best-path.cc:99) For utterance yweweler_1_yweweler_30, best cost 115.106 + 2910.92 = 3026.02 over 32 frames.
yweweler_1_yweweler_30 one 
LOG (lattice-best-path[5.0.62~1-68cee]:main():lattice-best-path.cc:99) For utterance yweweler_1_yweweler_31, best cost 118.699 + 3374.62 = 3493.32 over 37 frames.
yweweler_1_yweweler_31 one 
LOG (lattice-best-path[5.0.62~1-68cee]:main():lattice-best-path.cc:99) For utterance yweweler_1_yweweler_32, best cost 112.274 + 2483.72 = 2596 over 25 frames.
yweweler_1_yweweler_32 one 
LOG (lattice-best-path[5.0.62~1-68cee]:main():lattice-best-path.cc:99) For utterance yweweler_1_yweweler_33, best cost 126.33 + 3804.9 = 3931.23 over 41 frames.
yweweler_1_yweweler_33 one 
LOG (lattice-best-path[5.0.62~1-68cee]:main():lattice-best-path.cc:99) For utterance yweweler_1_yweweler_34, best cost 115.088 + 2781.7 = 2896.79 over 31 frames.
yweweler_1_yweweler_34 one 
LOG (lattice-best-path[5.0.62~1-68cee]:main():lattice-best-path.cc:99) For utterance yweweler_1_yweweler_35, best cost 113.529 + 2565.41 = 2678.94 over 23 frames.
yweweler_1_yweweler_35 one 
LOG (lattice-best-path[5.0.62~1-68cee]:main():lattice-best-path.cc:99) For utterance yweweler_1_yweweler_36, best cost 122.225 + 3434.83 = 3557.05 over 33 frames.
yweweler_1_yweweler_36 one 
LOG (lattice-best-path[5.0.62~1-68cee]:main():lattice-best-path.cc:99) For utterance yweweler_1_yweweler_37, best cost 132.549 + 4579.14 = 4711.69 over 45 frames.
yweweler_1_yweweler_37 one 
LOG (lattice-best-path[5.0.62~1-68cee]:main():lattice-best-path.cc:99) For utterance yweweler_1_yweweler_38, best cost 117.764 + 3272.86 = 3390.62 over 35 frames.
yweweler_1_yweweler_38 one 
LOG (lattice-best-path[5.0.62~1-68cee]:main():lattice-best-path.cc:99) For utterance yweweler_1_yweweler_39, best cost 116.419 + 3222.03 = 3338.44 over 31 frames.
yweweler_1_yweweler_39 one 
LOG (lattice-best-path[5.0.62~1-68cee]:main():lattice-best-path.cc:99) For utterance yweweler_1_yweweler_4, best cost 113.754 + 2746.78 = 2860.54 over 28 frames.
yweweler_1_yweweler_4 one 
LOG (lattice-best-path[5.0.62~1-68cee]:main():lattice-best-path.cc:99) For utterance yweweler_1_yweweler_40, best cost 118.998 + 3409.13 = 3528.13 over 34 frames.
yweweler_1_yweweler_40 one 
LOG (lattice-best-path[5.0.62~1-68cee]:main():lattice-best-path.cc:99) For utterance yweweler_1_yweweler_41, best cost 117.965 + 3907.32 = 4025.29 over 39 frames.
yweweler_1_yweweler_41 one 
LOG (lattice-best-path[5.0.62~1-68cee]:main():lattice-best-path.cc:99) For utterance yweweler_1_yweweler_42, best cost 124.864 + 3494.54 = 3619.41 over 33 frames.
yweweler_1_yweweler_42 one 
LOG (lattice-best-path[5.0.62~1-68cee]:main():lattice-best-path.cc:99) For utterance yweweler_1_yweweler_43, best cost 117.481 + 3114.59 = 3232.08 over 33 frames.
yweweler_1_yweweler_43 one 
LOG (lattice-best-path[5.0.62~1-68cee]:main():lattice-best-path.cc:99) For utterance yweweler_1_yweweler_44, best cost 113.127 + 2810.8 = 2923.93 over 29 frames.
yweweler_1_yweweler_44 one 
LOG (lattice-best-path[5.0.62~1-68cee]:main():lattice-best-path.cc:99) For utterance yweweler_1_yweweler_45, best cost 119.186 + 3163.29 = 3282.48 over 35 frames.
yweweler_1_yweweler_45 one 
LOG (lattice-best-path[5.0.62~1-68cee]:main():lattice-best-path.cc:99) For utterance yweweler_1_yweweler_46, best cost 126.157 + 3473.26 = 3599.42 over 37 frames.
yweweler_1_yweweler_46 one 
LOG (lattice-best-path[5.0.62~1-68cee]:main():lattice-best-path.cc:99) For utterance yweweler_1_yweweler_47, best cost 117.244 + 3327.12 = 3444.37 over 33 frames.
yweweler_1_yweweler_47 one 
LOG (lattice-best-path[5.0.62~1-68cee]:main():lattice-best-path.cc:99) For utterance yweweler_1_yweweler_48, best cost 126.117 + 3799.1 = 3925.22 over 39 frames.
yweweler_1_yweweler_48 one 
LOG (lattice-best-path[5.0.62~1-68cee]:main():lattice-best-path.cc:99) For utterance yweweler_1_yweweler_49, best cost 119.38 + 3575.14 = 3694.52 over 39 frames.
yweweler_1_yweweler_49 one 
LOG (lattice-best-path[5.0.62~1-68cee]:main():lattice-best-path.cc:99) For utterance yweweler_1_yweweler_5, best cost 116.701 + 2904.46 = 3021.16 over 31 frames.
yweweler_1_yweweler_5 one 
LOG (lattice-best-path[5.0.62~1-68cee]:main():lattice-best-path.cc:99) For utterance yweweler_1_yweweler_6, best cost 111.898 + 2448.68 = 2560.58 over 24 frames.
yweweler_1_yweweler_6 one 
LOG (lattice-best-path[5.0.62~1-68cee]:main():lattice-best-path.cc:99) For utterance yweweler_1_yweweler_7, best cost 112.088 + 2422.31 = 2534.4 over 25 frames.
yweweler_1_yweweler_7 one 
LOG (lattice-best-path[5.0.62~1-68cee]:main():lattice-best-path.cc:99) For utterance yweweler_1_yweweler_8, best cost 113.557 + 2554.19 = 2667.75 over 24 frames.
yweweler_1_yweweler_8 one 
LOG (lattice-best-path[5.0.62~1-68cee]:main():lattice-best-path.cc:99) For utterance yweweler_1_yweweler_9, best cost 111.434 + 2429.36 = 2540.8 over 25 frames.
yweweler_1_yweweler_9 one 
LOG (lattice-best-path[5.0.62~1-68cee]:main():lattice-best-path.cc:99) For utterance yweweler_2_yweweler_0, best cost 103.096 + 2710.87 = 2813.97 over 25 frames.
yweweler_2_yweweler_0 two 
LOG (lattice-best-path[5.0.62~1-68cee]:main():lattice-best-path.cc:99) For utterance yweweler_2_yweweler_1, best cost 120.761 + 2896.22 = 3016.98 over 28 frames.
yweweler_2_yweweler_1 two 
LOG (lattice-best-path[5.0.62~1-68cee]:main():lattice-best-path.cc:99) For utterance yweweler_2_yweweler_10, best cost 113.941 + 2563.11 = 2677.05 over 25 frames.
yweweler_2_yweweler_10 two 
LOG (lattice-best-path[5.0.62~1-68cee]:main():lattice-best-path.cc:99) For utterance yweweler_2_yweweler_11, best cost 115.711 + 2852.83 = 2968.54 over 26 frames.
yweweler_2_yweweler_11 four 
LOG (lattice-best-path[5.0.62~1-68cee]:main():lattice-best-path.cc:99) For utterance yweweler_2_yweweler_12, best cost 103.085 + 2567.13 = 2670.22 over 25 frames.
yweweler_2_yweweler_12 two 
LOG (lattice-best-path[5.0.62~1-68cee]:main():lattice-best-path.cc:99) For utterance yweweler_2_yweweler_13, best cost 103.051 + 2624.98 = 2728.03 over 25 frames.
yweweler_2_yweweler_13 two 
LOG (lattice-best-path[5.0.62~1-68cee]:main():lattice-best-path.cc:99) For utterance yweweler_2_yweweler_14, best cost 113.387 + 2870.24 = 2983.63 over 29 frames.
yweweler_2_yweweler_14 two 
LOG (lattice-best-path[5.0.62~1-68cee]:main():lattice-best-path.cc:99) For utterance yweweler_2_yweweler_15, best cost 120.096 + 2733.88 = 2853.98 over 27 frames.
yweweler_2_yweweler_15 two 
LOG (lattice-best-path[5.0.62~1-68cee]:main():lattice-best-path.cc:99) For utterance yweweler_2_yweweler_16, best cost 113.576 + 2911.17 = 3024.74 over 30 frames.
yweweler_2_yweweler_16 two 
LOG (lattice-best-path[5.0.62~1-68cee]:main():lattice-best-path.cc:99) For utterance yweweler_2_yweweler_17, best cost 120.619 + 2822.64 = 2943.25 over 28 frames.
yweweler_2_yweweler_17 two 
LOG (lattice-best-path[5.0.62~1-68cee]:main():lattice-best-path.cc:99) For utterance yweweler_2_yweweler_18, best cost 111.564 + 2753.16 = 2864.73 over 28 frames.
yweweler_2_yweweler_18 two 
LOG (lattice-best-path[5.0.62~1-68cee]:main():lattice-best-path.cc:99) For utterance yweweler_2_yweweler_19, best cost 104.76 + 2393.93 = 2498.69 over 23 frames.
yweweler_2_yweweler_19 two 
LOG (lattice-best-path[5.0.62~1-68cee]:main():lattice-best-path.cc:99) For utterance yweweler_2_yweweler_2, best cost 105.592 + 2346.73 = 2452.32 over 22 frames.
yweweler_2_yweweler_2 two 
LOG (lattice-best-path[5.0.62~1-68cee]:main():lattice-best-path.cc:99) For utterance yweweler_2_yweweler_20, best cost 104.065 + 2681.22 = 2785.29 over 27 frames.
yweweler_2_yweweler_20 two 
LOG (lattice-best-path[5.0.62~1-68cee]:main():lattice-best-path.cc:99) For utterance yweweler_2_yweweler_21, best cost 111.856 + 2924.92 = 3036.77 over 29 frames.
yweweler_2_yweweler_21 two 
LOG (lattice-best-path[5.0.62~1-68cee]:main():lattice-best-path.cc:99) For utterance yweweler_2_yweweler_22, best cost 111.062 + 2717.39 = 2828.45 over 28 frames.
yweweler_2_yweweler_22 two 
LOG (lattice-best-path[5.0.62~1-68cee]:main():lattice-best-path.cc:99) For utterance yweweler_2_yweweler_23, best cost 112.924 + 2748.81 = 2861.74 over 28 frames.
yweweler_2_yweweler_23 two 
LOG (lattice-best-path[5.0.62~1-68cee]:main():lattice-best-path.cc:99) For utterance yweweler_2_yweweler_24, best cost 105.139 + 2778.42 = 2883.56 over 27 frames.
yweweler_2_yweweler_24 two 
LOG (lattice-best-path[5.0.62~1-68cee]:main():lattice-best-path.cc:99) For utterance yweweler_2_yweweler_25, best cost 109.899 + 2367.64 = 2477.54 over 22 frames.
yweweler_2_yweweler_25 two 
LOG (lattice-best-path[5.0.62~1-68cee]:main():lattice-best-path.cc:99) For utterance yweweler_2_yweweler_26, best cost 114.246 + 2898.21 = 3012.46 over 30 frames.
yweweler_2_yweweler_26 two 
LOG (lattice-best-path[5.0.62~1-68cee]:main():lattice-best-path.cc:99) For utterance yweweler_2_yweweler_27, best cost 114.154 + 3177.64 = 3291.8 over 31 frames.
yweweler_2_yweweler_27 two 
LOG (lattice-best-path[5.0.62~1-68cee]:main():lattice-best-path.cc:99) For utterance yweweler_2_yweweler_28, best cost 122.018 + 3114.67 = 3236.69 over 33 frames.
yweweler_2_yweweler_28 two 
LOG (lattice-best-path[5.0.62~1-68cee]:main():lattice-best-path.cc:99) For utterance yweweler_2_yweweler_29, best cost 107.126 + 3449.8 = 3556.93 over 33 frames.
yweweler_2_yweweler_29 two 
LOG (lattice-best-path[5.0.62~1-68cee]:main():lattice-best-path.cc:99) For utterance yweweler_2_yweweler_3, best cost 111.361 + 2709.55 = 2820.92 over 26 frames.
yweweler_2_yweweler_3 two 
LOG (lattice-best-path[5.0.62~1-68cee]:main():lattice-best-path.cc:99) For utterance yweweler_2_yweweler_30, best cost 120.735 + 2848.57 = 2969.3 over 27 frames.
yweweler_2_yweweler_30 two 
LOG (lattice-best-path[5.0.62~1-68cee]:main():lattice-best-path.cc:99) For utterance yweweler_2_yweweler_31, best cost 121.025 + 2790.14 = 2911.16 over 26 frames.
yweweler_2_yweweler_31 two 
LOG (lattice-best-path[5.0.62~1-68cee]:main():lattice-best-path.cc:99) For utterance yweweler_2_yweweler_32, best cost 119.912 + 2981.79 = 3101.7 over 29 frames.
yweweler_2_yweweler_32 two 
LOG (lattice-best-path[5.0.62~1-68cee]:main():lattice-best-path.cc:99) For utterance yweweler_2_yweweler_33, best cost 122.238 + 2963.03 = 3085.27 over 28 frames.
yweweler_2_yweweler_33 two 
LOG (lattice-best-path[5.0.62~1-68cee]:main():lattice-best-path.cc:99) For utterance yweweler_2_yweweler_34, best cost 114.589 + 3152.14 = 3266.73 over 31 frames.
yweweler_2_yweweler_34 two 
LOG (lattice-best-path[5.0.62~1-68cee]:main():lattice-best-path.cc:99) For utterance yweweler_2_yweweler_35, best cost 116.025 + 2868.29 = 2984.31 over 26 frames.
yweweler_2_yweweler_35 four 
LOG (lattice-best-path[5.0.62~1-68cee]:main():lattice-best-path.cc:99) For utterance yweweler_2_yweweler_36, best cost 125.79 + 4243.16 = 4368.95 over 40 frames.
yweweler_2_yweweler_36 two 
LOG (lattice-best-path[5.0.62~1-68cee]:main():lattice-best-path.cc:99) For utterance yweweler_2_yweweler_37, best cost 106.73 + 3729.13 = 3835.86 over 36 frames.
yweweler_2_yweweler_37 two 
LOG (lattice-best-path[5.0.62~1-68cee]:main():lattice-best-path.cc:99) For utterance yweweler_2_yweweler_38, best cost 123.266 + 3694.5 = 3817.77 over 37 frames.
yweweler_2_yweweler_38 two 
LOG (lattice-best-path[5.0.62~1-68cee]:main():lattice-best-path.cc:99) For utterance yweweler_2_yweweler_39, best cost 123.379 + 3414.19 = 3537.57 over 33 frames.
yweweler_2_yweweler_39 two 
LOG (lattice-best-path[5.0.62~1-68cee]:main():lattice-best-path.cc:99) For utterance yweweler_2_yweweler_4, best cost 114.037 + 2733.93 = 2847.97 over 27 frames.
yweweler_2_yweweler_4 two 
LOG (lattice-best-path[5.0.62~1-68cee]:main():lattice-best-path.cc:99) For utterance yweweler_2_yweweler_40, best cost 105.169 + 3170.13 = 3275.3 over 32 frames.
yweweler_2_yweweler_40 two 
LOG (lattice-best-path[5.0.62~1-68cee]:main():lattice-best-path.cc:99) For utterance yweweler_2_yweweler_41, best cost 113.646 + 3048.05 = 3161.69 over 29 frames.
yweweler_2_yweweler_41 two 
LOG (lattice-best-path[5.0.62~1-68cee]:main():lattice-best-path.cc:99) For utterance yweweler_2_yweweler_42, best cost 103.708 + 2542.24 = 2645.95 over 24 frames.
yweweler_2_yweweler_42 two 
LOG (lattice-best-path[5.0.62~1-68cee]:main():lattice-best-path.cc:99) For utterance yweweler_2_yweweler_43, best cost 103.57 + 2626.89 = 2730.46 over 26 frames.
yweweler_2_yweweler_43 two 
LOG (lattice-best-path[5.0.62~1-68cee]:main():lattice-best-path.cc:99) For utterance yweweler_2_yweweler_44, best cost 103.818 + 2798.19 = 2902.01 over 27 frames.
yweweler_2_yweweler_44 two 
LOG (lattice-best-path[5.0.62~1-68cee]:main():lattice-best-path.cc:99) For utterance yweweler_2_yweweler_45, best cost 103.398 + 2506.1 = 2609.5 over 23 frames.
yweweler_2_yweweler_45 two 
LOG (lattice-best-path[5.0.62~1-68cee]:main():lattice-best-path.cc:99) For utterance yweweler_2_yweweler_46, best cost 113.147 + 3312.91 = 3426.06 over 31 frames.
yweweler_2_yweweler_46 two 
LOG (lattice-best-path[5.0.62~1-68cee]:main():lattice-best-path.cc:99) For utterance yweweler_2_yweweler_47, best cost 103.689 + 2285.43 = 2389.12 over 23 frames.
yweweler_2_yweweler_47 two 
LOG (lattice-best-path[5.0.62~1-68cee]:main():lattice-best-path.cc:99) For utterance yweweler_2_yweweler_48, best cost 114.302 + 3062.47 = 3176.77 over 30 frames.
yweweler_2_yweweler_48 two 
LOG (lattice-best-path[5.0.62~1-68cee]:main():lattice-best-path.cc:99) For utterance yweweler_2_yweweler_49, best cost 111.483 + 2943.23 = 3054.71 over 28 frames.
yweweler_2_yweweler_49 two 
LOG (lattice-best-path[5.0.62~1-68cee]:main():lattice-best-path.cc:99) For utterance yweweler_2_yweweler_5, best cost 105.428 + 2883.41 = 2988.84 over 30 frames.
yweweler_2_yweweler_5 two 
LOG (lattice-best-path[5.0.62~1-68cee]:main():lattice-best-path.cc:99) For utterance yweweler_2_yweweler_6, best cost 114.406 + 2865.98 = 2980.39 over 29 frames.
yweweler_2_yweweler_6 two 
LOG (lattice-best-path[5.0.62~1-68cee]:main():lattice-best-path.cc:99) For utterance yweweler_2_yweweler_7, best cost 115.933 + 3049.44 = 3165.37 over 31 frames.
yweweler_2_yweweler_7 two 
LOG (lattice-best-path[5.0.62~1-68cee]:main():lattice-best-path.cc:99) For utterance yweweler_2_yweweler_8, best cost 111.932 + 2669.04 = 2780.98 over 25 frames.
yweweler_2_yweweler_8 two 
LOG (lattice-best-path[5.0.62~1-68cee]:main():lattice-best-path.cc:99) For utterance yweweler_2_yweweler_9, best cost 104.108 + 2584.07 = 2688.18 over 25 frames.
yweweler_2_yweweler_9 two 
LOG (lattice-best-path[5.0.62~1-68cee]:main():lattice-best-path.cc:99) For utterance yweweler_3_yweweler_0, best cost 117.899 + 3761.77 = 3879.67 over 37 frames.
yweweler_3_yweweler_0 three 
LOG (lattice-best-path[5.0.62~1-68cee]:main():lattice-best-path.cc:99) For utterance yweweler_3_yweweler_1, best cost 106.856 + 2947.4 = 3054.26 over 29 frames.
yweweler_3_yweweler_1 three 
LOG (lattice-best-path[5.0.62~1-68cee]:main():lattice-best-path.cc:99) For utterance yweweler_3_yweweler_10, best cost 112.226 + 3143.92 = 3256.14 over 31 frames.
yweweler_3_yweweler_10 eight 
LOG (lattice-best-path[5.0.62~1-68cee]:main():lattice-best-path.cc:99) For utterance yweweler_3_yweweler_11, best cost 117.596 + 3779.61 = 3897.21 over 38 frames.
yweweler_3_yweweler_11 three 
LOG (lattice-best-path[5.0.62~1-68cee]:main():lattice-best-path.cc:99) For utterance yweweler_3_yweweler_12, best cost 135.795 + 3780.15 = 3915.95 over 37 frames.
yweweler_3_yweweler_12 three 
LOG (lattice-best-path[5.0.62~1-68cee]:main():lattice-best-path.cc:99) For utterance yweweler_3_yweweler_13, best cost 116.655 + 3660.16 = 3776.81 over 36 frames.
yweweler_3_yweweler_13 three 
LOG (lattice-best-path[5.0.62~1-68cee]:main():lattice-best-path.cc:99) For utterance yweweler_3_yweweler_14, best cost 127.91 + 3011.17 = 3139.08 over 29 frames.
yweweler_3_yweweler_14 three 
LOG (lattice-best-path[5.0.62~1-68cee]:main():lattice-best-path.cc:99) For utterance yweweler_3_yweweler_15, best cost 104.256 + 2026.63 = 2130.89 over 22 frames.
yweweler_3_yweweler_15 three 
LOG (lattice-best-path[5.0.62~1-68cee]:main():lattice-best-path.cc:99) For utterance yweweler_3_yweweler_16, best cost 115.459 + 3331.15 = 3446.61 over 33 frames.
yweweler_3_yweweler_16 three 
LOG (lattice-best-path[5.0.62~1-68cee]:main():lattice-best-path.cc:99) For utterance yweweler_3_yweweler_17, best cost 116.722 + 3615.92 = 3732.65 over 37 frames.
yweweler_3_yweweler_17 three 
LOG (lattice-best-path[5.0.62~1-68cee]:main():lattice-best-path.cc:99) For utterance yweweler_3_yweweler_18, best cost 116.788 + 3664.19 = 3780.98 over 34 frames.
yweweler_3_yweweler_18 three 
LOG (lattice-best-path[5.0.62~1-68cee]:main():lattice-best-path.cc:99) For utterance yweweler_3_yweweler_19, best cost 117.108 + 3972.99 = 4090.1 over 38 frames.
yweweler_3_yweweler_19 three 
LOG (lattice-best-path[5.0.62~1-68cee]:main():lattice-best-path.cc:99) For utterance yweweler_3_yweweler_2, best cost 104.432 + 2172.39 = 2276.82 over 23 frames.
yweweler_3_yweweler_2 three 
LOG (lattice-best-path[5.0.62~1-68cee]:main():lattice-best-path.cc:99) For utterance yweweler_3_yweweler_20, best cost 109.878 + 2623.97 = 2733.84 over 26 frames.
yweweler_3_yweweler_20 three 
LOG (lattice-best-path[5.0.62~1-68cee]:main():lattice-best-path.cc:99) For utterance yweweler_3_yweweler_21, best cost 124.451 + 4220.33 = 4344.78 over 40 frames.
yweweler_3_yweweler_21 three 
LOG (lattice-best-path[5.0.62~1-68cee]:main():lattice-best-path.cc:99) For utterance yweweler_3_yweweler_22, best cost 111.146 + 2545.57 = 2656.71 over 26 frames.
yweweler_3_yweweler_22 three 
LOG (lattice-best-path[5.0.62~1-68cee]:main():lattice-best-path.cc:99) For utterance yweweler_3_yweweler_23, best cost 112.822 + 3184.73 = 3297.55 over 32 frames.
yweweler_3_yweweler_23 three 
LOG (lattice-best-path[5.0.62~1-68cee]:main():lattice-best-path.cc:99) For utterance yweweler_3_yweweler_24, best cost 115.345 + 2548.72 = 2664.06 over 26 frames.
yweweler_3_yweweler_24 three 
LOG (lattice-best-path[5.0.62~1-68cee]:main():lattice-best-path.cc:99) For utterance yweweler_3_yweweler_25, best cost 112.789 + 3055.35 = 3168.14 over 29 frames.
yweweler_3_yweweler_25 eight 
LOG (lattice-best-path[5.0.62~1-68cee]:main():lattice-best-path.cc:99) For utterance yweweler_3_yweweler_26, best cost 119.599 + 3217.6 = 3337.2 over 31 frames.
yweweler_3_yweweler_26 three 
LOG (lattice-best-path[5.0.62~1-68cee]:main():lattice-best-path.cc:99) For utterance yweweler_3_yweweler_27, best cost 114.648 + 2855.75 = 2970.4 over 27 frames.
yweweler_3_yweweler_27 three 
LOG (lattice-best-path[5.0.62~1-68cee]:main():lattice-best-path.cc:99) For utterance yweweler_3_yweweler_28, best cost 104.742 + 2587.72 = 2692.46 over 26 frames.
yweweler_3_yweweler_28 three 
LOG (lattice-best-path[5.0.62~1-68cee]:main():lattice-best-path.cc:99) For utterance yweweler_3_yweweler_29, best cost 110.916 + 2500.08 = 2610.99 over 26 frames.
yweweler_3_yweweler_29 eight 
LOG (lattice-best-path[5.0.62~1-68cee]:main():lattice-best-path.cc:99) For utterance yweweler_3_yweweler_3, best cost 116.215 + 3802.48 = 3918.7 over 38 frames.
yweweler_3_yweweler_3 eight 
LOG (lattice-best-path[5.0.62~1-68cee]:main():lattice-best-path.cc:99) For utterance yweweler_3_yweweler_30, best cost 113.973 + 4087.28 = 4201.25 over 39 frames.
yweweler_3_yweweler_30 eight 
LOG (lattice-best-path[5.0.62~1-68cee]:main():lattice-best-path.cc:99) For utterance yweweler_3_yweweler_31, best cost 104.353 + 1858.97 = 1963.32 over 19 frames.
yweweler_3_yweweler_31 three 
LOG (lattice-best-path[5.0.62~1-68cee]:main():lattice-best-path.cc:99) For utterance yweweler_3_yweweler_32, best cost 112.31 + 2508.97 = 2621.28 over 26 frames.
yweweler_3_yweweler_32 three 
LOG (lattice-best-path[5.0.62~1-68cee]:main():lattice-best-path.cc:99) For utterance yweweler_3_yweweler_33, best cost 116.653 + 3312.2 = 3428.86 over 32 frames.
yweweler_3_yweweler_33 three 
LOG (lattice-best-path[5.0.62~1-68cee]:main():lattice-best-path.cc:99) For utterance yweweler_3_yweweler_34, best cost 121.828 + 3886.47 = 4008.3 over 37 frames.
yweweler_3_yweweler_34 three 
LOG (lattice-best-path[5.0.62~1-68cee]:main():lattice-best-path.cc:99) For utterance yweweler_3_yweweler_35, best cost 127.891 + 3272.82 = 3400.71 over 33 frames.
yweweler_3_yweweler_35 three 
LOG (lattice-best-path[5.0.62~1-68cee]:main():lattice-best-path.cc:99) For utterance yweweler_3_yweweler_36, best cost 115.262 + 2617.12 = 2732.38 over 26 frames.
yweweler_3_yweweler_36 three 
LOG (lattice-best-path[5.0.62~1-68cee]:main():lattice-best-path.cc:99) For utterance yweweler_3_yweweler_37, best cost 118.973 + 3818.63 = 3937.6 over 39 frames.
yweweler_3_yweweler_37 three 
LOG (lattice-best-path[5.0.62~1-68cee]:main():lattice-best-path.cc:99) For utterance yweweler_3_yweweler_38, best cost 111.951 + 2861 = 2972.95 over 26 frames.
yweweler_3_yweweler_38 eight 
LOG (lattice-best-path[5.0.62~1-68cee]:main():lattice-best-path.cc:99) For utterance yweweler_3_yweweler_39, best cost 116.687 + 2934.19 = 3050.88 over 27 frames.
yweweler_3_yweweler_39 eight 
LOG (lattice-best-path[5.0.62~1-68cee]:main():lattice-best-path.cc:99) For utterance yweweler_3_yweweler_4, best cost 118.023 + 3950.73 = 4068.75 over 38 frames.
yweweler_3_yweweler_4 three 
LOG (lattice-best-path[5.0.62~1-68cee]:main():lattice-best-path.cc:99) For utterance yweweler_3_yweweler_40, best cost 127.88 + 6307.29 = 6435.17 over 60 frames.
yweweler_3_yweweler_40 three 
LOG (lattice-best-path[5.0.62~1-68cee]:main():lattice-best-path.cc:99) For utterance yweweler_3_yweweler_41, best cost 108.052 + 2124.78 = 2232.83 over 22 frames.
yweweler_3_yweweler_41 three 
LOG (lattice-best-path[5.0.62~1-68cee]:main():lattice-best-path.cc:99) For utterance yweweler_3_yweweler_42, best cost 119.158 + 2737.88 = 2857.03 over 28 frames.
yweweler_3_yweweler_42 three 
LOG (lattice-best-path[5.0.62~1-68cee]:main():lattice-best-path.cc:99) For utterance yweweler_3_yweweler_43, best cost 115.252 + 3115.46 = 3230.71 over 32 frames.
yweweler_3_yweweler_43 three 
LOG (lattice-best-path[5.0.62~1-68cee]:main():lattice-best-path.cc:99) For utterance yweweler_3_yweweler_44, best cost 114.346 + 2234.86 = 2349.21 over 24 frames.
yweweler_3_yweweler_44 three 
LOG (lattice-best-path[5.0.62~1-68cee]:main():lattice-best-path.cc:99) For utterance yweweler_3_yweweler_45, best cost 117.287 + 3396.16 = 3513.44 over 32 frames.
yweweler_3_yweweler_45 three 
LOG (lattice-best-path[5.0.62~1-68cee]:main():lattice-best-path.cc:99) For utterance yweweler_3_yweweler_46, best cost 104.568 + 2266.13 = 2370.7 over 24 frames.
yweweler_3_yweweler_46 three 
LOG (lattice-best-path[5.0.62~1-68cee]:main():lattice-best-path.cc:99) For utterance yweweler_3_yweweler_47, best cost 121.458 + 3035.63 = 3157.09 over 31 frames.
yweweler_3_yweweler_47 three 
LOG (lattice-best-path[5.0.62~1-68cee]:main():lattice-best-path.cc:99) For utterance yweweler_3_yweweler_48, best cost 128.421 + 2745.21 = 2873.63 over 29 frames.
yweweler_3_yweweler_48 three 
LOG (lattice-best-path[5.0.62~1-68cee]:main():lattice-best-path.cc:99) For utterance yweweler_3_yweweler_49, best cost 114.602 + 2345 = 2459.6 over 24 frames.
yweweler_3_yweweler_49 three 
LOG (lattice-best-path[5.0.62~1-68cee]:main():lattice-best-path.cc:99) For utterance yweweler_3_yweweler_5, best cost 106.95 + 2954.74 = 3061.69 over 29 frames.
yweweler_3_yweweler_5 three 
LOG (lattice-best-path[5.0.62~1-68cee]:main():lattice-best-path.cc:99) For utterance yweweler_3_yweweler_6, best cost 121.06 + 3703.3 = 3824.36 over 35 frames.
yweweler_3_yweweler_6 three 
LOG (lattice-best-path[5.0.62~1-68cee]:main():lattice-best-path.cc:99) For utterance yweweler_3_yweweler_7, best cost 109.398 + 2134.64 = 2244.03 over 22 frames.
yweweler_3_yweweler_7 three 
LOG (lattice-best-path[5.0.62~1-68cee]:main():lattice-best-path.cc:99) For utterance yweweler_3_yweweler_8, best cost 113.354 + 2532.11 = 2645.46 over 24 frames.
yweweler_3_yweweler_8 three 
LOG (lattice-best-path[5.0.62~1-68cee]:main():lattice-best-path.cc:99) For utterance yweweler_3_yweweler_9, best cost 118.764 + 2892.21 = 3010.97 over 28 frames.
yweweler_3_yweweler_9 three 
LOG (lattice-best-path[5.0.62~1-68cee]:main():lattice-best-path.cc:99) For utterance yweweler_4_yweweler_0, best cost 128.305 + 3770.66 = 3898.97 over 39 frames.
yweweler_4_yweweler_0 four 
LOG (lattice-best-path[5.0.62~1-68cee]:main():lattice-best-path.cc:99) For utterance yweweler_4_yweweler_1, best cost 127.062 + 3595.01 = 3722.08 over 37 frames.
yweweler_4_yweweler_1 four 
LOG (lattice-best-path[5.0.62~1-68cee]:main():lattice-best-path.cc:99) For utterance yweweler_4_yweweler_10, best cost 125.796 + 3413.21 = 3539 over 34 frames.
yweweler_4_yweweler_10 four 
LOG (lattice-best-path[5.0.62~1-68cee]:main():lattice-best-path.cc:99) For utterance yweweler_4_yweweler_11, best cost 117.621 + 3313.92 = 3431.54 over 32 frames.
yweweler_4_yweweler_11 four 
LOG (lattice-best-path[5.0.62~1-68cee]:main():lattice-best-path.cc:99) For utterance yweweler_4_yweweler_12, best cost 129.541 + 4161.25 = 4290.79 over 40 frames.
yweweler_4_yweweler_12 four 
LOG (lattice-best-path[5.0.62~1-68cee]:main():lattice-best-path.cc:99) For utterance yweweler_4_yweweler_13, best cost 126.052 + 3111.59 = 3237.64 over 31 frames.
yweweler_4_yweweler_13 four 
LOG (lattice-best-path[5.0.62~1-68cee]:main():lattice-best-path.cc:99) For utterance yweweler_4_yweweler_14, best cost 115.73 + 2324.86 = 2440.59 over 25 frames.
yweweler_4_yweweler_14 four 
LOG (lattice-best-path[5.0.62~1-68cee]:main():lattice-best-path.cc:99) For utterance yweweler_4_yweweler_15, best cost 127.315 + 3395.98 = 3523.3 over 33 frames.
yweweler_4_yweweler_15 four 
LOG (lattice-best-path[5.0.62~1-68cee]:main():lattice-best-path.cc:99) For utterance yweweler_4_yweweler_16, best cost 115.013 + 2317.72 = 2432.73 over 25 frames.
yweweler_4_yweweler_16 four 
LOG (lattice-best-path[5.0.62~1-68cee]:main():lattice-best-path.cc:99) For utterance yweweler_4_yweweler_17, best cost 125.816 + 3129.19 = 3255 over 32 frames.
yweweler_4_yweweler_17 four 
LOG (lattice-best-path[5.0.62~1-68cee]:main():lattice-best-path.cc:99) For utterance yweweler_4_yweweler_18, best cost 117.749 + 2666.91 = 2784.66 over 29 frames.
yweweler_4_yweweler_18 four 
LOG (lattice-best-path[5.0.62~1-68cee]:main():lattice-best-path.cc:99) For utterance yweweler_4_yweweler_19, best cost 115.962 + 2587.27 = 2703.23 over 29 frames.
yweweler_4_yweweler_19 four 
LOG (lattice-best-path[5.0.62~1-68cee]:main():lattice-best-path.cc:99) For utterance yweweler_4_yweweler_2, best cost 122.577 + 3107.41 = 3229.99 over 31 frames.
yweweler_4_yweweler_2 four 
LOG (lattice-best-path[5.0.62~1-68cee]:main():lattice-best-path.cc:99) For utterance yweweler_4_yweweler_20, best cost 116.374 + 2927.85 = 3044.22 over 30 frames.
yweweler_4_yweweler_20 four 
LOG (lattice-best-path[5.0.62~1-68cee]:main():lattice-best-path.cc:99) For utterance yweweler_4_yweweler_21, best cost 119.912 + 3251.03 = 3370.94 over 32 frames.
yweweler_4_yweweler_21 four 
LOG (lattice-best-path[5.0.62~1-68cee]:main():lattice-best-path.cc:99) For utterance yweweler_4_yweweler_22, best cost 108.5 + 2360.78 = 2469.28 over 25 frames.
yweweler_4_yweweler_22 four 
LOG (lattice-best-path[5.0.62~1-68cee]:main():lattice-best-path.cc:99) For utterance yweweler_4_yweweler_23, best cost 129.826 + 4069.66 = 4199.48 over 41 frames.
yweweler_4_yweweler_23 four 
LOG (lattice-best-path[5.0.62~1-68cee]:main():lattice-best-path.cc:99) For utterance yweweler_4_yweweler_24, best cost 117.611 + 3068.83 = 3186.44 over 32 frames.
yweweler_4_yweweler_24 four 
LOG (lattice-best-path[5.0.62~1-68cee]:main():lattice-best-path.cc:99) For utterance yweweler_4_yweweler_25, best cost 124.451 + 3185.32 = 3309.78 over 32 frames.
yweweler_4_yweweler_25 four 
LOG (lattice-best-path[5.0.62~1-68cee]:main():lattice-best-path.cc:99) For utterance yweweler_4_yweweler_26, best cost 136.123 + 3476.28 = 3612.4 over 31 frames.
yweweler_4_yweweler_26 four 
LOG (lattice-best-path[5.0.62~1-68cee]:main():lattice-best-path.cc:99) For utterance yweweler_4_yweweler_27, best cost 129.75 + 3960.74 = 4090.49 over 39 frames.
yweweler_4_yweweler_27 four 
LOG (lattice-best-path[5.0.62~1-68cee]:main():lattice-best-path.cc:99) For utterance yweweler_4_yweweler_28, best cost 114.546 + 2327.03 = 2441.58 over 25 frames.
yweweler_4_yweweler_28 four 
LOG (lattice-best-path[5.0.62~1-68cee]:main():lattice-best-path.cc:99) For utterance yweweler_4_yweweler_29, best cost 127.076 + 3271.68 = 3398.76 over 34 frames.
yweweler_4_yweweler_29 four 
LOG (lattice-best-path[5.0.62~1-68cee]:main():lattice-best-path.cc:99) For utterance yweweler_4_yweweler_3, best cost 112.921 + 2239.98 = 2352.9 over 25 frames.
yweweler_4_yweweler_3 four 
LOG (lattice-best-path[5.0.62~1-68cee]:main():lattice-best-path.cc:99) For utterance yweweler_4_yweweler_30, best cost 128.886 + 3521.77 = 3650.66 over 37 frames.
yweweler_4_yweweler_30 four 
LOG (lattice-best-path[5.0.62~1-68cee]:main():lattice-best-path.cc:99) For utterance yweweler_4_yweweler_31, best cost 129.062 + 3891.76 = 4020.82 over 37 frames.
yweweler_4_yweweler_31 four 
LOG (lattice-best-path[5.0.62~1-68cee]:main():lattice-best-path.cc:99) For utterance yweweler_4_yweweler_32, best cost 121.005 + 4096.11 = 4217.12 over 41 frames.
yweweler_4_yweweler_32 four 
LOG (lattice-best-path[5.0.62~1-68cee]:main():lattice-best-path.cc:99) For utterance yweweler_4_yweweler_33, best cost 110.591 + 2876.15 = 2986.74 over 26 frames.
yweweler_4_yweweler_33 four 
LOG (lattice-best-path[5.0.62~1-68cee]:main():lattice-best-path.cc:99) For utterance yweweler_4_yweweler_34, best cost 125.578 + 3831.18 = 3956.76 over 36 frames.
yweweler_4_yweweler_34 four 
LOG (lattice-best-path[5.0.62~1-68cee]:main():lattice-best-path.cc:99) For utterance yweweler_4_yweweler_35, best cost 132.44 + 4694.79 = 4827.23 over 46 frames.
yweweler_4_yweweler_35 four 
LOG (lattice-best-path[5.0.62~1-68cee]:main():lattice-best-path.cc:99) For utterance yweweler_4_yweweler_36, best cost 123.965 + 3235.1 = 3359.07 over 32 frames.
yweweler_4_yweweler_36 four 
LOG (lattice-best-path[5.0.62~1-68cee]:main():lattice-best-path.cc:99) For utterance yweweler_4_yweweler_37, best cost 136.724 + 6090.07 = 6226.79 over 59 frames.
yweweler_4_yweweler_37 four 
LOG (lattice-best-path[5.0.62~1-68cee]:main():lattice-best-path.cc:99) For utterance yweweler_4_yweweler_38, best cost 125.839 + 3728.57 = 3854.41 over 36 frames.
yweweler_4_yweweler_38 four 
LOG (lattice-best-path[5.0.62~1-68cee]:main():lattice-best-path.cc:99) For utterance yweweler_4_yweweler_39, best cost 135.92 + 5174.98 = 5310.9 over 50 frames.
yweweler_4_yweweler_39 four 
LOG (lattice-best-path[5.0.62~1-68cee]:main():lattice-best-path.cc:99) For utterance yweweler_4_yweweler_4, best cost 120.092 + 3090.47 = 3210.57 over 33 frames.
yweweler_4_yweweler_4 four 
LOG (lattice-best-path[5.0.62~1-68cee]:main():lattice-best-path.cc:99) For utterance yweweler_4_yweweler_40, best cost 130.86 + 3922.04 = 4052.9 over 39 frames.
yweweler_4_yweweler_40 four 
LOG (lattice-best-path[5.0.62~1-68cee]:main():lattice-best-path.cc:99) For utterance yweweler_4_yweweler_41, best cost 122.456 + 3139.63 = 3262.08 over 33 frames.
yweweler_4_yweweler_41 four 
LOG (lattice-best-path[5.0.62~1-68cee]:main():lattice-best-path.cc:99) For utterance yweweler_4_yweweler_42, best cost 121.212 + 2917.87 = 3039.08 over 28 frames.
yweweler_4_yweweler_42 four 
LOG (lattice-best-path[5.0.62~1-68cee]:main():lattice-best-path.cc:99) For utterance yweweler_4_yweweler_43, best cost 115.467 + 2530.5 = 2645.97 over 28 frames.
yweweler_4_yweweler_43 four 
LOG (lattice-best-path[5.0.62~1-68cee]:main():lattice-best-path.cc:99) For utterance yweweler_4_yweweler_44, best cost 128.593 + 3373.78 = 3502.37 over 34 frames.
yweweler_4_yweweler_44 four 
LOG (lattice-best-path[5.0.62~1-68cee]:main():lattice-best-path.cc:99) For utterance yweweler_4_yweweler_45, best cost 123.716 + 3045.63 = 3169.35 over 28 frames.
yweweler_4_yweweler_45 four 
LOG (lattice-best-path[5.0.62~1-68cee]:main():lattice-best-path.cc:99) For utterance yweweler_4_yweweler_46, best cost 117.103 + 2713.44 = 2830.54 over 27 frames.
yweweler_4_yweweler_46 four 
LOG (lattice-best-path[5.0.62~1-68cee]:main():lattice-best-path.cc:99) For utterance yweweler_4_yweweler_47, best cost 127.916 + 3395.78 = 3523.69 over 34 frames.
yweweler_4_yweweler_47 four 
LOG (lattice-best-path[5.0.62~1-68cee]:main():lattice-best-path.cc:99) For utterance yweweler_4_yweweler_48, best cost 106.45 + 2450.11 = 2556.56 over 25 frames.
yweweler_4_yweweler_48 four 
LOG (lattice-best-path[5.0.62~1-68cee]:main():lattice-best-path.cc:99) For utterance yweweler_4_yweweler_49, best cost 120.876 + 3308.89 = 3429.76 over 33 frames.
yweweler_4_yweweler_49 four 
LOG (lattice-best-path[5.0.62~1-68cee]:main():lattice-best-path.cc:99) For utterance yweweler_4_yweweler_5, best cost 119.558 + 3240.68 = 3360.24 over 31 frames.
yweweler_4_yweweler_5 four 
LOG (lattice-best-path[5.0.62~1-68cee]:main():lattice-best-path.cc:99) For utterance yweweler_4_yweweler_6, best cost 117.517 + 3188.74 = 3306.26 over 29 frames.
yweweler_4_yweweler_6 four 
LOG (lattice-best-path[5.0.62~1-68cee]:main():lattice-best-path.cc:99) For utterance yweweler_4_yweweler_7, best cost 108.109 + 2504.34 = 2612.45 over 25 frames.
yweweler_4_yweweler_7 four 
LOG (lattice-best-path[5.0.62~1-68cee]:main():lattice-best-path.cc:99) For utterance yweweler_4_yweweler_8, best cost 40.2806 + 1845.82 = 1886.1 over 15 frames.
yweweler_4_yweweler_8 
LOG (lattice-best-path[5.0.62~1-68cee]:main():lattice-best-path.cc:99) For utterance yweweler_4_yweweler_9, best cost 117.88 + 3393.37 = 3511.25 over 32 frames.
yweweler_4_yweweler_9 four 
LOG (lattice-best-path[5.0.62~1-68cee]:main():lattice-best-path.cc:99) For utterance yweweler_5_yweweler_0, best cost 112.847 + 2483.84 = 2596.68 over 28 frames.
yweweler_5_yweweler_0 five 
LOG (lattice-best-path[5.0.62~1-68cee]:main():lattice-best-path.cc:99) For utterance yweweler_5_yweweler_1, best cost 125.779 + 3738.75 = 3864.53 over 40 frames.
yweweler_5_yweweler_1 five 
LOG (lattice-best-path[5.0.62~1-68cee]:main():lattice-best-path.cc:99) For utterance yweweler_5_yweweler_10, best cost 131.404 + 4472.21 = 4603.61 over 49 frames.
yweweler_5_yweweler_10 five 
LOG (lattice-best-path[5.0.62~1-68cee]:main():lattice-best-path.cc:99) For utterance yweweler_5_yweweler_11, best cost 136.837 + 4730.4 = 4867.23 over 49 frames.
yweweler_5_yweweler_11 five 
LOG (lattice-best-path[5.0.62~1-68cee]:main():lattice-best-path.cc:99) For utterance yweweler_5_yweweler_12, best cost 127.245 + 4136.3 = 4263.55 over 42 frames.
yweweler_5_yweweler_12 five 
LOG (lattice-best-path[5.0.62~1-68cee]:main():lattice-best-path.cc:99) For utterance yweweler_5_yweweler_13, best cost 124.455 + 3510.35 = 3634.81 over 37 frames.
yweweler_5_yweweler_13 five 
LOG (lattice-best-path[5.0.62~1-68cee]:main():lattice-best-path.cc:99) For utterance yweweler_5_yweweler_14, best cost 129.301 + 4380.27 = 4509.57 over 47 frames.
yweweler_5_yweweler_14 five 
LOG (lattice-best-path[5.0.62~1-68cee]:main():lattice-best-path.cc:99) For utterance yweweler_5_yweweler_15, best cost 137.107 + 4421.56 = 4558.66 over 48 frames.
yweweler_5_yweweler_15 five 
LOG (lattice-best-path[5.0.62~1-68cee]:main():lattice-best-path.cc:99) For utterance yweweler_5_yweweler_16, best cost 129.708 + 4836.57 = 4966.27 over 48 frames.
yweweler_5_yweweler_16 five 
LOG (lattice-best-path[5.0.62~1-68cee]:main():lattice-best-path.cc:99) For utterance yweweler_5_yweweler_17, best cost 111.209 + 2240.63 = 2351.84 over 26 frames.
yweweler_5_yweweler_17 five 
LOG (lattice-best-path[5.0.62~1-68cee]:main():lattice-best-path.cc:99) For utterance yweweler_5_yweweler_18, best cost 112.354 + 2531.9 = 2644.26 over 27 frames.
yweweler_5_yweweler_18 five 
LOG (lattice-best-path[5.0.62~1-68cee]:main():lattice-best-path.cc:99) For utterance yweweler_5_yweweler_19, best cost 132.627 + 3380.69 = 3513.31 over 38 frames.
yweweler_5_yweweler_19 five 
LOG (lattice-best-path[5.0.62~1-68cee]:main():lattice-best-path.cc:99) For utterance yweweler_5_yweweler_2, best cost 124.783 + 3396.59 = 3521.37 over 37 frames.
yweweler_5_yweweler_2 five 
LOG (lattice-best-path[5.0.62~1-68cee]:main():lattice-best-path.cc:99) For utterance yweweler_5_yweweler_20, best cost 126.897 + 4109.95 = 4236.84 over 43 frames.
yweweler_5_yweweler_20 five 
LOG (lattice-best-path[5.0.62~1-68cee]:main():lattice-best-path.cc:99) For utterance yweweler_5_yweweler_21, best cost 138.334 + 4788.55 = 4926.88 over 50 frames.
yweweler_5_yweweler_21 five 
LOG (lattice-best-path[5.0.62~1-68cee]:main():lattice-best-path.cc:99) For utterance yweweler_5_yweweler_22, best cost 131.669 + 4747.52 = 4879.18 over 50 frames.
yweweler_5_yweweler_22 five 
LOG (lattice-best-path[5.0.62~1-68cee]:main():lattice-best-path.cc:99) For utterance yweweler_5_yweweler_23, best cost 126.662 + 3969.87 = 4096.54 over 44 frames.
yweweler_5_yweweler_23 five 
LOG (lattice-best-path[5.0.62~1-68cee]:main():lattice-best-path.cc:99) For utterance yweweler_5_yweweler_24, best cost 125.269 + 3517.6 = 3642.87 over 39 frames.
yweweler_5_yweweler_24 five 
LOG (lattice-best-path[5.0.62~1-68cee]:main():lattice-best-path.cc:99) For utterance yweweler_5_yweweler_25, best cost 131.62 + 4606.25 = 4737.87 over 51 frames.
yweweler_5_yweweler_25 five 
LOG (lattice-best-path[5.0.62~1-68cee]:main():lattice-best-path.cc:99) For utterance yweweler_5_yweweler_26, best cost 127.142 + 3847.43 = 3974.57 over 39 frames.
yweweler_5_yweweler_26 five 
LOG (lattice-best-path[5.0.62~1-68cee]:main():lattice-best-path.cc:99) For utterance yweweler_5_yweweler_27, best cost 127.235 + 4149.4 = 4276.64 over 43 frames.
yweweler_5_yweweler_27 five 
LOG (lattice-best-path[5.0.62~1-68cee]:main():lattice-best-path.cc:99) For utterance yweweler_5_yweweler_28, best cost 136.882 + 4792.73 = 4929.61 over 48 frames.
yweweler_5_yweweler_28 five 
LOG (lattice-best-path[5.0.62~1-68cee]:main():lattice-best-path.cc:99) For utterance yweweler_5_yweweler_29, best cost 136.201 + 4404.3 = 4540.5 over 46 frames.
yweweler_5_yweweler_29 five 
LOG (lattice-best-path[5.0.62~1-68cee]:main():lattice-best-path.cc:99) For utterance yweweler_5_yweweler_3, best cost 126.352 + 3694.6 = 3820.95 over 40 frames.
yweweler_5_yweweler_3 five 
LOG (lattice-best-path[5.0.62~1-68cee]:main():lattice-best-path.cc:99) For utterance yweweler_5_yweweler_30, best cost 126.287 + 3705.39 = 3831.67 over 40 frames.
yweweler_5_yweweler_30 five 
LOG (lattice-best-path[5.0.62~1-68cee]:main():lattice-best-path.cc:99) For utterance yweweler_5_yweweler_31, best cost 138.803 + 4754.41 = 4893.21 over 48 frames.
yweweler_5_yweweler_31 five 
LOG (lattice-best-path[5.0.62~1-68cee]:main():lattice-best-path.cc:99) For utterance yweweler_5_yweweler_32, best cost 136.608 + 5544.09 = 5680.7 over 56 frames.
yweweler_5_yweweler_32 five 
LOG (lattice-best-path[5.0.62~1-68cee]:main():lattice-best-path.cc:99) For utterance yweweler_5_yweweler_33, best cost 127.13 + 3639.43 = 3766.56 over 40 frames.
yweweler_5_yweweler_33 five 
LOG (lattice-best-path[5.0.62~1-68cee]:main():lattice-best-path.cc:99) For utterance yweweler_5_yweweler_34, best cost 145.903 + 6021.87 = 6167.77 over 62 frames.
yweweler_5_yweweler_34 five 
LOG (lattice-best-path[5.0.62~1-68cee]:main():lattice-best-path.cc:99) For utterance yweweler_5_yweweler_35, best cost 135.517 + 4060.88 = 4196.39 over 44 frames.
yweweler_5_yweweler_35 five 
LOG (lattice-best-path[5.0.62~1-68cee]:main():lattice-best-path.cc:99) For utterance yweweler_5_yweweler_36, best cost 129.115 + 4147.41 = 4276.52 over 45 frames.
yweweler_5_yweweler_36 five 
LOG (lattice-best-path[5.0.62~1-68cee]:main():lattice-best-path.cc:99) For utterance yweweler_5_yweweler_37, best cost 130.662 + 4406.87 = 4537.54 over 48 frames.
yweweler_5_yweweler_37 five 
LOG (lattice-best-path[5.0.62~1-68cee]:main():lattice-best-path.cc:99) For utterance yweweler_5_yweweler_38, best cost 140.59 + 5188.69 = 5329.28 over 54 frames.
yweweler_5_yweweler_38 five 
LOG (lattice-best-path[5.0.62~1-68cee]:main():lattice-best-path.cc:99) For utterance yweweler_5_yweweler_39, best cost 124.47 + 3887.37 = 4011.84 over 41 frames.
yweweler_5_yweweler_39 five 
LOG (lattice-best-path[5.0.62~1-68cee]:main():lattice-best-path.cc:99) For utterance yweweler_5_yweweler_4, best cost 130.759 + 4252.32 = 4383.08 over 48 frames.
yweweler_5_yweweler_4 five 
LOG (lattice-best-path[5.0.62~1-68cee]:main():lattice-best-path.cc:99) For utterance yweweler_5_yweweler_40, best cost 146.126 + 5839.24 = 5985.36 over 66 frames.
yweweler_5_yweweler_40 five 
LOG (lattice-best-path[5.0.62~1-68cee]:main():lattice-best-path.cc:99) For utterance yweweler_5_yweweler_41, best cost 128.739 + 4082.07 = 4210.81 over 48 frames.
yweweler_5_yweweler_41 five 
LOG (lattice-best-path[5.0.62~1-68cee]:main():lattice-best-path.cc:99) For utterance yweweler_5_yweweler_42, best cost 136.561 + 4640.33 = 4776.89 over 45 frames.
yweweler_5_yweweler_42 five 
LOG (lattice-best-path[5.0.62~1-68cee]:main():lattice-best-path.cc:99) For utterance yweweler_5_yweweler_43, best cost 135.44 + 4243.67 = 4379.1 over 45 frames.
yweweler_5_yweweler_43 five 
LOG (lattice-best-path[5.0.62~1-68cee]:main():lattice-best-path.cc:99) For utterance yweweler_5_yweweler_44, best cost 126.522 + 4346.76 = 4473.29 over 44 frames.
yweweler_5_yweweler_44 five 
LOG (lattice-best-path[5.0.62~1-68cee]:main():lattice-best-path.cc:99) For utterance yweweler_5_yweweler_45, best cost 123.445 + 3193.42 = 3316.87 over 35 frames.
yweweler_5_yweweler_45 five 
LOG (lattice-best-path[5.0.62~1-68cee]:main():lattice-best-path.cc:99) For utterance yweweler_5_yweweler_46, best cost 129.375 + 4477.17 = 4606.55 over 49 frames.
yweweler_5_yweweler_46 five 
LOG (lattice-best-path[5.0.62~1-68cee]:main():lattice-best-path.cc:99) For utterance yweweler_5_yweweler_47, best cost 128.5 + 4287.48 = 4415.98 over 46 frames.
yweweler_5_yweweler_47 five 
LOG (lattice-best-path[5.0.62~1-68cee]:main():lattice-best-path.cc:99) For utterance yweweler_5_yweweler_48, best cost 137.631 + 4584.86 = 4722.49 over 48 frames.
yweweler_5_yweweler_48 five 
LOG (lattice-best-path[5.0.62~1-68cee]:main():lattice-best-path.cc:99) For utterance yweweler_5_yweweler_49, best cost 130.235 + 4420.62 = 4550.85 over 45 frames.
yweweler_5_yweweler_49 five 
LOG (lattice-best-path[5.0.62~1-68cee]:main():lattice-best-path.cc:99) For utterance yweweler_5_yweweler_5, best cost 122.631 + 3332.02 = 3454.65 over 36 frames.
yweweler_5_yweweler_5 five 
LOG (lattice-best-path[5.0.62~1-68cee]:main():lattice-best-path.cc:99) For utterance yweweler_5_yweweler_6, best cost 112.241 + 2994.09 = 3106.33 over 31 frames.
yweweler_5_yweweler_6 five 
LOG (lattice-best-path[5.0.62~1-68cee]:main():lattice-best-path.cc:99) For utterance yweweler_5_yweweler_7, best cost 128.671 + 4076.2 = 4204.87 over 44 frames.
yweweler_5_yweweler_7 five 
LOG (lattice-best-path[5.0.62~1-68cee]:main():lattice-best-path.cc:99) For utterance yweweler_5_yweweler_8, best cost 125.477 + 4030.95 = 4156.42 over 42 frames.
yweweler_5_yweweler_8 five 
LOG (lattice-best-path[5.0.62~1-68cee]:main():lattice-best-path.cc:99) For utterance yweweler_5_yweweler_9, best cost 137.821 + 4896.82 = 5034.64 over 51 frames.
yweweler_5_yweweler_9 five 
LOG (lattice-best-path[5.0.62~1-68cee]:main():lattice-best-path.cc:99) For utterance yweweler_6_yweweler_0, best cost 121.113 + 3023.49 = 3144.6 over 31 frames.
yweweler_6_yweweler_0 eight 
LOG (lattice-best-path[5.0.62~1-68cee]:main():lattice-best-path.cc:99) For utterance yweweler_6_yweweler_1, best cost 101.87 + 1381.75 = 1483.62 over 14 frames.
yweweler_6_yweweler_1 three 
LOG (lattice-best-path[5.0.62~1-68cee]:main():lattice-best-path.cc:99) For utterance yweweler_6_yweweler_10, best cost 39.9872 + 1547.41 = 1587.4 over 14 frames.
yweweler_6_yweweler_10 
LOG (lattice-best-path[5.0.62~1-68cee]:main():lattice-best-path.cc:99) For utterance yweweler_6_yweweler_11, best cost 111.569 + 2781.44 = 2893.01 over 28 frames.
yweweler_6_yweweler_11 six 
LOG (lattice-best-path[5.0.62~1-68cee]:main():lattice-best-path.cc:99) For utterance yweweler_6_yweweler_12, best cost 122.222 + 4390.46 = 4512.68 over 43 frames.
yweweler_6_yweweler_12 six 
LOG (lattice-best-path[5.0.62~1-68cee]:main():lattice-best-path.cc:99) For utterance yweweler_6_yweweler_13, best cost 125.71 + 3747.36 = 3873.07 over 36 frames.
yweweler_6_yweweler_13 eight 
LOG (lattice-best-path[5.0.62~1-68cee]:main():lattice-best-path.cc:99) For utterance yweweler_6_yweweler_14, best cost 102.861 + 2312.18 = 2415.04 over 25 frames.
yweweler_6_yweweler_14 eight 
LOG (lattice-best-path[5.0.62~1-68cee]:main():lattice-best-path.cc:99) For utterance yweweler_6_yweweler_15, best cost 110.832 + 2333.65 = 2444.48 over 23 frames.
yweweler_6_yweweler_15 eight 
LOG (lattice-best-path[5.0.62~1-68cee]:main():lattice-best-path.cc:99) For utterance yweweler_6_yweweler_16, best cost 125.663 + 4162.05 = 4287.71 over 41 frames.
yweweler_6_yweweler_16 eight 
LOG (lattice-best-path[5.0.62~1-68cee]:main():lattice-best-path.cc:99) For utterance yweweler_6_yweweler_17, best cost 103.291 + 1293.48 = 1396.77 over 14 frames.
yweweler_6_yweweler_17 three 
LOG (lattice-best-path[5.0.62~1-68cee]:main():lattice-best-path.cc:99) For utterance yweweler_6_yweweler_18, best cost 119.541 + 2624.84 = 2744.38 over 26 frames.
yweweler_6_yweweler_18 six 
LOG (lattice-best-path[5.0.62~1-68cee]:main():lattice-best-path.cc:99) For utterance yweweler_6_yweweler_19, best cost 103.289 + 1535.08 = 1638.37 over 16 frames.
yweweler_6_yweweler_19 three 
LOG (lattice-best-path[5.0.62~1-68cee]:main():lattice-best-path.cc:99) For utterance yweweler_6_yweweler_2, best cost 116.037 + 2089.23 = 2205.27 over 21 frames.
yweweler_6_yweweler_2 three 
LOG (lattice-best-path[5.0.62~1-68cee]:main():lattice-best-path.cc:99) For utterance yweweler_6_yweweler_20, best cost 112.115 + 1611.65 = 1723.77 over 16 frames.
yweweler_6_yweweler_20 three 
LOG (lattice-best-path[5.0.62~1-68cee]:main():lattice-best-path.cc:99) For utterance yweweler_6_yweweler_21, best cost 100.828 + 1816.73 = 1917.56 over 19 frames.
yweweler_6_yweweler_21 eight 
LOG (lattice-best-path[5.0.62~1-68cee]:main():lattice-best-path.cc:99) For utterance yweweler_6_yweweler_22, best cost 109.71 + 1957.03 = 2066.74 over 19 frames.
yweweler_6_yweweler_22 eight 
LOG (lattice-best-path[5.0.62~1-68cee]:main():lattice-best-path.cc:99) For utterance yweweler_6_yweweler_23, best cost 99.9553 + 1447.23 = 1547.19 over 15 frames.
yweweler_6_yweweler_23 eight 
LOG (lattice-best-path[5.0.62~1-68cee]:main():lattice-best-path.cc:99) For utterance yweweler_6_yweweler_24, best cost 101.148 + 2037.12 = 2138.27 over 21 frames.
yweweler_6_yweweler_24 eight 
LOG (lattice-best-path[5.0.62~1-68cee]:main():lattice-best-path.cc:99) For utterance yweweler_6_yweweler_25, best cost 101.005 + 1565.45 = 1666.45 over 16 frames.
yweweler_6_yweweler_25 three 
LOG (lattice-best-path[5.0.62~1-68cee]:main():lattice-best-path.cc:99) For utterance yweweler_6_yweweler_26, best cost 104.566 + 1637.37 = 1741.94 over 17 frames.
yweweler_6_yweweler_26 eight 
LOG (lattice-best-path[5.0.62~1-68cee]:main():lattice-best-path.cc:99) For utterance yweweler_6_yweweler_27, best cost 101.468 + 1801.25 = 1902.72 over 19 frames.
yweweler_6_yweweler_27 eight 
LOG (lattice-best-path[5.0.62~1-68cee]:main():lattice-best-path.cc:99) For utterance yweweler_6_yweweler_28, best cost 101.515 + 1929.21 = 2030.72 over 21 frames.
yweweler_6_yweweler_28 eight 
LOG (lattice-best-path[5.0.62~1-68cee]:main():lattice-best-path.cc:99) For utterance yweweler_6_yweweler_29, best cost 114.946 + 3186.76 = 3301.71 over 32 frames.
yweweler_6_yweweler_29 eight 
LOG (lattice-best-path[5.0.62~1-68cee]:main():lattice-best-path.cc:99) For utterance yweweler_6_yweweler_3, best cost 98.9909 + 1208.8 = 1307.79 over 12 frames.
yweweler_6_yweweler_3 eight 
LOG (lattice-best-path[5.0.62~1-68cee]:main():lattice-best-path.cc:99) For utterance yweweler_6_yweweler_30, best cost 112.431 + 3000.29 = 3112.72 over 29 frames.
yweweler_6_yweweler_30 six 
LOG (lattice-best-path[5.0.62~1-68cee]:main():lattice-best-path.cc:99) For utterance yweweler_6_yweweler_31, best cost 101.729 + 2006.36 = 2108.09 over 21 frames.
yweweler_6_yweweler_31 eight 
LOG (lattice-best-path[5.0.62~1-68cee]:main():lattice-best-path.cc:99) For utterance yweweler_6_yweweler_32, best cost 100.985 + 1650.34 = 1751.32 over 17 frames.
yweweler_6_yweweler_32 eight 
LOG (lattice-best-path[5.0.62~1-68cee]:main():lattice-best-path.cc:99) For utterance yweweler_6_yweweler_33, best cost 111.526 + 1954.39 = 2065.91 over 20 frames.
yweweler_6_yweweler_33 six 
LOG (lattice-best-path[5.0.62~1-68cee]:main():lattice-best-path.cc:99) For utterance yweweler_6_yweweler_34, best cost 127.716 + 4188.18 = 4315.89 over 41 frames.
yweweler_6_yweweler_34 six 
LOG (lattice-best-path[5.0.62~1-68cee]:main():lattice-best-path.cc:99) For utterance yweweler_6_yweweler_35, best cost 101.042 + 2557.7 = 2658.74 over 23 frames.
yweweler_6_yweweler_35 eight 
LOG (lattice-best-path[5.0.62~1-68cee]:main():lattice-best-path.cc:99) For utterance yweweler_6_yweweler_36, best cost 113.808 + 2542.69 = 2656.5 over 26 frames.
yweweler_6_yweweler_36 three 
LOG (lattice-best-path[5.0.62~1-68cee]:main():lattice-best-path.cc:99) For utterance yweweler_6_yweweler_37, best cost 132.331 + 4019.27 = 4151.6 over 39 frames.
yweweler_6_yweweler_37 six 
LOG (lattice-best-path[5.0.62~1-68cee]:main():lattice-best-path.cc:99) For utterance yweweler_6_yweweler_38, best cost 126.985 + 4272.41 = 4399.4 over 42 frames.
yweweler_6_yweweler_38 six 
LOG (lattice-best-path[5.0.62~1-68cee]:main():lattice-best-path.cc:99) For utterance yweweler_6_yweweler_39, best cost 123.652 + 3345.03 = 3468.69 over 32 frames.
yweweler_6_yweweler_39 eight 
LOG (lattice-best-path[5.0.62~1-68cee]:main():lattice-best-path.cc:99) For utterance yweweler_6_yweweler_4, best cost 102.087 + 1546.5 = 1648.59 over 16 frames.
yweweler_6_yweweler_4 three 
LOG (lattice-best-path[5.0.62~1-68cee]:main():lattice-best-path.cc:99) For utterance yweweler_6_yweweler_40, best cost 124.792 + 3842.74 = 3967.53 over 38 frames.
yweweler_6_yweweler_40 six 
LOG (lattice-best-path[5.0.62~1-68cee]:main():lattice-best-path.cc:99) For utterance yweweler_6_yweweler_41, best cost 123.751 + 3440.37 = 3564.12 over 33 frames.
yweweler_6_yweweler_41 eight 
LOG (lattice-best-path[5.0.62~1-68cee]:main():lattice-best-path.cc:99) For utterance yweweler_6_yweweler_42, best cost 100.256 + 1604.08 = 1704.34 over 17 frames.
yweweler_6_yweweler_42 eight 
LOG (lattice-best-path[5.0.62~1-68cee]:main():lattice-best-path.cc:99) For utterance yweweler_6_yweweler_43, best cost 110.365 + 2076.65 = 2187.02 over 21 frames.
yweweler_6_yweweler_43 eight 
LOG (lattice-best-path[5.0.62~1-68cee]:main():lattice-best-path.cc:99) For utterance yweweler_6_yweweler_44, best cost 106.062 + 1550.07 = 1656.14 over 16 frames.
yweweler_6_yweweler_44 three 
LOG (lattice-best-path[5.0.62~1-68cee]:main():lattice-best-path.cc:99) For utterance yweweler_6_yweweler_45, best cost 109.123 + 2363.35 = 2472.47 over 24 frames.
yweweler_6_yweweler_45 six 
LOG (lattice-best-path[5.0.62~1-68cee]:main():lattice-best-path.cc:99) For utterance yweweler_6_yweweler_46, best cost 101.532 + 1945.41 = 2046.95 over 18 frames.
yweweler_6_yweweler_46 eight 
LOG (lattice-best-path[5.0.62~1-68cee]:main():lattice-best-path.cc:99) For utterance yweweler_6_yweweler_47, best cost 109.563 + 2040.82 = 2150.39 over 20 frames.
yweweler_6_yweweler_47 eight 
LOG (lattice-best-path[5.0.62~1-68cee]:main():lattice-best-path.cc:99) For utterance yweweler_6_yweweler_48, best cost 122.676 + 3273.88 = 3396.55 over 32 frames.
yweweler_6_yweweler_48 eight 
LOG (lattice-best-path[5.0.62~1-68cee]:main():lattice-best-path.cc:99) For utterance yweweler_6_yweweler_49, best cost 112.271 + 2796.01 = 2908.28 over 26 frames.
yweweler_6_yweweler_49 eight 
LOG (lattice-best-path[5.0.62~1-68cee]:main():lattice-best-path.cc:99) For utterance yweweler_6_yweweler_5, best cost 114.563 + 2031.6 = 2146.16 over 22 frames.
yweweler_6_yweweler_5 three 
LOG (lattice-best-path[5.0.62~1-68cee]:main():lattice-best-path.cc:99) For utterance yweweler_6_yweweler_6, best cost 111.427 + 2409.14 = 2520.57 over 25 frames.
yweweler_6_yweweler_6 six 
LOG (lattice-best-path[5.0.62~1-68cee]:main():lattice-best-path.cc:99) For utterance yweweler_6_yweweler_7, best cost 110.881 + 2515.53 = 2626.41 over 25 frames.
yweweler_6_yweweler_7 eight 
LOG (lattice-best-path[5.0.62~1-68cee]:main():lattice-best-path.cc:99) For utterance yweweler_6_yweweler_8, best cost 111.481 + 2742.22 = 2853.7 over 27 frames.
yweweler_6_yweweler_8 eight 
LOG (lattice-best-path[5.0.62~1-68cee]:main():lattice-best-path.cc:99) For utterance yweweler_6_yweweler_9, best cost 127.923 + 3759.52 = 3887.45 over 38 frames.
yweweler_6_yweweler_9 three 
LOG (lattice-best-path[5.0.62~1-68cee]:main():lattice-best-path.cc:99) For utterance yweweler_7_yweweler_0, best cost 121.442 + 3945.82 = 4067.26 over 42 frames.
yweweler_7_yweweler_0 seven 
LOG (lattice-best-path[5.0.62~1-68cee]:main():lattice-best-path.cc:99) For utterance yweweler_7_yweweler_1, best cost 118.895 + 3522.88 = 3641.78 over 37 frames.
yweweler_7_yweweler_1 seven 
LOG (lattice-best-path[5.0.62~1-68cee]:main():lattice-best-path.cc:99) For utterance yweweler_7_yweweler_10, best cost 119.551 + 3131.5 = 3251.05 over 34 frames.
yweweler_7_yweweler_10 seven 
LOG (lattice-best-path[5.0.62~1-68cee]:main():lattice-best-path.cc:99) For utterance yweweler_7_yweweler_11, best cost 121.857 + 2725.11 = 2846.97 over 29 frames.
yweweler_7_yweweler_11 seven 
LOG (lattice-best-path[5.0.62~1-68cee]:main():lattice-best-path.cc:99) For utterance yweweler_7_yweweler_12, best cost 118.183 + 3116.21 = 3234.39 over 32 frames.
yweweler_7_yweweler_12 seven 
LOG (lattice-best-path[5.0.62~1-68cee]:main():lattice-best-path.cc:99) For utterance yweweler_7_yweweler_13, best cost 120.106 + 3045.1 = 3165.2 over 34 frames.
yweweler_7_yweweler_13 seven 
LOG (lattice-best-path[5.0.62~1-68cee]:main():lattice-best-path.cc:99) For utterance yweweler_7_yweweler_14, best cost 122.685 + 2831.82 = 2954.5 over 30 frames.
yweweler_7_yweweler_14 seven 
LOG (lattice-best-path[5.0.62~1-68cee]:main():lattice-best-path.cc:99) For utterance yweweler_7_yweweler_15, best cost 123.893 + 2582.05 = 2705.94 over 29 frames.
yweweler_7_yweweler_15 seven 
LOG (lattice-best-path[5.0.62~1-68cee]:main():lattice-best-path.cc:99) For utterance yweweler_7_yweweler_16, best cost 116.9 + 2641.57 = 2758.47 over 29 frames.
yweweler_7_yweweler_16 seven 
LOG (lattice-best-path[5.0.62~1-68cee]:main():lattice-best-path.cc:99) For utterance yweweler_7_yweweler_17, best cost 114.686 + 2583.32 = 2698.01 over 28 frames.
yweweler_7_yweweler_17 seven 
LOG (lattice-best-path[5.0.62~1-68cee]:main():lattice-best-path.cc:99) For utterance yweweler_7_yweweler_18, best cost 118.651 + 3089.65 = 3208.3 over 33 frames.
yweweler_7_yweweler_18 seven 
LOG (lattice-best-path[5.0.62~1-68cee]:main():lattice-best-path.cc:99) For utterance yweweler_7_yweweler_19, best cost 118.825 + 2599.37 = 2718.19 over 29 frames.
yweweler_7_yweweler_19 seven 
LOG (lattice-best-path[5.0.62~1-68cee]:main():lattice-best-path.cc:99) For utterance yweweler_7_yweweler_2, best cost 130.352 + 3822.5 = 3952.85 over 40 frames.
yweweler_7_yweweler_2 seven 
LOG (lattice-best-path[5.0.62~1-68cee]:main():lattice-best-path.cc:99) For utterance yweweler_7_yweweler_20, best cost 120.452 + 3465.76 = 3586.21 over 36 frames.
yweweler_7_yweweler_20 seven 
LOG (lattice-best-path[5.0.62~1-68cee]:main():lattice-best-path.cc:99) For utterance yweweler_7_yweweler_21, best cost 124.911 + 3606.75 = 3731.66 over 40 frames.
yweweler_7_yweweler_21 seven 
LOG (lattice-best-path[5.0.62~1-68cee]:main():lattice-best-path.cc:99) For utterance yweweler_7_yweweler_22, best cost 117.706 + 3153.88 = 3271.58 over 34 frames.
yweweler_7_yweweler_22 seven 
LOG (lattice-best-path[5.0.62~1-68cee]:main():lattice-best-path.cc:99) For utterance yweweler_7_yweweler_23, best cost 113.096 + 2129.45 = 2242.55 over 23 frames.
yweweler_7_yweweler_23 seven 
LOG (lattice-best-path[5.0.62~1-68cee]:main():lattice-best-path.cc:99) For utterance yweweler_7_yweweler_24, best cost 119.011 + 3229.43 = 3348.45 over 33 frames.
yweweler_7_yweweler_24 seven 
LOG (lattice-best-path[5.0.62~1-68cee]:main():lattice-best-path.cc:99) For utterance yweweler_7_yweweler_25, best cost 117.126 + 2700.2 = 2817.33 over 29 frames.
yweweler_7_yweweler_25 seven 
LOG (lattice-best-path[5.0.62~1-68cee]:main():lattice-best-path.cc:99) For utterance yweweler_7_yweweler_26, best cost 130.233 + 4655.02 = 4785.25 over 47 frames.
yweweler_7_yweweler_26 seven 
LOG (lattice-best-path[5.0.62~1-68cee]:main():lattice-best-path.cc:99) For utterance yweweler_7_yweweler_27, best cost 130.097 + 3871.84 = 4001.93 over 39 frames.
yweweler_7_yweweler_27 seven 
LOG (lattice-best-path[5.0.62~1-68cee]:main():lattice-best-path.cc:99) For utterance yweweler_7_yweweler_28, best cost 130.168 + 3922.77 = 4052.94 over 40 frames.
yweweler_7_yweweler_28 seven 
LOG (lattice-best-path[5.0.62~1-68cee]:main():lattice-best-path.cc:99) For utterance yweweler_7_yweweler_29, best cost 115.962 + 2742.02 = 2857.98 over 31 frames.
yweweler_7_yweweler_29 seven 
LOG (lattice-best-path[5.0.62~1-68cee]:main():lattice-best-path.cc:99) For utterance yweweler_7_yweweler_3, best cost 122.71 + 3903.58 = 4026.29 over 40 frames.
yweweler_7_yweweler_3 seven 
LOG (lattice-best-path[5.0.62~1-68cee]:main():lattice-best-path.cc:99) For utterance yweweler_7_yweweler_30, best cost 116.409 + 2959.66 = 3076.07 over 31 frames.
yweweler_7_yweweler_30 seven 
LOG (lattice-best-path[5.0.62~1-68cee]:main():lattice-best-path.cc:99) For utterance yweweler_7_yweweler_31, best cost 112.675 + 2143.4 = 2256.08 over 24 frames.
yweweler_7_yweweler_31 seven 
LOG (lattice-best-path[5.0.62~1-68cee]:main():lattice-best-path.cc:99) For utterance yweweler_7_yweweler_32, best cost 120.505 + 3364.78 = 3485.28 over 36 frames.
yweweler_7_yweweler_32 seven 
LOG (lattice-best-path[5.0.62~1-68cee]:main():lattice-best-path.cc:99) For utterance yweweler_7_yweweler_33, best cost 181.356 + 4739.23 = 4920.58 over 46 frames.
yweweler_7_yweweler_33 seven 
LOG (lattice-best-path[5.0.62~1-68cee]:main():lattice-best-path.cc:99) For utterance yweweler_7_yweweler_34, best cost 180.214 + 4426.25 = 4606.46 over 43 frames.
yweweler_7_yweweler_34 seven 
LOG (lattice-best-path[5.0.62~1-68cee]:main():lattice-best-path.cc:99) For utterance yweweler_7_yweweler_35, best cost 149.828 + 5106.56 = 5256.39 over 49 frames.
yweweler_7_yweweler_35 seven 
LOG (lattice-best-path[5.0.62~1-68cee]:main():lattice-best-path.cc:99) For utterance yweweler_7_yweweler_36, best cost 121.131 + 3763.47 = 3884.6 over 39 frames.
yweweler_7_yweweler_36 seven 
LOG (lattice-best-path[5.0.62~1-68cee]:main():lattice-best-path.cc:99) For utterance yweweler_7_yweweler_37, best cost 123.589 + 3019.56 = 3143.15 over 29 frames.
yweweler_7_yweweler_37 seven 
LOG (lattice-best-path[5.0.62~1-68cee]:main():lattice-best-path.cc:99) For utterance yweweler_7_yweweler_38, best cost 133.361 + 4257.39 = 4390.75 over 47 frames.
yweweler_7_yweweler_38 seven 
LOG (lattice-best-path[5.0.62~1-68cee]:main():lattice-best-path.cc:99) For utterance yweweler_7_yweweler_39, best cost 128.48 + 4285.43 = 4413.91 over 47 frames.
yweweler_7_yweweler_39 seven 
LOG (lattice-best-path[5.0.62~1-68cee]:main():lattice-best-path.cc:99) For utterance yweweler_7_yweweler_4, best cost 122.282 + 3297.79 = 3420.07 over 34 frames.
yweweler_7_yweweler_4 seven 
LOG (lattice-best-path[5.0.62~1-68cee]:main():lattice-best-path.cc:99) For utterance yweweler_7_yweweler_40, best cost 141.4 + 5295.76 = 5437.16 over 59 frames.
yweweler_7_yweweler_40 seven 
LOG (lattice-best-path[5.0.62~1-68cee]:main():lattice-best-path.cc:99) For utterance yweweler_7_yweweler_41, best cost 132.339 + 4703.03 = 4835.37 over 52 frames.
yweweler_7_yweweler_41 seven 
LOG (lattice-best-path[5.0.62~1-68cee]:main():lattice-best-path.cc:99) For utterance yweweler_7_yweweler_42, best cost 124.035 + 3380.13 = 3504.17 over 37 frames.
yweweler_7_yweweler_42 seven 
LOG (lattice-best-path[5.0.62~1-68cee]:main():lattice-best-path.cc:99) For utterance yweweler_7_yweweler_43, best cost 122.583 + 3486.7 = 3609.28 over 38 frames.
yweweler_7_yweweler_43 seven 
LOG (lattice-best-path[5.0.62~1-68cee]:main():lattice-best-path.cc:99) For utterance yweweler_7_yweweler_44, best cost 136.188 + 4135.35 = 4271.53 over 44 frames.
yweweler_7_yweweler_44 seven 
LOG (lattice-best-path[5.0.62~1-68cee]:main():lattice-best-path.cc:99) For utterance yweweler_7_yweweler_45, best cost 123.005 + 4003.19 = 4126.2 over 43 frames.
yweweler_7_yweweler_45 seven 
LOG (lattice-best-path[5.0.62~1-68cee]:main():lattice-best-path.cc:99) For utterance yweweler_7_yweweler_46, best cost 122.793 + 3759.09 = 3881.88 over 39 frames.
yweweler_7_yweweler_46 seven 
LOG (lattice-best-path[5.0.62~1-68cee]:main():lattice-best-path.cc:99) For utterance yweweler_7_yweweler_47, best cost 119.48 + 2974.78 = 3094.26 over 33 frames.
yweweler_7_yweweler_47 seven 
LOG (lattice-best-path[5.0.62~1-68cee]:main():lattice-best-path.cc:99) For utterance yweweler_7_yweweler_48, best cost 116.798 + 2884.03 = 3000.83 over 28 frames.
yweweler_7_yweweler_48 seven 
LOG (lattice-best-path[5.0.62~1-68cee]:main():lattice-best-path.cc:99) For utterance yweweler_7_yweweler_49, best cost 116.163 + 2663.04 = 2779.2 over 31 frames.
yweweler_7_yweweler_49 seven 
LOG (lattice-best-path[5.0.62~1-68cee]:main():lattice-best-path.cc:99) For utterance yweweler_7_yweweler_5, best cost 127.338 + 4517.96 = 4645.3 over 45 frames.
yweweler_7_yweweler_5 seven 
LOG (lattice-best-path[5.0.62~1-68cee]:main():lattice-best-path.cc:99) For utterance yweweler_7_yweweler_6, best cost 113.631 + 2359.06 = 2472.69 over 24 frames.
yweweler_7_yweweler_6 seven 
LOG (lattice-best-path[5.0.62~1-68cee]:main():lattice-best-path.cc:99) For utterance yweweler_7_yweweler_7, best cost 124.548 + 3203.78 = 3328.32 over 33 frames.
yweweler_7_yweweler_7 seven 
LOG (lattice-best-path[5.0.62~1-68cee]:main():lattice-best-path.cc:99) For utterance yweweler_7_yweweler_8, best cost 117.028 + 3111.14 = 3228.16 over 32 frames.
yweweler_7_yweweler_8 seven 
LOG (lattice-best-path[5.0.62~1-68cee]:main():lattice-best-path.cc:99) For utterance yweweler_7_yweweler_9, best cost 118.67 + 3182.04 = 3300.71 over 35 frames.
yweweler_7_yweweler_9 seven 
LOG (lattice-best-path[5.0.62~1-68cee]:main():lattice-best-path.cc:99) For utterance yweweler_8_yweweler_0, best cost 104.784 + 3094.1 = 3198.88 over 30 frames.
yweweler_8_yweweler_0 eight 
LOG (lattice-best-path[5.0.62~1-68cee]:main():lattice-best-path.cc:99) For utterance yweweler_8_yweweler_1, best cost 109.359 + 3248.22 = 3357.58 over 33 frames.
yweweler_8_yweweler_1 eight 
LOG (lattice-best-path[5.0.62~1-68cee]:main():lattice-best-path.cc:99) For utterance yweweler_8_yweweler_10, best cost 104.523 + 2794.51 = 2899.03 over 30 frames.
yweweler_8_yweweler_10 eight 
LOG (lattice-best-path[5.0.62~1-68cee]:main():lattice-best-path.cc:99) For utterance yweweler_8_yweweler_11, best cost 105.397 + 3157.82 = 3263.21 over 33 frames.
yweweler_8_yweweler_11 eight 
LOG (lattice-best-path[5.0.62~1-68cee]:main():lattice-best-path.cc:99) For utterance yweweler_8_yweweler_12, best cost 103.449 + 2574.98 = 2678.43 over 28 frames.
yweweler_8_yweweler_12 eight 
LOG (lattice-best-path[5.0.62~1-68cee]:main():lattice-best-path.cc:99) For utterance yweweler_8_yweweler_13, best cost 107.258 + 3542.25 = 3649.51 over 37 frames.
yweweler_8_yweweler_13 eight 
LOG (lattice-best-path[5.0.62~1-68cee]:main():lattice-best-path.cc:99) For utterance yweweler_8_yweweler_14, best cost 105.401 + 2901.45 = 3006.85 over 31 frames.
yweweler_8_yweweler_14 eight 
LOG (lattice-best-path[5.0.62~1-68cee]:main():lattice-best-path.cc:99) For utterance yweweler_8_yweweler_15, best cost 101.871 + 1988.43 = 2090.3 over 22 frames.
yweweler_8_yweweler_15 eight 
LOG (lattice-best-path[5.0.62~1-68cee]:main():lattice-best-path.cc:99) For utterance yweweler_8_yweweler_16, best cost 101.713 + 2021.18 = 2122.89 over 24 frames.
yweweler_8_yweweler_16 eight 
LOG (lattice-best-path[5.0.62~1-68cee]:main():lattice-best-path.cc:99) For utterance yweweler_8_yweweler_17, best cost 111.916 + 2689.36 = 2801.28 over 30 frames.
yweweler_8_yweweler_17 eight 
LOG (lattice-best-path[5.0.62~1-68cee]:main():lattice-best-path.cc:99) For utterance yweweler_8_yweweler_18, best cost 101.351 + 1972.55 = 2073.9 over 23 frames.
yweweler_8_yweweler_18 eight 
LOG (lattice-best-path[5.0.62~1-68cee]:main():lattice-best-path.cc:99) For utterance yweweler_8_yweweler_19, best cost 102.03 + 2051.26 = 2153.29 over 23 frames.
yweweler_8_yweweler_19 eight 
LOG (lattice-best-path[5.0.62~1-68cee]:main():lattice-best-path.cc:99) For utterance yweweler_8_yweweler_2, best cost 106.961 + 2408.05 = 2515.01 over 25 frames.
yweweler_8_yweweler_2 eight 
LOG (lattice-best-path[5.0.62~1-68cee]:main():lattice-best-path.cc:99) For utterance yweweler_8_yweweler_20, best cost 111.702 + 2588.64 = 2700.35 over 29 frames.
yweweler_8_yweweler_20 eight 
LOG (lattice-best-path[5.0.62~1-68cee]:main():lattice-best-path.cc:99) For utterance yweweler_8_yweweler_21, best cost 103.676 + 2511.14 = 2614.81 over 29 frames.
yweweler_8_yweweler_21 eight 
LOG (lattice-best-path[5.0.62~1-68cee]:main():lattice-best-path.cc:99) For utterance yweweler_8_yweweler_22, best cost 106.873 + 3458.2 = 3565.08 over 37 frames.
yweweler_8_yweweler_22 eight 
LOG (lattice-best-path[5.0.62~1-68cee]:main():lattice-best-path.cc:99) For utterance yweweler_8_yweweler_23, best cost 103.799 + 2521.65 = 2625.45 over 28 frames.
yweweler_8_yweweler_23 eight 
LOG (lattice-best-path[5.0.62~1-68cee]:main():lattice-best-path.cc:99) For utterance yweweler_8_yweweler_24, best cost 117.296 + 3656.53 = 3773.82 over 35 frames.
yweweler_8_yweweler_24 eight 
LOG (lattice-best-path[5.0.62~1-68cee]:main():lattice-best-path.cc:99) For utterance yweweler_8_yweweler_25, best cost 103.608 + 2507.66 = 2611.26 over 26 frames.
yweweler_8_yweweler_25 eight 
LOG (lattice-best-path[5.0.62~1-68cee]:main():lattice-best-path.cc:99) For utterance yweweler_8_yweweler_26, best cost 116.875 + 3087.95 = 3204.83 over 31 frames.
yweweler_8_yweweler_26 eight 
LOG (lattice-best-path[5.0.62~1-68cee]:main():lattice-best-path.cc:99) For utterance yweweler_8_yweweler_27, best cost 104.577 + 2927.4 = 3031.97 over 30 frames.
yweweler_8_yweweler_27 eight 
LOG (lattice-best-path[5.0.62~1-68cee]:main():lattice-best-path.cc:99) For utterance yweweler_8_yweweler_28, best cost 119.137 + 5159.95 = 5279.08 over 52 frames.
yweweler_8_yweweler_28 eight 
LOG (lattice-best-path[5.0.62~1-68cee]:main():lattice-best-path.cc:99) For utterance yweweler_8_yweweler_29, best cost 108.484 + 2942.62 = 3051.1 over 31 frames.
yweweler_8_yweweler_29 eight 
LOG (lattice-best-path[5.0.62~1-68cee]:main():lattice-best-path.cc:99) For utterance yweweler_8_yweweler_3, best cost 108.769 + 2941.59 = 3050.35 over 30 frames.
yweweler_8_yweweler_3 eight 
LOG (lattice-best-path[5.0.62~1-68cee]:main():lattice-best-path.cc:99) For utterance yweweler_8_yweweler_30, best cost 106.032 + 3279.46 = 3385.5 over 34 frames.
yweweler_8_yweweler_30 eight 
LOG (lattice-best-path[5.0.62~1-68cee]:main():lattice-best-path.cc:99) For utterance yweweler_8_yweweler_31, best cost 115.719 + 3666.57 = 3782.29 over 38 frames.
yweweler_8_yweweler_31 eight 
LOG (lattice-best-path[5.0.62~1-68cee]:main():lattice-best-path.cc:99) For utterance yweweler_8_yweweler_32, best cost 107.593 + 3529.5 = 3637.09 over 39 frames.
yweweler_8_yweweler_32 eight 
LOG (lattice-best-path[5.0.62~1-68cee]:main():lattice-best-path.cc:99) For utterance yweweler_8_yweweler_33, best cost 107.524 + 3937.71 = 4045.24 over 39 frames.
yweweler_8_yweweler_33 eight 
LOG (lattice-best-path[5.0.62~1-68cee]:main():lattice-best-path.cc:99) For utterance yweweler_8_yweweler_34, best cost 116.335 + 4672.3 = 4788.64 over 46 frames.
yweweler_8_yweweler_34 eight 
LOG (lattice-best-path[5.0.62~1-68cee]:main():lattice-best-path.cc:99) For utterance yweweler_8_yweweler_35, best cost 111.669 + 2835.22 = 2946.89 over 29 frames.
yweweler_8_yweweler_35 eight 
LOG (lattice-best-path[5.0.62~1-68cee]:main():lattice-best-path.cc:99) For utterance yweweler_8_yweweler_36, best cost 102.735 + 2673.54 = 2776.27 over 27 frames.
yweweler_8_yweweler_36 eight 
LOG (lattice-best-path[5.0.62~1-68cee]:main():lattice-best-path.cc:99) For utterance yweweler_8_yweweler_37, best cost 102.867 + 2839.13 = 2942 over 29 frames.
yweweler_8_yweweler_37 eight 
LOG (lattice-best-path[5.0.62~1-68cee]:main():lattice-best-path.cc:99) For utterance yweweler_8_yweweler_38, best cost 116.262 + 3309.94 = 3426.2 over 34 frames.
yweweler_8_yweweler_38 eight 
LOG (lattice-best-path[5.0.62~1-68cee]:main():lattice-best-path.cc:99) For utterance yweweler_8_yweweler_39, best cost 119.645 + 3319.47 = 3439.12 over 33 frames.
yweweler_8_yweweler_39 eight 
LOG (lattice-best-path[5.0.62~1-68cee]:main():lattice-best-path.cc:99) For utterance yweweler_8_yweweler_4, best cost 109.077 + 2974.65 = 3083.73 over 31 frames.
yweweler_8_yweweler_4 eight 
LOG (lattice-best-path[5.0.62~1-68cee]:main():lattice-best-path.cc:99) For utterance yweweler_8_yweweler_40, best cost 106.029 + 3398.5 = 3504.53 over 34 frames.
yweweler_8_yweweler_40 eight 
LOG (lattice-best-path[5.0.62~1-68cee]:main():lattice-best-path.cc:99) For utterance yweweler_8_yweweler_41, best cost 105.008 + 2983.16 = 3088.17 over 32 frames.
yweweler_8_yweweler_41 eight 
LOG (lattice-best-path[5.0.62~1-68cee]:main():lattice-best-path.cc:99) For utterance yweweler_8_yweweler_42, best cost 108.939 + 3219.62 = 3328.56 over 32 frames.
yweweler_8_yweweler_42 eight 
LOG (lattice-best-path[5.0.62~1-68cee]:main():lattice-best-path.cc:99) For utterance yweweler_8_yweweler_43, best cost 101.549 + 1995.21 = 2096.76 over 20 frames.
yweweler_8_yweweler_43 eight 
LOG (lattice-best-path[5.0.62~1-68cee]:main():lattice-best-path.cc:99) For utterance yweweler_8_yweweler_44, best cost 106.06 + 2157.95 = 2264.01 over 23 frames.
yweweler_8_yweweler_44 eight 
LOG (lattice-best-path[5.0.62~1-68cee]:main():lattice-best-path.cc:99) For utterance yweweler_8_yweweler_45, best cost 104.01 + 2693.93 = 2797.94 over 30 frames.
yweweler_8_yweweler_45 eight 
LOG (lattice-best-path[5.0.62~1-68cee]:main():lattice-best-path.cc:99) For utterance yweweler_8_yweweler_46, best cost 108.755 + 2921.59 = 3030.35 over 31 frames.
yweweler_8_yweweler_46 eight 
LOG (lattice-best-path[5.0.62~1-68cee]:main():lattice-best-path.cc:99) For utterance yweweler_8_yweweler_47, best cost 104.963 + 2956.32 = 3061.29 over 32 frames.
yweweler_8_yweweler_47 eight 
LOG (lattice-best-path[5.0.62~1-68cee]:main():lattice-best-path.cc:99) For utterance yweweler_8_yweweler_48, best cost 103.37 + 2666.62 = 2769.99 over 28 frames.
yweweler_8_yweweler_48 eight 
LOG (lattice-best-path[5.0.62~1-68cee]:main():lattice-best-path.cc:99) For utterance yweweler_8_yweweler_49, best cost 102.365 + 2260.03 = 2362.39 over 23 frames.
yweweler_8_yweweler_49 eight 
LOG (lattice-best-path[5.0.62~1-68cee]:main():lattice-best-path.cc:99) For utterance yweweler_8_yweweler_5, best cost 102.647 + 2241.16 = 2343.81 over 25 frames.
yweweler_8_yweweler_5 eight 
LOG (lattice-best-path[5.0.62~1-68cee]:main():lattice-best-path.cc:99) For utterance yweweler_8_yweweler_6, best cost 102.744 + 2238.62 = 2341.36 over 25 frames.
yweweler_8_yweweler_6 eight 
LOG (lattice-best-path[5.0.62~1-68cee]:main():lattice-best-path.cc:99) For utterance yweweler_8_yweweler_7, best cost 102.744 + 2245.53 = 2348.28 over 25 frames.
yweweler_8_yweweler_7 eight 
LOG (lattice-best-path[5.0.62~1-68cee]:main():lattice-best-path.cc:99) For utterance yweweler_8_yweweler_8, best cost 104.284 + 2728.07 = 2832.35 over 29 frames.
yweweler_8_yweweler_8 eight 
LOG (lattice-best-path[5.0.62~1-68cee]:main():lattice-best-path.cc:99) For utterance yweweler_8_yweweler_9, best cost 111.898 + 2657.02 = 2768.92 over 29 frames.
yweweler_8_yweweler_9 eight 
LOG (lattice-best-path[5.0.62~1-68cee]:main():lattice-best-path.cc:99) For utterance yweweler_9_yweweler_0, best cost 108.809 + 3254.05 = 3362.86 over 34 frames.
yweweler_9_yweweler_0 nine 
LOG (lattice-best-path[5.0.62~1-68cee]:main():lattice-best-path.cc:99) For utterance yweweler_9_yweweler_1, best cost 121.486 + 3397.44 = 3518.93 over 37 frames.
yweweler_9_yweweler_1 five 
LOG (lattice-best-path[5.0.62~1-68cee]:main():lattice-best-path.cc:99) For utterance yweweler_9_yweweler_10, best cost 127.484 + 4046.75 = 4174.23 over 42 frames.
yweweler_9_yweweler_10 one 
LOG (lattice-best-path[5.0.62~1-68cee]:main():lattice-best-path.cc:99) For utterance yweweler_9_yweweler_11, best cost 131.369 + 4084.72 = 4216.09 over 42 frames.
yweweler_9_yweweler_11 one 
LOG (lattice-best-path[5.0.62~1-68cee]:main():lattice-best-path.cc:99) For utterance yweweler_9_yweweler_12, best cost 121.155 + 3495.87 = 3617.02 over 36 frames.
yweweler_9_yweweler_12 five 
LOG (lattice-best-path[5.0.62~1-68cee]:main():lattice-best-path.cc:99) For utterance yweweler_9_yweweler_13, best cost 112.3 + 3541.59 = 3653.89 over 38 frames.
yweweler_9_yweweler_13 nine 
LOG (lattice-best-path[5.0.62~1-68cee]:main():lattice-best-path.cc:99) For utterance yweweler_9_yweweler_14, best cost 122.243 + 4314.07 = 4436.31 over 43 frames.
yweweler_9_yweweler_14 nine 
LOG (lattice-best-path[5.0.62~1-68cee]:main():lattice-best-path.cc:99) For utterance yweweler_9_yweweler_15, best cost 112.881 + 3699.74 = 3812.62 over 39 frames.
yweweler_9_yweweler_15 nine 
LOG (lattice-best-path[5.0.62~1-68cee]:main():lattice-best-path.cc:99) For utterance yweweler_9_yweweler_16, best cost 121.301 + 4188.97 = 4310.27 over 41 frames.
yweweler_9_yweweler_16 nine 
LOG (lattice-best-path[5.0.62~1-68cee]:main():lattice-best-path.cc:99) For utterance yweweler_9_yweweler_17, best cost 110.078 + 3163.91 = 3273.99 over 34 frames.
yweweler_9_yweweler_17 nine 
LOG (lattice-best-path[5.0.62~1-68cee]:main():lattice-best-path.cc:99) For utterance yweweler_9_yweweler_18, best cost 119.123 + 3138.73 = 3257.85 over 33 frames.
yweweler_9_yweweler_18 five 
LOG (lattice-best-path[5.0.62~1-68cee]:main():lattice-best-path.cc:99) For utterance yweweler_9_yweweler_19, best cost 110.929 + 3167.01 = 3277.93 over 34 frames.
yweweler_9_yweweler_19 nine 
LOG (lattice-best-path[5.0.62~1-68cee]:main():lattice-best-path.cc:99) For utterance yweweler_9_yweweler_2, best cost 129.445 + 3569.67 = 3699.12 over 38 frames.
yweweler_9_yweweler_2 five 
LOG (lattice-best-path[5.0.62~1-68cee]:main():lattice-best-path.cc:99) For utterance yweweler_9_yweweler_20, best cost 121.43 + 3939.19 = 4060.62 over 40 frames.
yweweler_9_yweweler_20 five 
LOG (lattice-best-path[5.0.62~1-68cee]:main():lattice-best-path.cc:99) For utterance yweweler_9_yweweler_21, best cost 114.396 + 3712.41 = 3826.81 over 40 frames.
yweweler_9_yweweler_21 nine 
LOG (lattice-best-path[5.0.62~1-68cee]:main():lattice-best-path.cc:99) For utterance yweweler_9_yweweler_22, best cost 121.881 + 3798.19 = 3920.07 over 41 frames.
yweweler_9_yweweler_22 five 
LOG (lattice-best-path[5.0.62~1-68cee]:main():lattice-best-path.cc:99) For utterance yweweler_9_yweweler_23, best cost 118.478 + 4085.61 = 4204.09 over 45 frames.
yweweler_9_yweweler_23 nine 
LOG (lattice-best-path[5.0.62~1-68cee]:main():lattice-best-path.cc:99) For utterance yweweler_9_yweweler_24, best cost 114.092 + 4130.6 = 4244.69 over 45 frames.
yweweler_9_yweweler_24 nine 
LOG (lattice-best-path[5.0.62~1-68cee]:main():lattice-best-path.cc:99) For utterance yweweler_9_yweweler_25, best cost 117.861 + 3913.08 = 4030.95 over 42 frames.
yweweler_9_yweweler_25 nine 
LOG (lattice-best-path[5.0.62~1-68cee]:main():lattice-best-path.cc:99) For utterance yweweler_9_yweweler_26, best cost 119.708 + 4537.74 = 4657.45 over 49 frames.
yweweler_9_yweweler_26 nine 
LOG (lattice-best-path[5.0.62~1-68cee]:main():lattice-best-path.cc:99) For utterance yweweler_9_yweweler_27, best cost 135.902 + 3880 = 4015.9 over 39 frames.
yweweler_9_yweweler_27 one 
LOG (lattice-best-path[5.0.62~1-68cee]:main():lattice-best-path.cc:99) For utterance yweweler_9_yweweler_28, best cost 120.863 + 3389.04 = 3509.9 over 35 frames.
yweweler_9_yweweler_28 five 
LOG (lattice-best-path[5.0.62~1-68cee]:main():lattice-best-path.cc:99) For utterance yweweler_9_yweweler_29, best cost 121.194 + 3251.49 = 3372.69 over 33 frames.
yweweler_9_yweweler_29 one 
LOG (lattice-best-path[5.0.62~1-68cee]:main():lattice-best-path.cc:99) For utterance yweweler_9_yweweler_3, best cost 123.893 + 5411.64 = 5535.53 over 53 frames.
yweweler_9_yweweler_3 nine 
LOG (lattice-best-path[5.0.62~1-68cee]:main():lattice-best-path.cc:99) For utterance yweweler_9_yweweler_30, best cost 121.216 + 3937.54 = 4058.76 over 42 frames.
yweweler_9_yweweler_30 nine 
LOG (lattice-best-path[5.0.62~1-68cee]:main():lattice-best-path.cc:99) For utterance yweweler_9_yweweler_31, best cost 122.536 + 5301.41 = 5423.95 over 50 frames.
yweweler_9_yweweler_31 nine 
LOG (lattice-best-path[5.0.62~1-68cee]:main():lattice-best-path.cc:99) For utterance yweweler_9_yweweler_32, best cost 114.726 + 4693.9 = 4808.63 over 46 frames.
yweweler_9_yweweler_32 nine 
LOG (lattice-best-path[5.0.62~1-68cee]:main():lattice-best-path.cc:99) For utterance yweweler_9_yweweler_33, best cost 117.314 + 4481.92 = 4599.23 over 42 frames.
yweweler_9_yweweler_33 nine 
LOG (lattice-best-path[5.0.62~1-68cee]:main():lattice-best-path.cc:99) For utterance yweweler_9_yweweler_34, best cost 113.457 + 4536.62 = 4650.08 over 41 frames.
yweweler_9_yweweler_34 nine 
LOG (lattice-best-path[5.0.62~1-68cee]:main():lattice-best-path.cc:99) For utterance yweweler_9_yweweler_35, best cost 116.408 + 4532.85 = 4649.26 over 43 frames.
yweweler_9_yweweler_35 nine 
LOG (lattice-best-path[5.0.62~1-68cee]:main():lattice-best-path.cc:99) For utterance yweweler_9_yweweler_36, best cost 115.964 + 4450.17 = 4566.14 over 44 frames.
yweweler_9_yweweler_36 nine 
LOG (lattice-best-path[5.0.62~1-68cee]:main():lattice-best-path.cc:99) For utterance yweweler_9_yweweler_37, best cost 117.125 + 3242.88 = 3360.01 over 33 frames.
yweweler_9_yweweler_37 nine 
LOG (lattice-best-path[5.0.62~1-68cee]:main():lattice-best-path.cc:99) For utterance yweweler_9_yweweler_38, best cost 112.406 + 3211.78 = 3324.18 over 34 frames.
yweweler_9_yweweler_38 nine 
LOG (lattice-best-path[5.0.62~1-68cee]:main():lattice-best-path.cc:99) For utterance yweweler_9_yweweler_39, best cost 120.021 + 3462.04 = 3582.06 over 37 frames.
yweweler_9_yweweler_39 nine 
LOG (lattice-best-path[5.0.62~1-68cee]:main():lattice-best-path.cc:99) For utterance yweweler_9_yweweler_4, best cost 116.144 + 3810.29 = 3926.44 over 40 frames.
yweweler_9_yweweler_4 nine 
LOG (lattice-best-path[5.0.62~1-68cee]:main():lattice-best-path.cc:99) For utterance yweweler_9_yweweler_40, best cost 111.206 + 3316.62 = 3427.83 over 35 frames.
yweweler_9_yweweler_40 nine 
LOG (lattice-best-path[5.0.62~1-68cee]:main():lattice-best-path.cc:99) For utterance yweweler_9_yweweler_41, best cost 123.197 + 3907.93 = 4031.13 over 41 frames.
yweweler_9_yweweler_41 nine 
LOG (lattice-best-path[5.0.62~1-68cee]:main():lattice-best-path.cc:99) For utterance yweweler_9_yweweler_42, best cost 122.276 + 3963.93 = 4086.21 over 42 frames.
yweweler_9_yweweler_42 nine 
LOG (lattice-best-path[5.0.62~1-68cee]:main():lattice-best-path.cc:99) For utterance yweweler_9_yweweler_43, best cost 111.787 + 3676.22 = 3788 over 38 frames.
yweweler_9_yweweler_43 nine 
LOG (lattice-best-path[5.0.62~1-68cee]:main():lattice-best-path.cc:99) For utterance yweweler_9_yweweler_44, best cost 120.06 + 3114.83 = 3234.89 over 31 frames.
yweweler_9_yweweler_44 one 
LOG (lattice-best-path[5.0.62~1-68cee]:main():lattice-best-path.cc:99) For utterance yweweler_9_yweweler_45, best cost 121.964 + 3994.43 = 4116.4 over 40 frames.
yweweler_9_yweweler_45 nine 
LOG (lattice-best-path[5.0.62~1-68cee]:main():lattice-best-path.cc:99) For utterance yweweler_9_yweweler_46, best cost 117.793 + 3455.87 = 3573.66 over 36 frames.
yweweler_9_yweweler_46 five 
LOG (lattice-best-path[5.0.62~1-68cee]:main():lattice-best-path.cc:99) For utterance yweweler_9_yweweler_47, best cost 122.043 + 4097.75 = 4219.8 over 41 frames.
yweweler_9_yweweler_47 nine 
LOG (lattice-best-path[5.0.62~1-68cee]:main():lattice-best-path.cc:99) For utterance yweweler_9_yweweler_48, best cost 121.019 + 3432.52 = 3553.54 over 36 frames.
yweweler_9_yweweler_48 five 
LOG (lattice-best-path[5.0.62~1-68cee]:main():lattice-best-path.cc:99) For utterance yweweler_9_yweweler_49, best cost 119.195 + 3500.03 = 3619.23 over 36 frames.
yweweler_9_yweweler_49 nine 
LOG (lattice-best-path[5.0.62~1-68cee]:main():lattice-best-path.cc:99) For utterance yweweler_9_yweweler_5, best cost 117.156 + 3364.76 = 3481.92 over 34 frames.
yweweler_9_yweweler_5 one 
LOG (lattice-best-path[5.0.62~1-68cee]:main():lattice-best-path.cc:99) For utterance yweweler_9_yweweler_6, best cost 120.867 + 3425.24 = 3546.11 over 33 frames.
yweweler_9_yweweler_6 one 
LOG (lattice-best-path[5.0.62~1-68cee]:main():lattice-best-path.cc:99) For utterance yweweler_9_yweweler_7, best cost 112.947 + 3313.27 = 3426.21 over 33 frames.
yweweler_9_yweweler_7 nine 
LOG (lattice-best-path[5.0.62~1-68cee]:main():lattice-best-path.cc:99) For utterance yweweler_9_yweweler_8, best cost 122.355 + 3617.92 = 3740.28 over 38 frames.
yweweler_9_yweweler_8 five 
LOG (lattice-best-path[5.0.62~1-68cee]:main():lattice-best-path.cc:99) For utterance yweweler_9_yweweler_9, best cost 115.639 + 4022.51 = 4138.15 over 42 frames.
yweweler_9_yweweler_9 nine 
LOG (lattice-best-path[5.0.62~1-68cee]:main():lattice-best-path.cc:124) Overall cost per frame is 101.679 = 3.52648 [graph] + 98.1529 [acoustic] over 16712 frames.
LOG (lattice-best-path[5.0.62~1-68cee]:main():lattice-best-path.cc:128) Done 500 lattices, failed for 0
# Accounting: time=1 threads=1
# Ended (code 0) at Mon May 30 15:35:40 IST 2022, elapsed time 1 seconds
