# lattice-best-path --lm-scale=11 --word-symbol-table=exp/mono/graph/words.txt "ark:gunzip -c exp/mono/decode/lat.*.gz|" ark,t:exp/mono/decode/scoring/11.tra 
# Started at Mon May 30 15:35:39 IST 2022
#
lattice-best-path --lm-scale=11 --word-symbol-table=exp/mono/graph/words.txt 'ark:gunzip -c exp/mono/decode/lat.*.gz|' ark,t:exp/mono/decode/scoring/11.tra 
LOG (lattice-best-path[5.0.62~1-68cee]:main():lattice-best-path.cc:99) For utterance yweweler_0_yweweler_0, best cost 87.8349 + 4001.69 = 4089.52 over 37 frames.
yweweler_0_yweweler_0 zero 
LOG (lattice-best-path[5.0.62~1-68cee]:main():lattice-best-path.cc:99) For utterance yweweler_0_yweweler_1, best cost 84.6349 + 3298.49 = 3383.13 over 31 frames.
yweweler_0_yweweler_1 zero 
LOG (lattice-best-path[5.0.62~1-68cee]:main():lattice-best-path.cc:99) For utterance yweweler_0_yweweler_10, best cost 84.5938 + 3918.1 = 4002.7 over 36 frames.
yweweler_0_yweweler_10 zero 
LOG (lattice-best-path[5.0.62~1-68cee]:main():lattice-best-path.cc:99) For utterance yweweler_0_yweweler_11, best cost 85.639 + 3521.93 = 3607.57 over 35 frames.
yweweler_0_yweweler_11 zero 
LOG (lattice-best-path[5.0.62~1-68cee]:main():lattice-best-path.cc:99) For utterance yweweler_0_yweweler_12, best cost 103.696 + 3718.73 = 3822.43 over 37 frames.
yweweler_0_yweweler_12 zero 
LOG (lattice-best-path[5.0.62~1-68cee]:main():lattice-best-path.cc:99) For utterance yweweler_0_yweweler_13, best cost 89.0239 + 3935.52 = 4024.54 over 41 frames.
yweweler_0_yweweler_13 zero 
LOG (lattice-best-path[5.0.62~1-68cee]:main():lattice-best-path.cc:99) For utterance yweweler_0_yweweler_14, best cost 85.1283 + 4069.2 = 4154.33 over 41 frames.
yweweler_0_yweweler_14 zero 
LOG (lattice-best-path[5.0.62~1-68cee]:main():lattice-best-path.cc:99) For utterance yweweler_0_yweweler_15, best cost 92.7594 + 3847.24 = 3940 over 41 frames.
yweweler_0_yweweler_15 zero 
LOG (lattice-best-path[5.0.62~1-68cee]:main():lattice-best-path.cc:99) For utterance yweweler_0_yweweler_16, best cost 87.4056 + 3375.28 = 3462.68 over 34 frames.
yweweler_0_yweweler_16 zero 
LOG (lattice-best-path[5.0.62~1-68cee]:main():lattice-best-path.cc:99) For utterance yweweler_0_yweweler_17, best cost 87.8021 + 3748.57 = 3836.37 over 38 frames.
yweweler_0_yweweler_17 zero 
LOG (lattice-best-path[5.0.62~1-68cee]:main():lattice-best-path.cc:99) For utterance yweweler_0_yweweler_18, best cost 90.774 + 3928.58 = 4019.36 over 40 frames.
yweweler_0_yweweler_18 zero 
LOG (lattice-best-path[5.0.62~1-68cee]:main():lattice-best-path.cc:99) For utterance yweweler_0_yweweler_19, best cost 95.6685 + 4338.5 = 4434.17 over 45 frames.
yweweler_0_yweweler_19 zero 
LOG (lattice-best-path[5.0.62~1-68cee]:main():lattice-best-path.cc:99) For utterance yweweler_0_yweweler_2, best cost 84.2809 + 3345.05 = 3429.33 over 33 frames.
yweweler_0_yweweler_2 zero 
LOG (lattice-best-path[5.0.62~1-68cee]:main():lattice-best-path.cc:99) For utterance yweweler_0_yweweler_20, best cost 83.9306 + 3137.02 = 3220.95 over 32 frames.
yweweler_0_yweweler_20 zero 
LOG (lattice-best-path[5.0.62~1-68cee]:main():lattice-best-path.cc:99) For utterance yweweler_0_yweweler_21, best cost 85.775 + 3289.69 = 3375.46 over 33 frames.
yweweler_0_yweweler_21 zero 
LOG (lattice-best-path[5.0.62~1-68cee]:main():lattice-best-path.cc:99) For utterance yweweler_0_yweweler_22, best cost 83.7375 + 3160.72 = 3244.45 over 32 frames.
yweweler_0_yweweler_22 zero 
LOG (lattice-best-path[5.0.62~1-68cee]:main():lattice-best-path.cc:99) For utterance yweweler_0_yweweler_23, best cost 82.756 + 3139.91 = 3222.66 over 31 frames.
yweweler_0_yweweler_23 zero 
LOG (lattice-best-path[5.0.62~1-68cee]:main():lattice-best-path.cc:99) For utterance yweweler_0_yweweler_24, best cost 85.3665 + 3371.12 = 3456.49 over 36 frames.
yweweler_0_yweweler_24 zero 
LOG (lattice-best-path[5.0.62~1-68cee]:main():lattice-best-path.cc:99) For utterance yweweler_0_yweweler_25, best cost 86.0292 + 3594.8 = 3680.83 over 37 frames.
yweweler_0_yweweler_25 zero 
LOG (lattice-best-path[5.0.62~1-68cee]:main():lattice-best-path.cc:99) For utterance yweweler_0_yweweler_26, best cost 85.3839 + 3480.6 = 3565.99 over 34 frames.
yweweler_0_yweweler_26 zero 
LOG (lattice-best-path[5.0.62~1-68cee]:main():lattice-best-path.cc:99) For utterance yweweler_0_yweweler_27, best cost 84.1528 + 3384.31 = 3468.47 over 34 frames.
yweweler_0_yweweler_27 zero 
LOG (lattice-best-path[5.0.62~1-68cee]:main():lattice-best-path.cc:99) For utterance yweweler_0_yweweler_28, best cost 92.3348 + 4120.71 = 4213.05 over 40 frames.
yweweler_0_yweweler_28 zero 
LOG (lattice-best-path[5.0.62~1-68cee]:main():lattice-best-path.cc:99) For utterance yweweler_0_yweweler_29, best cost 87.8082 + 3681.23 = 3769.04 over 36 frames.
yweweler_0_yweweler_29 zero 
LOG (lattice-best-path[5.0.62~1-68cee]:main():lattice-best-path.cc:99) For utterance yweweler_0_yweweler_3, best cost 85.852 + 3499.52 = 3585.37 over 34 frames.
yweweler_0_yweweler_3 zero 
LOG (lattice-best-path[5.0.62~1-68cee]:main():lattice-best-path.cc:99) For utterance yweweler_0_yweweler_30, best cost 85.4794 + 3902.73 = 3988.21 over 38 frames.
yweweler_0_yweweler_30 zero 
LOG (lattice-best-path[5.0.62~1-68cee]:main():lattice-best-path.cc:99) For utterance yweweler_0_yweweler_31, best cost 90.9181 + 3103.85 = 3194.76 over 31 frames.
yweweler_0_yweweler_31 zero 
LOG (lattice-best-path[5.0.62~1-68cee]:main():lattice-best-path.cc:99) For utterance yweweler_0_yweweler_32, best cost 86.8697 + 3916.1 = 4002.97 over 34 frames.
yweweler_0_yweweler_32 four 
LOG (lattice-best-path[5.0.62~1-68cee]:main():lattice-best-path.cc:99) For utterance yweweler_0_yweweler_33, best cost 89.8574 + 4549.32 = 4639.18 over 47 frames.
yweweler_0_yweweler_33 zero 
LOG (lattice-best-path[5.0.62~1-68cee]:main():lattice-best-path.cc:99) For utterance yweweler_0_yweweler_34, best cost 38.5618 + 4039.52 = 4078.08 over 35 frames.
yweweler_0_yweweler_34 
LOG (lattice-best-path[5.0.62~1-68cee]:main():lattice-best-path.cc:99) For utterance yweweler_0_yweweler_35, best cost 72.4804 + 4032.4 = 4104.88 over 37 frames.
yweweler_0_yweweler_35 two 
LOG (lattice-best-path[5.0.62~1-68cee]:main():lattice-best-path.cc:99) For utterance yweweler_0_yweweler_36, best cost 81.0254 + 4688.26 = 4769.28 over 43 frames.
yweweler_0_yweweler_36 two 
LOG (lattice-best-path[5.0.62~1-68cee]:main():lattice-best-path.cc:99) For utterance yweweler_0_yweweler_37, best cost 84.3996 + 3657.17 = 3741.57 over 36 frames.
yweweler_0_yweweler_37 zero 
LOG (lattice-best-path[5.0.62~1-68cee]:main():lattice-best-path.cc:99) For utterance yweweler_0_yweweler_38, best cost 85.1198 + 3837.39 = 3922.51 over 39 frames.
yweweler_0_yweweler_38 zero 
LOG (lattice-best-path[5.0.62~1-68cee]:main():lattice-best-path.cc:99) For utterance yweweler_0_yweweler_39, best cost 130.484 + 4272.82 = 4403.31 over 42 frames.
yweweler_0_yweweler_39 zero four 
LOG (lattice-best-path[5.0.62~1-68cee]:main():lattice-best-path.cc:99) For utterance yweweler_0_yweweler_4, best cost 81.9301 + 3157.03 = 3238.96 over 30 frames.
yweweler_0_yweweler_4 zero 
LOG (lattice-best-path[5.0.62~1-68cee]:main():lattice-best-path.cc:99) For utterance yweweler_0_yweweler_40, best cost 98.0514 + 4498.8 = 4596.85 over 43 frames.
yweweler_0_yweweler_40 zero 
LOG (lattice-best-path[5.0.62~1-68cee]:main():lattice-best-path.cc:99) For utterance yweweler_0_yweweler_41, best cost 79.8386 + 3098.84 = 3178.68 over 31 frames.
yweweler_0_yweweler_41 zero 
LOG (lattice-best-path[5.0.62~1-68cee]:main():lattice-best-path.cc:99) For utterance yweweler_0_yweweler_42, best cost 91.1991 + 4429.45 = 4520.65 over 41 frames.
yweweler_0_yweweler_42 zero 
LOG (lattice-best-path[5.0.62~1-68cee]:main():lattice-best-path.cc:99) For utterance yweweler_0_yweweler_43, best cost 80.4279 + 3173.67 = 3254.1 over 32 frames.
yweweler_0_yweweler_43 zero 
LOG (lattice-best-path[5.0.62~1-68cee]:main():lattice-best-path.cc:99) For utterance yweweler_0_yweweler_44, best cost 79.2713 + 3136.14 = 3215.41 over 30 frames.
yweweler_0_yweweler_44 zero 
LOG (lattice-best-path[5.0.62~1-68cee]:main():lattice-best-path.cc:99) For utterance yweweler_0_yweweler_45, best cost 83.8544 + 3400.96 = 3484.82 over 33 frames.
yweweler_0_yweweler_45 zero 
LOG (lattice-best-path[5.0.62~1-68cee]:main():lattice-best-path.cc:99) For utterance yweweler_0_yweweler_46, best cost 75.7689 + 2732.88 = 2808.65 over 27 frames.
yweweler_0_yweweler_46 zero 
LOG (lattice-best-path[5.0.62~1-68cee]:main():lattice-best-path.cc:99) For utterance yweweler_0_yweweler_47, best cost 85.444 + 3298.78 = 3384.22 over 33 frames.
yweweler_0_yweweler_47 zero 
LOG (lattice-best-path[5.0.62~1-68cee]:main():lattice-best-path.cc:99) For utterance yweweler_0_yweweler_48, best cost 85.7357 + 3541.37 = 3627.11 over 37 frames.
yweweler_0_yweweler_48 zero 
LOG (lattice-best-path[5.0.62~1-68cee]:main():lattice-best-path.cc:99) For utterance yweweler_0_yweweler_49, best cost 86.3667 + 3566.9 = 3653.27 over 37 frames.
yweweler_0_yweweler_49 zero 
LOG (lattice-best-path[5.0.62~1-68cee]:main():lattice-best-path.cc:99) For utterance yweweler_0_yweweler_5, best cost 91.4877 + 3959.07 = 4050.56 over 38 frames.
yweweler_0_yweweler_5 zero 
LOG (lattice-best-path[5.0.62~1-68cee]:main():lattice-best-path.cc:99) For utterance yweweler_0_yweweler_6, best cost 84.6338 + 3918.23 = 4002.87 over 38 frames.
yweweler_0_yweweler_6 zero 
LOG (lattice-best-path[5.0.62~1-68cee]:main():lattice-best-path.cc:99) For utterance yweweler_0_yweweler_7, best cost 32.1315 + 4244.05 = 4276.18 over 37 frames.
yweweler_0_yweweler_7 
LOG (lattice-best-path[5.0.62~1-68cee]:main():lattice-best-path.cc:99) For utterance yweweler_0_yweweler_8, best cost 86.0244 + 3290.18 = 3376.2 over 32 frames.
yweweler_0_yweweler_8 zero 
LOG (lattice-best-path[5.0.62~1-68cee]:main():lattice-best-path.cc:99) For utterance yweweler_0_yweweler_9, best cost 103.62 + 3491.33 = 3594.95 over 34 frames.
yweweler_0_yweweler_9 zero 
LOG (lattice-best-path[5.0.62~1-68cee]:main():lattice-best-path.cc:99) For utterance yweweler_1_yweweler_0, best cost 86.9697 + 4032.84 = 4119.81 over 40 frames.
yweweler_1_yweweler_0 one 
LOG (lattice-best-path[5.0.62~1-68cee]:main():lattice-best-path.cc:99) For utterance yweweler_1_yweweler_1, best cost 73.8719 + 1886.38 = 1960.25 over 20 frames.
yweweler_1_yweweler_1 one 
LOG (lattice-best-path[5.0.62~1-68cee]:main():lattice-best-path.cc:99) For utterance yweweler_1_yweweler_10, best cost 80.4609 + 2620.06 = 2700.52 over 26 frames.
yweweler_1_yweweler_10 one 
LOG (lattice-best-path[5.0.62~1-68cee]:main():lattice-best-path.cc:99) For utterance yweweler_1_yweweler_11, best cost 80.6431 + 3082.16 = 3162.8 over 32 frames.
yweweler_1_yweweler_11 one 
LOG (lattice-best-path[5.0.62~1-68cee]:main():lattice-best-path.cc:99) For utterance yweweler_1_yweweler_12, best cost 80.5533 + 3401.8 = 3482.35 over 35 frames.
yweweler_1_yweweler_12 one 
LOG (lattice-best-path[5.0.62~1-68cee]:main():lattice-best-path.cc:99) For utterance yweweler_1_yweweler_13, best cost 80.384 + 3167.12 = 3247.5 over 32 frames.
yweweler_1_yweweler_13 one 
LOG (lattice-best-path[5.0.62~1-68cee]:main():lattice-best-path.cc:99) For utterance yweweler_1_yweweler_14, best cost 77.5532 + 2594.03 = 2671.59 over 27 frames.
yweweler_1_yweweler_14 one 
LOG (lattice-best-path[5.0.62~1-68cee]:main():lattice-best-path.cc:99) For utterance yweweler_1_yweweler_15, best cost 89.486 + 4822.27 = 4911.75 over 49 frames.
yweweler_1_yweweler_15 one 
LOG (lattice-best-path[5.0.62~1-68cee]:main():lattice-best-path.cc:99) For utterance yweweler_1_yweweler_16, best cost 80.1418 + 3084.07 = 3164.22 over 33 frames.
yweweler_1_yweweler_16 one 
LOG (lattice-best-path[5.0.62~1-68cee]:main():lattice-best-path.cc:99) For utterance yweweler_1_yweweler_17, best cost 78.0633 + 2632.83 = 2710.89 over 28 frames.
yweweler_1_yweweler_17 one 
LOG (lattice-best-path[5.0.62~1-68cee]:main():lattice-best-path.cc:99) For utterance yweweler_1_yweweler_18, best cost 79.7945 + 3128.74 = 3208.53 over 33 frames.
yweweler_1_yweweler_18 one 
LOG (lattice-best-path[5.0.62~1-68cee]:main():lattice-best-path.cc:99) For utterance yweweler_1_yweweler_19, best cost 81.2038 + 3020.51 = 3101.71 over 33 frames.
yweweler_1_yweweler_19 one 
LOG (lattice-best-path[5.0.62~1-68cee]:main():lattice-best-path.cc:99) For utterance yweweler_1_yweweler_2, best cost 85.5689 + 2989.2 = 3074.77 over 32 frames.
yweweler_1_yweweler_2 one 
LOG (lattice-best-path[5.0.62~1-68cee]:main():lattice-best-path.cc:99) For utterance yweweler_1_yweweler_20, best cost 86.4874 + 3241.22 = 3327.71 over 35 frames.
yweweler_1_yweweler_20 one 
LOG (lattice-best-path[5.0.62~1-68cee]:main():lattice-best-path.cc:99) For utterance yweweler_1_yweweler_21, best cost 79.2096 + 2916.24 = 2995.45 over 31 frames.
yweweler_1_yweweler_21 one 
LOG (lattice-best-path[5.0.62~1-68cee]:main():lattice-best-path.cc:99) For utterance yweweler_1_yweweler_22, best cost 78.6152 + 2718.12 = 2796.74 over 29 frames.
yweweler_1_yweweler_22 one 
LOG (lattice-best-path[5.0.62~1-68cee]:main():lattice-best-path.cc:99) For utterance yweweler_1_yweweler_23, best cost 84.1099 + 2907.34 = 2991.45 over 31 frames.
yweweler_1_yweweler_23 one 
LOG (lattice-best-path[5.0.62~1-68cee]:main():lattice-best-path.cc:99) For utterance yweweler_1_yweweler_24, best cost 78.5576 + 2696.63 = 2775.19 over 29 frames.
yweweler_1_yweweler_24 one 
LOG (lattice-best-path[5.0.62~1-68cee]:main():lattice-best-path.cc:99) For utterance yweweler_1_yweweler_25, best cost 76.4238 + 2311.02 = 2387.44 over 24 frames.
yweweler_1_yweweler_25 one 
LOG (lattice-best-path[5.0.62~1-68cee]:main():lattice-best-path.cc:99) For utterance yweweler_1_yweweler_26, best cost 80.8173 + 3313.31 = 3394.13 over 36 frames.
yweweler_1_yweweler_26 one 
LOG (lattice-best-path[5.0.62~1-68cee]:main():lattice-best-path.cc:99) For utterance yweweler_1_yweweler_27, best cost 77.0936 + 2484.04 = 2561.13 over 26 frames.
yweweler_1_yweweler_27 one 
LOG (lattice-best-path[5.0.62~1-68cee]:main():lattice-best-path.cc:99) For utterance yweweler_1_yweweler_28, best cost 78.4 + 2294.07 = 2372.47 over 26 frames.
yweweler_1_yweweler_28 one 
LOG (lattice-best-path[5.0.62~1-68cee]:main():lattice-best-path.cc:99) For utterance yweweler_1_yweweler_29, best cost 79.5348 + 2843.52 = 2923.06 over 32 frames.
yweweler_1_yweweler_29 one 
LOG (lattice-best-path[5.0.62~1-68cee]:main():lattice-best-path.cc:99) For utterance yweweler_1_yweweler_3, best cost 83.5199 + 2898.67 = 2982.19 over 29 frames.
yweweler_1_yweweler_3 one 
LOG (lattice-best-path[5.0.62~1-68cee]:main():lattice-best-path.cc:99) For utterance yweweler_1_yweweler_30, best cost 79.1353 + 2910.92 = 2990.05 over 32 frames.
yweweler_1_yweweler_30 one 
LOG (lattice-best-path[5.0.62~1-68cee]:main():lattice-best-path.cc:99) For utterance yweweler_1_yweweler_31, best cost 81.6058 + 3374.62 = 3456.23 over 37 frames.
yweweler_1_yweweler_31 one 
LOG (lattice-best-path[5.0.62~1-68cee]:main():lattice-best-path.cc:99) For utterance yweweler_1_yweweler_32, best cost 77.1883 + 2483.72 = 2560.91 over 25 frames.
yweweler_1_yweweler_32 one 
LOG (lattice-best-path[5.0.62~1-68cee]:main():lattice-best-path.cc:99) For utterance yweweler_1_yweweler_33, best cost 86.8515 + 3804.9 = 3891.75 over 41 frames.
yweweler_1_yweweler_33 one 
LOG (lattice-best-path[5.0.62~1-68cee]:main():lattice-best-path.cc:99) For utterance yweweler_1_yweweler_34, best cost 79.1227 + 2781.7 = 2860.83 over 31 frames.
yweweler_1_yweweler_34 one 
LOG (lattice-best-path[5.0.62~1-68cee]:main():lattice-best-path.cc:99) For utterance yweweler_1_yweweler_35, best cost 78.0514 + 2565.41 = 2643.46 over 23 frames.
yweweler_1_yweweler_35 one 
LOG (lattice-best-path[5.0.62~1-68cee]:main():lattice-best-path.cc:99) For utterance yweweler_1_yweweler_36, best cost 84.0298 + 3434.83 = 3518.86 over 33 frames.
yweweler_1_yweweler_36 one 
LOG (lattice-best-path[5.0.62~1-68cee]:main():lattice-best-path.cc:99) For utterance yweweler_1_yweweler_37, best cost 91.1277 + 4579.14 = 4670.27 over 45 frames.
yweweler_1_yweweler_37 one 
LOG (lattice-best-path[5.0.62~1-68cee]:main():lattice-best-path.cc:99) For utterance yweweler_1_yweweler_38, best cost 80.9627 + 3272.86 = 3353.82 over 35 frames.
yweweler_1_yweweler_38 one 
LOG (lattice-best-path[5.0.62~1-68cee]:main():lattice-best-path.cc:99) For utterance yweweler_1_yweweler_39, best cost 80.0379 + 3222.03 = 3302.06 over 31 frames.
yweweler_1_yweweler_39 one 
LOG (lattice-best-path[5.0.62~1-68cee]:main():lattice-best-path.cc:99) For utterance yweweler_1_yweweler_4, best cost 78.206 + 2746.78 = 2824.99 over 28 frames.
yweweler_1_yweweler_4 one 
LOG (lattice-best-path[5.0.62~1-68cee]:main():lattice-best-path.cc:99) For utterance yweweler_1_yweweler_40, best cost 81.811 + 3409.13 = 3490.94 over 34 frames.
yweweler_1_yweweler_40 one 
LOG (lattice-best-path[5.0.62~1-68cee]:main():lattice-best-path.cc:99) For utterance yweweler_1_yweweler_41, best cost 81.1012 + 3907.32 = 3988.43 over 39 frames.
yweweler_1_yweweler_41 one 
LOG (lattice-best-path[5.0.62~1-68cee]:main():lattice-best-path.cc:99) For utterance yweweler_1_yweweler_42, best cost 85.844 + 3494.54 = 3580.39 over 33 frames.
yweweler_1_yweweler_42 one 
LOG (lattice-best-path[5.0.62~1-68cee]:main():lattice-best-path.cc:99) For utterance yweweler_1_yweweler_43, best cost 80.7685 + 3114.59 = 3195.36 over 33 frames.
yweweler_1_yweweler_43 one 
LOG (lattice-best-path[5.0.62~1-68cee]:main():lattice-best-path.cc:99) For utterance yweweler_1_yweweler_44, best cost 77.7748 + 2810.8 = 2888.58 over 29 frames.
yweweler_1_yweweler_44 one 
LOG (lattice-best-path[5.0.62~1-68cee]:main():lattice-best-path.cc:99) For utterance yweweler_1_yweweler_45, best cost 81.9402 + 3163.29 = 3245.23 over 35 frames.
yweweler_1_yweweler_45 one 
LOG (lattice-best-path[5.0.62~1-68cee]:main():lattice-best-path.cc:99) For utterance yweweler_1_yweweler_46, best cost 86.7329 + 3473.26 = 3559.99 over 37 frames.
yweweler_1_yweweler_46 one 
LOG (lattice-best-path[5.0.62~1-68cee]:main():lattice-best-path.cc:99) For utterance yweweler_1_yweweler_47, best cost 80.6054 + 3327.12 = 3407.73 over 33 frames.
yweweler_1_yweweler_47 one 
LOG (lattice-best-path[5.0.62~1-68cee]:main():lattice-best-path.cc:99) For utterance yweweler_1_yweweler_48, best cost 86.7055 + 3799.1 = 3885.81 over 39 frames.
yweweler_1_yweweler_48 one 
LOG (lattice-best-path[5.0.62~1-68cee]:main():lattice-best-path.cc:99) For utterance yweweler_1_yweweler_49, best cost 82.0738 + 3575.14 = 3657.21 over 39 frames.
yweweler_1_yweweler_49 one 
LOG (lattice-best-path[5.0.62~1-68cee]:main():lattice-best-path.cc:99) For utterance yweweler_1_yweweler_5, best cost 80.2318 + 2904.46 = 2984.7 over 31 frames.
yweweler_1_yweweler_5 one 
LOG (lattice-best-path[5.0.62~1-68cee]:main():lattice-best-path.cc:99) For utterance yweweler_1_yweweler_6, best cost 76.9301 + 2448.68 = 2525.61 over 24 frames.
yweweler_1_yweweler_6 one 
LOG (lattice-best-path[5.0.62~1-68cee]:main():lattice-best-path.cc:99) For utterance yweweler_1_yweweler_7, best cost 77.0603 + 2422.31 = 2499.37 over 25 frames.
yweweler_1_yweweler_7 one 
LOG (lattice-best-path[5.0.62~1-68cee]:main():lattice-best-path.cc:99) For utterance yweweler_1_yweweler_8, best cost 78.0704 + 2554.19 = 2632.26 over 24 frames.
yweweler_1_yweweler_8 one 
LOG (lattice-best-path[5.0.62~1-68cee]:main():lattice-best-path.cc:99) For utterance yweweler_1_yweweler_9, best cost 76.6111 + 2429.36 = 2505.97 over 25 frames.
yweweler_1_yweweler_9 one 
LOG (lattice-best-path[5.0.62~1-68cee]:main():lattice-best-path.cc:99) For utterance yweweler_2_yweweler_0, best cost 70.8785 + 2710.87 = 2781.75 over 25 frames.
yweweler_2_yweweler_0 two 
LOG (lattice-best-path[5.0.62~1-68cee]:main():lattice-best-path.cc:99) For utterance yweweler_2_yweweler_1, best cost 83.0234 + 2896.22 = 2979.24 over 28 frames.
yweweler_2_yweweler_1 two 
LOG (lattice-best-path[5.0.62~1-68cee]:main():lattice-best-path.cc:99) For utterance yweweler_2_yweweler_10, best cost 78.3345 + 2563.11 = 2641.44 over 25 frames.
yweweler_2_yweweler_10 two 
LOG (lattice-best-path[5.0.62~1-68cee]:main():lattice-best-path.cc:99) For utterance yweweler_2_yweweler_11, best cost 79.5516 + 2852.83 = 2932.38 over 26 frames.
yweweler_2_yweweler_11 four 
LOG (lattice-best-path[5.0.62~1-68cee]:main():lattice-best-path.cc:99) For utterance yweweler_2_yweweler_12, best cost 70.8711 + 2567.13 = 2638 over 25 frames.
yweweler_2_yweweler_12 two 
LOG (lattice-best-path[5.0.62~1-68cee]:main():lattice-best-path.cc:99) For utterance yweweler_2_yweweler_13, best cost 70.8472 + 2624.98 = 2695.83 over 25 frames.
yweweler_2_yweweler_13 two 
LOG (lattice-best-path[5.0.62~1-68cee]:main():lattice-best-path.cc:99) For utterance yweweler_2_yweweler_14, best cost 77.9534 + 2870.24 = 2948.2 over 29 frames.
yweweler_2_yweweler_14 two 
LOG (lattice-best-path[5.0.62~1-68cee]:main():lattice-best-path.cc:99) For utterance yweweler_2_yweweler_15, best cost 82.5663 + 2733.88 = 2816.45 over 27 frames.
yweweler_2_yweweler_15 two 
LOG (lattice-best-path[5.0.62~1-68cee]:main():lattice-best-path.cc:99) For utterance yweweler_2_yweweler_16, best cost 78.0837 + 2911.17 = 2989.25 over 30 frames.
yweweler_2_yweweler_16 two 
LOG (lattice-best-path[5.0.62~1-68cee]:main():lattice-best-path.cc:99) For utterance yweweler_2_yweweler_17, best cost 82.9255 + 2822.64 = 2905.56 over 28 frames.
yweweler_2_yweweler_17 two 
LOG (lattice-best-path[5.0.62~1-68cee]:main():lattice-best-path.cc:99) For utterance yweweler_2_yweweler_18, best cost 76.7001 + 2753.16 = 2829.86 over 28 frames.
yweweler_2_yweweler_18 two 
LOG (lattice-best-path[5.0.62~1-68cee]:main():lattice-best-path.cc:99) For utterance yweweler_2_yweweler_19, best cost 72.0228 + 2393.93 = 2465.96 over 23 frames.
yweweler_2_yweweler_19 two 
LOG (lattice-best-path[5.0.62~1-68cee]:main():lattice-best-path.cc:99) For utterance yweweler_2_yweweler_2, best cost 72.5945 + 2346.73 = 2419.32 over 22 frames.
yweweler_2_yweweler_2 two 
LOG (lattice-best-path[5.0.62~1-68cee]:main():lattice-best-path.cc:99) For utterance yweweler_2_yweweler_20, best cost 71.5448 + 2681.22 = 2752.77 over 27 frames.
yweweler_2_yweweler_20 two 
LOG (lattice-best-path[5.0.62~1-68cee]:main():lattice-best-path.cc:99) For utterance yweweler_2_yweweler_21, best cost 76.901 + 2924.92 = 3001.82 over 29 frames.
yweweler_2_yweweler_21 two 
LOG (lattice-best-path[5.0.62~1-68cee]:main():lattice-best-path.cc:99) For utterance yweweler_2_yweweler_22, best cost 76.3554 + 2717.39 = 2793.74 over 28 frames.
yweweler_2_yweweler_22 two 
LOG (lattice-best-path[5.0.62~1-68cee]:main():lattice-best-path.cc:99) For utterance yweweler_2_yweweler_23, best cost 77.6352 + 2748.81 = 2826.45 over 28 frames.
yweweler_2_yweweler_23 two 
LOG (lattice-best-path[5.0.62~1-68cee]:main():lattice-best-path.cc:99) For utterance yweweler_2_yweweler_24, best cost 72.2828 + 2778.42 = 2850.7 over 27 frames.
yweweler_2_yweweler_24 two 
LOG (lattice-best-path[5.0.62~1-68cee]:main():lattice-best-path.cc:99) For utterance yweweler_2_yweweler_25, best cost 75.5554 + 2367.64 = 2443.19 over 22 frames.
yweweler_2_yweweler_25 two 
LOG (lattice-best-path[5.0.62~1-68cee]:main():lattice-best-path.cc:99) For utterance yweweler_2_yweweler_26, best cost 78.5442 + 2898.21 = 2976.76 over 30 frames.
yweweler_2_yweweler_26 two 
LOG (lattice-best-path[5.0.62~1-68cee]:main():lattice-best-path.cc:99) For utterance yweweler_2_yweweler_27, best cost 78.4808 + 3177.64 = 3256.12 over 31 frames.
yweweler_2_yweweler_27 two 
LOG (lattice-best-path[5.0.62~1-68cee]:main():lattice-best-path.cc:99) For utterance yweweler_2_yweweler_28, best cost 83.8877 + 3114.67 = 3198.56 over 33 frames.
yweweler_2_yweweler_28 two 
LOG (lattice-best-path[5.0.62~1-68cee]:main():lattice-best-path.cc:99) For utterance yweweler_2_yweweler_29, best cost 73.6495 + 3449.8 = 3523.45 over 33 frames.
yweweler_2_yweweler_29 two 
LOG (lattice-best-path[5.0.62~1-68cee]:main():lattice-best-path.cc:99) For utterance yweweler_2_yweweler_3, best cost 76.5607 + 2709.55 = 2786.12 over 26 frames.
yweweler_2_yweweler_3 two 
LOG (lattice-best-path[5.0.62~1-68cee]:main():lattice-best-path.cc:99) For utterance yweweler_2_yweweler_30, best cost 83.0054 + 2848.57 = 2931.57 over 27 frames.
yweweler_2_yweweler_30 two 
LOG (lattice-best-path[5.0.62~1-68cee]:main():lattice-best-path.cc:99) For utterance yweweler_2_yweweler_31, best cost 83.2045 + 2790.14 = 2873.34 over 26 frames.
yweweler_2_yweweler_31 two 
LOG (lattice-best-path[5.0.62~1-68cee]:main():lattice-best-path.cc:99) For utterance yweweler_2_yweweler_32, best cost 82.4395 + 2981.79 = 3064.23 over 29 frames.
yweweler_2_yweweler_32 two 
LOG (lattice-best-path[5.0.62~1-68cee]:main():lattice-best-path.cc:99) For utterance yweweler_2_yweweler_33, best cost 84.0387 + 2963.03 = 3047.07 over 28 frames.
yweweler_2_yweweler_33 two 
LOG (lattice-best-path[5.0.62~1-68cee]:main():lattice-best-path.cc:99) For utterance yweweler_2_yweweler_34, best cost 78.78 + 3152.14 = 3230.92 over 31 frames.
yweweler_2_yweweler_34 two 
LOG (lattice-best-path[5.0.62~1-68cee]:main():lattice-best-path.cc:99) For utterance yweweler_2_yweweler_35, best cost 79.7673 + 2868.29 = 2948.05 over 26 frames.
yweweler_2_yweweler_35 four 
LOG (lattice-best-path[5.0.62~1-68cee]:main():lattice-best-path.cc:99) For utterance yweweler_2_yweweler_36, best cost 86.4808 + 4243.16 = 4329.65 over 40 frames.
yweweler_2_yweweler_36 two 
LOG (lattice-best-path[5.0.62~1-68cee]:main():lattice-best-path.cc:99) For utterance yweweler_2_yweweler_37, best cost 73.3771 + 3729.13 = 3802.51 over 36 frames.
yweweler_2_yweweler_37 two 
LOG (lattice-best-path[5.0.62~1-68cee]:main():lattice-best-path.cc:99) For utterance yweweler_2_yweweler_38, best cost 84.7454 + 3694.5 = 3779.24 over 37 frames.
yweweler_2_yweweler_38 two 
LOG (lattice-best-path[5.0.62~1-68cee]:main():lattice-best-path.cc:99) For utterance yweweler_2_yweweler_39, best cost 84.8228 + 3414.19 = 3499.01 over 33 frames.
yweweler_2_yweweler_39 two 
LOG (lattice-best-path[5.0.62~1-68cee]:main():lattice-best-path.cc:99) For utterance yweweler_2_yweweler_4, best cost 78.4002 + 2733.93 = 2812.33 over 27 frames.
yweweler_2_yweweler_4 two 
LOG (lattice-best-path[5.0.62~1-68cee]:main():lattice-best-path.cc:99) For utterance yweweler_2_yweweler_40, best cost 72.3034 + 3170.13 = 3242.44 over 32 frames.
yweweler_2_yweweler_40 two 
LOG (lattice-best-path[5.0.62~1-68cee]:main():lattice-best-path.cc:99) For utterance yweweler_2_yweweler_41, best cost 78.1319 + 3048.05 = 3126.18 over 29 frames.
yweweler_2_yweweler_41 two 
LOG (lattice-best-path[5.0.62~1-68cee]:main():lattice-best-path.cc:99) For utterance yweweler_2_yweweler_42, best cost 71.2994 + 2542.24 = 2613.54 over 24 frames.
yweweler_2_yweweler_42 two 
LOG (lattice-best-path[5.0.62~1-68cee]:main():lattice-best-path.cc:99) For utterance yweweler_2_yweweler_43, best cost 71.2043 + 2626.89 = 2698.09 over 26 frames.
yweweler_2_yweweler_43 two 
LOG (lattice-best-path[5.0.62~1-68cee]:main():lattice-best-path.cc:99) For utterance yweweler_2_yweweler_44, best cost 71.3746 + 2798.19 = 2869.56 over 27 frames.
yweweler_2_yweweler_44 two 
LOG (lattice-best-path[5.0.62~1-68cee]:main():lattice-best-path.cc:99) For utterance yweweler_2_yweweler_45, best cost 71.0858 + 2506.1 = 2577.19 over 23 frames.
yweweler_2_yweweler_45 two 
LOG (lattice-best-path[5.0.62~1-68cee]:main():lattice-best-path.cc:99) For utterance yweweler_2_yweweler_46, best cost 77.7887 + 3312.91 = 3390.7 over 31 frames.
yweweler_2_yweweler_46 two 
LOG (lattice-best-path[5.0.62~1-68cee]:main():lattice-best-path.cc:99) For utterance yweweler_2_yweweler_47, best cost 71.2865 + 2285.43 = 2356.72 over 23 frames.
yweweler_2_yweweler_47 two 
LOG (lattice-best-path[5.0.62~1-68cee]:main():lattice-best-path.cc:99) For utterance yweweler_2_yweweler_48, best cost 78.5829 + 3062.47 = 3141.05 over 30 frames.
yweweler_2_yweweler_48 two 
LOG (lattice-best-path[5.0.62~1-68cee]:main():lattice-best-path.cc:99) For utterance yweweler_2_yweweler_49, best cost 76.6448 + 2943.23 = 3019.88 over 28 frames.
yweweler_2_yweweler_49 two 
LOG (lattice-best-path[5.0.62~1-68cee]:main():lattice-best-path.cc:99) For utterance yweweler_2_yweweler_5, best cost 72.4819 + 2883.41 = 2955.89 over 30 frames.
yweweler_2_yweweler_5 two 
LOG (lattice-best-path[5.0.62~1-68cee]:main():lattice-best-path.cc:99) For utterance yweweler_2_yweweler_6, best cost 78.6542 + 2865.98 = 2944.64 over 29 frames.
yweweler_2_yweweler_6 two 
LOG (lattice-best-path[5.0.62~1-68cee]:main():lattice-best-path.cc:99) For utterance yweweler_2_yweweler_7, best cost 79.7039 + 3049.44 = 3129.14 over 31 frames.
yweweler_2_yweweler_7 two 
LOG (lattice-best-path[5.0.62~1-68cee]:main():lattice-best-path.cc:99) For utterance yweweler_2_yweweler_8, best cost 76.953 + 2669.04 = 2746 over 25 frames.
yweweler_2_yweweler_8 two 
LOG (lattice-best-path[5.0.62~1-68cee]:main():lattice-best-path.cc:99) For utterance yweweler_2_yweweler_9, best cost 71.5744 + 2584.07 = 2655.65 over 25 frames.
yweweler_2_yweweler_9 two 
LOG (lattice-best-path[5.0.62~1-68cee]:main():lattice-best-path.cc:99) For utterance yweweler_3_yweweler_0, best cost 81.0554 + 3761.77 = 3842.82 over 37 frames.
yweweler_3_yweweler_0 three 
LOG (lattice-best-path[5.0.62~1-68cee]:main():lattice-best-path.cc:99) For utterance yweweler_3_yweweler_1, best cost 73.4637 + 2947.4 = 3020.87 over 29 frames.
yweweler_3_yweweler_1 three 
LOG (lattice-best-path[5.0.62~1-68cee]:main():lattice-best-path.cc:99) For utterance yweweler_3_yweweler_10, best cost 77.1557 + 3143.92 = 3221.07 over 31 frames.
yweweler_3_yweweler_10 eight 
LOG (lattice-best-path[5.0.62~1-68cee]:main():lattice-best-path.cc:99) For utterance yweweler_3_yweweler_11, best cost 80.8474 + 3779.61 = 3860.46 over 38 frames.
yweweler_3_yweweler_11 three 
LOG (lattice-best-path[5.0.62~1-68cee]:main():lattice-best-path.cc:99) For utterance yweweler_3_yweweler_12, best cost 93.3591 + 3780.15 = 3873.51 over 37 frames.
yweweler_3_yweweler_12 three 
LOG (lattice-best-path[5.0.62~1-68cee]:main():lattice-best-path.cc:99) For utterance yweweler_3_yweweler_13, best cost 80.2007 + 3660.16 = 3740.36 over 36 frames.
yweweler_3_yweweler_13 three 
LOG (lattice-best-path[5.0.62~1-68cee]:main():lattice-best-path.cc:99) For utterance yweweler_3_yweweler_14, best cost 87.9381 + 3011.17 = 3099.11 over 29 frames.
yweweler_3_yweweler_14 three 
LOG (lattice-best-path[5.0.62~1-68cee]:main():lattice-best-path.cc:99) For utterance yweweler_3_yweweler_15, best cost 71.6758 + 2026.63 = 2098.31 over 22 frames.
yweweler_3_yweweler_15 three 
LOG (lattice-best-path[5.0.62~1-68cee]:main():lattice-best-path.cc:99) For utterance yweweler_3_yweweler_16, best cost 79.3778 + 3331.15 = 3410.53 over 33 frames.
yweweler_3_yweweler_16 three 
LOG (lattice-best-path[5.0.62~1-68cee]:main():lattice-best-path.cc:99) For utterance yweweler_3_yweweler_17, best cost 80.2463 + 3615.92 = 3696.17 over 37 frames.
yweweler_3_yweweler_17 three 
LOG (lattice-best-path[5.0.62~1-68cee]:main():lattice-best-path.cc:99) For utterance yweweler_3_yweweler_18, best cost 80.2917 + 3664.19 = 3744.48 over 34 frames.
yweweler_3_yweweler_18 three 
LOG (lattice-best-path[5.0.62~1-68cee]:main():lattice-best-path.cc:99) For utterance yweweler_3_yweweler_19, best cost 80.512 + 3972.99 = 4053.51 over 38 frames.
yweweler_3_yweweler_19 three 
LOG (lattice-best-path[5.0.62~1-68cee]:main():lattice-best-path.cc:99) For utterance yweweler_3_yweweler_2, best cost 71.7971 + 2172.39 = 2244.19 over 23 frames.
yweweler_3_yweweler_2 three 
LOG (lattice-best-path[5.0.62~1-68cee]:main():lattice-best-path.cc:99) For utterance yweweler_3_yweweler_20, best cost 75.5413 + 2623.97 = 2699.51 over 26 frames.
yweweler_3_yweweler_20 three 
LOG (lattice-best-path[5.0.62~1-68cee]:main():lattice-best-path.cc:99) For utterance yweweler_3_yweweler_21, best cost 85.5598 + 4220.33 = 4305.89 over 40 frames.
yweweler_3_yweweler_21 three 
LOG (lattice-best-path[5.0.62~1-68cee]:main():lattice-best-path.cc:99) For utterance yweweler_3_yweweler_22, best cost 76.413 + 2545.57 = 2621.98 over 26 frames.
yweweler_3_yweweler_22 three 
LOG (lattice-best-path[5.0.62~1-68cee]:main():lattice-best-path.cc:99) For utterance yweweler_3_yweweler_23, best cost 77.565 + 3184.73 = 3262.3 over 32 frames.
yweweler_3_yweweler_23 three 
LOG (lattice-best-path[5.0.62~1-68cee]:main():lattice-best-path.cc:99) For utterance yweweler_3_yweweler_24, best cost 79.2997 + 2548.72 = 2628.02 over 26 frames.
yweweler_3_yweweler_24 three 
LOG (lattice-best-path[5.0.62~1-68cee]:main():lattice-best-path.cc:99) For utterance yweweler_3_yweweler_25, best cost 77.5423 + 3055.35 = 3132.89 over 29 frames.
yweweler_3_yweweler_25 eight 
LOG (lattice-best-path[5.0.62~1-68cee]:main():lattice-best-path.cc:99) For utterance yweweler_3_yweweler_26, best cost 82.2243 + 3217.6 = 3299.83 over 31 frames.
yweweler_3_yweweler_26 three 
LOG (lattice-best-path[5.0.62~1-68cee]:main():lattice-best-path.cc:99) For utterance yweweler_3_yweweler_27, best cost 78.8202 + 2855.75 = 2934.57 over 27 frames.
yweweler_3_yweweler_27 three 
LOG (lattice-best-path[5.0.62~1-68cee]:main():lattice-best-path.cc:99) For utterance yweweler_3_yweweler_28, best cost 72.0098 + 2587.72 = 2659.73 over 26 frames.
yweweler_3_yweweler_28 three 
LOG (lattice-best-path[5.0.62~1-68cee]:main():lattice-best-path.cc:99) For utterance yweweler_3_yweweler_29, best cost 76.2545 + 2500.08 = 2576.33 over 26 frames.
yweweler_3_yweweler_29 eight 
LOG (lattice-best-path[5.0.62~1-68cee]:main():lattice-best-path.cc:99) For utterance yweweler_3_yweweler_3, best cost 79.8978 + 3802.48 = 3882.38 over 38 frames.
yweweler_3_yweweler_3 eight 
LOG (lattice-best-path[5.0.62~1-68cee]:main():lattice-best-path.cc:99) For utterance yweweler_3_yweweler_30, best cost 78.3566 + 4087.28 = 4165.63 over 39 frames.
yweweler_3_yweweler_30 eight 
LOG (lattice-best-path[5.0.62~1-68cee]:main():lattice-best-path.cc:99) For utterance yweweler_3_yweweler_31, best cost 71.7426 + 1858.97 = 1930.71 over 19 frames.
yweweler_3_yweweler_31 three 
LOG (lattice-best-path[5.0.62~1-68cee]:main():lattice-best-path.cc:99) For utterance yweweler_3_yweweler_32, best cost 77.213 + 2508.97 = 2586.18 over 26 frames.
yweweler_3_yweweler_32 three 
LOG (lattice-best-path[5.0.62~1-68cee]:main():lattice-best-path.cc:99) For utterance yweweler_3_yweweler_33, best cost 80.199 + 3312.2 = 3392.4 over 32 frames.
yweweler_3_yweweler_33 three 
LOG (lattice-best-path[5.0.62~1-68cee]:main():lattice-best-path.cc:99) For utterance yweweler_3_yweweler_34, best cost 83.7567 + 3886.47 = 3970.23 over 37 frames.
yweweler_3_yweweler_34 three 
LOG (lattice-best-path[5.0.62~1-68cee]:main():lattice-best-path.cc:99) For utterance yweweler_3_yweweler_35, best cost 87.9249 + 3272.82 = 3360.74 over 33 frames.
yweweler_3_yweweler_35 three 
LOG (lattice-best-path[5.0.62~1-68cee]:main():lattice-best-path.cc:99) For utterance yweweler_3_yweweler_36, best cost 79.2424 + 2617.12 = 2696.36 over 26 frames.
yweweler_3_yweweler_36 three 
LOG (lattice-best-path[5.0.62~1-68cee]:main():lattice-best-path.cc:99) For utterance yweweler_3_yweweler_37, best cost 81.7942 + 3818.63 = 3900.42 over 39 frames.
yweweler_3_yweweler_37 three 
LOG (lattice-best-path[5.0.62~1-68cee]:main():lattice-best-path.cc:99) For utterance yweweler_3_yweweler_38, best cost 76.9663 + 2861 = 2937.97 over 26 frames.
yweweler_3_yweweler_38 eight 
LOG (lattice-best-path[5.0.62~1-68cee]:main():lattice-best-path.cc:99) For utterance yweweler_3_yweweler_39, best cost 80.2226 + 2934.19 = 3014.42 over 27 frames.
yweweler_3_yweweler_39 eight 
LOG (lattice-best-path[5.0.62~1-68cee]:main():lattice-best-path.cc:99) For utterance yweweler_3_yweweler_4, best cost 81.1409 + 3950.73 = 4031.87 over 38 frames.
yweweler_3_yweweler_4 three 
LOG (lattice-best-path[5.0.62~1-68cee]:main():lattice-best-path.cc:99) For utterance yweweler_3_yweweler_40, best cost 87.9178 + 6307.29 = 6395.21 over 60 frames.
yweweler_3_yweweler_40 three 
LOG (lattice-best-path[5.0.62~1-68cee]:main():lattice-best-path.cc:99) For utterance yweweler_3_yweweler_41, best cost 74.2855 + 2124.78 = 2199.06 over 22 frames.
yweweler_3_yweweler_41 three 
LOG (lattice-best-path[5.0.62~1-68cee]:main():lattice-best-path.cc:99) For utterance yweweler_3_yweweler_42, best cost 81.9211 + 2737.88 = 2819.8 over 28 frames.
yweweler_3_yweweler_42 three 
LOG (lattice-best-path[5.0.62~1-68cee]:main():lattice-best-path.cc:99) For utterance yweweler_3_yweweler_43, best cost 79.2354 + 3115.46 = 3194.69 over 32 frames.
yweweler_3_yweweler_43 three 
LOG (lattice-best-path[5.0.62~1-68cee]:main():lattice-best-path.cc:99) For utterance yweweler_3_yweweler_44, best cost 78.613 + 2234.86 = 2313.48 over 24 frames.
yweweler_3_yweweler_44 three 
LOG (lattice-best-path[5.0.62~1-68cee]:main():lattice-best-path.cc:99) For utterance yweweler_3_yweweler_45, best cost 80.6346 + 3396.16 = 3476.79 over 32 frames.
yweweler_3_yweweler_45 three 
LOG (lattice-best-path[5.0.62~1-68cee]:main():lattice-best-path.cc:99) For utterance yweweler_3_yweweler_46, best cost 71.8907 + 2266.13 = 2338.02 over 24 frames.
yweweler_3_yweweler_46 three 
LOG (lattice-best-path[5.0.62~1-68cee]:main():lattice-best-path.cc:99) For utterance yweweler_3_yweweler_47, best cost 83.5024 + 3035.63 = 3119.13 over 31 frames.
yweweler_3_yweweler_47 three 
LOG (lattice-best-path[5.0.62~1-68cee]:main():lattice-best-path.cc:99) For utterance yweweler_3_yweweler_48, best cost 88.2892 + 2745.21 = 2833.5 over 29 frames.
yweweler_3_yweweler_48 three 
LOG (lattice-best-path[5.0.62~1-68cee]:main():lattice-best-path.cc:99) For utterance yweweler_3_yweweler_49, best cost 78.7889 + 2345 = 2423.79 over 24 frames.
yweweler_3_yweweler_49 three 
LOG (lattice-best-path[5.0.62~1-68cee]:main():lattice-best-path.cc:99) For utterance yweweler_3_yweweler_5, best cost 73.5284 + 2954.74 = 3028.27 over 29 frames.
yweweler_3_yweweler_5 three 
LOG (lattice-best-path[5.0.62~1-68cee]:main():lattice-best-path.cc:99) For utterance yweweler_3_yweweler_6, best cost 83.2286 + 3703.3 = 3786.52 over 35 frames.
yweweler_3_yweweler_6 three 
LOG (lattice-best-path[5.0.62~1-68cee]:main():lattice-best-path.cc:99) For utterance yweweler_3_yweweler_7, best cost 75.2114 + 2134.64 = 2209.85 over 22 frames.
yweweler_3_yweweler_7 three 
LOG (lattice-best-path[5.0.62~1-68cee]:main():lattice-best-path.cc:99) For utterance yweweler_3_yweweler_8, best cost 77.931 + 2532.11 = 2610.04 over 24 frames.
yweweler_3_yweweler_8 three 
LOG (lattice-best-path[5.0.62~1-68cee]:main():lattice-best-path.cc:99) For utterance yweweler_3_yweweler_9, best cost 81.6504 + 2892.21 = 2973.86 over 28 frames.
yweweler_3_yweweler_9 three 
LOG (lattice-best-path[5.0.62~1-68cee]:main():lattice-best-path.cc:99) For utterance yweweler_4_yweweler_0, best cost 88.2099 + 3770.66 = 3858.87 over 39 frames.
yweweler_4_yweweler_0 four 
LOG (lattice-best-path[5.0.62~1-68cee]:main():lattice-best-path.cc:99) For utterance yweweler_4_yweweler_1, best cost 87.3553 + 3595.01 = 3682.37 over 37 frames.
yweweler_4_yweweler_1 four 
LOG (lattice-best-path[5.0.62~1-68cee]:main():lattice-best-path.cc:99) For utterance yweweler_4_yweweler_10, best cost 86.4844 + 3413.21 = 3499.69 over 34 frames.
yweweler_4_yweweler_10 four 
LOG (lattice-best-path[5.0.62~1-68cee]:main():lattice-best-path.cc:99) For utterance yweweler_4_yweweler_11, best cost 80.8641 + 3313.92 = 3394.79 over 32 frames.
yweweler_4_yweweler_11 four 
LOG (lattice-best-path[5.0.62~1-68cee]:main():lattice-best-path.cc:99) For utterance yweweler_4_yweweler_12, best cost 89.0594 + 4161.25 = 4250.31 over 40 frames.
yweweler_4_yweweler_12 four 
LOG (lattice-best-path[5.0.62~1-68cee]:main():lattice-best-path.cc:99) For utterance yweweler_4_yweweler_13, best cost 86.6608 + 3111.59 = 3198.25 over 31 frames.
yweweler_4_yweweler_13 four 
LOG (lattice-best-path[5.0.62~1-68cee]:main():lattice-best-path.cc:99) For utterance yweweler_4_yweweler_14, best cost 79.5642 + 2324.86 = 2404.42 over 25 frames.
yweweler_4_yweweler_14 four 
LOG (lattice-best-path[5.0.62~1-68cee]:main():lattice-best-path.cc:99) For utterance yweweler_4_yweweler_15, best cost 87.5292 + 3395.98 = 3483.51 over 33 frames.
yweweler_4_yweweler_15 four 
LOG (lattice-best-path[5.0.62~1-68cee]:main():lattice-best-path.cc:99) For utterance yweweler_4_yweweler_16, best cost 79.0715 + 2317.72 = 2396.79 over 25 frames.
yweweler_4_yweweler_16 four 
LOG (lattice-best-path[5.0.62~1-68cee]:main():lattice-best-path.cc:99) For utterance yweweler_4_yweweler_17, best cost 86.4985 + 3129.19 = 3215.68 over 32 frames.
yweweler_4_yweweler_17 four 
LOG (lattice-best-path[5.0.62~1-68cee]:main():lattice-best-path.cc:99) For utterance yweweler_4_yweweler_18, best cost 80.9527 + 2666.91 = 2747.86 over 29 frames.
yweweler_4_yweweler_18 four 
LOG (lattice-best-path[5.0.62~1-68cee]:main():lattice-best-path.cc:99) For utterance yweweler_4_yweweler_19, best cost 79.7236 + 2587.27 = 2666.99 over 29 frames.
yweweler_4_yweweler_19 four 
LOG (lattice-best-path[5.0.62~1-68cee]:main():lattice-best-path.cc:99) For utterance yweweler_4_yweweler_2, best cost 84.2716 + 3107.41 = 3191.68 over 31 frames.
yweweler_4_yweweler_2 four 
LOG (lattice-best-path[5.0.62~1-68cee]:main():lattice-best-path.cc:99) For utterance yweweler_4_yweweler_20, best cost 80.0069 + 2927.85 = 3007.85 over 30 frames.
yweweler_4_yweweler_20 four 
LOG (lattice-best-path[5.0.62~1-68cee]:main():lattice-best-path.cc:99) For utterance yweweler_4_yweweler_21, best cost 82.4394 + 3251.03 = 3333.47 over 32 frames.
yweweler_4_yweweler_21 four 
LOG (lattice-best-path[5.0.62~1-68cee]:main():lattice-best-path.cc:99) For utterance yweweler_4_yweweler_22, best cost 74.594 + 2360.78 = 2435.37 over 25 frames.
yweweler_4_yweweler_22 four 
LOG (lattice-best-path[5.0.62~1-68cee]:main():lattice-best-path.cc:99) For utterance yweweler_4_yweweler_23, best cost 89.2554 + 4069.66 = 4158.91 over 41 frames.
yweweler_4_yweweler_23 four 
LOG (lattice-best-path[5.0.62~1-68cee]:main():lattice-best-path.cc:99) For utterance yweweler_4_yweweler_24, best cost 80.8574 + 3068.83 = 3149.69 over 32 frames.
yweweler_4_yweweler_24 four 
LOG (lattice-best-path[5.0.62~1-68cee]:main():lattice-best-path.cc:99) For utterance yweweler_4_yweweler_25, best cost 85.5602 + 3185.32 = 3270.88 over 32 frames.
yweweler_4_yweweler_25 four 
LOG (lattice-best-path[5.0.62~1-68cee]:main():lattice-best-path.cc:99) For utterance yweweler_4_yweweler_26, best cost 93.5843 + 3476.28 = 3569.87 over 31 frames.
yweweler_4_yweweler_26 four 
LOG (lattice-best-path[5.0.62~1-68cee]:main():lattice-best-path.cc:99) For utterance yweweler_4_yweweler_27, best cost 89.2033 + 3960.74 = 4049.95 over 39 frames.
yweweler_4_yweweler_27 four 
LOG (lattice-best-path[5.0.62~1-68cee]:main():lattice-best-path.cc:99) For utterance yweweler_4_yweweler_28, best cost 78.7505 + 2327.03 = 2405.78 over 25 frames.
yweweler_4_yweweler_28 four 
LOG (lattice-best-path[5.0.62~1-68cee]:main():lattice-best-path.cc:99) For utterance yweweler_4_yweweler_29, best cost 87.3649 + 3271.68 = 3359.05 over 34 frames.
yweweler_4_yweweler_29 four 
LOG (lattice-best-path[5.0.62~1-68cee]:main():lattice-best-path.cc:99) For utterance yweweler_4_yweweler_3, best cost 77.6332 + 2239.98 = 2317.61 over 25 frames.
yweweler_4_yweweler_3 four 
LOG (lattice-best-path[5.0.62~1-68cee]:main():lattice-best-path.cc:99) For utterance yweweler_4_yweweler_30, best cost 88.6092 + 3521.77 = 3610.38 over 37 frames.
yweweler_4_yweweler_30 four 
LOG (lattice-best-path[5.0.62~1-68cee]:main():lattice-best-path.cc:99) For utterance yweweler_4_yweweler_31, best cost 88.7303 + 3891.76 = 3980.49 over 37 frames.
yweweler_4_yweweler_31 four 
LOG (lattice-best-path[5.0.62~1-68cee]:main():lattice-best-path.cc:99) For utterance yweweler_4_yweweler_32, best cost 83.1907 + 4096.11 = 4179.3 over 41 frames.
yweweler_4_yweweler_32 four 
LOG (lattice-best-path[5.0.62~1-68cee]:main():lattice-best-path.cc:99) For utterance yweweler_4_yweweler_33, best cost 76.0312 + 2876.15 = 2952.18 over 26 frames.
yweweler_4_yweweler_33 four 
LOG (lattice-best-path[5.0.62~1-68cee]:main():lattice-best-path.cc:99) For utterance yweweler_4_yweweler_34, best cost 86.3352 + 3831.18 = 3917.51 over 36 frames.
yweweler_4_yweweler_34 four 
LOG (lattice-best-path[5.0.62~1-68cee]:main():lattice-best-path.cc:99) For utterance yweweler_4_yweweler_35, best cost 91.0526 + 4694.79 = 4785.84 over 46 frames.
yweweler_4_yweweler_35 four 
LOG (lattice-best-path[5.0.62~1-68cee]:main():lattice-best-path.cc:99) For utterance yweweler_4_yweweler_36, best cost 85.2257 + 3235.1 = 3320.33 over 32 frames.
yweweler_4_yweweler_36 four 
LOG (lattice-best-path[5.0.62~1-68cee]:main():lattice-best-path.cc:99) For utterance yweweler_4_yweweler_37, best cost 93.9979 + 6090.07 = 6184.07 over 59 frames.
yweweler_4_yweweler_37 four 
LOG (lattice-best-path[5.0.62~1-68cee]:main():lattice-best-path.cc:99) For utterance yweweler_4_yweweler_38, best cost 86.5145 + 3728.57 = 3815.08 over 36 frames.
yweweler_4_yweweler_38 four 
LOG (lattice-best-path[5.0.62~1-68cee]:main():lattice-best-path.cc:99) For utterance yweweler_4_yweweler_39, best cost 93.4453 + 5174.98 = 5268.42 over 50 frames.
yweweler_4_yweweler_39 four 
LOG (lattice-best-path[5.0.62~1-68cee]:main():lattice-best-path.cc:99) For utterance yweweler_4_yweweler_4, best cost 82.5633 + 3090.47 = 3173.04 over 33 frames.
yweweler_4_yweweler_4 four 
LOG (lattice-best-path[5.0.62~1-68cee]:main():lattice-best-path.cc:99) For utterance yweweler_4_yweweler_40, best cost 89.9663 + 3922.04 = 4012.01 over 39 frames.
yweweler_4_yweweler_40 four 
LOG (lattice-best-path[5.0.62~1-68cee]:main():lattice-best-path.cc:99) For utterance yweweler_4_yweweler_41, best cost 84.1885 + 3139.63 = 3223.82 over 33 frames.
yweweler_4_yweweler_41 four 
LOG (lattice-best-path[5.0.62~1-68cee]:main():lattice-best-path.cc:99) For utterance yweweler_4_yweweler_42, best cost 83.3333 + 2917.87 = 3001.2 over 28 frames.
yweweler_4_yweweler_42 four 
LOG (lattice-best-path[5.0.62~1-68cee]:main():lattice-best-path.cc:99) For utterance yweweler_4_yweweler_43, best cost 79.3833 + 2530.5 = 2609.89 over 28 frames.
yweweler_4_yweweler_43 four 
LOG (lattice-best-path[5.0.62~1-68cee]:main():lattice-best-path.cc:99) For utterance yweweler_4_yweweler_44, best cost 88.4074 + 3373.78 = 3462.19 over 34 frames.
yweweler_4_yweweler_44 four 
LOG (lattice-best-path[5.0.62~1-68cee]:main():lattice-best-path.cc:99) For utterance yweweler_4_yweweler_45, best cost 85.0549 + 3045.63 = 3130.69 over 28 frames.
yweweler_4_yweweler_45 four 
LOG (lattice-best-path[5.0.62~1-68cee]:main():lattice-best-path.cc:99) For utterance yweweler_4_yweweler_46, best cost 80.5084 + 2713.44 = 2793.95 over 27 frames.
yweweler_4_yweweler_46 four 
LOG (lattice-best-path[5.0.62~1-68cee]:main():lattice-best-path.cc:99) For utterance yweweler_4_yweweler_47, best cost 87.9421 + 3395.78 = 3483.72 over 34 frames.
yweweler_4_yweweler_47 four 
LOG (lattice-best-path[5.0.62~1-68cee]:main():lattice-best-path.cc:99) For utterance yweweler_4_yweweler_48, best cost 73.1846 + 2450.11 = 2523.3 over 25 frames.
yweweler_4_yweweler_48 four 
LOG (lattice-best-path[5.0.62~1-68cee]:main():lattice-best-path.cc:99) For utterance yweweler_4_yweweler_49, best cost 83.1024 + 3308.89 = 3391.99 over 33 frames.
yweweler_4_yweweler_49 four 
LOG (lattice-best-path[5.0.62~1-68cee]:main():lattice-best-path.cc:99) For utterance yweweler_4_yweweler_5, best cost 82.1963 + 3240.68 = 3322.88 over 31 frames.
yweweler_4_yweweler_5 four 
LOG (lattice-best-path[5.0.62~1-68cee]:main():lattice-best-path.cc:99) For utterance yweweler_4_yweweler_6, best cost 80.7928 + 3188.74 = 3269.54 over 29 frames.
yweweler_4_yweweler_6 four 
LOG (lattice-best-path[5.0.62~1-68cee]:main():lattice-best-path.cc:99) For utterance yweweler_4_yweweler_7, best cost 74.3251 + 2504.34 = 2578.67 over 25 frames.
yweweler_4_yweweler_7 four 
LOG (lattice-best-path[5.0.62~1-68cee]:main():lattice-best-path.cc:99) For utterance yweweler_4_yweweler_8, best cost 72.7045 + 1788.33 = 1861.04 over 15 frames.
yweweler_4_yweweler_8 four 
LOG (lattice-best-path[5.0.62~1-68cee]:main():lattice-best-path.cc:99) For utterance yweweler_4_yweweler_9, best cost 81.0424 + 3393.37 = 3474.41 over 32 frames.
yweweler_4_yweweler_9 four 
LOG (lattice-best-path[5.0.62~1-68cee]:main():lattice-best-path.cc:99) For utterance yweweler_5_yweweler_0, best cost 77.5825 + 2483.84 = 2561.42 over 28 frames.
yweweler_5_yweweler_0 five 
LOG (lattice-best-path[5.0.62~1-68cee]:main():lattice-best-path.cc:99) For utterance yweweler_5_yweweler_1, best cost 86.4732 + 3738.75 = 3825.23 over 40 frames.
yweweler_5_yweweler_1 five 
LOG (lattice-best-path[5.0.62~1-68cee]:main():lattice-best-path.cc:99) For utterance yweweler_5_yweweler_10, best cost 90.3403 + 4472.21 = 4562.55 over 49 frames.
yweweler_5_yweweler_10 five 
LOG (lattice-best-path[5.0.62~1-68cee]:main():lattice-best-path.cc:99) For utterance yweweler_5_yweweler_11, best cost 94.0752 + 4730.4 = 4824.47 over 49 frames.
yweweler_5_yweweler_11 five 
LOG (lattice-best-path[5.0.62~1-68cee]:main():lattice-best-path.cc:99) For utterance yweweler_5_yweweler_12, best cost 87.4812 + 4136.3 = 4223.78 over 42 frames.
yweweler_5_yweweler_12 five 
LOG (lattice-best-path[5.0.62~1-68cee]:main():lattice-best-path.cc:99) For utterance yweweler_5_yweweler_13, best cost 85.5631 + 3510.35 = 3595.91 over 37 frames.
yweweler_5_yweweler_13 five 
LOG (lattice-best-path[5.0.62~1-68cee]:main():lattice-best-path.cc:99) For utterance yweweler_5_yweweler_14, best cost 88.8942 + 4380.27 = 4469.17 over 47 frames.
yweweler_5_yweweler_14 five 
LOG (lattice-best-path[5.0.62~1-68cee]:main():lattice-best-path.cc:99) For utterance yweweler_5_yweweler_15, best cost 94.261 + 4421.56 = 4515.82 over 48 frames.
yweweler_5_yweweler_15 five 
LOG (lattice-best-path[5.0.62~1-68cee]:main():lattice-best-path.cc:99) For utterance yweweler_5_yweweler_16, best cost 89.1743 + 4836.57 = 4925.74 over 48 frames.
yweweler_5_yweweler_16 five 
LOG (lattice-best-path[5.0.62~1-68cee]:main():lattice-best-path.cc:99) For utterance yweweler_5_yweweler_17, best cost 76.4561 + 2240.63 = 2317.09 over 26 frames.
yweweler_5_yweweler_17 five 
LOG (lattice-best-path[5.0.62~1-68cee]:main():lattice-best-path.cc:99) For utterance yweweler_5_yweweler_18, best cost 77.2435 + 2531.9 = 2609.15 over 27 frames.
yweweler_5_yweweler_18 five 
LOG (lattice-best-path[5.0.62~1-68cee]:main():lattice-best-path.cc:99) For utterance yweweler_5_yweweler_19, best cost 91.1809 + 3380.69 = 3471.87 over 38 frames.
yweweler_5_yweweler_19 five 
LOG (lattice-best-path[5.0.62~1-68cee]:main():lattice-best-path.cc:99) For utterance yweweler_5_yweweler_2, best cost 85.7885 + 3396.59 = 3482.38 over 37 frames.
yweweler_5_yweweler_2 five 
LOG (lattice-best-path[5.0.62~1-68cee]:main():lattice-best-path.cc:99) For utterance yweweler_5_yweweler_20, best cost 87.2419 + 4109.95 = 4197.19 over 43 frames.
yweweler_5_yweweler_20 five 
LOG (lattice-best-path[5.0.62~1-68cee]:main():lattice-best-path.cc:99) For utterance yweweler_5_yweweler_21, best cost 95.1049 + 4788.55 = 4883.65 over 50 frames.
yweweler_5_yweweler_21 five 
LOG (lattice-best-path[5.0.62~1-68cee]:main():lattice-best-path.cc:99) For utterance yweweler_5_yweweler_22, best cost 90.5224 + 4747.52 = 4838.04 over 50 frames.
yweweler_5_yweweler_22 five 
LOG (lattice-best-path[5.0.62~1-68cee]:main():lattice-best-path.cc:99) For utterance yweweler_5_yweweler_23, best cost 87.0798 + 3969.87 = 4056.95 over 44 frames.
yweweler_5_yweweler_23 five 
LOG (lattice-best-path[5.0.62~1-68cee]:main():lattice-best-path.cc:99) For utterance yweweler_5_yweweler_24, best cost 86.1225 + 3517.6 = 3603.72 over 39 frames.
yweweler_5_yweweler_24 five 
LOG (lattice-best-path[5.0.62~1-68cee]:main():lattice-best-path.cc:99) For utterance yweweler_5_yweweler_25, best cost 90.4887 + 4606.25 = 4696.74 over 51 frames.
yweweler_5_yweweler_25 five 
LOG (lattice-best-path[5.0.62~1-68cee]:main():lattice-best-path.cc:99) For utterance yweweler_5_yweweler_26, best cost 87.4099 + 3847.43 = 3934.84 over 39 frames.
yweweler_5_yweweler_26 five 
LOG (lattice-best-path[5.0.62~1-68cee]:main():lattice-best-path.cc:99) For utterance yweweler_5_yweweler_27, best cost 87.4743 + 4149.4 = 4236.88 over 43 frames.
yweweler_5_yweweler_27 five 
LOG (lattice-best-path[5.0.62~1-68cee]:main():lattice-best-path.cc:99) For utterance yweweler_5_yweweler_28, best cost 94.1066 + 4792.73 = 4886.83 over 48 frames.
yweweler_5_yweweler_28 five 
LOG (lattice-best-path[5.0.62~1-68cee]:main():lattice-best-path.cc:99) For utterance yweweler_5_yweweler_29, best cost 93.6384 + 4404.3 = 4497.94 over 46 frames.
yweweler_5_yweweler_29 five 
LOG (lattice-best-path[5.0.62~1-68cee]:main():lattice-best-path.cc:99) For utterance yweweler_5_yweweler_3, best cost 86.8667 + 3694.6 = 3781.47 over 40 frames.
yweweler_5_yweweler_3 five 
LOG (lattice-best-path[5.0.62~1-68cee]:main():lattice-best-path.cc:99) For utterance yweweler_5_yweweler_30, best cost 86.8222 + 3705.39 = 3792.21 over 40 frames.
yweweler_5_yweweler_30 five 
LOG (lattice-best-path[5.0.62~1-68cee]:main():lattice-best-path.cc:99) For utterance yweweler_5_yweweler_31, best cost 95.4274 + 4754.41 = 4849.83 over 48 frames.
yweweler_5_yweweler_31 five 
LOG (lattice-best-path[5.0.62~1-68cee]:main():lattice-best-path.cc:99) For utterance yweweler_5_yweweler_32, best cost 93.918 + 5544.09 = 5638.01 over 56 frames.
yweweler_5_yweweler_32 five 
LOG (lattice-best-path[5.0.62~1-68cee]:main():lattice-best-path.cc:99) For utterance yweweler_5_yweweler_33, best cost 87.4019 + 3639.43 = 3726.83 over 40 frames.
yweweler_5_yweweler_33 five 
LOG (lattice-best-path[5.0.62~1-68cee]:main():lattice-best-path.cc:99) For utterance yweweler_5_yweweler_34, best cost 100.308 + 6021.87 = 6122.17 over 62 frames.
yweweler_5_yweweler_34 five 
LOG (lattice-best-path[5.0.62~1-68cee]:main():lattice-best-path.cc:99) For utterance yweweler_5_yweweler_35, best cost 93.1682 + 4060.88 = 4154.04 over 44 frames.
yweweler_5_yweweler_35 five 
LOG (lattice-best-path[5.0.62~1-68cee]:main():lattice-best-path.cc:99) For utterance yweweler_5_yweweler_36, best cost 88.7664 + 4147.41 = 4236.17 over 45 frames.
yweweler_5_yweweler_36 five 
LOG (lattice-best-path[5.0.62~1-68cee]:main():lattice-best-path.cc:99) For utterance yweweler_5_yweweler_37, best cost 89.8302 + 4406.87 = 4496.7 over 48 frames.
yweweler_5_yweweler_37 five 
LOG (lattice-best-path[5.0.62~1-68cee]:main():lattice-best-path.cc:99) For utterance yweweler_5_yweweler_38, best cost 96.6555 + 5188.69 = 5285.35 over 54 frames.
yweweler_5_yweweler_38 five 
LOG (lattice-best-path[5.0.62~1-68cee]:main():lattice-best-path.cc:99) For utterance yweweler_5_yweweler_39, best cost 85.5731 + 3887.37 = 3972.95 over 41 frames.
yweweler_5_yweweler_39 five 
LOG (lattice-best-path[5.0.62~1-68cee]:main():lattice-best-path.cc:99) For utterance yweweler_5_yweweler_4, best cost 89.8965 + 4252.32 = 4342.21 over 48 frames.
yweweler_5_yweweler_4 five 
LOG (lattice-best-path[5.0.62~1-68cee]:main():lattice-best-path.cc:99) For utterance yweweler_5_yweweler_40, best cost 100.462 + 5839.24 = 5939.7 over 66 frames.
yweweler_5_yweweler_40 five 
LOG (lattice-best-path[5.0.62~1-68cee]:main():lattice-best-path.cc:99) For utterance yweweler_5_yweweler_41, best cost 88.5083 + 4082.07 = 4170.57 over 48 frames.
yweweler_5_yweweler_41 five 
LOG (lattice-best-path[5.0.62~1-68cee]:main():lattice-best-path.cc:99) For utterance yweweler_5_yweweler_42, best cost 93.8856 + 4640.33 = 4734.22 over 45 frames.
yweweler_5_yweweler_42 five 
LOG (lattice-best-path[5.0.62~1-68cee]:main():lattice-best-path.cc:99) For utterance yweweler_5_yweweler_43, best cost 93.1148 + 4243.67 = 4336.78 over 45 frames.
yweweler_5_yweweler_43 five 
LOG (lattice-best-path[5.0.62~1-68cee]:main():lattice-best-path.cc:99) For utterance yweweler_5_yweweler_44, best cost 86.9837 + 4346.76 = 4433.75 over 44 frames.
yweweler_5_yweweler_44 five 
LOG (lattice-best-path[5.0.62~1-68cee]:main():lattice-best-path.cc:99) For utterance yweweler_5_yweweler_45, best cost 84.8687 + 3193.42 = 3278.29 over 35 frames.
yweweler_5_yweweler_45 five 
LOG (lattice-best-path[5.0.62~1-68cee]:main():lattice-best-path.cc:99) For utterance yweweler_5_yweweler_46, best cost 88.9454 + 4477.17 = 4566.12 over 49 frames.
yweweler_5_yweweler_46 five 
LOG (lattice-best-path[5.0.62~1-68cee]:main():lattice-best-path.cc:99) For utterance yweweler_5_yweweler_47, best cost 88.3441 + 4287.48 = 4375.82 over 46 frames.
yweweler_5_yweweler_47 five 
LOG (lattice-best-path[5.0.62~1-68cee]:main():lattice-best-path.cc:99) For utterance yweweler_5_yweweler_48, best cost 94.6216 + 4584.86 = 4679.48 over 48 frames.
yweweler_5_yweweler_48 five 
LOG (lattice-best-path[5.0.62~1-68cee]:main():lattice-best-path.cc:99) For utterance yweweler_5_yweweler_49, best cost 89.5363 + 4420.62 = 4510.15 over 45 frames.
yweweler_5_yweweler_49 five 
LOG (lattice-best-path[5.0.62~1-68cee]:main():lattice-best-path.cc:99) For utterance yweweler_5_yweweler_5, best cost 84.309 + 3332.02 = 3416.33 over 36 frames.
yweweler_5_yweweler_5 five 
LOG (lattice-best-path[5.0.62~1-68cee]:main():lattice-best-path.cc:99) For utterance yweweler_5_yweweler_6, best cost 77.1658 + 2994.09 = 3071.25 over 31 frames.
yweweler_5_yweweler_6 five 
LOG (lattice-best-path[5.0.62~1-68cee]:main():lattice-best-path.cc:99) For utterance yweweler_5_yweweler_7, best cost 88.4615 + 4076.2 = 4164.66 over 44 frames.
yweweler_5_yweweler_7 five 
LOG (lattice-best-path[5.0.62~1-68cee]:main():lattice-best-path.cc:99) For utterance yweweler_5_yweweler_8, best cost 86.2654 + 4030.95 = 4117.21 over 42 frames.
yweweler_5_yweweler_8 five 
LOG (lattice-best-path[5.0.62~1-68cee]:main():lattice-best-path.cc:99) For utterance yweweler_5_yweweler_9, best cost 94.7517 + 4896.82 = 4991.57 over 51 frames.
yweweler_5_yweweler_9 five 
LOG (lattice-best-path[5.0.62~1-68cee]:main():lattice-best-path.cc:99) For utterance yweweler_6_yweweler_0, best cost 83.2651 + 3023.49 = 3106.76 over 31 frames.
yweweler_6_yweweler_0 eight 
LOG (lattice-best-path[5.0.62~1-68cee]:main():lattice-best-path.cc:99) For utterance yweweler_6_yweweler_1, best cost 70.0354 + 1381.75 = 1451.79 over 14 frames.
yweweler_6_yweweler_1 three 
LOG (lattice-best-path[5.0.62~1-68cee]:main():lattice-best-path.cc:99) For utterance yweweler_6_yweweler_10, best cost 27.4912 + 1547.41 = 1574.91 over 14 frames.
yweweler_6_yweweler_10 
LOG (lattice-best-path[5.0.62~1-68cee]:main():lattice-best-path.cc:99) For utterance yweweler_6_yweweler_11, best cost 76.7037 + 2781.44 = 2858.14 over 28 frames.
yweweler_6_yweweler_11 six 
LOG (lattice-best-path[5.0.62~1-68cee]:main():lattice-best-path.cc:99) For utterance yweweler_6_yweweler_12, best cost 84.0276 + 4390.46 = 4474.49 over 43 frames.
yweweler_6_yweweler_12 six 
LOG (lattice-best-path[5.0.62~1-68cee]:main():lattice-best-path.cc:99) For utterance yweweler_6_yweweler_13, best cost 91.689 + 3740.06 = 3831.75 over 36 frames.
yweweler_6_yweweler_13 six 
LOG (lattice-best-path[5.0.62~1-68cee]:main():lattice-best-path.cc:99) For utterance yweweler_6_yweweler_14, best cost 70.7169 + 2312.18 = 2382.9 over 25 frames.
yweweler_6_yweweler_14 eight 
LOG (lattice-best-path[5.0.62~1-68cee]:main():lattice-best-path.cc:99) For utterance yweweler_6_yweweler_15, best cost 76.1967 + 2333.65 = 2409.84 over 23 frames.
yweweler_6_yweweler_15 eight 
LOG (lattice-best-path[5.0.62~1-68cee]:main():lattice-best-path.cc:99) For utterance yweweler_6_yweweler_16, best cost 86.3935 + 4162.05 = 4248.44 over 41 frames.
yweweler_6_yweweler_16 eight 
LOG (lattice-best-path[5.0.62~1-68cee]:main():lattice-best-path.cc:99) For utterance yweweler_6_yweweler_17, best cost 71.0123 + 1293.48 = 1364.5 over 14 frames.
yweweler_6_yweweler_17 three 
LOG (lattice-best-path[5.0.62~1-68cee]:main():lattice-best-path.cc:99) For utterance yweweler_6_yweweler_18, best cost 82.1847 + 2624.84 = 2707.02 over 26 frames.
yweweler_6_yweweler_18 six 
LOG (lattice-best-path[5.0.62~1-68cee]:main():lattice-best-path.cc:99) For utterance yweweler_6_yweweler_19, best cost 71.0113 + 1535.08 = 1606.09 over 16 frames.
yweweler_6_yweweler_19 three 
LOG (lattice-best-path[5.0.62~1-68cee]:main():lattice-best-path.cc:99) For utterance yweweler_6_yweweler_2, best cost 79.7753 + 2089.23 = 2169 over 21 frames.
yweweler_6_yweweler_2 three 
LOG (lattice-best-path[5.0.62~1-68cee]:main():lattice-best-path.cc:99) For utterance yweweler_6_yweweler_20, best cost 77.0793 + 1611.65 = 1688.73 over 16 frames.
yweweler_6_yweweler_20 three 
LOG (lattice-best-path[5.0.62~1-68cee]:main():lattice-best-path.cc:99) For utterance yweweler_6_yweweler_21, best cost 69.3193 + 1816.73 = 1886.05 over 19 frames.
yweweler_6_yweweler_21 eight 
LOG (lattice-best-path[5.0.62~1-68cee]:main():lattice-best-path.cc:99) For utterance yweweler_6_yweweler_22, best cost 75.4253 + 1957.03 = 2032.45 over 19 frames.
yweweler_6_yweweler_22 eight 
LOG (lattice-best-path[5.0.62~1-68cee]:main():lattice-best-path.cc:99) For utterance yweweler_6_yweweler_23, best cost 68.7193 + 1447.23 = 1515.95 over 15 frames.
yweweler_6_yweweler_23 eight 
LOG (lattice-best-path[5.0.62~1-68cee]:main():lattice-best-path.cc:99) For utterance yweweler_6_yweweler_24, best cost 69.539 + 2037.12 = 2106.66 over 21 frames.
yweweler_6_yweweler_24 eight 
LOG (lattice-best-path[5.0.62~1-68cee]:main():lattice-best-path.cc:99) For utterance yweweler_6_yweweler_25, best cost 69.4406 + 1565.45 = 1634.89 over 16 frames.
yweweler_6_yweweler_25 three 
LOG (lattice-best-path[5.0.62~1-68cee]:main():lattice-best-path.cc:99) For utterance yweweler_6_yweweler_26, best cost 71.8891 + 1637.37 = 1709.26 over 17 frames.
yweweler_6_yweweler_26 eight 
LOG (lattice-best-path[5.0.62~1-68cee]:main():lattice-best-path.cc:99) For utterance yweweler_6_yweweler_27, best cost 69.7595 + 1801.25 = 1871.01 over 19 frames.
yweweler_6_yweweler_27 eight 
LOG (lattice-best-path[5.0.62~1-68cee]:main():lattice-best-path.cc:99) For utterance yweweler_6_yweweler_28, best cost 69.7917 + 1929.21 = 1999 over 21 frames.
yweweler_6_yweweler_28 eight 
LOG (lattice-best-path[5.0.62~1-68cee]:main():lattice-best-path.cc:99) For utterance yweweler_6_yweweler_29, best cost 79.0251 + 3186.76 = 3265.78 over 32 frames.
yweweler_6_yweweler_29 eight 
LOG (lattice-best-path[5.0.62~1-68cee]:main():lattice-best-path.cc:99) For utterance yweweler_6_yweweler_3, best cost 68.0563 + 1208.8 = 1276.85 over 12 frames.
yweweler_6_yweweler_3 eight 
LOG (lattice-best-path[5.0.62~1-68cee]:main():lattice-best-path.cc:99) For utterance yweweler_6_yweweler_30, best cost 77.2965 + 3000.29 = 3077.58 over 29 frames.
yweweler_6_yweweler_30 six 
LOG (lattice-best-path[5.0.62~1-68cee]:main():lattice-best-path.cc:99) For utterance yweweler_6_yweweler_31, best cost 69.9388 + 2006.36 = 2076.3 over 21 frames.
yweweler_6_yweweler_31 eight 
LOG (lattice-best-path[5.0.62~1-68cee]:main():lattice-best-path.cc:99) For utterance yweweler_6_yweweler_32, best cost 69.4273 + 1650.34 = 1719.76 over 17 frames.
yweweler_6_yweweler_32 eight 
LOG (lattice-best-path[5.0.62~1-68cee]:main():lattice-best-path.cc:99) For utterance yweweler_6_yweweler_33, best cost 76.6743 + 1954.39 = 2031.06 over 20 frames.
yweweler_6_yweweler_33 six 
LOG (lattice-best-path[5.0.62~1-68cee]:main():lattice-best-path.cc:99) For utterance yweweler_6_yweweler_34, best cost 87.8051 + 4188.18 = 4275.98 over 41 frames.
yweweler_6_yweweler_34 six 
LOG (lattice-best-path[5.0.62~1-68cee]:main():lattice-best-path.cc:99) For utterance yweweler_6_yweweler_35, best cost 69.4661 + 2557.7 = 2627.16 over 23 frames.
yweweler_6_yweweler_35 eight 
LOG (lattice-best-path[5.0.62~1-68cee]:main():lattice-best-path.cc:99) For utterance yweweler_6_yweweler_36, best cost 78.2431 + 2542.69 = 2620.94 over 26 frames.
yweweler_6_yweweler_36 three 
LOG (lattice-best-path[5.0.62~1-68cee]:main():lattice-best-path.cc:99) For utterance yweweler_6_yweweler_37, best cost 90.9774 + 4019.27 = 4110.24 over 39 frames.
yweweler_6_yweweler_37 six 
LOG (lattice-best-path[5.0.62~1-68cee]:main():lattice-best-path.cc:99) For utterance yweweler_6_yweweler_38, best cost 87.3022 + 4272.41 = 4359.71 over 42 frames.
yweweler_6_yweweler_38 six 
LOG (lattice-best-path[5.0.62~1-68cee]:main():lattice-best-path.cc:99) For utterance yweweler_6_yweweler_39, best cost 85.0105 + 3345.03 = 3430.04 over 32 frames.
yweweler_6_yweweler_39 eight 
LOG (lattice-best-path[5.0.62~1-68cee]:main():lattice-best-path.cc:99) For utterance yweweler_6_yweweler_4, best cost 70.1847 + 1546.5 = 1616.69 over 16 frames.
yweweler_6_yweweler_4 three 
LOG (lattice-best-path[5.0.62~1-68cee]:main():lattice-best-path.cc:99) For utterance yweweler_6_yweweler_40, best cost 85.7947 + 3842.74 = 3928.53 over 38 frames.
yweweler_6_yweweler_40 six 
LOG (lattice-best-path[5.0.62~1-68cee]:main():lattice-best-path.cc:99) For utterance yweweler_6_yweweler_41, best cost 85.0788 + 3440.37 = 3525.45 over 33 frames.
yweweler_6_yweweler_41 eight 
LOG (lattice-best-path[5.0.62~1-68cee]:main():lattice-best-path.cc:99) For utterance yweweler_6_yweweler_42, best cost 68.9259 + 1604.08 = 1673.01 over 17 frames.
yweweler_6_yweweler_42 eight 
LOG (lattice-best-path[5.0.62~1-68cee]:main():lattice-best-path.cc:99) For utterance yweweler_6_yweweler_43, best cost 75.8761 + 2076.65 = 2152.53 over 21 frames.
yweweler_6_yweweler_43 eight 
LOG (lattice-best-path[5.0.62~1-68cee]:main():lattice-best-path.cc:99) For utterance yweweler_6_yweweler_44, best cost 72.9178 + 1550.07 = 1622.99 over 16 frames.
yweweler_6_yweweler_44 three 
LOG (lattice-best-path[5.0.62~1-68cee]:main():lattice-best-path.cc:99) For utterance yweweler_6_yweweler_45, best cost 75.0222 + 2363.35 = 2438.37 over 24 frames.
yweweler_6_yweweler_45 six 
LOG (lattice-best-path[5.0.62~1-68cee]:main():lattice-best-path.cc:99) For utterance yweweler_6_yweweler_46, best cost 69.8034 + 1945.41 = 2015.22 over 18 frames.
yweweler_6_yweweler_46 eight 
LOG (lattice-best-path[5.0.62~1-68cee]:main():lattice-best-path.cc:99) For utterance yweweler_6_yweweler_47, best cost 75.3244 + 2040.82 = 2116.15 over 20 frames.
yweweler_6_yweweler_47 eight 
LOG (lattice-best-path[5.0.62~1-68cee]:main():lattice-best-path.cc:99) For utterance yweweler_6_yweweler_48, best cost 84.3399 + 3273.88 = 3358.22 over 32 frames.
yweweler_6_yweweler_48 eight 
LOG (lattice-best-path[5.0.62~1-68cee]:main():lattice-best-path.cc:99) For utterance yweweler_6_yweweler_49, best cost 77.1866 + 2796.01 = 2873.2 over 26 frames.
yweweler_6_yweweler_49 eight 
LOG (lattice-best-path[5.0.62~1-68cee]:main():lattice-best-path.cc:99) For utterance yweweler_6_yweweler_5, best cost 78.7621 + 2031.6 = 2110.36 over 22 frames.
yweweler_6_yweweler_5 three 
LOG (lattice-best-path[5.0.62~1-68cee]:main():lattice-best-path.cc:99) For utterance yweweler_6_yweweler_6, best cost 76.6058 + 2409.14 = 2485.74 over 25 frames.
yweweler_6_yweweler_6 six 
LOG (lattice-best-path[5.0.62~1-68cee]:main():lattice-best-path.cc:99) For utterance yweweler_6_yweweler_7, best cost 76.2306 + 2515.53 = 2591.76 over 25 frames.
yweweler_6_yweweler_7 eight 
LOG (lattice-best-path[5.0.62~1-68cee]:main():lattice-best-path.cc:99) For utterance yweweler_6_yweweler_8, best cost 76.643 + 2742.22 = 2818.87 over 27 frames.
yweweler_6_yweweler_8 eight 
LOG (lattice-best-path[5.0.62~1-68cee]:main():lattice-best-path.cc:99) For utterance yweweler_6_yweweler_9, best cost 87.947 + 3759.52 = 3847.47 over 38 frames.
yweweler_6_yweweler_9 three 
LOG (lattice-best-path[5.0.62~1-68cee]:main():lattice-best-path.cc:99) For utterance yweweler_7_yweweler_0, best cost 83.4914 + 3945.82 = 4029.31 over 42 frames.
yweweler_7_yweweler_0 seven 
LOG (lattice-best-path[5.0.62~1-68cee]:main():lattice-best-path.cc:99) For utterance yweweler_7_yweweler_1, best cost 81.7403 + 3522.88 = 3604.62 over 37 frames.
yweweler_7_yweweler_1 seven 
LOG (lattice-best-path[5.0.62~1-68cee]:main():lattice-best-path.cc:99) For utterance yweweler_7_yweweler_10, best cost 82.1915 + 3131.5 = 3213.69 over 34 frames.
yweweler_7_yweweler_10 seven 
LOG (lattice-best-path[5.0.62~1-68cee]:main():lattice-best-path.cc:99) For utterance yweweler_7_yweweler_11, best cost 83.777 + 2725.11 = 2808.89 over 29 frames.
yweweler_7_yweweler_11 seven 
LOG (lattice-best-path[5.0.62~1-68cee]:main():lattice-best-path.cc:99) For utterance yweweler_7_yweweler_12, best cost 81.2508 + 3116.21 = 3197.46 over 32 frames.
yweweler_7_yweweler_12 seven 
LOG (lattice-best-path[5.0.62~1-68cee]:main():lattice-best-path.cc:99) For utterance yweweler_7_yweweler_13, best cost 82.5728 + 3045.1 = 3127.67 over 34 frames.
yweweler_7_yweweler_13 seven 
LOG (lattice-best-path[5.0.62~1-68cee]:main():lattice-best-path.cc:99) For utterance yweweler_7_yweweler_14, best cost 84.3457 + 2831.82 = 2916.16 over 30 frames.
yweweler_7_yweweler_14 seven 
LOG (lattice-best-path[5.0.62~1-68cee]:main():lattice-best-path.cc:99) For utterance yweweler_7_yweweler_15, best cost 85.1766 + 2582.05 = 2667.22 over 29 frames.
yweweler_7_yweweler_15 seven 
LOG (lattice-best-path[5.0.62~1-68cee]:main():lattice-best-path.cc:99) For utterance yweweler_7_yweweler_16, best cost 80.369 + 2641.57 = 2721.94 over 29 frames.
yweweler_7_yweweler_16 seven 
LOG (lattice-best-path[5.0.62~1-68cee]:main():lattice-best-path.cc:99) For utterance yweweler_7_yweweler_17, best cost 78.8467 + 2583.32 = 2662.17 over 28 frames.
yweweler_7_yweweler_17 seven 
LOG (lattice-best-path[5.0.62~1-68cee]:main():lattice-best-path.cc:99) For utterance yweweler_7_yweweler_18, best cost 81.5725 + 3089.65 = 3171.22 over 33 frames.
yweweler_7_yweweler_18 seven 
LOG (lattice-best-path[5.0.62~1-68cee]:main():lattice-best-path.cc:99) For utterance yweweler_7_yweweler_19, best cost 81.6922 + 2599.37 = 2681.06 over 29 frames.
yweweler_7_yweweler_19 seven 
LOG (lattice-best-path[5.0.62~1-68cee]:main():lattice-best-path.cc:99) For utterance yweweler_7_yweweler_2, best cost 89.6171 + 3822.5 = 3912.11 over 40 frames.
yweweler_7_yweweler_2 seven 
LOG (lattice-best-path[5.0.62~1-68cee]:main():lattice-best-path.cc:99) For utterance yweweler_7_yweweler_20, best cost 82.8107 + 3465.76 = 3548.57 over 36 frames.
yweweler_7_yweweler_20 seven 
LOG (lattice-best-path[5.0.62~1-68cee]:main():lattice-best-path.cc:99) For utterance yweweler_7_yweweler_21, best cost 85.8763 + 3606.75 = 3692.63 over 40 frames.
yweweler_7_yweweler_21 seven 
LOG (lattice-best-path[5.0.62~1-68cee]:main():lattice-best-path.cc:99) For utterance yweweler_7_yweweler_22, best cost 80.9226 + 3153.88 = 3234.8 over 34 frames.
yweweler_7_yweweler_22 seven 
LOG (lattice-best-path[5.0.62~1-68cee]:main():lattice-best-path.cc:99) For utterance yweweler_7_yweweler_23, best cost 77.7532 + 2129.45 = 2207.21 over 23 frames.
yweweler_7_yweweler_23 seven 
LOG (lattice-best-path[5.0.62~1-68cee]:main():lattice-best-path.cc:99) For utterance yweweler_7_yweweler_24, best cost 81.8202 + 3229.43 = 3311.25 over 33 frames.
yweweler_7_yweweler_24 seven 
LOG (lattice-best-path[5.0.62~1-68cee]:main():lattice-best-path.cc:99) For utterance yweweler_7_yweweler_25, best cost 80.5244 + 2700.2 = 2780.72 over 29 frames.
yweweler_7_yweweler_25 seven 
LOG (lattice-best-path[5.0.62~1-68cee]:main():lattice-best-path.cc:99) For utterance yweweler_7_yweweler_26, best cost 89.535 + 4655.02 = 4744.55 over 47 frames.
yweweler_7_yweweler_26 seven 
LOG (lattice-best-path[5.0.62~1-68cee]:main():lattice-best-path.cc:99) For utterance yweweler_7_yweweler_27, best cost 89.4414 + 3871.84 = 3961.28 over 39 frames.
yweweler_7_yweweler_27 seven 
LOG (lattice-best-path[5.0.62~1-68cee]:main():lattice-best-path.cc:99) For utterance yweweler_7_yweweler_28, best cost 89.4906 + 3922.77 = 4012.26 over 40 frames.
yweweler_7_yweweler_28 seven 
LOG (lattice-best-path[5.0.62~1-68cee]:main():lattice-best-path.cc:99) For utterance yweweler_7_yweweler_29, best cost 79.7239 + 2742.02 = 2821.74 over 31 frames.
yweweler_7_yweweler_29 seven 
LOG (lattice-best-path[5.0.62~1-68cee]:main():lattice-best-path.cc:99) For utterance yweweler_7_yweweler_3, best cost 84.3632 + 3903.58 = 3987.94 over 40 frames.
yweweler_7_yweweler_3 seven 
LOG (lattice-best-path[5.0.62~1-68cee]:main():lattice-best-path.cc:99) For utterance yweweler_7_yweweler_30, best cost 80.0312 + 2959.66 = 3039.69 over 31 frames.
yweweler_7_yweweler_30 seven 
LOG (lattice-best-path[5.0.62~1-68cee]:main():lattice-best-path.cc:99) For utterance yweweler_7_yweweler_31, best cost 77.4639 + 2143.4 = 2220.87 over 24 frames.
yweweler_7_yweweler_31 seven 
LOG (lattice-best-path[5.0.62~1-68cee]:main():lattice-best-path.cc:99) For utterance yweweler_7_yweweler_32, best cost 82.8469 + 3364.78 = 3447.62 over 36 frames.
yweweler_7_yweweler_32 seven 
LOG (lattice-best-path[5.0.62~1-68cee]:main():lattice-best-path.cc:99) For utterance yweweler_7_yweweler_33, best cost 124.682 + 4739.23 = 4863.91 over 46 frames.
yweweler_7_yweweler_33 seven 
LOG (lattice-best-path[5.0.62~1-68cee]:main():lattice-best-path.cc:99) For utterance yweweler_7_yweweler_34, best cost 123.897 + 4426.25 = 4550.14 over 43 frames.
yweweler_7_yweweler_34 seven 
LOG (lattice-best-path[5.0.62~1-68cee]:main():lattice-best-path.cc:99) For utterance yweweler_7_yweweler_35, best cost 103.007 + 5106.56 = 5209.57 over 49 frames.
yweweler_7_yweweler_35 seven 
LOG (lattice-best-path[5.0.62~1-68cee]:main():lattice-best-path.cc:99) For utterance yweweler_7_yweweler_36, best cost 83.2777 + 3763.47 = 3846.75 over 39 frames.
yweweler_7_yweweler_36 seven 
LOG (lattice-best-path[5.0.62~1-68cee]:main():lattice-best-path.cc:99) For utterance yweweler_7_yweweler_37, best cost 84.9677 + 3019.56 = 3104.53 over 29 frames.
yweweler_7_yweweler_37 seven 
LOG (lattice-best-path[5.0.62~1-68cee]:main():lattice-best-path.cc:99) For utterance yweweler_7_yweweler_38, best cost 91.6855 + 4257.39 = 4349.08 over 47 frames.
yweweler_7_yweweler_38 seven 
LOG (lattice-best-path[5.0.62~1-68cee]:main():lattice-best-path.cc:99) For utterance yweweler_7_yweweler_39, best cost 88.3301 + 4285.43 = 4373.76 over 47 frames.
yweweler_7_yweweler_39 seven 
LOG (lattice-best-path[5.0.62~1-68cee]:main():lattice-best-path.cc:99) For utterance yweweler_7_yweweler_4, best cost 84.069 + 3297.79 = 3381.86 over 34 frames.
yweweler_7_yweweler_4 seven 
LOG (lattice-best-path[5.0.62~1-68cee]:main():lattice-best-path.cc:99) For utterance yweweler_7_yweweler_40, best cost 97.2128 + 5295.76 = 5392.97 over 59 frames.
yweweler_7_yweweler_40 seven 
LOG (lattice-best-path[5.0.62~1-68cee]:main():lattice-best-path.cc:99) For utterance yweweler_7_yweweler_41, best cost 90.983 + 4703.03 = 4794.01 over 52 frames.
yweweler_7_yweweler_41 seven 
LOG (lattice-best-path[5.0.62~1-68cee]:main():lattice-best-path.cc:99) For utterance yweweler_7_yweweler_42, best cost 85.2739 + 3380.13 = 3465.41 over 37 frames.
yweweler_7_yweweler_42 seven 
LOG (lattice-best-path[5.0.62~1-68cee]:main():lattice-best-path.cc:99) For utterance yweweler_7_yweweler_43, best cost 84.2761 + 3486.7 = 3570.97 over 38 frames.
yweweler_7_yweweler_43 seven 
LOG (lattice-best-path[5.0.62~1-68cee]:main():lattice-best-path.cc:99) For utterance yweweler_7_yweweler_44, best cost 93.6292 + 4135.35 = 4228.98 over 44 frames.
yweweler_7_yweweler_44 seven 
LOG (lattice-best-path[5.0.62~1-68cee]:main():lattice-best-path.cc:99) For utterance yweweler_7_yweweler_45, best cost 84.5657 + 4003.19 = 4087.76 over 43 frames.
yweweler_7_yweweler_45 seven 
LOG (lattice-best-path[5.0.62~1-68cee]:main():lattice-best-path.cc:99) For utterance yweweler_7_yweweler_46, best cost 84.4203 + 3759.09 = 3843.51 over 39 frames.
yweweler_7_yweweler_46 seven 
LOG (lattice-best-path[5.0.62~1-68cee]:main():lattice-best-path.cc:99) For utterance yweweler_7_yweweler_47, best cost 82.1424 + 2974.78 = 3056.92 over 33 frames.
yweweler_7_yweweler_47 seven 
LOG (lattice-best-path[5.0.62~1-68cee]:main():lattice-best-path.cc:99) For utterance yweweler_7_yweweler_48, best cost 80.2984 + 2884.03 = 2964.33 over 28 frames.
yweweler_7_yweweler_48 seven 
LOG (lattice-best-path[5.0.62~1-68cee]:main():lattice-best-path.cc:99) For utterance yweweler_7_yweweler_49, best cost 79.8622 + 2663.04 = 2742.9 over 31 frames.
yweweler_7_yweweler_49 seven 
LOG (lattice-best-path[5.0.62~1-68cee]:main():lattice-best-path.cc:99) For utterance yweweler_7_yweweler_5, best cost 87.5449 + 4517.96 = 4605.51 over 45 frames.
yweweler_7_yweweler_5 seven 
LOG (lattice-best-path[5.0.62~1-68cee]:main():lattice-best-path.cc:99) For utterance yweweler_7_yweweler_6, best cost 78.1212 + 2359.06 = 2437.18 over 24 frames.
yweweler_7_yweweler_6 seven 
LOG (lattice-best-path[5.0.62~1-68cee]:main():lattice-best-path.cc:99) For utterance yweweler_7_yweweler_7, best cost 85.6266 + 3203.78 = 3289.4 over 33 frames.
yweweler_7_yweweler_7 seven 
LOG (lattice-best-path[5.0.62~1-68cee]:main():lattice-best-path.cc:99) For utterance yweweler_7_yweweler_8, best cost 80.4565 + 3111.14 = 3191.59 over 32 frames.
yweweler_7_yweweler_8 seven 
LOG (lattice-best-path[5.0.62~1-68cee]:main():lattice-best-path.cc:99) For utterance yweweler_7_yweweler_9, best cost 81.5855 + 3182.04 = 3263.62 over 35 frames.
yweweler_7_yweweler_9 seven 
LOG (lattice-best-path[5.0.62~1-68cee]:main():lattice-best-path.cc:99) For utterance yweweler_8_yweweler_0, best cost 72.0388 + 3094.1 = 3166.14 over 30 frames.
yweweler_8_yweweler_0 eight 
LOG (lattice-best-path[5.0.62~1-68cee]:main():lattice-best-path.cc:99) For utterance yweweler_8_yweweler_1, best cost 75.1842 + 3248.22 = 3323.4 over 33 frames.
yweweler_8_yweweler_1 eight 
LOG (lattice-best-path[5.0.62~1-68cee]:main():lattice-best-path.cc:99) For utterance yweweler_8_yweweler_10, best cost 71.8596 + 2794.51 = 2866.37 over 30 frames.
yweweler_8_yweweler_10 eight 
LOG (lattice-best-path[5.0.62~1-68cee]:main():lattice-best-path.cc:99) For utterance yweweler_8_yweweler_11, best cost 72.4604 + 3157.82 = 3230.28 over 33 frames.
yweweler_8_yweweler_11 eight 
LOG (lattice-best-path[5.0.62~1-68cee]:main():lattice-best-path.cc:99) For utterance yweweler_8_yweweler_12, best cost 71.1215 + 2574.98 = 2646.1 over 28 frames.
yweweler_8_yweweler_12 eight 
LOG (lattice-best-path[5.0.62~1-68cee]:main():lattice-best-path.cc:99) For utterance yweweler_8_yweweler_13, best cost 73.7399 + 3542.25 = 3615.99 over 37 frames.
yweweler_8_yweweler_13 eight 
LOG (lattice-best-path[5.0.62~1-68cee]:main():lattice-best-path.cc:99) For utterance yweweler_8_yweweler_14, best cost 72.463 + 2901.45 = 2973.91 over 31 frames.
yweweler_8_yweweler_14 eight 
LOG (lattice-best-path[5.0.62~1-68cee]:main():lattice-best-path.cc:99) For utterance yweweler_8_yweweler_15, best cost 70.036 + 1988.43 = 2058.46 over 22 frames.
yweweler_8_yweweler_15 eight 
LOG (lattice-best-path[5.0.62~1-68cee]:main():lattice-best-path.cc:99) For utterance yweweler_8_yweweler_16, best cost 69.928 + 2021.18 = 2091.11 over 24 frames.
yweweler_8_yweweler_16 eight 
LOG (lattice-best-path[5.0.62~1-68cee]:main():lattice-best-path.cc:99) For utterance yweweler_8_yweweler_17, best cost 76.9419 + 2689.36 = 2766.3 over 30 frames.
yweweler_8_yweweler_17 eight 
LOG (lattice-best-path[5.0.62~1-68cee]:main():lattice-best-path.cc:99) For utterance yweweler_8_yweweler_18, best cost 69.6788 + 1972.55 = 2042.22 over 23 frames.
yweweler_8_yweweler_18 eight 
LOG (lattice-best-path[5.0.62~1-68cee]:main():lattice-best-path.cc:99) For utterance yweweler_8_yweweler_19, best cost 70.1454 + 2051.26 = 2121.4 over 23 frames.
yweweler_8_yweweler_19 eight 
LOG (lattice-best-path[5.0.62~1-68cee]:main():lattice-best-path.cc:99) For utterance yweweler_8_yweweler_2, best cost 73.5355 + 2408.05 = 2481.58 over 25 frames.
yweweler_8_yweweler_2 eight 
LOG (lattice-best-path[5.0.62~1-68cee]:main():lattice-best-path.cc:99) For utterance yweweler_8_yweweler_20, best cost 76.7949 + 2588.64 = 2665.44 over 29 frames.
yweweler_8_yweweler_20 eight 
LOG (lattice-best-path[5.0.62~1-68cee]:main():lattice-best-path.cc:99) For utterance yweweler_8_yweweler_21, best cost 71.2772 + 2511.14 = 2582.41 over 29 frames.
yweweler_8_yweweler_21 eight 
LOG (lattice-best-path[5.0.62~1-68cee]:main():lattice-best-path.cc:99) For utterance yweweler_8_yweweler_22, best cost 73.4753 + 3458.2 = 3531.68 over 37 frames.
yweweler_8_yweweler_22 eight 
LOG (lattice-best-path[5.0.62~1-68cee]:main():lattice-best-path.cc:99) For utterance yweweler_8_yweweler_23, best cost 71.362 + 2521.65 = 2593.01 over 28 frames.
yweweler_8_yweweler_23 eight 
LOG (lattice-best-path[5.0.62~1-68cee]:main():lattice-best-path.cc:99) For utterance yweweler_8_yweweler_24, best cost 80.6413 + 3656.53 = 3737.17 over 35 frames.
yweweler_8_yweweler_24 eight 
LOG (lattice-best-path[5.0.62~1-68cee]:main():lattice-best-path.cc:99) For utterance yweweler_8_yweweler_25, best cost 71.2306 + 2507.66 = 2578.89 over 26 frames.
yweweler_8_yweweler_25 eight 
LOG (lattice-best-path[5.0.62~1-68cee]:main():lattice-best-path.cc:99) For utterance yweweler_8_yweweler_26, best cost 80.3517 + 3087.95 = 3168.3 over 31 frames.
yweweler_8_yweweler_26 eight 
LOG (lattice-best-path[5.0.62~1-68cee]:main():lattice-best-path.cc:99) For utterance yweweler_8_yweweler_27, best cost 71.8965 + 2927.4 = 2999.29 over 30 frames.
yweweler_8_yweweler_27 eight 
LOG (lattice-best-path[5.0.62~1-68cee]:main():lattice-best-path.cc:99) For utterance yweweler_8_yweweler_28, best cost 81.9065 + 5159.95 = 5241.85 over 52 frames.
yweweler_8_yweweler_28 eight 
LOG (lattice-best-path[5.0.62~1-68cee]:main():lattice-best-path.cc:99) For utterance yweweler_8_yweweler_29, best cost 74.5827 + 2942.62 = 3017.2 over 31 frames.
yweweler_8_yweweler_29 eight 
LOG (lattice-best-path[5.0.62~1-68cee]:main():lattice-best-path.cc:99) For utterance yweweler_8_yweweler_3, best cost 74.7785 + 2941.59 = 3016.36 over 30 frames.
yweweler_8_yweweler_3 eight 
LOG (lattice-best-path[5.0.62~1-68cee]:main():lattice-best-path.cc:99) For utterance yweweler_8_yweweler_30, best cost 72.8973 + 3279.46 = 3352.36 over 34 frames.
yweweler_8_yweweler_30 eight 
LOG (lattice-best-path[5.0.62~1-68cee]:main():lattice-best-path.cc:99) For utterance yweweler_8_yweweler_31, best cost 79.5565 + 3666.57 = 3746.13 over 38 frames.
yweweler_8_yweweler_31 eight 
LOG (lattice-best-path[5.0.62~1-68cee]:main():lattice-best-path.cc:99) For utterance yweweler_8_yweweler_32, best cost 73.9704 + 3529.5 = 3603.47 over 39 frames.
yweweler_8_yweweler_32 eight 
LOG (lattice-best-path[5.0.62~1-68cee]:main():lattice-best-path.cc:99) For utterance yweweler_8_yweweler_33, best cost 73.9224 + 3937.71 = 4011.63 over 39 frames.
yweweler_8_yweweler_33 eight 
LOG (lattice-best-path[5.0.62~1-68cee]:main():lattice-best-path.cc:99) For utterance yweweler_8_yweweler_34, best cost 79.98 + 4672.3 = 4752.28 over 46 frames.
yweweler_8_yweweler_34 eight 
LOG (lattice-best-path[5.0.62~1-68cee]:main():lattice-best-path.cc:99) For utterance yweweler_8_yweweler_35, best cost 76.7722 + 2835.22 = 2911.99 over 29 frames.
yweweler_8_yweweler_35 eight 
LOG (lattice-best-path[5.0.62~1-68cee]:main():lattice-best-path.cc:99) For utterance yweweler_8_yweweler_36, best cost 70.6304 + 2673.54 = 2744.17 over 27 frames.
yweweler_8_yweweler_36 eight 
LOG (lattice-best-path[5.0.62~1-68cee]:main():lattice-best-path.cc:99) For utterance yweweler_8_yweweler_37, best cost 70.7212 + 2839.13 = 2909.85 over 29 frames.
yweweler_8_yweweler_37 eight 
LOG (lattice-best-path[5.0.62~1-68cee]:main():lattice-best-path.cc:99) For utterance yweweler_8_yweweler_38, best cost 79.9299 + 3309.94 = 3389.87 over 34 frames.
yweweler_8_yweweler_38 eight 
LOG (lattice-best-path[5.0.62~1-68cee]:main():lattice-best-path.cc:99) For utterance yweweler_8_yweweler_39, best cost 82.2557 + 3319.47 = 3401.73 over 33 frames.
yweweler_8_yweweler_39 eight 
LOG (lattice-best-path[5.0.62~1-68cee]:main():lattice-best-path.cc:99) For utterance yweweler_8_yweweler_4, best cost 74.9907 + 2974.65 = 3049.64 over 31 frames.
yweweler_8_yweweler_4 eight 
LOG (lattice-best-path[5.0.62~1-68cee]:main():lattice-best-path.cc:99) For utterance yweweler_8_yweweler_40, best cost 72.8949 + 3398.5 = 3471.39 over 34 frames.
yweweler_8_yweweler_40 eight 
LOG (lattice-best-path[5.0.62~1-68cee]:main():lattice-best-path.cc:99) For utterance yweweler_8_yweweler_41, best cost 72.1929 + 2983.16 = 3055.35 over 32 frames.
yweweler_8_yweweler_41 eight 
LOG (lattice-best-path[5.0.62~1-68cee]:main():lattice-best-path.cc:99) For utterance yweweler_8_yweweler_42, best cost 74.8954 + 3219.62 = 3294.52 over 32 frames.
yweweler_8_yweweler_42 eight 
LOG (lattice-best-path[5.0.62~1-68cee]:main():lattice-best-path.cc:99) For utterance yweweler_8_yweweler_43, best cost 69.8149 + 1995.21 = 2065.02 over 20 frames.
yweweler_8_yweweler_43 eight 
LOG (lattice-best-path[5.0.62~1-68cee]:main():lattice-best-path.cc:99) For utterance yweweler_8_yweweler_44, best cost 72.916 + 2157.95 = 2230.87 over 23 frames.
yweweler_8_yweweler_44 eight 
LOG (lattice-best-path[5.0.62~1-68cee]:main():lattice-best-path.cc:99) For utterance yweweler_8_yweweler_45, best cost 71.5069 + 2693.93 = 2765.44 over 30 frames.
yweweler_8_yweweler_45 eight 
LOG (lattice-best-path[5.0.62~1-68cee]:main():lattice-best-path.cc:99) For utterance yweweler_8_yweweler_46, best cost 74.7692 + 2921.59 = 2996.36 over 31 frames.
yweweler_8_yweweler_46 eight 
LOG (lattice-best-path[5.0.62~1-68cee]:main():lattice-best-path.cc:99) For utterance yweweler_8_yweweler_47, best cost 72.1621 + 2956.32 = 3028.49 over 32 frames.
yweweler_8_yweweler_47 eight 
LOG (lattice-best-path[5.0.62~1-68cee]:main():lattice-best-path.cc:99) For utterance yweweler_8_yweweler_48, best cost 71.0666 + 2666.62 = 2737.69 over 28 frames.
yweweler_8_yweweler_48 eight 
LOG (lattice-best-path[5.0.62~1-68cee]:main():lattice-best-path.cc:99) For utterance yweweler_8_yweweler_49, best cost 70.3763 + 2260.03 = 2330.41 over 23 frames.
yweweler_8_yweweler_49 eight 
LOG (lattice-best-path[5.0.62~1-68cee]:main():lattice-best-path.cc:99) For utterance yweweler_8_yweweler_5, best cost 70.5698 + 2241.16 = 2311.73 over 25 frames.
yweweler_8_yweweler_5 eight 
LOG (lattice-best-path[5.0.62~1-68cee]:main():lattice-best-path.cc:99) For utterance yweweler_8_yweweler_6, best cost 70.6368 + 2238.62 = 2309.26 over 25 frames.
yweweler_8_yweweler_6 eight 
LOG (lattice-best-path[5.0.62~1-68cee]:main():lattice-best-path.cc:99) For utterance yweweler_8_yweweler_7, best cost 70.6368 + 2245.53 = 2316.17 over 25 frames.
yweweler_8_yweweler_7 eight 
LOG (lattice-best-path[5.0.62~1-68cee]:main():lattice-best-path.cc:99) For utterance yweweler_8_yweweler_8, best cost 71.6949 + 2728.07 = 2799.76 over 29 frames.
yweweler_8_yweweler_8 eight 
LOG (lattice-best-path[5.0.62~1-68cee]:main():lattice-best-path.cc:99) For utterance yweweler_8_yweweler_9, best cost 76.9299 + 2657.02 = 2733.95 over 29 frames.
yweweler_8_yweweler_9 eight 
LOG (lattice-best-path[5.0.62~1-68cee]:main():lattice-best-path.cc:99) For utterance yweweler_9_yweweler_0, best cost 74.8064 + 3254.05 = 3328.86 over 34 frames.
yweweler_9_yweweler_0 nine 
LOG (lattice-best-path[5.0.62~1-68cee]:main():lattice-best-path.cc:99) For utterance yweweler_9_yweweler_1, best cost 83.5213 + 3397.44 = 3480.96 over 37 frames.
yweweler_9_yweweler_1 five 
LOG (lattice-best-path[5.0.62~1-68cee]:main():lattice-best-path.cc:99) For utterance yweweler_9_yweweler_10, best cost 87.6451 + 4046.75 = 4134.4 over 42 frames.
yweweler_9_yweweler_10 one 
LOG (lattice-best-path[5.0.62~1-68cee]:main():lattice-best-path.cc:99) For utterance yweweler_9_yweweler_11, best cost 90.3162 + 4084.72 = 4175.04 over 42 frames.
yweweler_9_yweweler_11 one 
LOG (lattice-best-path[5.0.62~1-68cee]:main():lattice-best-path.cc:99) For utterance yweweler_9_yweweler_12, best cost 83.2938 + 3495.87 = 3579.16 over 36 frames.
yweweler_9_yweweler_12 five 
LOG (lattice-best-path[5.0.62~1-68cee]:main():lattice-best-path.cc:99) For utterance yweweler_9_yweweler_13, best cost 77.2059 + 3541.59 = 3618.8 over 38 frames.
yweweler_9_yweweler_13 nine 
LOG (lattice-best-path[5.0.62~1-68cee]:main():lattice-best-path.cc:99) For utterance yweweler_9_yweweler_14, best cost 84.0417 + 4314.07 = 4398.11 over 43 frames.
yweweler_9_yweweler_14 nine 
LOG (lattice-best-path[5.0.62~1-68cee]:main():lattice-best-path.cc:99) For utterance yweweler_9_yweweler_15, best cost 77.6058 + 3699.74 = 3777.34 over 39 frames.
yweweler_9_yweweler_15 nine 
LOG (lattice-best-path[5.0.62~1-68cee]:main():lattice-best-path.cc:99) For utterance yweweler_9_yweweler_16, best cost 83.3943 + 4188.97 = 4272.36 over 41 frames.
yweweler_9_yweweler_16 nine 
LOG (lattice-best-path[5.0.62~1-68cee]:main():lattice-best-path.cc:99) For utterance yweweler_9_yweweler_17, best cost 75.6785 + 3163.91 = 3239.59 over 34 frames.
yweweler_9_yweweler_17 nine 
LOG (lattice-best-path[5.0.62~1-68cee]:main():lattice-best-path.cc:99) For utterance yweweler_9_yweweler_18, best cost 81.8973 + 3138.73 = 3220.62 over 33 frames.
yweweler_9_yweweler_18 five 
LOG (lattice-best-path[5.0.62~1-68cee]:main():lattice-best-path.cc:99) For utterance yweweler_9_yweweler_19, best cost 76.2636 + 3167.01 = 3243.27 over 34 frames.
yweweler_9_yweweler_19 nine 
LOG (lattice-best-path[5.0.62~1-68cee]:main():lattice-best-path.cc:99) For utterance yweweler_9_yweweler_2, best cost 88.9932 + 3569.67 = 3658.67 over 38 frames.
yweweler_9_yweweler_2 five 
LOG (lattice-best-path[5.0.62~1-68cee]:main():lattice-best-path.cc:99) For utterance yweweler_9_yweweler_20, best cost 83.4833 + 3939.19 = 4022.67 over 40 frames.
yweweler_9_yweweler_20 five 
LOG (lattice-best-path[5.0.62~1-68cee]:main():lattice-best-path.cc:99) For utterance yweweler_9_yweweler_21, best cost 78.6474 + 3712.41 = 3791.06 over 40 frames.
yweweler_9_yweweler_21 nine 
LOG (lattice-best-path[5.0.62~1-68cee]:main():lattice-best-path.cc:99) For utterance yweweler_9_yweweler_22, best cost 83.793 + 3798.19 = 3881.98 over 41 frames.
yweweler_9_yweweler_22 five 
LOG (lattice-best-path[5.0.62~1-68cee]:main():lattice-best-path.cc:99) For utterance yweweler_9_yweweler_23, best cost 81.4535 + 4085.61 = 4167.06 over 45 frames.
yweweler_9_yweweler_23 nine 
LOG (lattice-best-path[5.0.62~1-68cee]:main():lattice-best-path.cc:99) For utterance yweweler_9_yweweler_24, best cost 78.4382 + 4130.6 = 4209.04 over 45 frames.
yweweler_9_yweweler_24 nine 
LOG (lattice-best-path[5.0.62~1-68cee]:main():lattice-best-path.cc:99) For utterance yweweler_9_yweweler_25, best cost 81.0294 + 3913.08 = 3994.11 over 42 frames.
yweweler_9_yweweler_25 nine 
LOG (lattice-best-path[5.0.62~1-68cee]:main():lattice-best-path.cc:99) For utterance yweweler_9_yweweler_26, best cost 82.299 + 4537.74 = 4620.04 over 49 frames.
yweweler_9_yweweler_26 nine 
LOG (lattice-best-path[5.0.62~1-68cee]:main():lattice-best-path.cc:99) For utterance yweweler_9_yweweler_27, best cost 93.4327 + 3880 = 3973.43 over 39 frames.
yweweler_9_yweweler_27 one 
LOG (lattice-best-path[5.0.62~1-68cee]:main():lattice-best-path.cc:99) For utterance yweweler_9_yweweler_28, best cost 83.0936 + 3389.04 = 3472.13 over 35 frames.
yweweler_9_yweweler_28 five 
LOG (lattice-best-path[5.0.62~1-68cee]:main():lattice-best-path.cc:99) For utterance yweweler_9_yweweler_29, best cost 83.321 + 3251.49 = 3334.81 over 33 frames.
yweweler_9_yweweler_29 one 
LOG (lattice-best-path[5.0.62~1-68cee]:main():lattice-best-path.cc:99) For utterance yweweler_9_yweweler_3, best cost 85.1764 + 5411.64 = 5496.81 over 53 frames.
yweweler_9_yweweler_3 nine 
LOG (lattice-best-path[5.0.62~1-68cee]:main():lattice-best-path.cc:99) For utterance yweweler_9_yweweler_30, best cost 83.3357 + 3937.54 = 4020.88 over 42 frames.
yweweler_9_yweweler_30 nine 
LOG (lattice-best-path[5.0.62~1-68cee]:main():lattice-best-path.cc:99) For utterance yweweler_9_yweweler_31, best cost 84.2438 + 5301.41 = 5385.66 over 50 frames.
yweweler_9_yweweler_31 nine 
LOG (lattice-best-path[5.0.62~1-68cee]:main():lattice-best-path.cc:99) For utterance yweweler_9_yweweler_32, best cost 78.8743 + 4693.9 = 4772.78 over 46 frames.
yweweler_9_yweweler_32 nine 
LOG (lattice-best-path[5.0.62~1-68cee]:main():lattice-best-path.cc:99) For utterance yweweler_9_yweweler_33, best cost 80.6531 + 4481.92 = 4562.57 over 42 frames.
yweweler_9_yweweler_33 nine 
LOG (lattice-best-path[5.0.62~1-68cee]:main():lattice-best-path.cc:99) For utterance yweweler_9_yweweler_34, best cost 78.0018 + 4536.62 = 4614.62 over 41 frames.
yweweler_9_yweweler_34 nine 
LOG (lattice-best-path[5.0.62~1-68cee]:main():lattice-best-path.cc:99) For utterance yweweler_9_yweweler_35, best cost 80.0304 + 4532.85 = 4612.88 over 43 frames.
yweweler_9_yweweler_35 nine 
LOG (lattice-best-path[5.0.62~1-68cee]:main():lattice-best-path.cc:99) For utterance yweweler_9_yweweler_36, best cost 79.725 + 4450.17 = 4529.9 over 44 frames.
yweweler_9_yweweler_36 nine 
LOG (lattice-best-path[5.0.62~1-68cee]:main():lattice-best-path.cc:99) For utterance yweweler_9_yweweler_37, best cost 80.5238 + 3242.88 = 3323.41 over 33 frames.
yweweler_9_yweweler_37 nine 
LOG (lattice-best-path[5.0.62~1-68cee]:main():lattice-best-path.cc:99) For utterance yweweler_9_yweweler_38, best cost 77.2792 + 3211.78 = 3289.05 over 34 frames.
yweweler_9_yweweler_38 nine 
LOG (lattice-best-path[5.0.62~1-68cee]:main():lattice-best-path.cc:99) For utterance yweweler_9_yweweler_39, best cost 82.5146 + 3462.04 = 3544.55 over 37 frames.
yweweler_9_yweweler_39 nine 
LOG (lattice-best-path[5.0.62~1-68cee]:main():lattice-best-path.cc:99) For utterance yweweler_9_yweweler_4, best cost 79.8491 + 3810.29 = 3890.14 over 40 frames.
yweweler_9_yweweler_4 nine 
LOG (lattice-best-path[5.0.62~1-68cee]:main():lattice-best-path.cc:99) For utterance yweweler_9_yweweler_40, best cost 76.4543 + 3316.62 = 3393.08 over 35 frames.
yweweler_9_yweweler_40 nine 
LOG (lattice-best-path[5.0.62~1-68cee]:main():lattice-best-path.cc:99) For utterance yweweler_9_yweweler_41, best cost 84.6982 + 3907.93 = 3992.63 over 41 frames.
yweweler_9_yweweler_41 nine 
LOG (lattice-best-path[5.0.62~1-68cee]:main():lattice-best-path.cc:99) For utterance yweweler_9_yweweler_42, best cost 84.0647 + 3963.93 = 4047.99 over 42 frames.
yweweler_9_yweweler_42 nine 
LOG (lattice-best-path[5.0.62~1-68cee]:main():lattice-best-path.cc:99) For utterance yweweler_9_yweweler_43, best cost 76.8532 + 3676.22 = 3753.07 over 38 frames.
yweweler_9_yweweler_43 nine 
LOG (lattice-best-path[5.0.62~1-68cee]:main():lattice-best-path.cc:99) For utterance yweweler_9_yweweler_44, best cost 82.5411 + 3114.83 = 3197.37 over 31 frames.
yweweler_9_yweweler_44 one 
LOG (lattice-best-path[5.0.62~1-68cee]:main():lattice-best-path.cc:99) For utterance yweweler_9_yweweler_45, best cost 83.8504 + 3994.43 = 4078.28 over 40 frames.
yweweler_9_yweweler_45 nine 
LOG (lattice-best-path[5.0.62~1-68cee]:main():lattice-best-path.cc:99) For utterance yweweler_9_yweweler_46, best cost 80.9824 + 3455.87 = 3536.85 over 36 frames.
yweweler_9_yweweler_46 five 
LOG (lattice-best-path[5.0.62~1-68cee]:main():lattice-best-path.cc:99) For utterance yweweler_9_yweweler_47, best cost 83.9049 + 4097.75 = 4181.66 over 41 frames.
yweweler_9_yweweler_47 nine 
LOG (lattice-best-path[5.0.62~1-68cee]:main():lattice-best-path.cc:99) For utterance yweweler_9_yweweler_48, best cost 83.2004 + 3432.52 = 3515.73 over 36 frames.
yweweler_9_yweweler_48 five 
LOG (lattice-best-path[5.0.62~1-68cee]:main():lattice-best-path.cc:99) For utterance yweweler_9_yweweler_49, best cost 81.9464 + 3500.03 = 3581.98 over 36 frames.
yweweler_9_yweweler_49 nine 
LOG (lattice-best-path[5.0.62~1-68cee]:main():lattice-best-path.cc:99) For utterance yweweler_9_yweweler_5, best cost 80.5449 + 3364.76 = 3445.31 over 34 frames.
yweweler_9_yweweler_5 one 
LOG (lattice-best-path[5.0.62~1-68cee]:main():lattice-best-path.cc:99) For utterance yweweler_9_yweweler_6, best cost 83.0961 + 3425.24 = 3508.34 over 33 frames.
yweweler_9_yweweler_6 one 
LOG (lattice-best-path[5.0.62~1-68cee]:main():lattice-best-path.cc:99) For utterance yweweler_9_yweweler_7, best cost 77.6511 + 3313.27 = 3390.92 over 33 frames.
yweweler_9_yweweler_7 nine 
LOG (lattice-best-path[5.0.62~1-68cee]:main():lattice-best-path.cc:99) For utterance yweweler_9_yweweler_8, best cost 84.1188 + 3617.92 = 3702.04 over 38 frames.
yweweler_9_yweweler_8 five 
LOG (lattice-best-path[5.0.62~1-68cee]:main():lattice-best-path.cc:99) For utterance yweweler_9_yweweler_9, best cost 79.5019 + 4022.51 = 4102.01 over 42 frames.
yweweler_9_yweweler_9 nine 
LOG (lattice-best-path[5.0.62~1-68cee]:main():lattice-best-path.cc:124) Overall cost per frame is 100.575 = 2.43342 [graph] + 98.1414 [acoustic] over 16712 frames.
LOG (lattice-best-path[5.0.62~1-68cee]:main():lattice-best-path.cc:128) Done 500 lattices, failed for 0
# Accounting: time=1 threads=1
# Ended (code 0) at Mon May 30 15:35:40 IST 2022, elapsed time 1 seconds
